2023-06-06 10:23:28,293 - root - INFO - Starting trainer in standard mode
2023-06-06 10:23:28,294 - root - INFO - Loading images from file /Users/ccaiafa/Library/CloudStorage/GoogleDrive-ccaiafa@gmail.com/My Drive/Research/Microondas_Ramiro/code/CS_tomography/data/image_generator/images.pkl
2023-06-06 10:23:39,471 - root - INFO - 500000 images loaded
2023-06-06 10:23:39,497 - root - INFO - Train set has 400000 images
2023-06-06 10:23:39,497 - root - INFO - Validation set has 100000 images
2023-06-06 10:23:39,499 - root - INFO - Starting training dictionary:
                            N components:           4096
                            Alpha:                  0.1
                            Max iter:               1000
                            Tol:                    0.001
                            Fit algorithm:          lars
                            Transform algorithm:    lasso_lars
                            Transform alpha:        0.1  
                            Verbose:                False
                            Num epochs:             50                                                            
                            Random state:           42
                            Transf Max iter:        10000
                            Batch size:             80000
                            Shuffle:                True
                            Training size:   400000
                            Validation size: 100000
                            Time elapsed:    0:00:00      
                        
2023-06-06 10:42:30,337 - root - INFO - Starting trainer in standard mode
2023-06-06 10:42:30,337 - root - INFO - Loading images from file /Users/ccaiafa/Library/CloudStorage/GoogleDrive-ccaiafa@gmail.com/My Drive/Research/Microondas_Ramiro/code/CS_tomography/data/image_generator/images.pkl
2023-06-06 10:42:41,563 - root - INFO - 500000 images loaded
2023-06-06 10:42:41,580 - root - INFO - Train set has 400000 images
2023-06-06 10:42:41,580 - root - INFO - Validation set has 100000 images
2023-06-06 10:42:41,583 - root - INFO - Starting training dictionary:
                            N components:           4096
                            Alpha:                  0.1
                            Max iter:               1000
                            Tol:                    0.001
                            Fit algorithm:          lars
                            Transform algorithm:    lasso_lars
                            Transform alpha:        0.1  
                            Verbose:                True
                            Num epochs:             50                                                            
                            Random state:           42
                            Transf Max iter:        10000
                            Batch size:             80000
                            Shuffle:                True
                            Training size:   400000
                            Validation size: 100000
                            Time elapsed:    0:00:00      
                        
2023-06-06 10:46:50,738 - root - INFO - Starting trainer in standard mode
2023-06-06 10:46:50,738 - root - INFO - Loading images from file /Users/ccaiafa/Library/CloudStorage/GoogleDrive-ccaiafa@gmail.com/My Drive/Research/Microondas_Ramiro/code/CS_tomography/data/image_generator/images.pkl
2023-06-06 10:47:01,247 - root - INFO - 500000 images loaded
2023-06-06 10:47:01,264 - root - INFO - Train set has 400000 images
2023-06-06 10:47:01,264 - root - INFO - Validation set has 100000 images
2023-06-06 10:47:01,266 - root - INFO - Starting training dictionary:
                            N components:           4096
                            Alpha:                  0.1
                            Max iter:               1000
                            Tol:                    0.001
                            Fit algorithm:          lars
                            Transform algorithm:    lasso_lars
                            Transform alpha:        0.1  
                            Verbose:                True
                            Num epochs:             50                                                            
                            Random state:           42
                            Transf Max iter:        10000
                            Batch size:             80000
                            Shuffle:                True
                            Training size:   400000
                            Validation size: 100000
                            Time elapsed:    0:00:00      
                        
2023-06-06 10:53:40,787 - root - INFO - Starting trainer in standard mode
2023-06-06 10:53:40,787 - root - INFO - Loading images from file /Users/ccaiafa/Library/CloudStorage/GoogleDrive-ccaiafa@gmail.com/My Drive/Research/Microondas_Ramiro/code/CS_tomography/data/image_generator/images.pkl
2023-06-06 10:53:51,454 - root - INFO - 500000 images loaded
2023-06-06 10:53:51,470 - root - INFO - Train set has 400000 images
2023-06-06 10:53:51,470 - root - INFO - Validation set has 100000 images
2023-06-06 10:53:51,473 - root - INFO - Starting training dictionary:
                            N components:           4096
                            Alpha:                  0.1
                            Max iter:               100
                            Tol:                    0.001
                            Fit algorithm:          lars
                            Transform algorithm:    lasso_lars
                            Transform alpha:        0.1  
                            Verbose:                True
                            Num epochs:             50                                                            
                            Random state:           42
                            Transf Max iter:        100
                            Batch size:             80000
                            Shuffle:                True
                            Training size:   400000
                            Validation size: 100000
                            Time elapsed:    0:00:00      
                        
