2023-06-13 10:47:56,217 - root - INFO - Starting trainer in standard mode
2023-06-13 10:47:56,217 - root - INFO - Loading images from file /Users/ccaiafa/Library/CloudStorage/GoogleDrive-ccaiafa@gmail.com/My Drive/Research/Microondas_Ramiro/code/CS_tomography/data/image_generator/images.pkl
2023-06-13 10:48:07,447 - root - INFO - 500000 images loaded
2023-06-13 10:48:07,469 - root - INFO - Train set has 250000 images
2023-06-13 10:48:07,469 - root - INFO - Validation set has 250000 images
2023-06-13 10:48:07,471 - root - INFO - Starting training dictionary:
                            N components:           4096
                            Alpha:                  0.01
                            Max iter:               25
                            Tol:                    0.001
                            Fit algorithm:          lars
                            Transform algorithm:    lasso_lars
                            Transform alpha:        0.01  
                            Verbose:                True
                            Num epochs:             50                                                            
                            Random state:           42
                            Transf Max iter:        25
                            Batch size:             250000
                            Shuffle:                True
                            Training size:   250000
                            Validation size: 250000
                            Time elapsed:    0:00:00      
                        
2023-06-13 10:54:14,300 - root - INFO - Starting trainer in standard mode
2023-06-13 10:54:14,301 - root - INFO - Loading images from file /Users/ccaiafa/Library/CloudStorage/GoogleDrive-ccaiafa@gmail.com/My Drive/Research/Microondas_Ramiro/code/CS_tomography/data/image_generator/images.pkl
2023-06-13 10:54:25,550 - root - INFO - 500000 images loaded
2023-06-13 10:54:25,566 - root - INFO - Train set has 250000 images
2023-06-13 10:54:25,566 - root - INFO - Validation set has 250000 images
2023-06-13 10:54:25,569 - root - INFO - Starting training dictionary:
                            N components:           4096
                            Alpha:                  0.01
                            Max iter:               25
                            Tol:                    0.001
                            Fit algorithm:          lars
                            Transform algorithm:    lasso_lars
                            Transform alpha:        0.01  
                            Verbose:                True
                            Num epochs:             50                                                            
                            Random state:           42
                            Transf Max iter:        25
                            Batch size:             250
                            Shuffle:                True
                            Training size:   250000
                            Validation size: 250000
                            Time elapsed:    0:00:00      
                        
2023-06-13 10:59:45,973 - root - INFO - Starting trainer in standard mode
2023-06-13 10:59:45,973 - root - INFO - Loading images from file /Users/ccaiafa/Library/CloudStorage/GoogleDrive-ccaiafa@gmail.com/My Drive/Research/Microondas_Ramiro/code/CS_tomography/data/image_generator/images.pkl
2023-06-13 10:59:57,049 - root - INFO - 500000 images loaded
2023-06-13 10:59:57,065 - root - INFO - Train set has 250000 images
2023-06-13 10:59:57,065 - root - INFO - Validation set has 250000 images
2023-06-13 10:59:57,067 - root - INFO - Starting training dictionary:
                            N components:           4096
                            Alpha:                  0.01
                            Max iter:               25
                            Tol:                    0.001
                            Fit algorithm:          lars
                            Transform algorithm:    lasso_lars
                            Transform alpha:        0.01  
                            Verbose:                True
                            Num epochs:             50                                                            
                            Random state:           42
                            Transf Max iter:        25
                            Batch size:             8192
                            Shuffle:                True
                            Training size:   250000
                            Validation size: 250000
                            Time elapsed:    0:00:00      
                        
