2023-06-05 10:28:20,052 - root - INFO - Starting trainer in standard mode
2023-06-05 10:28:20,053 - root - INFO - Loading images from file /Users/ccaiafa/Library/CloudStorage/GoogleDrive-ccaiafa@gmail.com/My Drive/Research/Microondas_Ramiro/code/CS_tomography/data/image_generator/images.pkl
2023-06-05 10:28:22,128 - root - INFO - 100000 images loaded
2023-06-05 10:28:33,312 - root - INFO - Train set has 80000 images
2023-06-05 10:28:33,312 - root - INFO - Validation set has 20000 images
2023-06-05 10:28:38,356 - root - INFO - Starting training dictionary:
                            N components:           None
                            Alpha:                  1.0
                            Max iter:               1000
                            Tol:                    0.001
                            Fit algorithm:          lars
                            Transform algorithm:    omp
                            Transform n nonzero:    None
                            Transform alpha:        None  
                            Code init:              None
                            Dict Init:              None
                            Verbose:                False
                            Num epochs:             50                                                            
                            Random state:           None
                            Transf Max iter:        1000
                            Batch size:             3
                            Shuffle:                True
                            Training size:   80000
                            Validation size: 20000
                            Time elapsed:    0:00:00      
                        
2023-06-05 10:32:47,073 - root - INFO - Starting trainer in standard mode
2023-06-05 10:32:47,073 - root - INFO - Loading images from file /Users/ccaiafa/Library/CloudStorage/GoogleDrive-ccaiafa@gmail.com/My Drive/Research/Microondas_Ramiro/code/CS_tomography/data/image_generator/images.pkl
2023-06-05 10:32:49,169 - root - INFO - 100000 images loaded
2023-06-05 10:32:49,173 - root - INFO - Train set has 80000 images
2023-06-05 10:32:49,173 - root - INFO - Validation set has 20000 images
2023-06-05 10:32:55,947 - root - INFO - Starting training dictionary:
                            N components:           None
                            Alpha:                  1.0
                            Max iter:               1000
                            Tol:                    0.001
                            Fit algorithm:          lars
                            Transform algorithm:    omp
                            Transform n nonzero:    None
                            Transform alpha:        None  
                            Code init:              None
                            Dict Init:              None
                            Verbose:                False
                            Num epochs:             50                                                            
                            Random state:           None
                            Transf Max iter:        1000
                            Batch size:             3
                            Shuffle:                True
                            Training size:   80000
                            Validation size: 20000
                            Time elapsed:    0:00:00      
                        
2023-06-05 11:01:37,836 - root - INFO - Starting trainer in standard mode
2023-06-05 11:01:37,837 - root - INFO - Loading images from file /Users/ccaiafa/Library/CloudStorage/GoogleDrive-ccaiafa@gmail.com/My Drive/Research/Microondas_Ramiro/code/CS_tomography/data/image_generator/images.pkl
2023-06-05 11:01:39,897 - root - INFO - 100000 images loaded
2023-06-05 11:01:39,901 - root - INFO - Train set has 80000 images
2023-06-05 11:01:39,901 - root - INFO - Validation set has 20000 images
2023-06-05 11:01:49,307 - root - INFO - Starting training dictionary:
                            N components:           4096
                            Alpha:                  1.0
                            Max iter:               1000
                            Tol:                    0.001
                            Fit algorithm:          lars
                            Transform algorithm:    omp
                            Transform n nonzero:    None
                            Transform alpha:        None  
                            Code init:              None
                            Dict Init:              None
                            Verbose:                False
                            Num epochs:             50                                                            
                            Random state:           None
                            Transf Max iter:        1000
                            Batch size:             3
                            Shuffle:                True
                            Training size:   80000
                            Validation size: 20000
                            Time elapsed:    0:00:00      
                        
2023-06-05 11:02:48,651 - root - INFO - Starting trainer in standard mode
2023-06-05 11:02:48,652 - root - INFO - Loading images from file /Users/ccaiafa/Library/CloudStorage/GoogleDrive-ccaiafa@gmail.com/My Drive/Research/Microondas_Ramiro/code/CS_tomography/data/image_generator/images.pkl
2023-06-05 11:02:50,707 - root - INFO - 100000 images loaded
2023-06-05 11:02:50,711 - root - INFO - Train set has 80000 images
2023-06-05 11:02:50,711 - root - INFO - Validation set has 20000 images
2023-06-05 11:02:58,788 - root - INFO - Starting training dictionary:
                            N components:           4096
                            Alpha:                  1.0
                            Max iter:               1000
                            Tol:                    0.001
                            Fit algorithm:          lars
                            Transform algorithm:    omp
                            Transform n nonzero:    None
                            Transform alpha:        None  
                            Code init:              None
                            Dict Init:              None
                            Verbose:                False
                            Num epochs:             50                                                            
                            Random state:           None
                            Transf Max iter:        1000
                            Batch size:             3
                            Shuffle:                True
                            Training size:   80000
                            Validation size: 20000
                            Time elapsed:    0:00:00      
                        
2023-06-05 11:16:09,885 - root - INFO - Starting trainer in standard mode
2023-06-05 11:16:09,886 - root - INFO - Loading images from file /Users/ccaiafa/Library/CloudStorage/GoogleDrive-ccaiafa@gmail.com/My Drive/Research/Microondas_Ramiro/code/CS_tomography/data/image_generator/images.pkl
2023-06-05 11:16:12,038 - root - INFO - 100000 images loaded
2023-06-05 11:16:12,041 - root - INFO - Train set has 80000 images
2023-06-05 11:16:12,042 - root - INFO - Validation set has 20000 images
2023-06-05 11:16:18,862 - root - INFO - Starting training dictionary:
                            N components:           4096
                            Alpha:                  1.0
                            Max iter:               1000
                            Tol:                    0.001
                            Fit algorithm:          lars
                            Transform algorithm:    omp
                            Transform n nonzero:    None
                            Transform alpha:        None  
                            Code init:              None
                            Dict Init:              None
                            Verbose:                False
                            Num epochs:             50                                                            
                            Random state:           None
                            Transf Max iter:        1000
                            Batch size:             3
                            Shuffle:                True
                            Training size:   80000
                            Validation size: 20000
                            Time elapsed:    0:00:00      
                        
2023-06-05 11:18:35,846 - root - INFO - Starting trainer in standard mode
2023-06-05 11:18:35,846 - root - INFO - Loading images from file /Users/ccaiafa/Library/CloudStorage/GoogleDrive-ccaiafa@gmail.com/My Drive/Research/Microondas_Ramiro/code/CS_tomography/data/image_generator/images.pkl
2023-06-05 11:18:37,917 - root - INFO - 100000 images loaded
2023-06-05 11:18:37,922 - root - INFO - Train set has 80000 images
2023-06-05 11:18:37,922 - root - INFO - Validation set has 20000 images
2023-06-05 11:18:43,047 - root - INFO - Starting training dictionary:
                            N components:           4096
                            Alpha:                  1.0
                            Max iter:               1000
                            Tol:                    0.001
                            Fit algorithm:          lars
                            Transform algorithm:    omp
                            Transform n nonzero:    None
                            Transform alpha:        None  
                            Code init:              None
                            Dict Init:              None
                            Verbose:                False
                            Num epochs:             50                                                            
                            Random state:           None
                            Transf Max iter:        1000
                            Batch size:             3
                            Shuffle:                True
                            Training size:   80000
                            Validation size: 20000
                            Time elapsed:    0:00:00      
                        
2023-06-05 11:22:44,169 - root - INFO - Starting trainer in standard mode
2023-06-05 11:22:44,169 - root - INFO - Loading images from file /Users/ccaiafa/Library/CloudStorage/GoogleDrive-ccaiafa@gmail.com/My Drive/Research/Microondas_Ramiro/code/CS_tomography/data/image_generator/images.pkl
2023-06-05 11:22:46,194 - root - INFO - 100000 images loaded
2023-06-05 11:22:46,198 - root - INFO - Train set has 80000 images
2023-06-05 11:22:46,198 - root - INFO - Validation set has 20000 images
2023-06-05 11:22:50,612 - root - INFO - Starting training dictionary:
                            N components:           4096
                            Alpha:                  1.0
                            Max iter:               1000
                            Tol:                    0.001
                            Fit algorithm:          lars
                            Transform algorithm:    omp
                            Transform alpha:        1.0  
                            Verbose:                False
                            Num epochs:             50                                                            
                            Random state:           42
                            Transf Max iter:        1000
                            Batch size:             3
                            Shuffle:                True
                            Training size:   80000
                            Validation size: 20000
                            Time elapsed:    0:00:00      
                        
2023-06-05 11:31:14,565 - root - INFO - Starting trainer in standard mode
2023-06-05 11:31:14,565 - root - INFO - Loading images from file /Users/ccaiafa/Library/CloudStorage/GoogleDrive-ccaiafa@gmail.com/My Drive/Research/Microondas_Ramiro/code/CS_tomography/data/image_generator/images.pkl
2023-06-05 11:31:16,657 - root - INFO - 100000 images loaded
2023-06-05 11:31:16,661 - root - INFO - Train set has 80000 images
2023-06-05 11:31:16,661 - root - INFO - Validation set has 20000 images
2023-06-05 11:31:18,921 - root - INFO - Starting training dictionary:
                            N components:           4096
                            Alpha:                  1.0
                            Max iter:               1000
                            Tol:                    0.001
                            Fit algorithm:          lars
                            Transform algorithm:    omp
                            Transform alpha:        1.0  
                            Verbose:                False
                            Num epochs:             50                                                            
                            Random state:           42
                            Transf Max iter:        1000
                            Batch size:             3
                            Shuffle:                True
                            Training size:   80000
                            Validation size: 20000
                            Time elapsed:    0:00:00      
                        
2023-06-05 11:32:38,419 - root - INFO - Starting trainer in standard mode
2023-06-05 11:32:38,420 - root - INFO - Loading images from file /Users/ccaiafa/Library/CloudStorage/GoogleDrive-ccaiafa@gmail.com/My Drive/Research/Microondas_Ramiro/code/CS_tomography/data/image_generator/images.pkl
2023-06-05 11:32:40,519 - root - INFO - 100000 images loaded
2023-06-05 11:32:40,524 - root - INFO - Train set has 80000 images
2023-06-05 11:32:40,524 - root - INFO - Validation set has 20000 images
2023-06-05 11:32:40,526 - root - INFO - Starting training dictionary:
                            N components:           4096
                            Alpha:                  1.0
                            Max iter:               1000
                            Tol:                    0.001
                            Fit algorithm:          lars
                            Transform algorithm:    omp
                            Transform alpha:        1.0  
                            Verbose:                False
                            Num epochs:             50                                                            
                            Random state:           42
                            Transf Max iter:        1000
                            Batch size:             3
                            Shuffle:                True
                            Training size:   80000
                            Validation size: 20000
                            Time elapsed:    0:00:00      
                        
2023-06-05 11:35:34,587 - root - INFO - Starting trainer in standard mode
2023-06-05 11:35:34,587 - root - INFO - Loading images from file /Users/ccaiafa/Library/CloudStorage/GoogleDrive-ccaiafa@gmail.com/My Drive/Research/Microondas_Ramiro/code/CS_tomography/data/image_generator/images.pkl
2023-06-05 11:35:36,632 - root - INFO - 100000 images loaded
2023-06-05 11:35:36,635 - root - INFO - Train set has 80000 images
2023-06-05 11:35:36,636 - root - INFO - Validation set has 20000 images
2023-06-05 11:35:36,638 - root - INFO - Starting training dictionary:
                            N components:           4096
                            Alpha:                  1.0
                            Max iter:               1000
                            Tol:                    0.001
                            Fit algorithm:          lars
                            Transform algorithm:    omp
                            Transform alpha:        1.0  
                            Verbose:                False
                            Num epochs:             50                                                            
                            Random state:           42
                            Transf Max iter:        1000
                            Batch size:             128
                            Shuffle:                True
                            Training size:   80000
                            Validation size: 20000
                            Time elapsed:    0:00:00      
                        
2023-06-05 12:27:59,575 - root - INFO - Starting trainer in standard mode
2023-06-05 12:27:59,575 - root - INFO - Loading images from file /Users/ccaiafa/Library/CloudStorage/GoogleDrive-ccaiafa@gmail.com/My Drive/Research/Microondas_Ramiro/code/CS_tomography/data/image_generator/images.pkl
2023-06-05 12:28:01,673 - root - INFO - 100000 images loaded
2023-06-05 12:28:01,677 - root - INFO - Train set has 80000 images
2023-06-05 12:28:01,678 - root - INFO - Validation set has 20000 images
2023-06-05 12:28:01,680 - root - INFO - Starting training dictionary:
                            N components:           4096
                            Alpha:                  1.0
                            Max iter:               1000
                            Tol:                    0.001
                            Fit algorithm:          lars
                            Transform algorithm:    omp
                            Transform alpha:        1.0  
                            Verbose:                False
                            Num epochs:             50                                                            
                            Random state:           42
                            Transf Max iter:        1000
                            Batch size:             10000
                            Shuffle:                True
                            Training size:   80000
                            Validation size: 20000
                            Time elapsed:    0:00:00      
                        
2023-06-05 12:28:12,696 - root - INFO - Starting trainer in standard mode
2023-06-05 12:28:12,697 - root - INFO - Loading images from file /Users/ccaiafa/Library/CloudStorage/GoogleDrive-ccaiafa@gmail.com/My Drive/Research/Microondas_Ramiro/code/CS_tomography/data/image_generator/images.pkl
2023-06-05 12:28:14,819 - root - INFO - 100000 images loaded
2023-06-05 12:28:14,823 - root - INFO - Train set has 80000 images
2023-06-05 12:28:14,823 - root - INFO - Validation set has 20000 images
2023-06-05 12:28:14,825 - root - INFO - Starting training dictionary:
                            N components:           4096
                            Alpha:                  1.0
                            Max iter:               1000
                            Tol:                    0.001
                            Fit algorithm:          lars
                            Transform algorithm:    omp
                            Transform alpha:        1.0  
                            Verbose:                False
                            Num epochs:             50                                                            
                            Random state:           42
                            Transf Max iter:        10000
                            Batch size:             10000
                            Shuffle:                True
                            Training size:   80000
                            Validation size: 20000
                            Time elapsed:    0:00:00      
                        
2023-06-05 12:33:01,292 - root - INFO - Starting trainer in standard mode
2023-06-05 12:33:01,292 - root - INFO - Loading images from file /Users/ccaiafa/Library/CloudStorage/GoogleDrive-ccaiafa@gmail.com/My Drive/Research/Microondas_Ramiro/code/CS_tomography/data/image_generator/images.pkl
2023-06-05 12:33:03,424 - root - INFO - 100000 images loaded
2023-06-05 12:33:03,428 - root - INFO - Train set has 80000 images
2023-06-05 12:33:03,428 - root - INFO - Validation set has 20000 images
2023-06-05 12:33:03,430 - root - INFO - Starting training dictionary:
                            N components:           4096
                            Alpha:                  1.0
                            Max iter:               1000
                            Tol:                    0.001
                            Fit algorithm:          lars
                            Transform algorithm:    threshold
                            Transform alpha:        1.0  
                            Verbose:                False
                            Num epochs:             50                                                            
                            Random state:           42
                            Transf Max iter:        10000
                            Batch size:             10000
                            Shuffle:                True
                            Training size:   80000
                            Validation size: 20000
                            Time elapsed:    0:00:00      
                        
2023-06-05 12:51:24,087 - root - INFO - Starting trainer in standard mode
2023-06-05 12:51:24,088 - root - INFO - Loading images from file /Users/ccaiafa/Library/CloudStorage/GoogleDrive-ccaiafa@gmail.com/My Drive/Research/Microondas_Ramiro/code/CS_tomography/data/image_generator/images.pkl
2023-06-05 12:51:26,258 - root - INFO - 100000 images loaded
2023-06-05 12:51:26,262 - root - INFO - Train set has 80000 images
2023-06-05 12:51:26,262 - root - INFO - Validation set has 20000 images
2023-06-05 12:51:26,264 - root - INFO - Starting training dictionary:
                            N components:           4096
                            Alpha:                  1.0
                            Max iter:               1000
                            Tol:                    0.001
                            Fit algorithm:          lars
                            Transform algorithm:    lasso_lars
                            Transform alpha:        0.1  
                            Verbose:                False
                            Num epochs:             50                                                            
                            Random state:           42
                            Transf Max iter:        10000
                            Batch size:             10000
                            Shuffle:                True
                            Training size:   80000
                            Validation size: 20000
                            Time elapsed:    0:00:00      
                        
2023-06-05 13:01:52,118 - root - INFO - Starting trainer in standard mode
2023-06-05 13:01:52,118 - root - INFO - Loading images from file /Users/ccaiafa/Library/CloudStorage/GoogleDrive-ccaiafa@gmail.com/My Drive/Research/Microondas_Ramiro/code/CS_tomography/data/image_generator/images.pkl
2023-06-05 13:01:54,255 - root - INFO - 100000 images loaded
2023-06-05 13:01:54,259 - root - INFO - Train set has 80000 images
2023-06-05 13:01:54,259 - root - INFO - Validation set has 20000 images
2023-06-05 13:01:54,262 - root - INFO - Starting training dictionary:
                            N components:           1024
                            Alpha:                  1.0
                            Max iter:               1000
                            Tol:                    0.001
                            Fit algorithm:          lars
                            Transform algorithm:    lasso_lars
                            Transform alpha:        0.1  
                            Verbose:                False
                            Num epochs:             50                                                            
                            Random state:           42
                            Transf Max iter:        10000
                            Batch size:             4096
                            Shuffle:                True
                            Training size:   80000
                            Validation size: 20000
                            Time elapsed:    0:00:00      
                        
2023-06-05 13:53:28,937 - root - INFO - Starting trainer in standard mode
2023-06-05 13:53:28,937 - root - INFO - Loading images from file /Users/ccaiafa/Library/CloudStorage/GoogleDrive-ccaiafa@gmail.com/My Drive/Research/Microondas_Ramiro/code/CS_tomography/data/image_generator/images.pkl
2023-06-05 13:53:31,009 - root - INFO - 100000 images loaded
2023-06-05 13:53:31,012 - root - INFO - Train set has 80000 images
2023-06-05 13:53:31,012 - root - INFO - Validation set has 20000 images
2023-06-05 13:53:31,015 - root - INFO - Starting training dictionary:
                            N components:           1024
                            Alpha:                  1.0
                            Max iter:               1000
                            Tol:                    0.001
                            Fit algorithm:          lars
                            Transform algorithm:    lasso_lars
                            Transform alpha:        0.1  
                            Verbose:                False
                            Num epochs:             50                                                            
                            Random state:           42
                            Transf Max iter:        10000
                            Batch size:             10000
                            Shuffle:                True
                            Training size:   80000
                            Validation size: 20000
                            Time elapsed:    0:00:00      
                        
2023-06-05 15:10:31,148 - root - INFO - Starting trainer in standard mode
2023-06-05 15:10:31,148 - root - INFO - Loading images from file /Users/ccaiafa/Library/CloudStorage/GoogleDrive-ccaiafa@gmail.com/My Drive/Research/Microondas_Ramiro/code/CS_tomography/data/image_generator/images.pkl
2023-06-05 15:10:33,213 - root - INFO - 100000 images loaded
2023-06-05 15:10:33,217 - root - INFO - Train set has 80000 images
2023-06-05 15:10:33,217 - root - INFO - Validation set has 20000 images
2023-06-05 15:10:33,219 - root - INFO - Starting training dictionary:
                            N components:           1024
                            Alpha:                  1.0
                            Max iter:               1000
                            Tol:                    0.001
                            Fit algorithm:          lars
                            Transform algorithm:    lasso_lars
                            Transform alpha:        0.1  
                            Verbose:                False
                            Num epochs:             50                                                            
                            Random state:           42
                            Transf Max iter:        10000
                            Batch size:             100000
                            Shuffle:                True
                            Training size:   80000
                            Validation size: 20000
                            Time elapsed:    0:00:00      
                        
2023-06-05 15:15:53,728 - root - INFO - Starting trainer in standard mode
2023-06-05 15:15:53,729 - root - INFO - Loading images from file /Users/ccaiafa/Library/CloudStorage/GoogleDrive-ccaiafa@gmail.com/My Drive/Research/Microondas_Ramiro/code/CS_tomography/data/image_generator/images.pkl
2023-06-05 15:15:55,861 - root - INFO - 100000 images loaded
2023-06-05 15:15:55,865 - root - INFO - Train set has 80000 images
2023-06-05 15:15:55,866 - root - INFO - Validation set has 20000 images
2023-06-05 15:15:55,868 - root - INFO - Starting training dictionary:
                            N components:           1024
                            Alpha:                  1.0
                            Max iter:               1000
                            Tol:                    0.001
                            Fit algorithm:          lars
                            Transform algorithm:    lasso_lars
                            Transform alpha:        0.1  
                            Verbose:                False
                            Num epochs:             50                                                            
                            Random state:           42
                            Transf Max iter:        10000
                            Batch size:             80000
                            Shuffle:                True
                            Training size:   80000
                            Validation size: 20000
                            Time elapsed:    0:00:00      
                        
