2023-05-19 10:24:14,057 - root - INFO - Starting image generator
2023-05-19 10:24:14,059 - root - INFO - 1 images with random number of circles (between 1 and 3) will be generated
2023-05-19 10:24:14,060 - root - INFO - Generating image no. 1/1
2023-05-19 10:24:14,061 - root - INFO - The image will have 1 circles
2023-05-19 10:24:14,744 - root - INFO - Saving generated image plot to path /Users/ccaiafa/Library/CloudStorage/GoogleDrive-ccaiafa@gmail.com/My Drive/Research/Microondas_Ramiro/code/CS_tomography/logs/image_generator/images/test/image_1.png
2023-05-19 10:24:15,334 - root - INFO - Saving 1 images to file /Users/ccaiafa/Library/CloudStorage/GoogleDrive-ccaiafa@gmail.com/My Drive/Research/Microondas_Ramiro/code/CS_tomography/data/image_generator/test/images.pkl
2023-05-19 10:24:15,336 - root - INFO - Starting MWT solver
2023-05-19 10:31:33,104 - root - INFO - Starting image generator
2023-05-19 10:31:33,106 - root - INFO - 1 images with random number of circles (between 1 and 3) will be generated
2023-05-19 10:31:33,107 - root - INFO - Generating image no. 1/1
2023-05-19 10:31:33,108 - root - INFO - The image will have 2 circles
2023-05-19 10:31:33,788 - root - INFO - Saving generated image plot to path /Users/ccaiafa/Library/CloudStorage/GoogleDrive-ccaiafa@gmail.com/My Drive/Research/Microondas_Ramiro/code/CS_tomography/logs/image_generator/images/test/image_1.png
2023-05-19 10:31:34,371 - root - INFO - Saving 1 images to file /Users/ccaiafa/Library/CloudStorage/GoogleDrive-ccaiafa@gmail.com/My Drive/Research/Microondas_Ramiro/code/CS_tomography/data/image_generator/test/images.pkl
2023-05-19 10:31:34,371 - root - INFO - Starting MWT solver
2023-05-19 10:33:53,666 - root - INFO - Starting image generator
2023-05-19 10:33:53,667 - root - INFO - 1 images with random number of circles (between 1 and 3) will be generated
2023-05-19 10:33:53,667 - root - INFO - Generating image no. 1/1
2023-05-19 10:33:53,667 - root - INFO - The image will have 2 circles
2023-05-19 10:33:54,476 - root - INFO - Saving generated image plot to path /Users/ccaiafa/Library/CloudStorage/GoogleDrive-ccaiafa@gmail.com/My Drive/Research/Microondas_Ramiro/code/CS_tomography/logs/image_generator/images/test/image_1.png
2023-05-19 10:33:55,044 - root - INFO - Saving 1 images to file /Users/ccaiafa/Library/CloudStorage/GoogleDrive-ccaiafa@gmail.com/My Drive/Research/Microondas_Ramiro/code/CS_tomography/data/image_generator/test/images.pkl
2023-05-19 10:33:55,045 - root - INFO - Starting MWT solver
2023-05-19 10:35:53,846 - root - INFO - Starting image generator
2023-05-19 10:35:53,847 - root - INFO - 1 images with random number of circles (between 1 and 3) will be generated
2023-05-19 10:35:53,847 - root - INFO - Generating image no. 1/1
2023-05-19 10:35:53,847 - root - INFO - The image will have 2 circles
2023-05-19 10:35:54,505 - root - INFO - Saving generated image plot to path /Users/ccaiafa/Library/CloudStorage/GoogleDrive-ccaiafa@gmail.com/My Drive/Research/Microondas_Ramiro/code/CS_tomography/logs/image_generator/images/test/image_1.png
2023-05-19 10:35:55,084 - root - INFO - Saving 1 images to file /Users/ccaiafa/Library/CloudStorage/GoogleDrive-ccaiafa@gmail.com/My Drive/Research/Microondas_Ramiro/code/CS_tomography/data/image_generator/test/images.pkl
2023-05-19 10:35:55,085 - root - INFO - Starting MWT solver
2023-05-19 10:37:23,039 - root - INFO - Starting image generator
2023-05-19 10:37:23,040 - root - INFO - 1 images with random number of circles (between 1 and 3) will be generated
2023-05-19 10:37:23,040 - root - INFO - Generating image no. 1/1
2023-05-19 10:37:23,041 - root - INFO - The image will have 2 circles
2023-05-19 10:37:23,693 - root - INFO - Saving generated image plot to path /Users/ccaiafa/Library/CloudStorage/GoogleDrive-ccaiafa@gmail.com/My Drive/Research/Microondas_Ramiro/code/CS_tomography/logs/image_generator/images/test/image_1.png
2023-05-19 10:37:24,260 - root - INFO - Saving 1 images to file /Users/ccaiafa/Library/CloudStorage/GoogleDrive-ccaiafa@gmail.com/My Drive/Research/Microondas_Ramiro/code/CS_tomography/data/image_generator/test/images.pkl
2023-05-19 10:37:24,261 - root - INFO - Starting MWT solver
2023-05-19 10:39:30,863 - root - INFO - Starting image generator
2023-05-19 10:39:30,863 - root - INFO - 1 images with random number of circles (between 1 and 3) will be generated
2023-05-19 10:39:30,863 - root - INFO - Generating image no. 1/1
2023-05-19 10:39:30,864 - root - INFO - The image will have 3 circles
2023-05-19 10:39:31,521 - root - INFO - Saving generated image plot to path /Users/ccaiafa/Library/CloudStorage/GoogleDrive-ccaiafa@gmail.com/My Drive/Research/Microondas_Ramiro/code/CS_tomography/logs/image_generator/images/test/image_1.png
2023-05-19 10:39:32,084 - root - INFO - Saving 1 images to file /Users/ccaiafa/Library/CloudStorage/GoogleDrive-ccaiafa@gmail.com/My Drive/Research/Microondas_Ramiro/code/CS_tomography/data/image_generator/test/images.pkl
2023-05-19 10:39:32,085 - root - INFO - Starting MWT solver
2023-05-19 10:40:32,416 - root - INFO - Starting image generator
2023-05-19 10:40:32,417 - root - INFO - 1 images with random number of circles (between 1 and 3) will be generated
2023-05-19 10:40:32,417 - root - INFO - Generating image no. 1/1
2023-05-19 10:40:32,418 - root - INFO - The image will have 3 circles
2023-05-19 10:40:33,168 - root - INFO - Saving generated image plot to path /Users/ccaiafa/Library/CloudStorage/GoogleDrive-ccaiafa@gmail.com/My Drive/Research/Microondas_Ramiro/code/CS_tomography/logs/image_generator/images/test/image_1.png
2023-05-19 10:40:33,741 - root - INFO - Saving 1 images to file /Users/ccaiafa/Library/CloudStorage/GoogleDrive-ccaiafa@gmail.com/My Drive/Research/Microondas_Ramiro/code/CS_tomography/data/image_generator/test/images.pkl
2023-05-19 10:40:33,743 - root - INFO - Starting MWT solver
2023-05-19 10:46:46,705 - root - INFO - Starting image generator
2023-05-19 10:46:46,706 - root - INFO - 1 images with random number of circles (between 1 and 3) will be generated
2023-05-19 10:46:46,706 - root - INFO - Generating image no. 1/1
2023-05-19 10:46:46,706 - root - INFO - The image will have 2 circles
2023-05-19 10:46:47,376 - root - INFO - Saving generated image plot to path /Users/ccaiafa/Library/CloudStorage/GoogleDrive-ccaiafa@gmail.com/My Drive/Research/Microondas_Ramiro/code/CS_tomography/logs/image_generator/images/test/image_1.png
2023-05-19 10:46:47,925 - root - INFO - Saving 1 images to file /Users/ccaiafa/Library/CloudStorage/GoogleDrive-ccaiafa@gmail.com/My Drive/Research/Microondas_Ramiro/code/CS_tomography/data/image_generator/test/images.pkl
2023-05-19 10:46:47,927 - root - INFO - Starting MWT solver
2023-05-19 10:47:27,083 - root - INFO - Starting image generator
2023-05-19 10:47:27,084 - root - INFO - 1 images with random number of circles (between 1 and 3) will be generated
2023-05-19 10:47:27,084 - root - INFO - Generating image no. 1/1
2023-05-19 10:47:27,085 - root - INFO - The image will have 2 circles
2023-05-19 10:47:27,765 - root - INFO - Saving generated image plot to path /Users/ccaiafa/Library/CloudStorage/GoogleDrive-ccaiafa@gmail.com/My Drive/Research/Microondas_Ramiro/code/CS_tomography/logs/image_generator/images/test/image_1.png
2023-05-19 10:47:28,326 - root - INFO - Saving 1 images to file /Users/ccaiafa/Library/CloudStorage/GoogleDrive-ccaiafa@gmail.com/My Drive/Research/Microondas_Ramiro/code/CS_tomography/data/image_generator/test/images.pkl
2023-05-19 10:47:28,327 - root - INFO - Starting MWT solver
2023-05-19 10:48:40,411 - root - INFO - Starting image generator
2023-05-19 10:48:40,412 - root - INFO - 1 images with random number of circles (between 1 and 3) will be generated
2023-05-19 10:48:40,412 - root - INFO - Generating image no. 1/1
2023-05-19 10:48:40,412 - root - INFO - The image will have 1 circles
2023-05-19 10:48:41,250 - root - INFO - Saving generated image plot to path /Users/ccaiafa/Library/CloudStorage/GoogleDrive-ccaiafa@gmail.com/My Drive/Research/Microondas_Ramiro/code/CS_tomography/logs/image_generator/images/test/image_1.png
2023-05-19 10:48:41,808 - root - INFO - Saving 1 images to file /Users/ccaiafa/Library/CloudStorage/GoogleDrive-ccaiafa@gmail.com/My Drive/Research/Microondas_Ramiro/code/CS_tomography/data/image_generator/test/images.pkl
2023-05-19 10:48:41,810 - root - INFO - Starting MWT solver
2023-05-19 10:49:27,768 - root - INFO - Starting image generator
2023-05-19 10:49:27,768 - root - INFO - 1 images with random number of circles (between 1 and 3) will be generated
2023-05-19 10:49:27,768 - root - INFO - Generating image no. 1/1
2023-05-19 10:49:27,769 - root - INFO - The image will have 2 circles
2023-05-19 10:49:28,427 - root - INFO - Saving generated image plot to path /Users/ccaiafa/Library/CloudStorage/GoogleDrive-ccaiafa@gmail.com/My Drive/Research/Microondas_Ramiro/code/CS_tomography/logs/image_generator/images/test/image_1.png
2023-05-19 10:49:28,990 - root - INFO - Saving 1 images to file /Users/ccaiafa/Library/CloudStorage/GoogleDrive-ccaiafa@gmail.com/My Drive/Research/Microondas_Ramiro/code/CS_tomography/data/image_generator/test/images.pkl
2023-05-19 10:49:28,991 - root - INFO - Starting MWT solver
2023-05-19 10:53:19,685 - root - INFO - Starting image generator
2023-05-19 10:53:19,686 - root - INFO - 1 images with random number of circles (between 1 and 3) will be generated
2023-05-19 10:53:19,686 - root - INFO - Generating image no. 1/1
2023-05-19 10:53:19,686 - root - INFO - The image will have 2 circles
2023-05-19 10:53:20,348 - root - INFO - Saving generated image plot to path /Users/ccaiafa/Library/CloudStorage/GoogleDrive-ccaiafa@gmail.com/My Drive/Research/Microondas_Ramiro/code/CS_tomography/logs/image_generator/images/test/image_1.png
2023-05-19 10:53:20,913 - root - INFO - Saving 1 images to file /Users/ccaiafa/Library/CloudStorage/GoogleDrive-ccaiafa@gmail.com/My Drive/Research/Microondas_Ramiro/code/CS_tomography/data/image_generator/test/images.pkl
2023-05-19 10:53:20,915 - root - INFO - Starting MWT solver
2023-05-19 10:55:34,308 - root - INFO - Starting image generator
2023-05-19 10:55:34,308 - root - INFO - 1 images with random number of circles (between 1 and 3) will be generated
2023-05-19 10:55:34,308 - root - INFO - Generating image no. 1/1
2023-05-19 10:55:34,309 - root - INFO - The image will have 2 circles
2023-05-19 10:55:34,968 - root - INFO - Saving generated image plot to path /Users/ccaiafa/Library/CloudStorage/GoogleDrive-ccaiafa@gmail.com/My Drive/Research/Microondas_Ramiro/code/CS_tomography/logs/image_generator/images/test/image_1.png
2023-05-19 10:55:35,517 - root - INFO - Saving 1 images to file /Users/ccaiafa/Library/CloudStorage/GoogleDrive-ccaiafa@gmail.com/My Drive/Research/Microondas_Ramiro/code/CS_tomography/data/image_generator/test/images.pkl
2023-05-19 10:55:35,519 - root - INFO - Starting MWT solver
2023-05-19 11:07:13,994 - root - INFO - Starting image generator
2023-05-19 11:07:13,995 - root - INFO - 1 images with random number of circles (between 1 and 3) will be generated
2023-05-19 11:07:13,995 - root - INFO - Generating image no. 1/1
2023-05-19 11:07:13,997 - root - INFO - The image will have 1 circles
2023-05-19 11:07:14,673 - root - INFO - Saving generated image plot to path /Users/ccaiafa/Library/CloudStorage/GoogleDrive-ccaiafa@gmail.com/My Drive/Research/Microondas_Ramiro/code/CS_tomography/logs/image_generator/images/test/image_1.png
2023-05-19 11:07:15,288 - root - INFO - Saving 1 images to file /Users/ccaiafa/Library/CloudStorage/GoogleDrive-ccaiafa@gmail.com/My Drive/Research/Microondas_Ramiro/code/CS_tomography/data/image_generator/test/images.pkl
2023-05-19 11:07:15,291 - root - INFO - Starting MWT solver
2023-05-19 11:22:48,474 - root - INFO - Starting image generator
2023-05-19 11:22:48,476 - root - INFO - 1 images with random number of circles (between 1 and 3) will be generated
2023-05-19 11:22:48,476 - root - INFO - Generating image no. 1/1
2023-05-19 11:22:48,476 - root - INFO - The image will have 2 circles
2023-05-19 11:22:49,134 - root - INFO - Saving generated image plot to path /Users/ccaiafa/Library/CloudStorage/GoogleDrive-ccaiafa@gmail.com/My Drive/Research/Microondas_Ramiro/code/CS_tomography/logs/image_generator/images/test/image_1.png
2023-05-19 11:22:49,683 - root - INFO - Saving 1 images to file /Users/ccaiafa/Library/CloudStorage/GoogleDrive-ccaiafa@gmail.com/My Drive/Research/Microondas_Ramiro/code/CS_tomography/data/image_generator/test/images.pkl
2023-05-19 11:22:49,684 - root - INFO - Starting MWT solver
2023-05-19 11:22:50,300 - root - INFO - iter=0/50
2023-05-19 11:22:50,300 - root - INFO - iter=1/50
2023-05-19 11:22:50,300 - root - INFO - iter=2/50
2023-05-19 11:22:50,301 - root - INFO - iter=3/50
2023-05-19 11:22:50,301 - root - INFO - iter=4/50
2023-05-19 11:22:50,301 - root - INFO - iter=5/50
2023-05-19 11:22:50,301 - root - INFO - iter=6/50
2023-05-19 11:22:50,301 - root - INFO - iter=7/50
2023-05-19 11:22:50,301 - root - INFO - iter=8/50
2023-05-19 11:22:50,301 - root - INFO - iter=9/50
2023-05-19 11:22:50,301 - root - INFO - iter=10/50
2023-05-19 11:22:50,302 - root - INFO - iter=11/50
2023-05-19 11:22:50,302 - root - INFO - iter=12/50
2023-05-19 11:22:50,302 - root - INFO - iter=13/50
2023-05-19 11:22:50,302 - root - INFO - iter=14/50
2023-05-19 11:22:50,302 - root - INFO - iter=15/50
2023-05-19 11:22:50,302 - root - INFO - iter=16/50
2023-05-19 11:22:50,302 - root - INFO - iter=17/50
2023-05-19 11:22:50,302 - root - INFO - iter=18/50
2023-05-19 11:22:50,302 - root - INFO - iter=19/50
2023-05-19 11:22:50,303 - root - INFO - iter=20/50
2023-05-19 11:22:50,303 - root - INFO - iter=21/50
2023-05-19 11:22:50,303 - root - INFO - iter=22/50
2023-05-19 11:22:50,303 - root - INFO - iter=23/50
2023-05-19 11:22:50,303 - root - INFO - iter=24/50
2023-05-19 11:22:50,303 - root - INFO - iter=25/50
2023-05-19 11:22:50,303 - root - INFO - iter=26/50
2023-05-19 11:22:50,303 - root - INFO - iter=27/50
2023-05-19 11:22:50,304 - root - INFO - iter=28/50
2023-05-19 11:22:50,304 - root - INFO - iter=29/50
2023-05-19 11:22:50,304 - root - INFO - iter=30/50
2023-05-19 11:22:50,304 - root - INFO - iter=31/50
2023-05-19 11:22:50,304 - root - INFO - iter=32/50
2023-05-19 11:22:50,304 - root - INFO - iter=33/50
2023-05-19 11:22:50,304 - root - INFO - iter=34/50
2023-05-19 11:22:50,304 - root - INFO - iter=35/50
2023-05-19 11:22:50,304 - root - INFO - iter=36/50
2023-05-19 11:22:50,305 - root - INFO - iter=37/50
2023-05-19 11:22:50,305 - root - INFO - iter=38/50
2023-05-19 11:22:50,305 - root - INFO - iter=39/50
2023-05-19 11:22:50,305 - root - INFO - iter=40/50
2023-05-19 11:22:50,305 - root - INFO - iter=41/50
2023-05-19 11:22:50,305 - root - INFO - iter=42/50
2023-05-19 11:22:50,305 - root - INFO - iter=43/50
2023-05-19 11:22:50,305 - root - INFO - iter=44/50
2023-05-19 11:22:50,305 - root - INFO - iter=45/50
2023-05-19 11:22:50,306 - root - INFO - iter=46/50
2023-05-19 11:22:50,306 - root - INFO - iter=47/50
2023-05-19 11:22:50,306 - root - INFO - iter=48/50
2023-05-19 11:22:50,306 - root - INFO - iter=49/50
2023-05-19 13:11:32,247 - root - INFO - Starting image generator
2023-05-19 13:11:32,248 - root - INFO - 1 images with random number of circles (between 1 and 3) will be generated
2023-05-19 13:11:32,248 - root - INFO - Generating image no. 1/1
2023-05-19 13:11:32,249 - root - INFO - The image will have 2 circles
2023-05-19 13:11:32,929 - root - INFO - Saving generated image plot to path /Users/ccaiafa/Library/CloudStorage/GoogleDrive-ccaiafa@gmail.com/My Drive/Research/Microondas_Ramiro/code/CS_tomography/logs/image_generator/images/test/image_1.png
2023-05-19 13:11:33,482 - root - INFO - Saving 1 images to file /Users/ccaiafa/Library/CloudStorage/GoogleDrive-ccaiafa@gmail.com/My Drive/Research/Microondas_Ramiro/code/CS_tomography/data/image_generator/test/images.pkl
2023-05-19 13:13:25,536 - root - INFO - Starting image generator
2023-05-19 13:13:25,536 - root - INFO - 1 images with random number of circles (between 1 and 3) will be generated
2023-05-19 13:13:25,536 - root - INFO - Generating image no. 1/1
2023-05-19 13:13:25,537 - root - INFO - The image will have 1 circles
2023-05-19 13:13:26,268 - root - INFO - Saving generated image plot to path /Users/ccaiafa/Library/CloudStorage/GoogleDrive-ccaiafa@gmail.com/My Drive/Research/Microondas_Ramiro/code/CS_tomography/logs/image_generator/images/test/image_1.png
2023-05-19 13:13:26,840 - root - INFO - Saving 1 images to file /Users/ccaiafa/Library/CloudStorage/GoogleDrive-ccaiafa@gmail.com/My Drive/Research/Microondas_Ramiro/code/CS_tomography/data/image_generator/test/images.pkl
2023-05-19 13:18:44,279 - root - INFO - Starting image generator
2023-05-19 13:18:44,280 - root - INFO - 1 images with random number of circles (between 1 and 3) will be generated
2023-05-19 13:18:44,280 - root - INFO - Generating image no. 1/1
2023-05-19 13:18:44,282 - root - INFO - The image will have 1 circles
2023-05-19 13:18:44,955 - root - INFO - Saving generated image plot to path /Users/ccaiafa/Library/CloudStorage/GoogleDrive-ccaiafa@gmail.com/My Drive/Research/Microondas_Ramiro/code/CS_tomography/logs/image_generator/images/test/image_1.png
2023-05-19 13:18:45,533 - root - INFO - Saving 1 images to file /Users/ccaiafa/Library/CloudStorage/GoogleDrive-ccaiafa@gmail.com/My Drive/Research/Microondas_Ramiro/code/CS_tomography/data/image_generator/test/images.pkl
2023-05-19 13:24:29,991 - root - INFO - Starting image generator
2023-05-19 13:24:29,992 - root - INFO - 1 images with random number of circles (between 1 and 3) will be generated
2023-05-19 13:24:29,992 - root - INFO - Generating image no. 1/1
2023-05-19 13:24:29,992 - root - INFO - The image will have 3 circles
2023-05-19 13:24:30,659 - root - INFO - Saving generated image plot to path /Users/ccaiafa/Library/CloudStorage/GoogleDrive-ccaiafa@gmail.com/My Drive/Research/Microondas_Ramiro/code/CS_tomography/logs/image_generator/images/test/image_1.png
2023-05-19 13:24:31,239 - root - INFO - Saving 1 images to file /Users/ccaiafa/Library/CloudStorage/GoogleDrive-ccaiafa@gmail.com/My Drive/Research/Microondas_Ramiro/code/CS_tomography/data/image_generator/test/images.pkl
2023-05-19 13:26:32,534 - root - INFO - Starting MWT solver
2023-05-19 13:46:48,791 - root - INFO - Starting image generator
2023-05-19 13:46:48,792 - root - INFO - 1 images with random number of circles (between 1 and 3) will be generated
2023-05-19 13:46:48,792 - root - INFO - Generating image no. 1/1
2023-05-19 13:46:48,792 - root - INFO - The image will have 3 circles
2023-05-19 14:21:23,980 - root - INFO - Starting image generator
2023-05-19 14:21:23,983 - root - INFO - 1 images with random number of circles (between 1 and 3) will be generated
2023-05-19 14:21:23,983 - root - INFO - Generating image no. 1/1
2023-05-19 14:21:23,983 - root - INFO - The image will have 1 circles
2023-05-19 14:21:28,496 - root - INFO - Saving generated image plot to path /Users/ccaiafa/Library/CloudStorage/GoogleDrive-ccaiafa@gmail.com/My Drive/Research/Microondas_Ramiro/code/CS_tomography/logs/image_generator/images/test/image_1.png
2023-05-19 14:21:29,112 - root - INFO - Saving 1 images to file /Users/ccaiafa/Library/CloudStorage/GoogleDrive-ccaiafa@gmail.com/My Drive/Research/Microondas_Ramiro/code/CS_tomography/data/image_generator/test/images.pkl
2023-05-19 14:22:28,854 - root - INFO - Starting MWT solver
2023-05-19 14:33:34,302 - root - INFO - Starting image generator
2023-05-19 14:33:34,303 - root - INFO - 1 images with random number of circles (between 1 and 3) will be generated
2023-05-19 14:33:34,303 - root - INFO - Generating image no. 1/1
2023-05-19 14:33:34,303 - root - INFO - The image will have 1 circles
2023-05-19 14:35:57,722 - root - INFO - Saving generated image plot to path /Users/ccaiafa/Library/CloudStorage/GoogleDrive-ccaiafa@gmail.com/My Drive/Research/Microondas_Ramiro/code/CS_tomography/logs/image_generator/images/test/image_1.png
2023-05-19 14:35:58,287 - root - INFO - Saving 1 images to file /Users/ccaiafa/Library/CloudStorage/GoogleDrive-ccaiafa@gmail.com/My Drive/Research/Microondas_Ramiro/code/CS_tomography/data/image_generator/test/images.pkl
2023-05-19 14:37:28,591 - root - INFO - Starting MWT solver
2023-05-19 14:37:37,535 - root - INFO - iter=0/50
2023-05-19 14:38:05,104 - root - INFO - Starting image generator
2023-05-19 14:38:05,104 - root - INFO - 1 images with random number of circles (between 1 and 3) will be generated
2023-05-19 14:38:05,105 - root - INFO - Generating image no. 1/1
2023-05-19 14:38:05,105 - root - INFO - The image will have 2 circles
2023-05-19 14:40:06,907 - root - INFO - Starting image generator
2023-05-19 14:40:06,908 - root - INFO - 1 images with random number of circles (between 1 and 3) will be generated
2023-05-19 14:40:06,908 - root - INFO - Generating image no. 1/1
2023-05-19 14:40:06,909 - root - INFO - The image will have 3 circles
2023-05-19 14:40:17,114 - root - INFO - Saving generated image plot to path /Users/ccaiafa/Library/CloudStorage/GoogleDrive-ccaiafa@gmail.com/My Drive/Research/Microondas_Ramiro/code/CS_tomography/logs/image_generator/images/test/image_1.png
2023-05-19 14:40:17,704 - root - INFO - Saving 1 images to file /Users/ccaiafa/Library/CloudStorage/GoogleDrive-ccaiafa@gmail.com/My Drive/Research/Microondas_Ramiro/code/CS_tomography/data/image_generator/test/images.pkl
2023-05-19 14:41:08,370 - root - INFO - Starting MWT solver
2023-05-19 14:45:24,023 - root - INFO - Starting image generator
2023-05-19 14:45:24,023 - root - INFO - 1 images with random number of circles (between 1 and 3) will be generated
2023-05-19 14:45:24,023 - root - INFO - Generating image no. 1/1
2023-05-19 14:45:24,024 - root - INFO - The image will have 2 circles
2023-05-19 14:45:24,699 - root - INFO - Saving generated image plot to path /Users/ccaiafa/Library/CloudStorage/GoogleDrive-ccaiafa@gmail.com/My Drive/Research/Microondas_Ramiro/code/CS_tomography/logs/image_generator/images/test/image_1.png
2023-05-19 14:45:25,259 - root - INFO - Saving 1 images to file /Users/ccaiafa/Library/CloudStorage/GoogleDrive-ccaiafa@gmail.com/My Drive/Research/Microondas_Ramiro/code/CS_tomography/data/image_generator/test/images.pkl
2023-05-19 14:46:15,531 - root - INFO - Starting MWT solver
2023-05-19 14:48:12,805 - root - INFO - Starting image generator
2023-05-19 14:48:12,807 - root - INFO - 1 images with random number of circles (between 1 and 3) will be generated
2023-05-19 14:48:12,807 - root - INFO - Generating image no. 1/1
2023-05-19 14:48:12,807 - root - INFO - The image will have 3 circles
2023-05-19 14:48:13,533 - root - INFO - Saving generated image plot to path /Users/ccaiafa/Library/CloudStorage/GoogleDrive-ccaiafa@gmail.com/My Drive/Research/Microondas_Ramiro/code/CS_tomography/logs/image_generator/images/test/image_1.png
2023-05-19 14:48:14,104 - root - INFO - Saving 1 images to file /Users/ccaiafa/Library/CloudStorage/GoogleDrive-ccaiafa@gmail.com/My Drive/Research/Microondas_Ramiro/code/CS_tomography/data/image_generator/test/images.pkl
2023-05-19 14:50:10,776 - root - INFO - Starting MWT solver
2023-05-19 14:56:40,586 - root - INFO - Starting image generator
2023-05-19 14:56:40,588 - root - INFO - 1 images with random number of circles (between 1 and 3) will be generated
2023-05-19 14:56:40,588 - root - INFO - Generating image no. 1/1
2023-05-19 14:56:40,588 - root - INFO - The image will have 2 circles
2023-05-19 14:56:41,236 - root - INFO - Saving generated image plot to path /Users/ccaiafa/Library/CloudStorage/GoogleDrive-ccaiafa@gmail.com/My Drive/Research/Microondas_Ramiro/code/CS_tomography/logs/image_generator/images/test/image_1.png
2023-05-19 14:56:41,805 - root - INFO - Saving 1 images to file /Users/ccaiafa/Library/CloudStorage/GoogleDrive-ccaiafa@gmail.com/My Drive/Research/Microondas_Ramiro/code/CS_tomography/data/image_generator/test/images.pkl
2023-05-19 14:58:11,493 - root - INFO - Starting MWT solver
2023-05-19 15:03:40,233 - root - INFO - Starting image generator
2023-05-19 15:03:40,235 - root - INFO - 1 images with random number of circles (between 1 and 3) will be generated
2023-05-19 15:03:40,235 - root - INFO - Generating image no. 1/1
2023-05-19 15:03:40,235 - root - INFO - The image will have 2 circles
2023-05-19 15:03:40,890 - root - INFO - Saving generated image plot to path /Users/ccaiafa/Library/CloudStorage/GoogleDrive-ccaiafa@gmail.com/My Drive/Research/Microondas_Ramiro/code/CS_tomography/logs/image_generator/images/test/image_1.png
2023-05-19 15:03:41,455 - root - INFO - Saving 1 images to file /Users/ccaiafa/Library/CloudStorage/GoogleDrive-ccaiafa@gmail.com/My Drive/Research/Microondas_Ramiro/code/CS_tomography/data/image_generator/test/images.pkl
2023-05-19 15:04:29,033 - root - INFO - Starting MWT solver
2023-05-19 15:05:53,793 - root - INFO - iter=0/50
2023-05-19 15:11:22,354 - root - INFO - Starting image generator
2023-05-19 15:11:22,355 - root - INFO - 1 images with random number of circles (between 1 and 3) will be generated
2023-05-19 15:11:22,355 - root - INFO - Generating image no. 1/1
2023-05-19 15:11:22,356 - root - INFO - The image will have 2 circles
2023-05-19 15:11:23,020 - root - INFO - Saving generated image plot to path /Users/ccaiafa/Library/CloudStorage/GoogleDrive-ccaiafa@gmail.com/My Drive/Research/Microondas_Ramiro/code/CS_tomography/logs/image_generator/images/test/image_1.png
2023-05-19 15:11:23,594 - root - INFO - Saving 1 images to file /Users/ccaiafa/Library/CloudStorage/GoogleDrive-ccaiafa@gmail.com/My Drive/Research/Microondas_Ramiro/code/CS_tomography/data/image_generator/test/images.pkl
2023-05-19 15:12:04,846 - root - INFO - Starting MWT solver
2023-05-19 15:13:32,856 - root - INFO - Starting image generator
2023-05-19 15:13:32,858 - root - INFO - 1 images with random number of circles (between 1 and 3) will be generated
2023-05-19 15:13:32,858 - root - INFO - Generating image no. 1/1
2023-05-19 15:13:32,859 - root - INFO - The image will have 1 circles
2023-05-19 15:13:33,527 - root - INFO - Saving generated image plot to path /Users/ccaiafa/Library/CloudStorage/GoogleDrive-ccaiafa@gmail.com/My Drive/Research/Microondas_Ramiro/code/CS_tomography/logs/image_generator/images/test/image_1.png
2023-05-19 15:13:34,088 - root - INFO - Saving 1 images to file /Users/ccaiafa/Library/CloudStorage/GoogleDrive-ccaiafa@gmail.com/My Drive/Research/Microondas_Ramiro/code/CS_tomography/data/image_generator/test/images.pkl
2023-05-19 15:14:19,261 - root - INFO - Starting MWT solver
2023-05-19 15:15:26,980 - root - INFO - Starting image generator
2023-05-19 15:15:26,982 - root - INFO - 1 images with random number of circles (between 1 and 3) will be generated
2023-05-19 15:15:26,982 - root - INFO - Generating image no. 1/1
2023-05-19 15:15:26,982 - root - INFO - The image will have 2 circles
2023-05-19 15:15:27,637 - root - INFO - Saving generated image plot to path /Users/ccaiafa/Library/CloudStorage/GoogleDrive-ccaiafa@gmail.com/My Drive/Research/Microondas_Ramiro/code/CS_tomography/logs/image_generator/images/test/image_1.png
2023-05-19 15:15:28,192 - root - INFO - Saving 1 images to file /Users/ccaiafa/Library/CloudStorage/GoogleDrive-ccaiafa@gmail.com/My Drive/Research/Microondas_Ramiro/code/CS_tomography/data/image_generator/test/images.pkl
2023-05-19 15:17:16,177 - root - INFO - Starting MWT solver
2023-05-19 15:19:46,217 - root - INFO - Starting image generator
2023-05-19 15:19:46,221 - root - INFO - 1 images with random number of circles (between 1 and 3) will be generated
2023-05-19 15:19:46,221 - root - INFO - Generating image no. 1/1
2023-05-19 15:19:46,222 - root - INFO - The image will have 2 circles
2023-05-19 15:19:46,948 - root - INFO - Saving generated image plot to path /Users/ccaiafa/Library/CloudStorage/GoogleDrive-ccaiafa@gmail.com/My Drive/Research/Microondas_Ramiro/code/CS_tomography/logs/image_generator/images/test/image_1.png
2023-05-19 15:19:47,515 - root - INFO - Saving 1 images to file /Users/ccaiafa/Library/CloudStorage/GoogleDrive-ccaiafa@gmail.com/My Drive/Research/Microondas_Ramiro/code/CS_tomography/data/image_generator/test/images.pkl
2023-05-19 15:20:36,990 - root - INFO - Starting MWT solver
2023-05-19 15:36:53,129 - root - INFO - Starting image generator
2023-05-19 15:36:53,131 - root - INFO - 1 images with random number of circles (between 1 and 3) will be generated
2023-05-19 15:36:53,131 - root - INFO - Generating image no. 1/1
2023-05-19 15:36:53,132 - root - INFO - The image will have 1 circles
2023-05-19 15:36:53,814 - root - INFO - Saving generated image plot to path /Users/ccaiafa/Library/CloudStorage/GoogleDrive-ccaiafa@gmail.com/My Drive/Research/Microondas_Ramiro/code/CS_tomography/logs/image_generator/images/test/image_1.png
2023-05-19 15:36:54,393 - root - INFO - Saving 1 images to file /Users/ccaiafa/Library/CloudStorage/GoogleDrive-ccaiafa@gmail.com/My Drive/Research/Microondas_Ramiro/code/CS_tomography/data/image_generator/test/images.pkl
2023-05-19 15:37:36,152 - root - INFO - Starting MWT solver
2023-05-19 15:39:11,684 - root - INFO - iter=0/50
2023-05-19 15:40:21,475 - root - INFO - Starting image generator
2023-05-19 15:40:21,476 - root - INFO - 1 images with random number of circles (between 1 and 3) will be generated
2023-05-19 15:40:21,476 - root - INFO - Generating image no. 1/1
2023-05-19 15:40:21,476 - root - INFO - The image will have 4 circles
2023-05-19 15:40:22,141 - root - INFO - Saving generated image plot to path /Users/ccaiafa/Library/CloudStorage/GoogleDrive-ccaiafa@gmail.com/My Drive/Research/Microondas_Ramiro/code/CS_tomography/logs/image_generator/images/test/image_1.png
2023-05-19 15:40:22,718 - root - INFO - Saving 1 images to file /Users/ccaiafa/Library/CloudStorage/GoogleDrive-ccaiafa@gmail.com/My Drive/Research/Microondas_Ramiro/code/CS_tomography/data/image_generator/test/images.pkl
2023-05-19 15:41:04,554 - root - INFO - Starting MWT solver
2023-05-19 15:41:23,305 - root - INFO - iter=0/50
2023-05-19 15:43:19,438 - root - INFO - Starting image generator
2023-05-19 15:43:19,439 - root - INFO - 1 images with random number of circles (between 1 and 3) will be generated
2023-05-19 15:43:19,440 - root - INFO - Generating image no. 1/1
2023-05-19 15:43:19,441 - root - INFO - The image will have 2 circles
2023-05-19 15:43:20,225 - root - INFO - Saving generated image plot to path /Users/ccaiafa/Library/CloudStorage/GoogleDrive-ccaiafa@gmail.com/My Drive/Research/Microondas_Ramiro/code/CS_tomography/logs/image_generator/images/test/image_1.png
2023-05-19 15:43:20,785 - root - INFO - Saving 1 images to file /Users/ccaiafa/Library/CloudStorage/GoogleDrive-ccaiafa@gmail.com/My Drive/Research/Microondas_Ramiro/code/CS_tomography/data/image_generator/test/images.pkl
2023-05-19 15:44:02,545 - root - INFO - Starting MWT solver
2023-05-19 15:44:07,412 - root - INFO - iter=0/50
2023-05-19 15:49:01,464 - root - INFO - Starting image generator
2023-05-19 15:49:01,465 - root - INFO - 1 images with random number of circles (between 1 and 3) will be generated
2023-05-19 15:49:01,465 - root - INFO - Generating image no. 1/1
2023-05-19 15:49:01,466 - root - INFO - The image will have 1 circles
2023-05-19 15:49:02,166 - root - INFO - Saving generated image plot to path /Users/ccaiafa/Library/CloudStorage/GoogleDrive-ccaiafa@gmail.com/My Drive/Research/Microondas_Ramiro/code/CS_tomography/logs/image_generator/images/test/image_1.png
2023-05-19 15:49:02,727 - root - INFO - Saving 1 images to file /Users/ccaiafa/Library/CloudStorage/GoogleDrive-ccaiafa@gmail.com/My Drive/Research/Microondas_Ramiro/code/CS_tomography/data/image_generator/test/images.pkl
2023-05-19 15:49:44,602 - root - INFO - Starting MWT solver
2023-05-19 15:50:54,239 - root - INFO - iter=0/50
2023-05-19 16:06:10,012 - root - INFO - Starting image generator
2023-05-19 16:06:10,013 - root - INFO - 1 images with random number of circles (between 1 and 3) will be generated
2023-05-19 16:06:10,013 - root - INFO - Generating image no. 1/1
2023-05-19 16:06:10,013 - root - INFO - The image will have 3 circles
2023-05-19 16:06:10,679 - root - INFO - Saving generated image plot to path /Users/ccaiafa/Library/CloudStorage/GoogleDrive-ccaiafa@gmail.com/My Drive/Research/Microondas_Ramiro/code/CS_tomography/logs/image_generator/images/test/image_1.png
2023-05-19 16:06:11,248 - root - INFO - Saving 1 images to file /Users/ccaiafa/Library/CloudStorage/GoogleDrive-ccaiafa@gmail.com/My Drive/Research/Microondas_Ramiro/code/CS_tomography/data/image_generator/test/images.pkl
2023-05-19 16:06:53,536 - root - INFO - Starting MWT solver
2023-05-19 16:07:43,841 - root - INFO - iter=0/50
2023-05-19 16:08:31,321 - root - INFO - Starting image generator
2023-05-19 16:08:31,321 - root - INFO - 1 images with random number of circles (between 1 and 3) will be generated
2023-05-19 16:08:31,321 - root - INFO - Generating image no. 1/1
2023-05-19 16:08:31,322 - root - INFO - The image will have 3 circles
2023-05-19 16:08:32,111 - root - INFO - Saving generated image plot to path /Users/ccaiafa/Library/CloudStorage/GoogleDrive-ccaiafa@gmail.com/My Drive/Research/Microondas_Ramiro/code/CS_tomography/logs/image_generator/images/test/image_1.png
2023-05-19 16:08:32,758 - root - INFO - Saving 1 images to file /Users/ccaiafa/Library/CloudStorage/GoogleDrive-ccaiafa@gmail.com/My Drive/Research/Microondas_Ramiro/code/CS_tomography/data/image_generator/test/images.pkl
2023-05-19 16:09:14,704 - root - INFO - Starting MWT solver
2023-05-19 16:10:46,861 - root - INFO - iter=0/50
2023-05-19 16:15:56,882 - root - INFO - Starting image generator
2023-05-19 16:15:56,883 - root - INFO - 1 images with random number of circles (between 1 and 3) will be generated
2023-05-19 16:15:56,883 - root - INFO - Generating image no. 1/1
2023-05-19 16:15:56,884 - root - INFO - The image will have 3 circles
2023-05-19 19:21:21,755 - root - INFO - Starting image generator
2023-05-19 19:21:21,755 - root - INFO - 1 images with random number of circles (between 1 and 3) will be generated
2023-05-19 19:21:21,755 - root - INFO - Generating image no. 1/1
2023-05-19 19:21:21,756 - root - INFO - The image will have 3 circles
2023-05-19 19:21:43,086 - root - INFO - Saving generated image plot to path /Users/ccaiafa/Library/CloudStorage/GoogleDrive-ccaiafa@gmail.com/My Drive/Research/Microondas_Ramiro/code/CS_tomography/logs/image_generator/images/test/image_1.png
2023-05-19 19:21:43,673 - root - INFO - Saving 1 images to file /Users/ccaiafa/Library/CloudStorage/GoogleDrive-ccaiafa@gmail.com/My Drive/Research/Microondas_Ramiro/code/CS_tomography/data/image_generator/test/images.pkl
2023-05-19 19:22:26,119 - root - INFO - Starting MWT solver
2023-05-19 19:24:02,487 - root - INFO - Starting image generator
2023-05-19 19:24:02,488 - root - INFO - 1 images with random number of circles (between 1 and 3) will be generated
2023-05-19 19:24:02,488 - root - INFO - Generating image no. 1/1
2023-05-19 19:24:02,488 - root - INFO - The image will have 2 circles
2023-05-19 19:27:10,798 - root - INFO - Saving generated image plot to path /Users/ccaiafa/Library/CloudStorage/GoogleDrive-ccaiafa@gmail.com/My Drive/Research/Microondas_Ramiro/code/CS_tomography/logs/image_generator/images/test/image_1.png
2023-05-19 19:27:11,361 - root - INFO - Saving 1 images to file /Users/ccaiafa/Library/CloudStorage/GoogleDrive-ccaiafa@gmail.com/My Drive/Research/Microondas_Ramiro/code/CS_tomography/data/image_generator/test/images.pkl
2023-05-19 19:27:53,767 - root - INFO - Starting MWT solver
2023-05-19 19:30:28,398 - root - INFO - Starting image generator
2023-05-19 19:30:28,400 - root - INFO - 1 images with random number of circles (between 1 and 3) will be generated
2023-05-19 19:30:28,400 - root - INFO - Generating image no. 1/1
2023-05-19 19:30:28,400 - root - INFO - The image will have 1 circles
2023-05-19 19:30:29,090 - root - INFO - Saving generated image plot to path /Users/ccaiafa/Library/CloudStorage/GoogleDrive-ccaiafa@gmail.com/My Drive/Research/Microondas_Ramiro/code/CS_tomography/logs/image_generator/images/test/image_1.png
2023-05-19 19:30:29,644 - root - INFO - Saving 1 images to file /Users/ccaiafa/Library/CloudStorage/GoogleDrive-ccaiafa@gmail.com/My Drive/Research/Microondas_Ramiro/code/CS_tomography/data/image_generator/test/images.pkl
2023-05-19 19:31:11,533 - root - INFO - Starting MWT solver
2023-05-19 19:31:17,793 - root - INFO - iter=0/50
2023-05-19 19:31:41,780 - root - INFO - Starting image generator
2023-05-19 19:31:41,781 - root - INFO - 1 images with random number of circles (between 1 and 3) will be generated
2023-05-19 19:31:41,781 - root - INFO - Generating image no. 1/1
2023-05-19 19:31:41,782 - root - INFO - The image will have 1 circles
2023-05-19 19:31:42,436 - root - INFO - Saving generated image plot to path /Users/ccaiafa/Library/CloudStorage/GoogleDrive-ccaiafa@gmail.com/My Drive/Research/Microondas_Ramiro/code/CS_tomography/logs/image_generator/images/test/image_1.png
2023-05-19 19:31:42,998 - root - INFO - Saving 1 images to file /Users/ccaiafa/Library/CloudStorage/GoogleDrive-ccaiafa@gmail.com/My Drive/Research/Microondas_Ramiro/code/CS_tomography/data/image_generator/test/images.pkl
2023-05-19 19:32:24,928 - root - INFO - Starting MWT solver
2023-05-19 19:32:27,853 - root - INFO - iter=0/50
2023-05-19 19:43:43,487 - root - INFO - Starting image generator
2023-05-19 19:43:43,488 - root - INFO - 1 images with random number of circles (between 1 and 3) will be generated
2023-05-19 19:43:43,488 - root - INFO - Generating image no. 1/1
2023-05-19 19:43:43,489 - root - INFO - The image will have 3 circles
2023-05-19 19:43:44,169 - root - INFO - Saving generated image plot to path /Users/ccaiafa/Library/CloudStorage/GoogleDrive-ccaiafa@gmail.com/My Drive/Research/Microondas_Ramiro/code/CS_tomography/logs/image_generator/images/test/image_1.png
2023-05-19 19:43:44,751 - root - INFO - Saving 1 images to file /Users/ccaiafa/Library/CloudStorage/GoogleDrive-ccaiafa@gmail.com/My Drive/Research/Microondas_Ramiro/code/CS_tomography/data/image_generator/test/images.pkl
2023-05-19 19:44:27,204 - root - INFO - Starting MWT solver
2023-05-19 19:44:31,760 - root - INFO - iter=0/50
2023-05-19 19:52:37,183 - root - INFO - Starting image generator
2023-05-19 19:52:37,185 - root - INFO - 1 images with random number of circles (between 1 and 3) will be generated
2023-05-19 19:52:37,185 - root - INFO - Generating image no. 1/1
2023-05-19 19:52:37,186 - root - INFO - The image will have 1 circles
2023-05-19 19:52:37,856 - root - INFO - Saving generated image plot to path /Users/ccaiafa/Library/CloudStorage/GoogleDrive-ccaiafa@gmail.com/My Drive/Research/Microondas_Ramiro/code/CS_tomography/logs/image_generator/images/test/image_1.png
2023-05-19 19:52:38,444 - root - INFO - Saving 1 images to file /Users/ccaiafa/Library/CloudStorage/GoogleDrive-ccaiafa@gmail.com/My Drive/Research/Microondas_Ramiro/code/CS_tomography/data/image_generator/test/images.pkl
2023-05-19 19:53:20,735 - root - INFO - Starting MWT solver
2023-05-19 19:53:27,040 - root - INFO - iter=0/50
2023-05-19 19:54:17,303 - root - INFO - Starting image generator
2023-05-19 19:54:17,304 - root - INFO - 1 images with random number of circles (between 1 and 3) will be generated
2023-05-19 19:54:17,304 - root - INFO - Generating image no. 1/1
2023-05-19 19:54:17,305 - root - INFO - The image will have 1 circles
2023-05-19 19:54:17,962 - root - INFO - Saving generated image plot to path /Users/ccaiafa/Library/CloudStorage/GoogleDrive-ccaiafa@gmail.com/My Drive/Research/Microondas_Ramiro/code/CS_tomography/logs/image_generator/images/test/image_1.png
2023-05-19 19:54:18,516 - root - INFO - Saving 1 images to file /Users/ccaiafa/Library/CloudStorage/GoogleDrive-ccaiafa@gmail.com/My Drive/Research/Microondas_Ramiro/code/CS_tomography/data/image_generator/test/images.pkl
2023-05-19 19:55:00,308 - root - INFO - Starting MWT solver
2023-05-19 19:55:01,603 - root - INFO - iter=0/50
2023-05-19 19:56:34,193 - root - INFO - loss after updating Electric Field = 363.71283061196925, error_E=1.3156943524753177
2023-05-19 21:42:04,775 - root - INFO - Starting image generator
2023-05-19 21:42:04,776 - root - INFO - 1 images with random number of circles (between 1 and 3) will be generated
2023-05-19 21:42:04,776 - root - INFO - Generating image no. 1/1
2023-05-19 21:42:04,777 - root - INFO - The image will have 3 circles
2023-05-19 21:42:05,446 - root - INFO - Saving generated image plot to path /Users/ccaiafa/Library/CloudStorage/GoogleDrive-ccaiafa@gmail.com/My Drive/Research/Microondas_Ramiro/code/CS_tomography/logs/image_generator/images/test/image_1.png
2023-05-19 21:42:06,035 - root - INFO - Saving 1 images to file /Users/ccaiafa/Library/CloudStorage/GoogleDrive-ccaiafa@gmail.com/My Drive/Research/Microondas_Ramiro/code/CS_tomography/data/image_generator/test/images.pkl
2023-05-19 21:42:49,060 - root - INFO - Starting MWT solver
2023-05-19 22:34:57,335 - root - INFO - Starting image generator
2023-05-19 22:34:57,337 - root - INFO - 1 images with random number of circles (between 1 and 3) will be generated
2023-05-19 22:34:57,337 - root - INFO - Generating image no. 1/1
2023-05-19 22:34:57,338 - root - INFO - The image will have 1 circles
2023-05-19 22:34:58,083 - root - INFO - Saving generated image plot to path /Users/ccaiafa/Library/CloudStorage/GoogleDrive-ccaiafa@gmail.com/My Drive/Research/Microondas_Ramiro/code/CS_tomography/logs/image_generator/images/test/image_1.png
2023-05-19 22:34:58,673 - root - INFO - Saving 1 images to file /Users/ccaiafa/Library/CloudStorage/GoogleDrive-ccaiafa@gmail.com/My Drive/Research/Microondas_Ramiro/code/CS_tomography/data/image_generator/test/images.pkl
2023-05-19 22:35:41,234 - root - INFO - Starting MWT solver
2023-05-19 22:35:42,529 - root - INFO - iter=0/50
2023-05-19 22:36:01,177 - root - INFO - loss after updating Electric Field = 2.5179989550334516e-26, error_E=3.85382699311085e-15
2023-05-19 22:36:01,177 - root - INFO - iter=1/50
2023-05-19 22:36:02,165 - root - INFO - loss after updating Electric Field = 2.5179989550334516e-26, error_E=3.85382699311085e-15
2023-05-19 22:36:02,165 - root - INFO - iter=2/50
2023-05-19 22:36:03,122 - root - INFO - loss after updating Electric Field = 2.5179989550334516e-26, error_E=3.85382699311085e-15
2023-05-19 22:36:03,122 - root - INFO - iter=3/50
2023-05-19 22:36:04,109 - root - INFO - loss after updating Electric Field = 2.5179989550334516e-26, error_E=3.85382699311085e-15
2023-05-19 22:36:04,110 - root - INFO - iter=4/50
2023-05-19 22:36:05,047 - root - INFO - loss after updating Electric Field = 2.5179989550334516e-26, error_E=3.85382699311085e-15
2023-05-19 22:36:05,048 - root - INFO - iter=5/50
2023-05-19 22:36:05,973 - root - INFO - loss after updating Electric Field = 2.5179989550334516e-26, error_E=3.85382699311085e-15
2023-05-19 22:36:05,973 - root - INFO - iter=6/50
2023-05-19 22:36:06,903 - root - INFO - loss after updating Electric Field = 2.5179989550334516e-26, error_E=3.85382699311085e-15
2023-05-19 22:36:06,903 - root - INFO - iter=7/50
2023-05-19 22:36:07,850 - root - INFO - loss after updating Electric Field = 2.5179989550334516e-26, error_E=3.85382699311085e-15
2023-05-19 22:36:07,850 - root - INFO - iter=8/50
2023-05-19 22:36:08,807 - root - INFO - loss after updating Electric Field = 2.5179989550334516e-26, error_E=3.85382699311085e-15
2023-05-19 22:36:08,807 - root - INFO - iter=9/50
2023-05-19 22:36:09,775 - root - INFO - loss after updating Electric Field = 2.5179989550334516e-26, error_E=3.85382699311085e-15
2023-05-19 22:36:09,775 - root - INFO - iter=10/50
2023-05-19 22:36:10,604 - root - INFO - loss after updating Electric Field = 2.5179989550334516e-26, error_E=3.85382699311085e-15
2023-05-19 22:36:10,604 - root - INFO - iter=11/50
2023-05-19 22:36:11,433 - root - INFO - loss after updating Electric Field = 2.5179989550334516e-26, error_E=3.85382699311085e-15
2023-05-19 22:36:11,433 - root - INFO - iter=12/50
2023-05-19 22:36:12,286 - root - INFO - loss after updating Electric Field = 2.5179989550334516e-26, error_E=3.85382699311085e-15
2023-05-19 22:36:12,286 - root - INFO - iter=13/50
2023-05-19 22:36:13,119 - root - INFO - loss after updating Electric Field = 2.5179989550334516e-26, error_E=3.85382699311085e-15
2023-05-19 22:36:13,120 - root - INFO - iter=14/50
2023-05-19 22:36:13,988 - root - INFO - loss after updating Electric Field = 2.5179989550334516e-26, error_E=3.85382699311085e-15
2023-05-19 22:36:13,989 - root - INFO - iter=15/50
2023-05-19 22:36:14,827 - root - INFO - loss after updating Electric Field = 2.5179989550334516e-26, error_E=3.85382699311085e-15
2023-05-19 22:36:14,828 - root - INFO - iter=16/50
2023-05-19 22:36:15,687 - root - INFO - loss after updating Electric Field = 2.5179989550334516e-26, error_E=3.85382699311085e-15
2023-05-19 22:36:15,688 - root - INFO - iter=17/50
2023-05-19 22:36:16,547 - root - INFO - loss after updating Electric Field = 2.5179989550334516e-26, error_E=3.85382699311085e-15
2023-05-19 22:36:16,547 - root - INFO - iter=18/50
2023-05-19 22:36:17,388 - root - INFO - loss after updating Electric Field = 2.5179989550334516e-26, error_E=3.85382699311085e-15
2023-05-19 22:36:17,388 - root - INFO - iter=19/50
2023-05-19 22:36:18,227 - root - INFO - loss after updating Electric Field = 2.5179989550334516e-26, error_E=3.85382699311085e-15
2023-05-19 22:36:18,227 - root - INFO - iter=20/50
2023-05-19 22:36:19,045 - root - INFO - loss after updating Electric Field = 2.5179989550334516e-26, error_E=3.85382699311085e-15
2023-05-19 22:36:19,045 - root - INFO - iter=21/50
2023-05-19 22:36:19,848 - root - INFO - loss after updating Electric Field = 2.5179989550334516e-26, error_E=3.85382699311085e-15
2023-05-19 22:36:19,849 - root - INFO - iter=22/50
2023-05-19 22:36:20,692 - root - INFO - loss after updating Electric Field = 2.5179989550334516e-26, error_E=3.85382699311085e-15
2023-05-19 22:36:20,692 - root - INFO - iter=23/50
2023-05-19 22:36:21,513 - root - INFO - loss after updating Electric Field = 2.5179989550334516e-26, error_E=3.85382699311085e-15
2023-05-19 22:36:21,514 - root - INFO - iter=24/50
2023-05-19 22:36:22,363 - root - INFO - loss after updating Electric Field = 2.5179989550334516e-26, error_E=3.85382699311085e-15
2023-05-19 22:36:22,363 - root - INFO - iter=25/50
2023-05-19 22:36:23,227 - root - INFO - loss after updating Electric Field = 2.5179989550334516e-26, error_E=3.85382699311085e-15
2023-05-19 22:36:23,227 - root - INFO - iter=26/50
2023-05-19 22:36:24,079 - root - INFO - loss after updating Electric Field = 2.5179989550334516e-26, error_E=3.85382699311085e-15
2023-05-19 22:36:24,079 - root - INFO - iter=27/50
2023-05-19 22:36:24,932 - root - INFO - loss after updating Electric Field = 2.5179989550334516e-26, error_E=3.85382699311085e-15
2023-05-19 22:36:24,932 - root - INFO - iter=28/50
2023-05-19 22:36:25,784 - root - INFO - loss after updating Electric Field = 2.5179989550334516e-26, error_E=3.85382699311085e-15
2023-05-19 22:36:25,784 - root - INFO - iter=29/50
2023-05-19 22:36:26,648 - root - INFO - loss after updating Electric Field = 2.5179989550334516e-26, error_E=3.85382699311085e-15
2023-05-19 22:36:26,649 - root - INFO - iter=30/50
2023-05-19 22:36:27,511 - root - INFO - loss after updating Electric Field = 2.5179989550334516e-26, error_E=3.85382699311085e-15
2023-05-19 22:36:27,512 - root - INFO - iter=31/50
2023-05-19 22:36:28,343 - root - INFO - loss after updating Electric Field = 2.5179989550334516e-26, error_E=3.85382699311085e-15
2023-05-19 22:36:28,344 - root - INFO - iter=32/50
2023-05-19 22:36:29,247 - root - INFO - loss after updating Electric Field = 2.5179989550334516e-26, error_E=3.85382699311085e-15
2023-05-19 22:36:29,247 - root - INFO - iter=33/50
2023-05-19 22:36:30,128 - root - INFO - loss after updating Electric Field = 2.5179989550334516e-26, error_E=3.85382699311085e-15
2023-05-19 22:36:30,128 - root - INFO - iter=34/50
2023-05-19 22:36:31,003 - root - INFO - loss after updating Electric Field = 2.5179989550334516e-26, error_E=3.85382699311085e-15
2023-05-19 22:36:31,004 - root - INFO - iter=35/50
2023-05-19 22:36:31,903 - root - INFO - loss after updating Electric Field = 2.5179989550334516e-26, error_E=3.85382699311085e-15
2023-05-19 22:36:31,904 - root - INFO - iter=36/50
2023-05-19 22:36:32,791 - root - INFO - loss after updating Electric Field = 2.5179989550334516e-26, error_E=3.85382699311085e-15
2023-05-19 22:36:32,791 - root - INFO - iter=37/50
2023-05-19 22:36:33,719 - root - INFO - loss after updating Electric Field = 2.5179989550334516e-26, error_E=3.85382699311085e-15
2023-05-19 22:36:33,719 - root - INFO - iter=38/50
2023-05-19 22:36:34,761 - root - INFO - loss after updating Electric Field = 2.5179989550334516e-26, error_E=3.85382699311085e-15
2023-05-19 22:36:34,761 - root - INFO - iter=39/50
2023-05-19 22:36:35,738 - root - INFO - loss after updating Electric Field = 2.5179989550334516e-26, error_E=3.85382699311085e-15
2023-05-19 22:36:35,739 - root - INFO - iter=40/50
2023-05-19 22:36:36,753 - root - INFO - loss after updating Electric Field = 2.5179989550334516e-26, error_E=3.85382699311085e-15
2023-05-19 22:36:36,754 - root - INFO - iter=41/50
2023-05-19 22:36:37,643 - root - INFO - loss after updating Electric Field = 2.5179989550334516e-26, error_E=3.85382699311085e-15
2023-05-19 22:36:37,644 - root - INFO - iter=42/50
2023-05-19 22:36:38,628 - root - INFO - loss after updating Electric Field = 2.5179989550334516e-26, error_E=3.85382699311085e-15
2023-05-19 22:36:38,628 - root - INFO - iter=43/50
2023-05-19 22:36:39,613 - root - INFO - loss after updating Electric Field = 2.5179989550334516e-26, error_E=3.85382699311085e-15
2023-05-19 22:36:39,613 - root - INFO - iter=44/50
2023-05-19 22:36:40,621 - root - INFO - loss after updating Electric Field = 2.5179989550334516e-26, error_E=3.85382699311085e-15
2023-05-19 22:36:40,631 - root - INFO - iter=45/50
2023-05-19 22:36:41,792 - root - INFO - loss after updating Electric Field = 2.5179989550334516e-26, error_E=3.85382699311085e-15
2023-05-19 22:36:41,792 - root - INFO - iter=46/50
2023-05-19 22:36:42,710 - root - INFO - loss after updating Electric Field = 2.5179989550334516e-26, error_E=3.85382699311085e-15
2023-05-19 22:36:42,711 - root - INFO - iter=47/50
2023-05-19 22:36:43,617 - root - INFO - loss after updating Electric Field = 2.5179989550334516e-26, error_E=3.85382699311085e-15
2023-05-19 22:36:43,617 - root - INFO - iter=48/50
2023-05-19 22:36:44,496 - root - INFO - loss after updating Electric Field = 2.5179989550334516e-26, error_E=3.85382699311085e-15
2023-05-19 22:36:44,496 - root - INFO - iter=49/50
2023-05-19 22:36:45,367 - root - INFO - loss after updating Electric Field = 2.5179989550334516e-26, error_E=3.85382699311085e-15
