2023-05-22 10:20:31,723 - root - INFO - Starting image generator
2023-05-22 10:20:31,724 - root - INFO - 1 images with random number of circles (between 1 and 3) will be generated
2023-05-22 10:20:31,724 - root - INFO - Generating image no. 1/1
2023-05-22 10:20:31,725 - root - INFO - The image will have 2 circles
2023-05-22 10:20:32,423 - root - INFO - Saving generated image plot to path /Users/ccaiafa/Library/CloudStorage/GoogleDrive-ccaiafa@gmail.com/My Drive/Research/Microondas_Ramiro/code/CS_tomography/logs/image_generator/images/test/image_1.png
2023-05-22 10:20:33,011 - root - INFO - Saving 1 images to file /Users/ccaiafa/Library/CloudStorage/GoogleDrive-ccaiafa@gmail.com/My Drive/Research/Microondas_Ramiro/code/CS_tomography/data/image_generator/test/images.pkl
2023-05-22 10:21:27,365 - root - INFO - Starting MWT solver
2023-05-22 10:22:20,848 - root - INFO - iter=1/50
2023-05-22 10:22:29,281 - root - INFO - loss after updating Electric Field = 348.12431534917977, error_E=1.2901747683956226
2023-05-22 10:39:34,044 - root - INFO - Starting image generator
2023-05-22 10:39:34,044 - root - INFO - 1 images with random number of circles (between 1 and 3) will be generated
2023-05-22 10:39:34,044 - root - INFO - Generating image no. 1/1
2023-05-22 10:39:34,045 - root - INFO - The image will have 3 circles
2023-05-22 10:39:34,729 - root - INFO - Saving generated image plot to path /Users/ccaiafa/Library/CloudStorage/GoogleDrive-ccaiafa@gmail.com/My Drive/Research/Microondas_Ramiro/code/CS_tomography/logs/image_generator/images/test/image_1.png
2023-05-22 10:39:35,304 - root - INFO - Saving 1 images to file /Users/ccaiafa/Library/CloudStorage/GoogleDrive-ccaiafa@gmail.com/My Drive/Research/Microondas_Ramiro/code/CS_tomography/data/image_generator/test/images.pkl
2023-05-22 10:40:43,479 - root - INFO - Starting MWT solver
2023-05-22 10:40:44,782 - root - INFO - iter=1/50
2023-05-22 10:40:46,106 - root - INFO - loss after updating Electric Field = 333.2845394151049, error_E=1.2547978244719002
2023-05-22 11:05:08,365 - root - INFO - Starting image generator
2023-05-22 11:05:08,366 - root - INFO - 1 images with random number of circles (between 1 and 3) will be generated
2023-05-22 11:05:08,366 - root - INFO - Generating image no. 1/1
2023-05-22 11:05:08,367 - root - INFO - The image will have 3 circles
2023-05-22 11:05:09,023 - root - INFO - Saving generated image plot to path /Users/ccaiafa/Library/CloudStorage/GoogleDrive-ccaiafa@gmail.com/My Drive/Research/Microondas_Ramiro/code/CS_tomography/logs/image_generator/images/test/image_1.png
2023-05-22 11:05:09,574 - root - INFO - Saving 1 images to file /Users/ccaiafa/Library/CloudStorage/GoogleDrive-ccaiafa@gmail.com/My Drive/Research/Microondas_Ramiro/code/CS_tomography/data/image_generator/test/images.pkl
2023-05-22 11:05:57,572 - root - INFO - Starting MWT solver
2023-05-22 11:06:27,202 - root - INFO - Starting image generator
2023-05-22 11:06:27,203 - root - INFO - 1 images with random number of circles (between 1 and 3) will be generated
2023-05-22 11:06:27,203 - root - INFO - Generating image no. 1/1
2023-05-22 11:06:27,204 - root - INFO - The image will have 2 circles
2023-05-22 11:06:27,989 - root - INFO - Saving generated image plot to path /Users/ccaiafa/Library/CloudStorage/GoogleDrive-ccaiafa@gmail.com/My Drive/Research/Microondas_Ramiro/code/CS_tomography/logs/image_generator/images/test/image_1.png
2023-05-22 11:06:28,573 - root - INFO - Saving 1 images to file /Users/ccaiafa/Library/CloudStorage/GoogleDrive-ccaiafa@gmail.com/My Drive/Research/Microondas_Ramiro/code/CS_tomography/data/image_generator/test/images.pkl
2023-05-22 11:07:58,194 - root - INFO - Starting MWT solver
2023-05-22 11:09:00,345 - root - INFO - Starting image generator
2023-05-22 11:09:00,345 - root - INFO - 1 images with random number of circles (between 1 and 3) will be generated
2023-05-22 11:09:00,346 - root - INFO - Generating image no. 1/1
2023-05-22 11:09:00,346 - root - INFO - The image will have 2 circles
2023-05-22 11:09:01,007 - root - INFO - Saving generated image plot to path /Users/ccaiafa/Library/CloudStorage/GoogleDrive-ccaiafa@gmail.com/My Drive/Research/Microondas_Ramiro/code/CS_tomography/logs/image_generator/images/test/image_1.png
2023-05-22 11:09:01,561 - root - INFO - Saving 1 images to file /Users/ccaiafa/Library/CloudStorage/GoogleDrive-ccaiafa@gmail.com/My Drive/Research/Microondas_Ramiro/code/CS_tomography/data/image_generator/test/images.pkl
2023-05-22 11:26:40,205 - root - INFO - Starting MWT solver
2023-05-22 11:26:53,299 - root - INFO - iter=1/50
2023-05-22 11:26:54,674 - root - INFO - loss after updating Electric Field = 348.0472852578171, error_E=1.3024604616321829
2023-05-22 12:12:23,954 - root - INFO - Starting image generator
2023-05-22 12:12:23,955 - root - INFO - 1 images with random number of circles (between 1 and 3) will be generated
2023-05-22 12:12:23,955 - root - INFO - Generating image no. 1/1
2023-05-22 12:12:23,956 - root - INFO - The image will have 3 circles
2023-05-22 12:12:24,617 - root - INFO - Saving generated image plot to path /Users/ccaiafa/Library/CloudStorage/GoogleDrive-ccaiafa@gmail.com/My Drive/Research/Microondas_Ramiro/code/CS_tomography/logs/image_generator/images/test/image_1.png
2023-05-22 12:12:25,194 - root - INFO - Saving 1 images to file /Users/ccaiafa/Library/CloudStorage/GoogleDrive-ccaiafa@gmail.com/My Drive/Research/Microondas_Ramiro/code/CS_tomography/data/image_generator/test/images.pkl
2023-05-22 12:13:16,572 - root - INFO - Starting MWT solver
2023-05-22 12:13:18,764 - root - INFO - iter=1/50
2023-05-22 12:13:20,067 - root - INFO - loss after updating Electric Field = 350.50920505157876, error_E=1.3141255591321113
2023-05-22 12:44:11,670 - root - INFO - Starting image generator
2023-05-22 12:44:11,670 - root - INFO - 1 images with random number of circles (between 1 and 3) will be generated
2023-05-22 12:44:11,671 - root - INFO - Generating image no. 1/1
2023-05-22 12:44:11,671 - root - INFO - The image will have 3 circles
2023-05-22 12:44:12,338 - root - INFO - Saving generated image plot to path /Users/ccaiafa/Library/CloudStorage/GoogleDrive-ccaiafa@gmail.com/My Drive/Research/Microondas_Ramiro/code/CS_tomography/logs/image_generator/images/test/image_1.png
2023-05-22 12:44:12,899 - root - INFO - Saving 1 images to file /Users/ccaiafa/Library/CloudStorage/GoogleDrive-ccaiafa@gmail.com/My Drive/Research/Microondas_Ramiro/code/CS_tomography/data/image_generator/test/images.pkl
2023-05-22 12:49:01,147 - root - INFO - Starting MWT solver
2023-05-22 12:49:02,439 - root - INFO - iter=1/50
2023-05-22 12:49:03,657 - root - INFO - loss after updating Electric Field = 344.6937195179706, error_E=1.3199039251486557
2023-05-22 13:12:47,531 - root - INFO - Starting image generator
2023-05-22 13:12:47,532 - root - INFO - 1 images with random number of circles (between 1 and 3) will be generated
2023-05-22 13:12:47,532 - root - INFO - Generating image no. 1/1
2023-05-22 13:12:47,533 - root - INFO - The image will have 1 circles
2023-05-22 13:12:48,227 - root - INFO - Saving generated image plot to path /Users/ccaiafa/Library/CloudStorage/GoogleDrive-ccaiafa@gmail.com/My Drive/Research/Microondas_Ramiro/code/CS_tomography/logs/image_generator/images/test/image_1.png
2023-05-22 13:12:48,786 - root - INFO - Saving 1 images to file /Users/ccaiafa/Library/CloudStorage/GoogleDrive-ccaiafa@gmail.com/My Drive/Research/Microondas_Ramiro/code/CS_tomography/data/image_generator/test/images.pkl
2023-05-22 13:13:43,250 - root - INFO - Starting MWT solver
2023-05-22 13:13:44,528 - root - INFO - iter=1/50
2023-05-22 13:13:45,971 - root - INFO - loss after updating Electric Field = 345.5327916518159, error_E=1.3225540999677792
2023-05-22 13:20:05,724 - root - INFO - Starting image generator
2023-05-22 13:20:05,724 - root - INFO - 1 images with random number of circles (between 1 and 3) will be generated
2023-05-22 13:20:05,725 - root - INFO - Generating image no. 1/1
2023-05-22 13:20:05,725 - root - INFO - The image will have 2 circles
2023-05-22 13:20:06,391 - root - INFO - Saving generated image plot to path /Users/ccaiafa/Library/CloudStorage/GoogleDrive-ccaiafa@gmail.com/My Drive/Research/Microondas_Ramiro/code/CS_tomography/logs/image_generator/images/test/image_1.png
2023-05-22 13:20:06,948 - root - INFO - Saving 1 images to file /Users/ccaiafa/Library/CloudStorage/GoogleDrive-ccaiafa@gmail.com/My Drive/Research/Microondas_Ramiro/code/CS_tomography/data/image_generator/test/images.pkl
2023-05-22 13:20:49,109 - root - INFO - Starting MWT solver
2023-05-22 13:20:50,406 - root - INFO - iter=1/50
2023-05-22 13:20:51,593 - root - INFO - loss after updating Electric Field = 348.35831754772283, error_E=1.3040864215292622
2023-05-22 13:25:05,856 - root - INFO - Starting image generator
2023-05-22 13:25:05,857 - root - INFO - 1 images with random number of circles (between 1 and 3) will be generated
2023-05-22 13:25:05,857 - root - INFO - Generating image no. 1/1
2023-05-22 13:25:05,857 - root - INFO - The image will have 3 circles
2023-05-22 13:25:06,544 - root - INFO - Saving generated image plot to path /Users/ccaiafa/Library/CloudStorage/GoogleDrive-ccaiafa@gmail.com/My Drive/Research/Microondas_Ramiro/code/CS_tomography/logs/image_generator/images/test/image_1.png
2023-05-22 13:25:07,096 - root - INFO - Saving 1 images to file /Users/ccaiafa/Library/CloudStorage/GoogleDrive-ccaiafa@gmail.com/My Drive/Research/Microondas_Ramiro/code/CS_tomography/data/image_generator/test/images.pkl
2023-05-22 13:25:49,388 - root - INFO - Starting MWT solver
2023-05-22 13:25:50,664 - root - INFO - iter=1/50
2023-05-22 13:25:51,920 - root - INFO - loss after updating Electric Field = 355.82426398813595, error_E=1.3322233382186315
2023-05-22 13:27:16,295 - root - INFO - loss after updating Relative Permittivities = 3033.424780623591, error_rel_perm=1.3583236432018817
2023-05-22 13:28:04,878 - root - INFO - iter=2/50
2023-05-22 13:28:06,247 - root - INFO - loss after updating Electric Field = 29.730561620233637, error_E=0.10230129253103362
2023-05-22 13:29:27,272 - root - INFO - loss after updating Relative Permittivities = 36.397290944280634, error_rel_perm=0.9691109132314475
2023-05-22 13:30:07,213 - root - INFO - iter=3/50
2023-05-22 13:30:08,611 - root - INFO - loss after updating Electric Field = 26.594205898981457, error_E=0.08901947254463902
2023-05-22 13:31:29,665 - root - INFO - loss after updating Relative Permittivities = 27.45715559080934, error_rel_perm=0.9755204479943963
2023-05-22 13:32:44,336 - root - INFO - iter=4/50
2023-05-22 13:32:45,715 - root - INFO - loss after updating Electric Field = 27.388032005723968, error_E=0.09024463611078319
2023-05-22 13:34:06,704 - root - INFO - loss after updating Relative Permittivities = 27.27769205488991, error_rel_perm=0.9735435822907039
2023-05-22 13:35:40,397 - root - INFO - iter=5/50
2023-05-22 13:35:41,862 - root - INFO - loss after updating Electric Field = 27.276552982328024, error_E=0.09006587235641964
2023-05-22 13:47:25,210 - root - INFO - Starting image generator
2023-05-22 13:47:25,212 - root - INFO - 1 images with random number of circles (between 1 and 3) will be generated
2023-05-22 13:47:25,212 - root - INFO - Generating image no. 1/1
2023-05-22 13:47:25,213 - root - INFO - The image will have 2 circles
2023-05-22 13:47:25,929 - root - INFO - Saving generated image plot to path /Users/ccaiafa/Library/CloudStorage/GoogleDrive-ccaiafa@gmail.com/My Drive/Research/Microondas_Ramiro/code/CS_tomography/logs/image_generator/images/test/image_1.png
2023-05-22 13:47:26,483 - root - INFO - Saving 1 images to file /Users/ccaiafa/Library/CloudStorage/GoogleDrive-ccaiafa@gmail.com/My Drive/Research/Microondas_Ramiro/code/CS_tomography/data/image_generator/test/images.pkl
2023-05-22 13:48:08,580 - root - INFO - Starting MWT solver
2023-05-22 13:48:09,907 - root - INFO - iter=1/50
2023-05-22 13:48:11,420 - root - INFO - loss after updating Electric Field = 341.9039953478311, error_E=1.3010011938342192
2023-05-22 13:50:25,058 - root - INFO - Starting image generator
2023-05-22 13:50:25,059 - root - INFO - 1 images with random number of circles (between 1 and 3) will be generated
2023-05-22 13:50:25,059 - root - INFO - Generating image no. 1/1
2023-05-22 13:50:25,060 - root - INFO - The image will have 2 circles
2023-05-22 13:50:25,729 - root - INFO - Saving generated image plot to path /Users/ccaiafa/Library/CloudStorage/GoogleDrive-ccaiafa@gmail.com/My Drive/Research/Microondas_Ramiro/code/CS_tomography/logs/image_generator/images/test/image_1.png
2023-05-22 13:50:26,293 - root - INFO - Saving 1 images to file /Users/ccaiafa/Library/CloudStorage/GoogleDrive-ccaiafa@gmail.com/My Drive/Research/Microondas_Ramiro/code/CS_tomography/data/image_generator/test/images.pkl
2023-05-22 13:50:53,047 - root - INFO - Starting image generator
2023-05-22 13:50:53,049 - root - INFO - 1 images with random number of circles (between 1 and 3) will be generated
2023-05-22 13:50:53,049 - root - INFO - Generating image no. 1/1
2023-05-22 13:50:53,050 - root - INFO - The image will have 1 circles
2023-05-22 13:50:53,774 - root - INFO - Saving generated image plot to path /Users/ccaiafa/Library/CloudStorage/GoogleDrive-ccaiafa@gmail.com/My Drive/Research/Microondas_Ramiro/code/CS_tomography/logs/image_generator/images/test/image_1.png
2023-05-22 13:50:54,343 - root - INFO - Saving 1 images to file /Users/ccaiafa/Library/CloudStorage/GoogleDrive-ccaiafa@gmail.com/My Drive/Research/Microondas_Ramiro/code/CS_tomography/data/image_generator/test/images.pkl
2023-05-22 13:51:05,247 - root - INFO - Starting image generator
2023-05-22 13:51:05,248 - root - INFO - 1 images with random number of circles (between 1 and 3) will be generated
2023-05-22 13:51:05,248 - root - INFO - Generating image no. 1/1
2023-05-22 13:51:05,249 - root - INFO - The image will have 1 circles
2023-05-22 13:51:05,921 - root - INFO - Saving generated image plot to path /Users/ccaiafa/Library/CloudStorage/GoogleDrive-ccaiafa@gmail.com/My Drive/Research/Microondas_Ramiro/code/CS_tomography/logs/image_generator/images/test/image_1.png
2023-05-22 13:51:06,476 - root - INFO - Saving 1 images to file /Users/ccaiafa/Library/CloudStorage/GoogleDrive-ccaiafa@gmail.com/My Drive/Research/Microondas_Ramiro/code/CS_tomography/data/image_generator/test/images.pkl
2023-05-22 13:51:48,754 - root - INFO - Starting MWT solver
2023-05-22 13:51:50,103 - root - INFO - iter=1/50
2023-05-22 13:51:51,423 - root - INFO - loss after updating Electric Field = 365.04954781404905, error_E=1.3126073012699346
2023-05-22 13:59:41,709 - root - INFO - Starting image generator
2023-05-22 13:59:41,710 - root - INFO - 1 images with random number of circles (between 1 and 3) will be generated
2023-05-22 13:59:41,710 - root - INFO - Generating image no. 1/1
2023-05-22 13:59:41,711 - root - INFO - The image will have 3 circles
2023-05-22 13:59:42,390 - root - INFO - Saving generated image plot to path /Users/ccaiafa/Library/CloudStorage/GoogleDrive-ccaiafa@gmail.com/My Drive/Research/Microondas_Ramiro/code/CS_tomography/logs/image_generator/images/test/image_1.png
2023-05-22 13:59:42,684 - root - INFO - Saving 1 images to file /Users/ccaiafa/Library/CloudStorage/GoogleDrive-ccaiafa@gmail.com/My Drive/Research/Microondas_Ramiro/code/CS_tomography/data/image_generator/test/images.pkl
2023-05-22 14:00:25,226 - root - INFO - Starting MWT solver
2023-05-22 14:00:26,527 - root - INFO - iter=1/50
2023-05-22 14:00:27,736 - root - INFO - loss after updating Electric Field = 350.5885280071806, error_E=1.3126141254775978
2023-05-22 14:01:47,997 - root - INFO - loss after updating Relative Permittivities = 3263.785292403755, error_rel_perm=1.1453023525940793
2023-05-22 14:01:47,998 - root - INFO - iter=2/50
2023-05-22 14:01:49,298 - root - INFO - loss after updating Electric Field = 156.10894867392966, error_E=0.25923818182828184
2023-05-22 14:04:05,343 - root - INFO - Starting image generator
2023-05-22 14:04:05,343 - root - INFO - 1 images with random number of circles (between 1 and 3) will be generated
2023-05-22 14:04:05,343 - root - INFO - Generating image no. 1/1
2023-05-22 14:04:05,344 - root - INFO - The image will have 2 circles
2023-05-22 14:04:06,234 - root - INFO - Saving generated image plot to path /Users/ccaiafa/Library/CloudStorage/GoogleDrive-ccaiafa@gmail.com/My Drive/Research/Microondas_Ramiro/code/CS_tomography/logs/image_generator/images/test/image_1.png
2023-05-22 14:04:06,526 - root - INFO - Saving 1 images to file /Users/ccaiafa/Library/CloudStorage/GoogleDrive-ccaiafa@gmail.com/My Drive/Research/Microondas_Ramiro/code/CS_tomography/data/image_generator/test/images.pkl
2023-05-22 14:04:48,842 - root - INFO - Starting MWT solver
2023-05-22 14:04:50,139 - root - INFO - iter=1/50
2023-05-22 14:04:51,489 - root - INFO - loss after updating Electric Field = 345.78437835343186, error_E=1.2627594046224786
2023-05-22 14:06:14,184 - root - INFO - loss after updating Relative Permittivities = 3447.082769831545, error_rel_perm=1.3521084872053764
2023-05-22 14:06:14,194 - root - INFO - iter=2/50
2023-05-22 14:06:15,465 - root - INFO - loss after updating Electric Field = 290.99015873155264, error_E=0.39047852120594484
2023-05-22 14:07:38,483 - root - INFO - loss after updating Relative Permittivities = 656.631755666784, error_rel_perm=1.6693526038812483
2023-05-22 14:07:38,483 - root - INFO - iter=3/50
2023-05-22 14:07:40,064 - root - INFO - loss after updating Electric Field = 159.97198220673468, error_E=0.30658526320505086
2023-05-22 14:09:05,807 - root - INFO - loss after updating Relative Permittivities = 673.824069196487, error_rel_perm=1.2550564828613493
2023-05-22 14:09:05,810 - root - INFO - iter=4/50
2023-05-22 14:09:07,084 - root - INFO - loss after updating Electric Field = 238.8262781781509, error_E=0.35701412708525865
2023-05-22 14:10:31,022 - root - INFO - loss after updating Relative Permittivities = 640.0292689963993, error_rel_perm=1.377252460690042
2023-05-22 14:10:31,023 - root - INFO - iter=5/50
2023-05-22 14:10:32,284 - root - INFO - loss after updating Electric Field = 212.6674750100011, error_E=0.34492474869715106
2023-05-22 14:11:58,030 - root - INFO - Starting image generator
2023-05-22 14:11:58,031 - root - INFO - 1 images with random number of circles (between 1 and 3) will be generated
2023-05-22 14:11:58,031 - root - INFO - Generating image no. 1/1
2023-05-22 14:11:58,031 - root - INFO - The image will have 2 circles
2023-05-22 14:11:58,724 - root - INFO - Saving generated image plot to path /Users/ccaiafa/Library/CloudStorage/GoogleDrive-ccaiafa@gmail.com/My Drive/Research/Microondas_Ramiro/code/CS_tomography/logs/image_generator/images/test/image_1.png
2023-05-22 14:11:59,011 - root - INFO - Saving 1 images to file /Users/ccaiafa/Library/CloudStorage/GoogleDrive-ccaiafa@gmail.com/My Drive/Research/Microondas_Ramiro/code/CS_tomography/data/image_generator/test/images.pkl
2023-05-22 14:12:41,291 - root - INFO - Starting MWT solver
2023-05-22 14:12:42,613 - root - INFO - iter=1/50
2023-05-22 14:12:43,847 - root - INFO - loss after updating Electric Field = 352.16327976378113, error_E=1.2978112425950705
2023-05-22 14:14:11,889 - root - INFO - loss after updating Relative Permittivities = 3035.034709021866, error_rel_perm=1.9613180118719171
2023-05-22 14:14:11,945 - root - INFO - iter=2/50
2023-05-22 14:14:13,255 - root - INFO - loss after updating Electric Field = 59.89311810040943, error_E=0.18615678425679066
2023-05-22 14:15:40,332 - root - INFO - loss after updating Relative Permittivities = 150.31158083996937, error_rel_perm=1.0842975306995155
2023-05-22 14:15:40,333 - root - INFO - iter=3/50
2023-05-22 14:15:42,189 - root - INFO - loss after updating Electric Field = 84.23139375921639, error_E=0.17393353995111677
2023-05-22 14:17:15,183 - root - INFO - loss after updating Relative Permittivities = 99.53876872309795, error_rel_perm=1.1342172487185582
2023-05-22 14:17:15,185 - root - INFO - iter=4/50
2023-05-22 14:17:22,257 - root - INFO - loss after updating Electric Field = 92.42692717464035, error_E=0.18367271165104718
2023-05-22 14:19:11,485 - root - INFO - loss after updating Relative Permittivities = 100.71619940289641, error_rel_perm=1.1743249504883624
2023-05-22 14:19:11,487 - root - INFO - iter=5/50
2023-05-22 14:19:19,755 - root - INFO - loss after updating Electric Field = 94.90556184942523, error_E=0.190263932049746
2023-05-22 14:20:57,577 - root - INFO - loss after updating Relative Permittivities = 104.54775168670908, error_rel_perm=1.1931239028292018
2023-05-22 14:20:57,578 - root - INFO - iter=6/50
2023-05-22 14:21:01,884 - root - INFO - loss after updating Electric Field = 98.22140108782396, error_E=0.19470837476474176
2023-05-22 14:22:51,063 - root - INFO - loss after updating Relative Permittivities = 105.10792333300009, error_rel_perm=1.2390873090629504
2023-05-22 14:22:51,066 - root - INFO - iter=7/50
2023-05-22 14:22:56,577 - root - INFO - loss after updating Electric Field = 96.82701659755503, error_E=0.19659825472356116
2023-05-22 14:25:18,112 - root - INFO - Starting image generator
2023-05-22 14:25:18,112 - root - INFO - 1 images with random number of circles (between 1 and 3) will be generated
2023-05-22 14:25:18,112 - root - INFO - Generating image no. 1/1
2023-05-22 14:25:18,113 - root - INFO - The image will have 1 circles
2023-05-22 14:25:18,989 - root - INFO - Saving generated image plot to path /Users/ccaiafa/Library/CloudStorage/GoogleDrive-ccaiafa@gmail.com/My Drive/Research/Microondas_Ramiro/code/CS_tomography/logs/image_generator/images/test/image_1.png
2023-05-22 14:25:19,285 - root - INFO - Saving 1 images to file /Users/ccaiafa/Library/CloudStorage/GoogleDrive-ccaiafa@gmail.com/My Drive/Research/Microondas_Ramiro/code/CS_tomography/data/image_generator/test/images.pkl
2023-05-22 14:26:01,803 - root - INFO - Starting MWT solver
2023-05-22 14:26:04,097 - root - INFO - iter=1/50
2023-05-22 14:27:38,448 - root - INFO - loss after updating Relative Permittivities = 398.0510004746957, error_rel_perm=1.0076191158961252
2023-05-22 14:27:38,458 - root - INFO - iter=2/50
2023-05-22 14:29:10,445 - root - INFO - loss after updating Relative Permittivities = 397.9596796977579, error_rel_perm=1.0076295488343
2023-05-22 14:29:10,447 - root - INFO - iter=3/50
2023-05-22 14:30:38,425 - root - INFO - loss after updating Relative Permittivities = 397.87897850323554, error_rel_perm=1.0075153217206698
2023-05-22 14:30:38,427 - root - INFO - iter=4/50
2023-05-22 14:31:59,289 - root - INFO - loss after updating Relative Permittivities = 398.03420112955655, error_rel_perm=1.007617638554851
2023-05-22 14:31:59,290 - root - INFO - iter=5/50
2023-05-22 14:33:20,699 - root - INFO - loss after updating Relative Permittivities = 397.98079348693204, error_rel_perm=1.0076138263535852
2023-05-22 14:33:20,700 - root - INFO - iter=6/50
2023-05-22 14:34:44,209 - root - INFO - loss after updating Relative Permittivities = 397.953422813582, error_rel_perm=1.0076005579883445
2023-05-22 14:34:44,210 - root - INFO - iter=7/50
2023-05-22 14:36:11,938 - root - INFO - loss after updating Relative Permittivities = 398.0610375137054, error_rel_perm=1.007648342083014
2023-05-22 14:36:11,939 - root - INFO - iter=8/50
2023-05-22 14:37:34,478 - root - INFO - loss after updating Relative Permittivities = 397.9554212975514, error_rel_perm=1.0075731320876802
2023-05-22 14:37:34,479 - root - INFO - iter=9/50
2023-05-22 14:38:57,253 - root - INFO - loss after updating Relative Permittivities = 397.77867503371635, error_rel_perm=1.0073920391097246
2023-05-22 14:38:57,254 - root - INFO - iter=10/50
2023-05-22 14:40:20,186 - root - INFO - loss after updating Relative Permittivities = 397.9062513251142, error_rel_perm=1.007517456931993
2023-05-22 14:40:20,187 - root - INFO - iter=11/50
2023-05-22 14:41:42,448 - root - INFO - loss after updating Relative Permittivities = 397.92262567629757, error_rel_perm=1.0076041122237376
2023-05-22 14:41:42,451 - root - INFO - iter=12/50
2023-05-22 14:43:03,394 - root - INFO - loss after updating Relative Permittivities = 397.9122260413893, error_rel_perm=1.00752418628106
2023-05-22 14:43:03,396 - root - INFO - iter=13/50
2023-05-22 14:44:24,820 - root - INFO - loss after updating Relative Permittivities = 397.8665330531645, error_rel_perm=1.0075196208895443
2023-05-22 14:44:24,821 - root - INFO - iter=14/50
2023-05-22 14:45:47,322 - root - INFO - loss after updating Relative Permittivities = 397.9625042840374, error_rel_perm=1.007570880833118
2023-05-22 14:45:47,323 - root - INFO - iter=15/50
2023-05-22 14:47:09,136 - root - INFO - loss after updating Relative Permittivities = 398.00577029324165, error_rel_perm=1.0075994407556788
2023-05-22 14:47:09,137 - root - INFO - iter=16/50
2023-05-22 14:48:32,332 - root - INFO - loss after updating Relative Permittivities = 397.9120217629164, error_rel_perm=1.007554835735069
2023-05-22 14:48:32,334 - root - INFO - iter=17/50
2023-05-22 14:49:56,367 - root - INFO - loss after updating Relative Permittivities = 398.0077102614151, error_rel_perm=1.0076235550883015
2023-05-22 14:49:56,641 - root - INFO - iter=18/50
2023-05-22 14:51:17,073 - root - INFO - loss after updating Relative Permittivities = 397.95491645092557, error_rel_perm=1.0076487008745934
2023-05-22 14:51:17,076 - root - INFO - iter=19/50
2023-05-22 14:52:38,283 - root - INFO - loss after updating Relative Permittivities = 397.9669299015369, error_rel_perm=1.0075716878237981
2023-05-22 14:52:38,284 - root - INFO - iter=20/50
2023-05-22 14:53:59,148 - root - INFO - loss after updating Relative Permittivities = 398.0156614952583, error_rel_perm=1.0076135623790143
2023-05-22 14:53:59,149 - root - INFO - iter=21/50
2023-05-22 14:55:24,166 - root - INFO - loss after updating Relative Permittivities = 397.9625673305766, error_rel_perm=1.0076677651367678
2023-05-22 14:55:24,168 - root - INFO - iter=22/50
2023-05-22 14:56:45,062 - root - INFO - loss after updating Relative Permittivities = 397.9675922700138, error_rel_perm=1.0076008610944571
2023-05-22 14:56:45,063 - root - INFO - iter=23/50
2023-05-22 14:58:09,056 - root - INFO - loss after updating Relative Permittivities = 397.92369180810005, error_rel_perm=1.0075817021517794
2023-05-22 14:58:09,334 - root - INFO - iter=24/50
2023-05-22 14:59:34,013 - root - INFO - loss after updating Relative Permittivities = 397.9992679972628, error_rel_perm=1.007650112137549
2023-05-22 14:59:34,014 - root - INFO - iter=25/50
2023-05-22 15:00:54,900 - root - INFO - loss after updating Relative Permittivities = 398.0154288985855, error_rel_perm=1.0076502734353665
2023-05-22 15:00:54,901 - root - INFO - iter=26/50
2023-05-22 15:02:15,390 - root - INFO - loss after updating Relative Permittivities = 397.85663731073555, error_rel_perm=1.0074527325714089
2023-05-22 15:02:15,391 - root - INFO - iter=27/50
2023-05-22 15:03:35,370 - root - INFO - loss after updating Relative Permittivities = 397.93918643007396, error_rel_perm=1.0076014505281983
2023-05-22 15:03:35,371 - root - INFO - iter=28/50
2023-05-22 15:04:55,831 - root - INFO - loss after updating Relative Permittivities = 398.0151424033306, error_rel_perm=1.0076335855358494
2023-05-22 15:04:55,832 - root - INFO - iter=29/50
2023-05-22 15:06:15,772 - root - INFO - loss after updating Relative Permittivities = 397.93118896909334, error_rel_perm=1.007591133064405
2023-05-22 15:06:15,983 - root - INFO - iter=30/50
2023-05-22 15:07:35,798 - root - INFO - loss after updating Relative Permittivities = 397.9759347905713, error_rel_perm=1.0075554816320262
2023-05-22 15:07:35,799 - root - INFO - iter=31/50
2023-05-22 15:08:56,186 - root - INFO - loss after updating Relative Permittivities = 397.96879979357766, error_rel_perm=1.0076936809642711
2023-05-22 15:08:56,187 - root - INFO - iter=32/50
2023-05-22 15:10:21,217 - root - INFO - loss after updating Relative Permittivities = 397.9309563386348, error_rel_perm=1.007545768699198
2023-05-22 15:10:21,219 - root - INFO - iter=33/50
2023-05-22 15:11:42,447 - root - INFO - loss after updating Relative Permittivities = 397.95428614565174, error_rel_perm=1.0075401721540926
2023-05-22 15:11:42,449 - root - INFO - iter=34/50
2023-05-22 15:13:02,858 - root - INFO - loss after updating Relative Permittivities = 397.9595469243086, error_rel_perm=1.0075562659617614
2023-05-22 15:13:02,859 - root - INFO - iter=35/50
2023-05-22 15:14:23,295 - root - INFO - loss after updating Relative Permittivities = 397.91222289723464, error_rel_perm=1.0074955552114773
2023-05-22 15:14:23,296 - root - INFO - iter=36/50
2023-05-22 15:15:47,512 - root - INFO - loss after updating Relative Permittivities = 397.99488052774495, error_rel_perm=1.0075671604508485
2023-05-22 15:15:47,514 - root - INFO - iter=37/50
2023-05-22 15:17:12,244 - root - INFO - loss after updating Relative Permittivities = 397.871975917585, error_rel_perm=1.0075370044270548
2023-05-22 15:17:12,245 - root - INFO - iter=38/50
2023-05-22 15:18:42,648 - root - INFO - loss after updating Relative Permittivities = 397.9746907498639, error_rel_perm=1.0075752905632251
2023-05-22 15:18:42,649 - root - INFO - iter=39/50
2023-05-22 15:20:07,471 - root - INFO - loss after updating Relative Permittivities = 398.0737254831518, error_rel_perm=1.007679986623827
2023-05-22 15:20:07,472 - root - INFO - iter=40/50
2023-05-22 15:21:33,301 - root - INFO - loss after updating Relative Permittivities = 397.97933658150913, error_rel_perm=1.0076453051383794
2023-05-22 15:21:33,302 - root - INFO - iter=41/50
2023-05-22 15:22:59,733 - root - INFO - loss after updating Relative Permittivities = 397.9986825598505, error_rel_perm=1.0076523539672795
2023-05-22 15:22:59,735 - root - INFO - iter=42/50
2023-05-22 15:24:25,583 - root - INFO - loss after updating Relative Permittivities = 398.0359989949121, error_rel_perm=1.0076106439310921
2023-05-22 15:24:25,788 - root - INFO - iter=43/50
2023-05-22 15:25:51,337 - root - INFO - loss after updating Relative Permittivities = 397.81323800110056, error_rel_perm=1.007417668323774
2023-05-22 15:25:51,338 - root - INFO - iter=44/50
2023-05-22 15:27:15,432 - root - INFO - loss after updating Relative Permittivities = 398.05754703475253, error_rel_perm=1.0077361646742113
2023-05-22 15:27:15,433 - root - INFO - iter=45/50
2023-05-22 15:28:39,231 - root - INFO - loss after updating Relative Permittivities = 397.96649243412094, error_rel_perm=1.0075595010014755
2023-05-22 15:28:39,232 - root - INFO - iter=46/50
2023-05-22 15:30:01,522 - root - INFO - loss after updating Relative Permittivities = 397.97450345909357, error_rel_perm=1.0076096389505644
2023-05-22 15:30:01,524 - root - INFO - iter=47/50
2023-05-22 15:31:22,197 - root - INFO - loss after updating Relative Permittivities = 398.008724116912, error_rel_perm=1.0076248067139992
2023-05-22 15:31:22,199 - root - INFO - iter=48/50
2023-05-22 15:32:42,942 - root - INFO - loss after updating Relative Permittivities = 398.00178443308573, error_rel_perm=1.0076028131409773
2023-05-22 15:32:43,134 - root - INFO - iter=49/50
2023-05-22 15:34:03,614 - root - INFO - loss after updating Relative Permittivities = 398.0026212482225, error_rel_perm=1.0076218758414497
2023-05-22 15:34:03,615 - root - INFO - iter=50/50
2023-05-22 15:35:24,645 - root - INFO - loss after updating Relative Permittivities = 397.96978692042944, error_rel_perm=1.0076180761303852
2023-05-22 15:47:32,984 - root - INFO - Starting image generator
2023-05-22 15:47:32,985 - root - INFO - 1 images with random number of circles (between 1 and 3) will be generated
2023-05-22 15:47:32,985 - root - INFO - Generating image no. 1/1
2023-05-22 15:47:32,986 - root - INFO - The image will have 1 circles
2023-05-22 15:47:33,642 - root - INFO - Saving generated image plot to path /Users/ccaiafa/Library/CloudStorage/GoogleDrive-ccaiafa@gmail.com/My Drive/Research/Microondas_Ramiro/code/CS_tomography/logs/image_generator/images/test/image_1.png
2023-05-22 15:47:34,185 - root - INFO - Saving 1 images to file /Users/ccaiafa/Library/CloudStorage/GoogleDrive-ccaiafa@gmail.com/My Drive/Research/Microondas_Ramiro/code/CS_tomography/data/image_generator/test/images.pkl
2023-05-22 15:48:16,431 - root - INFO - Starting MWT solver
2023-05-22 15:48:17,728 - root - INFO - iter=1/50
2023-05-22 15:56:55,477 - root - INFO - Starting image generator
2023-05-22 15:57:09,607 - root - INFO - Starting image generator
2023-05-22 15:58:39,084 - root - INFO - 1 images with random number of circles (between 1 and 3) will be generated
2023-05-22 15:58:39,084 - root - INFO - Generating image no. 1/1
2023-05-22 15:58:39,085 - root - INFO - The image will have 3 circles
2023-05-22 15:58:39,766 - root - INFO - Saving generated image plot to path /Users/ccaiafa/Library/CloudStorage/GoogleDrive-ccaiafa@gmail.com/My Drive/Research/Microondas_Ramiro/code/CS_tomography/logs/image_generator/images/test/image_1.png
2023-05-22 15:58:40,321 - root - INFO - Saving 1 images to file /Users/ccaiafa/Library/CloudStorage/GoogleDrive-ccaiafa@gmail.com/My Drive/Research/Microondas_Ramiro/code/CS_tomography/data/image_generator/test/images.pkl
2023-05-22 15:59:22,429 - root - INFO - Starting MWT solver
2023-05-22 15:59:23,709 - root - INFO - iter=1/50
2023-05-22 16:03:56,874 - root - INFO - Starting image generator
2023-05-22 16:03:56,875 - root - INFO - 1 images with random number of circles (between 1 and 3) will be generated
2023-05-22 16:03:56,877 - root - INFO - Generating image no. 1/1
2023-05-22 16:03:56,877 - root - INFO - The image will have 1 circles
2023-05-22 16:03:59,554 - root - INFO - Saving generated image plot to path /Users/ccaiafa/Library/CloudStorage/GoogleDrive-ccaiafa@gmail.com/My Drive/Research/Microondas_Ramiro/code/CS_tomography/logs/image_generator/images/test/image_1.png
2023-05-22 16:04:00,203 - root - INFO - Saving 1 images to file /Users/ccaiafa/Library/CloudStorage/GoogleDrive-ccaiafa@gmail.com/My Drive/Research/Microondas_Ramiro/code/CS_tomography/data/image_generator/test/images.pkl
2023-05-22 16:04:42,060 - root - INFO - Starting MWT solver
2023-05-22 16:04:43,404 - root - INFO - iter=1/50
2023-05-22 16:07:06,755 - PIL.PngImagePlugin - DEBUG - STREAM b'IHDR' 16 13
2023-05-22 16:07:06,755 - PIL.PngImagePlugin - DEBUG - STREAM b'sBIT' 41 4
2023-05-22 16:07:06,755 - PIL.PngImagePlugin - DEBUG - b'sBIT' 41 4 (unknown)
2023-05-22 16:07:06,755 - PIL.PngImagePlugin - DEBUG - STREAM b'pHYs' 57 9
2023-05-22 16:07:06,755 - PIL.PngImagePlugin - DEBUG - STREAM b'IDAT' 78 1189
2023-05-22 16:07:06,803 - PIL.PngImagePlugin - DEBUG - STREAM b'IHDR' 16 13
2023-05-22 16:07:06,803 - PIL.PngImagePlugin - DEBUG - STREAM b'sBIT' 41 4
2023-05-22 16:07:06,804 - PIL.PngImagePlugin - DEBUG - b'sBIT' 41 4 (unknown)
2023-05-22 16:07:06,804 - PIL.PngImagePlugin - DEBUG - STREAM b'pHYs' 57 9
2023-05-22 16:07:06,804 - PIL.PngImagePlugin - DEBUG - STREAM b'IDAT' 78 2994
2023-05-22 16:07:06,822 - PIL.PngImagePlugin - DEBUG - STREAM b'IHDR' 16 13
2023-05-22 16:07:06,822 - PIL.PngImagePlugin - DEBUG - STREAM b'sBIT' 41 4
2023-05-22 16:07:06,822 - PIL.PngImagePlugin - DEBUG - b'sBIT' 41 4 (unknown)
2023-05-22 16:07:06,822 - PIL.PngImagePlugin - DEBUG - STREAM b'pHYs' 57 9
2023-05-22 16:07:06,822 - PIL.PngImagePlugin - DEBUG - STREAM b'IDAT' 78 374
2023-05-22 16:07:06,824 - PIL.PngImagePlugin - DEBUG - STREAM b'IHDR' 16 13
2023-05-22 16:07:06,824 - PIL.PngImagePlugin - DEBUG - STREAM b'sBIT' 41 4
2023-05-22 16:07:06,824 - PIL.PngImagePlugin - DEBUG - b'sBIT' 41 4 (unknown)
2023-05-22 16:07:06,825 - PIL.PngImagePlugin - DEBUG - STREAM b'pHYs' 57 9
2023-05-22 16:07:06,825 - PIL.PngImagePlugin - DEBUG - STREAM b'IDAT' 78 286
2023-05-22 16:07:06,825 - PIL.PngImagePlugin - DEBUG - STREAM b'IHDR' 16 13
2023-05-22 16:07:06,826 - PIL.PngImagePlugin - DEBUG - STREAM b'sBIT' 41 4
2023-05-22 16:07:06,826 - PIL.PngImagePlugin - DEBUG - b'sBIT' 41 4 (unknown)
2023-05-22 16:07:06,826 - PIL.PngImagePlugin - DEBUG - STREAM b'pHYs' 57 9
2023-05-22 16:07:06,826 - PIL.PngImagePlugin - DEBUG - STREAM b'IDAT' 78 263
2023-05-22 16:07:06,827 - PIL.PngImagePlugin - DEBUG - STREAM b'IHDR' 16 13
2023-05-22 16:07:06,827 - PIL.PngImagePlugin - DEBUG - STREAM b'sBIT' 41 4
2023-05-22 16:07:06,827 - PIL.PngImagePlugin - DEBUG - b'sBIT' 41 4 (unknown)
2023-05-22 16:07:06,827 - PIL.PngImagePlugin - DEBUG - STREAM b'pHYs' 57 9
2023-05-22 16:07:06,827 - PIL.PngImagePlugin - DEBUG - STREAM b'IDAT' 78 387
2023-05-22 16:07:06,828 - PIL.PngImagePlugin - DEBUG - STREAM b'IHDR' 16 13
2023-05-22 16:07:06,828 - PIL.PngImagePlugin - DEBUG - STREAM b'sBIT' 41 4
2023-05-22 16:07:06,828 - PIL.PngImagePlugin - DEBUG - b'sBIT' 41 4 (unknown)
2023-05-22 16:07:06,828 - PIL.PngImagePlugin - DEBUG - STREAM b'pHYs' 57 9
2023-05-22 16:07:06,828 - PIL.PngImagePlugin - DEBUG - STREAM b'IDAT' 78 436
2023-05-22 16:07:06,829 - PIL.PngImagePlugin - DEBUG - STREAM b'IHDR' 16 13
2023-05-22 16:07:06,829 - PIL.PngImagePlugin - DEBUG - STREAM b'sBIT' 41 4
2023-05-22 16:07:06,829 - PIL.PngImagePlugin - DEBUG - b'sBIT' 41 4 (unknown)
2023-05-22 16:07:06,829 - PIL.PngImagePlugin - DEBUG - STREAM b'pHYs' 57 9
2023-05-22 16:07:06,829 - PIL.PngImagePlugin - DEBUG - STREAM b'IDAT' 78 351
2023-05-22 16:07:06,830 - PIL.PngImagePlugin - DEBUG - STREAM b'IHDR' 16 13
2023-05-22 16:07:06,830 - PIL.PngImagePlugin - DEBUG - STREAM b'sBIT' 41 4
2023-05-22 16:07:06,830 - PIL.PngImagePlugin - DEBUG - b'sBIT' 41 4 (unknown)
2023-05-22 16:07:06,830 - PIL.PngImagePlugin - DEBUG - STREAM b'pHYs' 57 9
2023-05-22 16:07:06,830 - PIL.PngImagePlugin - DEBUG - STREAM b'IDAT' 78 364
2023-05-22 16:07:59,430 - root - INFO - Starting image generator
2023-05-22 16:07:59,432 - root - INFO - 1 images with random number of circles (between 1 and 3) will be generated
2023-05-22 16:07:59,432 - root - INFO - Generating image no. 1/1
2023-05-22 16:07:59,433 - root - INFO - The image will have 3 circles
2023-05-22 16:08:00,127 - root - INFO - Saving generated image plot to path /Users/ccaiafa/Library/CloudStorage/GoogleDrive-ccaiafa@gmail.com/My Drive/Research/Microondas_Ramiro/code/CS_tomography/logs/image_generator/images/test/image_1.png
2023-05-22 16:08:00,360 - PIL.PngImagePlugin - DEBUG - STREAM b'IHDR' 16 13
2023-05-22 16:08:00,360 - PIL.PngImagePlugin - DEBUG - STREAM b'sBIT' 41 4
2023-05-22 16:08:00,361 - PIL.PngImagePlugin - DEBUG - b'sBIT' 41 4 (unknown)
2023-05-22 16:08:00,361 - PIL.PngImagePlugin - DEBUG - STREAM b'pHYs' 57 9
2023-05-22 16:08:00,361 - PIL.PngImagePlugin - DEBUG - STREAM b'IDAT' 78 1189
2023-05-22 16:08:00,367 - PIL.PngImagePlugin - DEBUG - STREAM b'IHDR' 16 13
2023-05-22 16:08:00,367 - PIL.PngImagePlugin - DEBUG - STREAM b'sBIT' 41 4
2023-05-22 16:08:00,367 - PIL.PngImagePlugin - DEBUG - b'sBIT' 41 4 (unknown)
2023-05-22 16:08:00,367 - PIL.PngImagePlugin - DEBUG - STREAM b'pHYs' 57 9
2023-05-22 16:08:00,367 - PIL.PngImagePlugin - DEBUG - STREAM b'IDAT' 78 2994
2023-05-22 16:08:00,380 - PIL.PngImagePlugin - DEBUG - STREAM b'IHDR' 16 13
2023-05-22 16:08:00,380 - PIL.PngImagePlugin - DEBUG - STREAM b'sBIT' 41 4
2023-05-22 16:08:00,381 - PIL.PngImagePlugin - DEBUG - b'sBIT' 41 4 (unknown)
2023-05-22 16:08:00,381 - PIL.PngImagePlugin - DEBUG - STREAM b'pHYs' 57 9
2023-05-22 16:08:00,381 - PIL.PngImagePlugin - DEBUG - STREAM b'IDAT' 78 374
2023-05-22 16:08:00,383 - PIL.PngImagePlugin - DEBUG - STREAM b'IHDR' 16 13
2023-05-22 16:08:00,383 - PIL.PngImagePlugin - DEBUG - STREAM b'sBIT' 41 4
2023-05-22 16:08:00,383 - PIL.PngImagePlugin - DEBUG - b'sBIT' 41 4 (unknown)
2023-05-22 16:08:00,383 - PIL.PngImagePlugin - DEBUG - STREAM b'pHYs' 57 9
2023-05-22 16:08:00,383 - PIL.PngImagePlugin - DEBUG - STREAM b'IDAT' 78 286
2023-05-22 16:08:00,384 - PIL.PngImagePlugin - DEBUG - STREAM b'IHDR' 16 13
2023-05-22 16:08:00,385 - PIL.PngImagePlugin - DEBUG - STREAM b'sBIT' 41 4
2023-05-22 16:08:00,385 - PIL.PngImagePlugin - DEBUG - b'sBIT' 41 4 (unknown)
2023-05-22 16:08:00,385 - PIL.PngImagePlugin - DEBUG - STREAM b'pHYs' 57 9
2023-05-22 16:08:00,385 - PIL.PngImagePlugin - DEBUG - STREAM b'IDAT' 78 263
2023-05-22 16:08:00,386 - PIL.PngImagePlugin - DEBUG - STREAM b'IHDR' 16 13
2023-05-22 16:08:00,387 - PIL.PngImagePlugin - DEBUG - STREAM b'sBIT' 41 4
2023-05-22 16:08:00,387 - PIL.PngImagePlugin - DEBUG - b'sBIT' 41 4 (unknown)
2023-05-22 16:08:00,387 - PIL.PngImagePlugin - DEBUG - STREAM b'pHYs' 57 9
2023-05-22 16:08:00,387 - PIL.PngImagePlugin - DEBUG - STREAM b'IDAT' 78 387
2023-05-22 16:08:00,388 - PIL.PngImagePlugin - DEBUG - STREAM b'IHDR' 16 13
2023-05-22 16:08:00,388 - PIL.PngImagePlugin - DEBUG - STREAM b'sBIT' 41 4
2023-05-22 16:08:00,388 - PIL.PngImagePlugin - DEBUG - b'sBIT' 41 4 (unknown)
2023-05-22 16:08:00,389 - PIL.PngImagePlugin - DEBUG - STREAM b'pHYs' 57 9
2023-05-22 16:08:00,389 - PIL.PngImagePlugin - DEBUG - STREAM b'IDAT' 78 436
2023-05-22 16:08:00,390 - PIL.PngImagePlugin - DEBUG - STREAM b'IHDR' 16 13
2023-05-22 16:08:00,390 - PIL.PngImagePlugin - DEBUG - STREAM b'sBIT' 41 4
2023-05-22 16:08:00,390 - PIL.PngImagePlugin - DEBUG - b'sBIT' 41 4 (unknown)
2023-05-22 16:08:00,390 - PIL.PngImagePlugin - DEBUG - STREAM b'pHYs' 57 9
2023-05-22 16:08:00,390 - PIL.PngImagePlugin - DEBUG - STREAM b'IDAT' 78 351
2023-05-22 16:08:00,391 - PIL.PngImagePlugin - DEBUG - STREAM b'IHDR' 16 13
2023-05-22 16:08:00,392 - PIL.PngImagePlugin - DEBUG - STREAM b'sBIT' 41 4
2023-05-22 16:08:00,392 - PIL.PngImagePlugin - DEBUG - b'sBIT' 41 4 (unknown)
2023-05-22 16:08:00,392 - PIL.PngImagePlugin - DEBUG - STREAM b'pHYs' 57 9
2023-05-22 16:08:00,392 - PIL.PngImagePlugin - DEBUG - STREAM b'IDAT' 78 364
2023-05-22 16:08:00,924 - root - INFO - Saving 1 images to file /Users/ccaiafa/Library/CloudStorage/GoogleDrive-ccaiafa@gmail.com/My Drive/Research/Microondas_Ramiro/code/CS_tomography/data/image_generator/test/images.pkl
2023-05-22 16:08:42,987 - root - INFO - Starting MWT solver
2023-05-22 16:08:44,303 - root - INFO - iter=1/50
2023-05-22 16:10:13,871 - root - INFO - loss after updating Relative Permittivities = 501.47316807210575, error_rel_perm=1.00221581982333
2023-05-22 16:10:13,903 - PIL.PngImagePlugin - DEBUG - STREAM b'IHDR' 16 13
2023-05-22 16:10:13,903 - PIL.PngImagePlugin - DEBUG - STREAM b'sBIT' 41 4
2023-05-22 16:10:13,903 - PIL.PngImagePlugin - DEBUG - b'sBIT' 41 4 (unknown)
2023-05-22 16:10:13,903 - PIL.PngImagePlugin - DEBUG - STREAM b'pHYs' 57 9
2023-05-22 16:10:13,903 - PIL.PngImagePlugin - DEBUG - STREAM b'IDAT' 78 1189
2023-05-22 16:10:13,906 - PIL.PngImagePlugin - DEBUG - STREAM b'IHDR' 16 13
2023-05-22 16:10:13,906 - PIL.PngImagePlugin - DEBUG - STREAM b'sBIT' 41 4
2023-05-22 16:10:13,906 - PIL.PngImagePlugin - DEBUG - b'sBIT' 41 4 (unknown)
2023-05-22 16:10:13,906 - PIL.PngImagePlugin - DEBUG - STREAM b'pHYs' 57 9
2023-05-22 16:10:13,906 - PIL.PngImagePlugin - DEBUG - STREAM b'IDAT' 78 2994
2023-05-22 16:10:13,910 - PIL.PngImagePlugin - DEBUG - STREAM b'IHDR' 16 13
2023-05-22 16:10:13,910 - PIL.PngImagePlugin - DEBUG - STREAM b'sBIT' 41 4
2023-05-22 16:10:13,910 - PIL.PngImagePlugin - DEBUG - b'sBIT' 41 4 (unknown)
2023-05-22 16:10:13,910 - PIL.PngImagePlugin - DEBUG - STREAM b'pHYs' 57 9
2023-05-22 16:10:13,910 - PIL.PngImagePlugin - DEBUG - STREAM b'IDAT' 78 374
2023-05-22 16:10:13,912 - PIL.PngImagePlugin - DEBUG - STREAM b'IHDR' 16 13
2023-05-22 16:10:13,912 - PIL.PngImagePlugin - DEBUG - STREAM b'sBIT' 41 4
2023-05-22 16:10:13,912 - PIL.PngImagePlugin - DEBUG - b'sBIT' 41 4 (unknown)
2023-05-22 16:10:13,912 - PIL.PngImagePlugin - DEBUG - STREAM b'pHYs' 57 9
2023-05-22 16:10:13,912 - PIL.PngImagePlugin - DEBUG - STREAM b'IDAT' 78 286
2023-05-22 16:10:13,913 - PIL.PngImagePlugin - DEBUG - STREAM b'IHDR' 16 13
2023-05-22 16:10:13,913 - PIL.PngImagePlugin - DEBUG - STREAM b'sBIT' 41 4
2023-05-22 16:10:13,913 - PIL.PngImagePlugin - DEBUG - b'sBIT' 41 4 (unknown)
2023-05-22 16:10:13,914 - PIL.PngImagePlugin - DEBUG - STREAM b'pHYs' 57 9
2023-05-22 16:10:13,914 - PIL.PngImagePlugin - DEBUG - STREAM b'IDAT' 78 263
2023-05-22 16:10:13,915 - PIL.PngImagePlugin - DEBUG - STREAM b'IHDR' 16 13
2023-05-22 16:10:13,915 - PIL.PngImagePlugin - DEBUG - STREAM b'sBIT' 41 4
2023-05-22 16:10:13,915 - PIL.PngImagePlugin - DEBUG - b'sBIT' 41 4 (unknown)
2023-05-22 16:10:13,915 - PIL.PngImagePlugin - DEBUG - STREAM b'pHYs' 57 9
2023-05-22 16:10:13,915 - PIL.PngImagePlugin - DEBUG - STREAM b'IDAT' 78 387
2023-05-22 16:10:13,917 - PIL.PngImagePlugin - DEBUG - STREAM b'IHDR' 16 13
2023-05-22 16:10:13,917 - PIL.PngImagePlugin - DEBUG - STREAM b'sBIT' 41 4
2023-05-22 16:10:13,918 - PIL.PngImagePlugin - DEBUG - b'sBIT' 41 4 (unknown)
2023-05-22 16:10:13,918 - PIL.PngImagePlugin - DEBUG - STREAM b'pHYs' 57 9
2023-05-22 16:10:13,918 - PIL.PngImagePlugin - DEBUG - STREAM b'IDAT' 78 436
2023-05-22 16:10:13,919 - PIL.PngImagePlugin - DEBUG - STREAM b'IHDR' 16 13
2023-05-22 16:10:13,919 - PIL.PngImagePlugin - DEBUG - STREAM b'sBIT' 41 4
2023-05-22 16:10:13,920 - PIL.PngImagePlugin - DEBUG - b'sBIT' 41 4 (unknown)
2023-05-22 16:10:13,920 - PIL.PngImagePlugin - DEBUG - STREAM b'pHYs' 57 9
2023-05-22 16:10:13,920 - PIL.PngImagePlugin - DEBUG - STREAM b'IDAT' 78 351
2023-05-22 16:10:13,921 - PIL.PngImagePlugin - DEBUG - STREAM b'IHDR' 16 13
2023-05-22 16:10:13,921 - PIL.PngImagePlugin - DEBUG - STREAM b'sBIT' 41 4
2023-05-22 16:10:13,921 - PIL.PngImagePlugin - DEBUG - b'sBIT' 41 4 (unknown)
2023-05-22 16:10:13,921 - PIL.PngImagePlugin - DEBUG - STREAM b'pHYs' 57 9
2023-05-22 16:10:13,921 - PIL.PngImagePlugin - DEBUG - STREAM b'IDAT' 78 364
2023-05-22 16:11:53,840 - PIL.PngImagePlugin - DEBUG - STREAM b'IHDR' 16 13
2023-05-22 16:11:53,841 - PIL.PngImagePlugin - DEBUG - STREAM b'sBIT' 41 4
2023-05-22 16:11:53,841 - PIL.PngImagePlugin - DEBUG - b'sBIT' 41 4 (unknown)
2023-05-22 16:11:53,841 - PIL.PngImagePlugin - DEBUG - STREAM b'pHYs' 57 9
2023-05-22 16:11:53,841 - PIL.PngImagePlugin - DEBUG - STREAM b'IDAT' 78 1189
2023-05-22 16:11:53,843 - PIL.PngImagePlugin - DEBUG - STREAM b'IHDR' 16 13
2023-05-22 16:11:53,844 - PIL.PngImagePlugin - DEBUG - STREAM b'sBIT' 41 4
2023-05-22 16:11:53,844 - PIL.PngImagePlugin - DEBUG - b'sBIT' 41 4 (unknown)
2023-05-22 16:11:53,844 - PIL.PngImagePlugin - DEBUG - STREAM b'pHYs' 57 9
2023-05-22 16:11:53,844 - PIL.PngImagePlugin - DEBUG - STREAM b'IDAT' 78 2994
2023-05-22 16:11:53,847 - PIL.PngImagePlugin - DEBUG - STREAM b'IHDR' 16 13
2023-05-22 16:11:53,847 - PIL.PngImagePlugin - DEBUG - STREAM b'sBIT' 41 4
2023-05-22 16:11:53,848 - PIL.PngImagePlugin - DEBUG - b'sBIT' 41 4 (unknown)
2023-05-22 16:11:53,848 - PIL.PngImagePlugin - DEBUG - STREAM b'pHYs' 57 9
2023-05-22 16:11:53,848 - PIL.PngImagePlugin - DEBUG - STREAM b'IDAT' 78 374
2023-05-22 16:11:53,849 - PIL.PngImagePlugin - DEBUG - STREAM b'IHDR' 16 13
2023-05-22 16:11:53,849 - PIL.PngImagePlugin - DEBUG - STREAM b'sBIT' 41 4
2023-05-22 16:11:53,849 - PIL.PngImagePlugin - DEBUG - b'sBIT' 41 4 (unknown)
2023-05-22 16:11:53,849 - PIL.PngImagePlugin - DEBUG - STREAM b'pHYs' 57 9
2023-05-22 16:11:53,849 - PIL.PngImagePlugin - DEBUG - STREAM b'IDAT' 78 286
2023-05-22 16:11:53,850 - PIL.PngImagePlugin - DEBUG - STREAM b'IHDR' 16 13
2023-05-22 16:11:53,850 - PIL.PngImagePlugin - DEBUG - STREAM b'sBIT' 41 4
2023-05-22 16:11:53,850 - PIL.PngImagePlugin - DEBUG - b'sBIT' 41 4 (unknown)
2023-05-22 16:11:53,850 - PIL.PngImagePlugin - DEBUG - STREAM b'pHYs' 57 9
2023-05-22 16:11:53,850 - PIL.PngImagePlugin - DEBUG - STREAM b'IDAT' 78 263
2023-05-22 16:11:53,851 - PIL.PngImagePlugin - DEBUG - STREAM b'IHDR' 16 13
2023-05-22 16:11:53,851 - PIL.PngImagePlugin - DEBUG - STREAM b'sBIT' 41 4
2023-05-22 16:11:53,852 - PIL.PngImagePlugin - DEBUG - b'sBIT' 41 4 (unknown)
2023-05-22 16:11:53,852 - PIL.PngImagePlugin - DEBUG - STREAM b'pHYs' 57 9
2023-05-22 16:11:53,852 - PIL.PngImagePlugin - DEBUG - STREAM b'IDAT' 78 387
2023-05-22 16:11:53,853 - PIL.PngImagePlugin - DEBUG - STREAM b'IHDR' 16 13
2023-05-22 16:11:53,853 - PIL.PngImagePlugin - DEBUG - STREAM b'sBIT' 41 4
2023-05-22 16:11:53,853 - PIL.PngImagePlugin - DEBUG - b'sBIT' 41 4 (unknown)
2023-05-22 16:11:53,853 - PIL.PngImagePlugin - DEBUG - STREAM b'pHYs' 57 9
2023-05-22 16:11:53,853 - PIL.PngImagePlugin - DEBUG - STREAM b'IDAT' 78 436
2023-05-22 16:11:53,854 - PIL.PngImagePlugin - DEBUG - STREAM b'IHDR' 16 13
2023-05-22 16:11:53,854 - PIL.PngImagePlugin - DEBUG - STREAM b'sBIT' 41 4
2023-05-22 16:11:53,854 - PIL.PngImagePlugin - DEBUG - b'sBIT' 41 4 (unknown)
2023-05-22 16:11:53,854 - PIL.PngImagePlugin - DEBUG - STREAM b'pHYs' 57 9
2023-05-22 16:11:53,854 - PIL.PngImagePlugin - DEBUG - STREAM b'IDAT' 78 351
2023-05-22 16:11:53,855 - PIL.PngImagePlugin - DEBUG - STREAM b'IHDR' 16 13
2023-05-22 16:11:53,855 - PIL.PngImagePlugin - DEBUG - STREAM b'sBIT' 41 4
2023-05-22 16:11:53,855 - PIL.PngImagePlugin - DEBUG - b'sBIT' 41 4 (unknown)
2023-05-22 16:11:53,855 - PIL.PngImagePlugin - DEBUG - STREAM b'pHYs' 57 9
2023-05-22 16:11:53,855 - PIL.PngImagePlugin - DEBUG - STREAM b'IDAT' 78 364
2023-05-22 16:14:09,911 - root - INFO - Starting image generator
2023-05-22 16:14:09,913 - root - INFO - 1 images with random number of circles (between 1 and 3) will be generated
2023-05-22 16:14:09,913 - root - INFO - Generating image no. 1/1
2023-05-22 16:14:09,913 - root - INFO - The image will have 1 circles
2023-05-22 16:14:10,653 - root - INFO - Saving generated image plot to path /Users/ccaiafa/Library/CloudStorage/GoogleDrive-ccaiafa@gmail.com/My Drive/Research/Microondas_Ramiro/code/CS_tomography/logs/image_generator/images/test/image_1.png
2023-05-22 16:14:10,889 - PIL.PngImagePlugin - DEBUG - STREAM b'IHDR' 16 13
2023-05-22 16:14:10,889 - PIL.PngImagePlugin - DEBUG - STREAM b'sBIT' 41 4
2023-05-22 16:14:10,889 - PIL.PngImagePlugin - DEBUG - b'sBIT' 41 4 (unknown)
2023-05-22 16:14:10,889 - PIL.PngImagePlugin - DEBUG - STREAM b'pHYs' 57 9
2023-05-22 16:14:10,889 - PIL.PngImagePlugin - DEBUG - STREAM b'IDAT' 78 1189
2023-05-22 16:14:10,895 - PIL.PngImagePlugin - DEBUG - STREAM b'IHDR' 16 13
2023-05-22 16:14:10,895 - PIL.PngImagePlugin - DEBUG - STREAM b'sBIT' 41 4
2023-05-22 16:14:10,895 - PIL.PngImagePlugin - DEBUG - b'sBIT' 41 4 (unknown)
2023-05-22 16:14:10,896 - PIL.PngImagePlugin - DEBUG - STREAM b'pHYs' 57 9
2023-05-22 16:14:10,896 - PIL.PngImagePlugin - DEBUG - STREAM b'IDAT' 78 2994
2023-05-22 16:14:10,907 - PIL.PngImagePlugin - DEBUG - STREAM b'IHDR' 16 13
2023-05-22 16:14:10,908 - PIL.PngImagePlugin - DEBUG - STREAM b'sBIT' 41 4
2023-05-22 16:14:10,908 - PIL.PngImagePlugin - DEBUG - b'sBIT' 41 4 (unknown)
2023-05-22 16:14:10,908 - PIL.PngImagePlugin - DEBUG - STREAM b'pHYs' 57 9
2023-05-22 16:14:10,908 - PIL.PngImagePlugin - DEBUG - STREAM b'IDAT' 78 374
2023-05-22 16:14:10,910 - PIL.PngImagePlugin - DEBUG - STREAM b'IHDR' 16 13
2023-05-22 16:14:10,910 - PIL.PngImagePlugin - DEBUG - STREAM b'sBIT' 41 4
2023-05-22 16:14:10,910 - PIL.PngImagePlugin - DEBUG - b'sBIT' 41 4 (unknown)
2023-05-22 16:14:10,910 - PIL.PngImagePlugin - DEBUG - STREAM b'pHYs' 57 9
2023-05-22 16:14:10,911 - PIL.PngImagePlugin - DEBUG - STREAM b'IDAT' 78 286
2023-05-22 16:14:10,912 - PIL.PngImagePlugin - DEBUG - STREAM b'IHDR' 16 13
2023-05-22 16:14:10,912 - PIL.PngImagePlugin - DEBUG - STREAM b'sBIT' 41 4
2023-05-22 16:14:10,912 - PIL.PngImagePlugin - DEBUG - b'sBIT' 41 4 (unknown)
2023-05-22 16:14:10,912 - PIL.PngImagePlugin - DEBUG - STREAM b'pHYs' 57 9
2023-05-22 16:14:10,912 - PIL.PngImagePlugin - DEBUG - STREAM b'IDAT' 78 263
2023-05-22 16:14:10,914 - PIL.PngImagePlugin - DEBUG - STREAM b'IHDR' 16 13
2023-05-22 16:14:10,914 - PIL.PngImagePlugin - DEBUG - STREAM b'sBIT' 41 4
2023-05-22 16:14:10,914 - PIL.PngImagePlugin - DEBUG - b'sBIT' 41 4 (unknown)
2023-05-22 16:14:10,914 - PIL.PngImagePlugin - DEBUG - STREAM b'pHYs' 57 9
2023-05-22 16:14:10,914 - PIL.PngImagePlugin - DEBUG - STREAM b'IDAT' 78 387
2023-05-22 16:14:10,915 - PIL.PngImagePlugin - DEBUG - STREAM b'IHDR' 16 13
2023-05-22 16:14:10,915 - PIL.PngImagePlugin - DEBUG - STREAM b'sBIT' 41 4
2023-05-22 16:14:10,916 - PIL.PngImagePlugin - DEBUG - b'sBIT' 41 4 (unknown)
2023-05-22 16:14:10,916 - PIL.PngImagePlugin - DEBUG - STREAM b'pHYs' 57 9
2023-05-22 16:14:10,916 - PIL.PngImagePlugin - DEBUG - STREAM b'IDAT' 78 436
2023-05-22 16:14:10,917 - PIL.PngImagePlugin - DEBUG - STREAM b'IHDR' 16 13
2023-05-22 16:14:10,917 - PIL.PngImagePlugin - DEBUG - STREAM b'sBIT' 41 4
2023-05-22 16:14:10,917 - PIL.PngImagePlugin - DEBUG - b'sBIT' 41 4 (unknown)
2023-05-22 16:14:10,918 - PIL.PngImagePlugin - DEBUG - STREAM b'pHYs' 57 9
2023-05-22 16:14:10,918 - PIL.PngImagePlugin - DEBUG - STREAM b'IDAT' 78 351
2023-05-22 16:14:10,919 - PIL.PngImagePlugin - DEBUG - STREAM b'IHDR' 16 13
2023-05-22 16:14:10,919 - PIL.PngImagePlugin - DEBUG - STREAM b'sBIT' 41 4
2023-05-22 16:14:10,919 - PIL.PngImagePlugin - DEBUG - b'sBIT' 41 4 (unknown)
2023-05-22 16:14:10,919 - PIL.PngImagePlugin - DEBUG - STREAM b'pHYs' 57 9
2023-05-22 16:14:10,919 - PIL.PngImagePlugin - DEBUG - STREAM b'IDAT' 78 364
2023-05-22 16:14:11,461 - root - INFO - Saving 1 images to file /Users/ccaiafa/Library/CloudStorage/GoogleDrive-ccaiafa@gmail.com/My Drive/Research/Microondas_Ramiro/code/CS_tomography/data/image_generator/test/images.pkl
2023-05-22 16:14:44,595 - root - INFO - Starting image generator
2023-05-22 16:14:44,596 - root - INFO - 1 images with random number of circles (between 1 and 3) will be generated
2023-05-22 16:14:44,596 - root - INFO - Generating image no. 1/1
2023-05-22 16:14:44,596 - root - INFO - The image will have 2 circles
2023-05-22 16:14:45,353 - root - INFO - Saving generated image plot to path /Users/ccaiafa/Library/CloudStorage/GoogleDrive-ccaiafa@gmail.com/My Drive/Research/Microondas_Ramiro/code/CS_tomography/logs/image_generator/images/test/image_1.png
2023-05-22 16:14:45,614 - PIL.PngImagePlugin - DEBUG - STREAM b'IHDR' 16 13
2023-05-22 16:14:45,614 - PIL.PngImagePlugin - DEBUG - STREAM b'sBIT' 41 4
2023-05-22 16:14:45,615 - PIL.PngImagePlugin - DEBUG - b'sBIT' 41 4 (unknown)
2023-05-22 16:14:45,615 - PIL.PngImagePlugin - DEBUG - STREAM b'pHYs' 57 9
2023-05-22 16:14:45,615 - PIL.PngImagePlugin - DEBUG - STREAM b'IDAT' 78 1189
2023-05-22 16:14:45,621 - PIL.PngImagePlugin - DEBUG - STREAM b'IHDR' 16 13
2023-05-22 16:14:45,622 - PIL.PngImagePlugin - DEBUG - STREAM b'sBIT' 41 4
2023-05-22 16:14:45,622 - PIL.PngImagePlugin - DEBUG - b'sBIT' 41 4 (unknown)
2023-05-22 16:14:45,622 - PIL.PngImagePlugin - DEBUG - STREAM b'pHYs' 57 9
2023-05-22 16:14:45,622 - PIL.PngImagePlugin - DEBUG - STREAM b'IDAT' 78 2994
2023-05-22 16:14:45,634 - PIL.PngImagePlugin - DEBUG - STREAM b'IHDR' 16 13
2023-05-22 16:14:45,634 - PIL.PngImagePlugin - DEBUG - STREAM b'sBIT' 41 4
2023-05-22 16:14:45,634 - PIL.PngImagePlugin - DEBUG - b'sBIT' 41 4 (unknown)
2023-05-22 16:14:45,634 - PIL.PngImagePlugin - DEBUG - STREAM b'pHYs' 57 9
2023-05-22 16:14:45,635 - PIL.PngImagePlugin - DEBUG - STREAM b'IDAT' 78 374
2023-05-22 16:14:45,637 - PIL.PngImagePlugin - DEBUG - STREAM b'IHDR' 16 13
2023-05-22 16:14:45,637 - PIL.PngImagePlugin - DEBUG - STREAM b'sBIT' 41 4
2023-05-22 16:14:45,637 - PIL.PngImagePlugin - DEBUG - b'sBIT' 41 4 (unknown)
2023-05-22 16:14:45,637 - PIL.PngImagePlugin - DEBUG - STREAM b'pHYs' 57 9
2023-05-22 16:14:45,637 - PIL.PngImagePlugin - DEBUG - STREAM b'IDAT' 78 286
2023-05-22 16:14:45,638 - PIL.PngImagePlugin - DEBUG - STREAM b'IHDR' 16 13
2023-05-22 16:14:45,639 - PIL.PngImagePlugin - DEBUG - STREAM b'sBIT' 41 4
2023-05-22 16:14:45,639 - PIL.PngImagePlugin - DEBUG - b'sBIT' 41 4 (unknown)
2023-05-22 16:14:45,639 - PIL.PngImagePlugin - DEBUG - STREAM b'pHYs' 57 9
2023-05-22 16:14:45,639 - PIL.PngImagePlugin - DEBUG - STREAM b'IDAT' 78 263
2023-05-22 16:14:45,640 - PIL.PngImagePlugin - DEBUG - STREAM b'IHDR' 16 13
2023-05-22 16:14:45,641 - PIL.PngImagePlugin - DEBUG - STREAM b'sBIT' 41 4
2023-05-22 16:14:45,641 - PIL.PngImagePlugin - DEBUG - b'sBIT' 41 4 (unknown)
2023-05-22 16:14:45,641 - PIL.PngImagePlugin - DEBUG - STREAM b'pHYs' 57 9
2023-05-22 16:14:45,641 - PIL.PngImagePlugin - DEBUG - STREAM b'IDAT' 78 387
2023-05-22 16:14:45,643 - PIL.PngImagePlugin - DEBUG - STREAM b'IHDR' 16 13
2023-05-22 16:14:45,643 - PIL.PngImagePlugin - DEBUG - STREAM b'sBIT' 41 4
2023-05-22 16:14:45,643 - PIL.PngImagePlugin - DEBUG - b'sBIT' 41 4 (unknown)
2023-05-22 16:14:45,643 - PIL.PngImagePlugin - DEBUG - STREAM b'pHYs' 57 9
2023-05-22 16:14:45,643 - PIL.PngImagePlugin - DEBUG - STREAM b'IDAT' 78 436
2023-05-22 16:14:45,644 - PIL.PngImagePlugin - DEBUG - STREAM b'IHDR' 16 13
2023-05-22 16:14:45,645 - PIL.PngImagePlugin - DEBUG - STREAM b'sBIT' 41 4
2023-05-22 16:14:45,645 - PIL.PngImagePlugin - DEBUG - b'sBIT' 41 4 (unknown)
2023-05-22 16:14:45,645 - PIL.PngImagePlugin - DEBUG - STREAM b'pHYs' 57 9
2023-05-22 16:14:45,645 - PIL.PngImagePlugin - DEBUG - STREAM b'IDAT' 78 351
2023-05-22 16:14:45,647 - PIL.PngImagePlugin - DEBUG - STREAM b'IHDR' 16 13
2023-05-22 16:14:45,647 - PIL.PngImagePlugin - DEBUG - STREAM b'sBIT' 41 4
2023-05-22 16:14:45,647 - PIL.PngImagePlugin - DEBUG - b'sBIT' 41 4 (unknown)
2023-05-22 16:14:45,647 - PIL.PngImagePlugin - DEBUG - STREAM b'pHYs' 57 9
2023-05-22 16:14:45,647 - PIL.PngImagePlugin - DEBUG - STREAM b'IDAT' 78 364
2023-05-22 16:14:46,191 - root - INFO - Saving 1 images to file /Users/ccaiafa/Library/CloudStorage/GoogleDrive-ccaiafa@gmail.com/My Drive/Research/Microondas_Ramiro/code/CS_tomography/data/image_generator/test/images.pkl
2023-05-22 16:15:28,105 - root - INFO - Starting MWT solver
2023-05-22 16:15:29,450 - root - INFO - iter=1/50
2023-05-22 16:16:56,823 - root - INFO - loss after updating Relative Permittivities = 290.8736525123809, error_rel_perm=1.014236525488852
2023-05-22 16:16:56,900 - PIL.PngImagePlugin - DEBUG - STREAM b'IHDR' 16 13
2023-05-22 16:16:56,900 - PIL.PngImagePlugin - DEBUG - STREAM b'sBIT' 41 4
2023-05-22 16:16:56,900 - PIL.PngImagePlugin - DEBUG - b'sBIT' 41 4 (unknown)
2023-05-22 16:16:56,900 - PIL.PngImagePlugin - DEBUG - STREAM b'pHYs' 57 9
2023-05-22 16:16:56,901 - PIL.PngImagePlugin - DEBUG - STREAM b'IDAT' 78 1189
2023-05-22 16:16:56,903 - PIL.PngImagePlugin - DEBUG - STREAM b'IHDR' 16 13
2023-05-22 16:16:56,903 - PIL.PngImagePlugin - DEBUG - STREAM b'sBIT' 41 4
2023-05-22 16:16:56,903 - PIL.PngImagePlugin - DEBUG - b'sBIT' 41 4 (unknown)
2023-05-22 16:16:56,903 - PIL.PngImagePlugin - DEBUG - STREAM b'pHYs' 57 9
2023-05-22 16:16:56,904 - PIL.PngImagePlugin - DEBUG - STREAM b'IDAT' 78 2994
2023-05-22 16:16:56,907 - PIL.PngImagePlugin - DEBUG - STREAM b'IHDR' 16 13
2023-05-22 16:16:56,907 - PIL.PngImagePlugin - DEBUG - STREAM b'sBIT' 41 4
2023-05-22 16:16:56,907 - PIL.PngImagePlugin - DEBUG - b'sBIT' 41 4 (unknown)
2023-05-22 16:16:56,908 - PIL.PngImagePlugin - DEBUG - STREAM b'pHYs' 57 9
2023-05-22 16:16:56,908 - PIL.PngImagePlugin - DEBUG - STREAM b'IDAT' 78 374
2023-05-22 16:16:56,909 - PIL.PngImagePlugin - DEBUG - STREAM b'IHDR' 16 13
2023-05-22 16:16:56,909 - PIL.PngImagePlugin - DEBUG - STREAM b'sBIT' 41 4
2023-05-22 16:16:56,909 - PIL.PngImagePlugin - DEBUG - b'sBIT' 41 4 (unknown)
2023-05-22 16:16:56,909 - PIL.PngImagePlugin - DEBUG - STREAM b'pHYs' 57 9
2023-05-22 16:16:56,910 - PIL.PngImagePlugin - DEBUG - STREAM b'IDAT' 78 286
2023-05-22 16:16:56,911 - PIL.PngImagePlugin - DEBUG - STREAM b'IHDR' 16 13
2023-05-22 16:16:56,911 - PIL.PngImagePlugin - DEBUG - STREAM b'sBIT' 41 4
2023-05-22 16:16:56,911 - PIL.PngImagePlugin - DEBUG - b'sBIT' 41 4 (unknown)
2023-05-22 16:16:56,911 - PIL.PngImagePlugin - DEBUG - STREAM b'pHYs' 57 9
2023-05-22 16:16:56,911 - PIL.PngImagePlugin - DEBUG - STREAM b'IDAT' 78 263
2023-05-22 16:16:56,913 - PIL.PngImagePlugin - DEBUG - STREAM b'IHDR' 16 13
2023-05-22 16:16:56,913 - PIL.PngImagePlugin - DEBUG - STREAM b'sBIT' 41 4
2023-05-22 16:16:56,913 - PIL.PngImagePlugin - DEBUG - b'sBIT' 41 4 (unknown)
2023-05-22 16:16:56,913 - PIL.PngImagePlugin - DEBUG - STREAM b'pHYs' 57 9
2023-05-22 16:16:56,913 - PIL.PngImagePlugin - DEBUG - STREAM b'IDAT' 78 387
2023-05-22 16:16:56,915 - PIL.PngImagePlugin - DEBUG - STREAM b'IHDR' 16 13
2023-05-22 16:16:56,915 - PIL.PngImagePlugin - DEBUG - STREAM b'sBIT' 41 4
2023-05-22 16:16:56,915 - PIL.PngImagePlugin - DEBUG - b'sBIT' 41 4 (unknown)
2023-05-22 16:16:56,915 - PIL.PngImagePlugin - DEBUG - STREAM b'pHYs' 57 9
2023-05-22 16:16:56,915 - PIL.PngImagePlugin - DEBUG - STREAM b'IDAT' 78 436
2023-05-22 16:16:56,916 - PIL.PngImagePlugin - DEBUG - STREAM b'IHDR' 16 13
2023-05-22 16:16:56,917 - PIL.PngImagePlugin - DEBUG - STREAM b'sBIT' 41 4
2023-05-22 16:16:56,917 - PIL.PngImagePlugin - DEBUG - b'sBIT' 41 4 (unknown)
2023-05-22 16:16:56,917 - PIL.PngImagePlugin - DEBUG - STREAM b'pHYs' 57 9
2023-05-22 16:16:56,917 - PIL.PngImagePlugin - DEBUG - STREAM b'IDAT' 78 351
2023-05-22 16:16:56,918 - PIL.PngImagePlugin - DEBUG - STREAM b'IHDR' 16 13
2023-05-22 16:16:56,918 - PIL.PngImagePlugin - DEBUG - STREAM b'sBIT' 41 4
2023-05-22 16:16:56,918 - PIL.PngImagePlugin - DEBUG - b'sBIT' 41 4 (unknown)
2023-05-22 16:16:56,919 - PIL.PngImagePlugin - DEBUG - STREAM b'pHYs' 57 9
2023-05-22 16:16:56,919 - PIL.PngImagePlugin - DEBUG - STREAM b'IDAT' 78 364
2023-05-22 16:17:41,258 - root - INFO - iter=2/50
2023-05-22 16:19:06,727 - root - INFO - loss after updating Relative Permittivities = 290.91459846021274, error_rel_perm=1.014855752994723
2023-05-22 16:19:06,744 - PIL.PngImagePlugin - DEBUG - STREAM b'IHDR' 16 13
2023-05-22 16:19:06,744 - PIL.PngImagePlugin - DEBUG - STREAM b'sBIT' 41 4
2023-05-22 16:19:06,744 - PIL.PngImagePlugin - DEBUG - b'sBIT' 41 4 (unknown)
2023-05-22 16:19:06,744 - PIL.PngImagePlugin - DEBUG - STREAM b'pHYs' 57 9
2023-05-22 16:19:06,745 - PIL.PngImagePlugin - DEBUG - STREAM b'IDAT' 78 1189
2023-05-22 16:19:06,747 - PIL.PngImagePlugin - DEBUG - STREAM b'IHDR' 16 13
2023-05-22 16:19:06,747 - PIL.PngImagePlugin - DEBUG - STREAM b'sBIT' 41 4
2023-05-22 16:19:06,747 - PIL.PngImagePlugin - DEBUG - b'sBIT' 41 4 (unknown)
2023-05-22 16:19:06,747 - PIL.PngImagePlugin - DEBUG - STREAM b'pHYs' 57 9
2023-05-22 16:19:06,747 - PIL.PngImagePlugin - DEBUG - STREAM b'IDAT' 78 2994
2023-05-22 16:19:06,790 - PIL.PngImagePlugin - DEBUG - STREAM b'IHDR' 16 13
2023-05-22 16:19:06,790 - PIL.PngImagePlugin - DEBUG - STREAM b'sBIT' 41 4
2023-05-22 16:19:06,790 - PIL.PngImagePlugin - DEBUG - b'sBIT' 41 4 (unknown)
2023-05-22 16:19:06,791 - PIL.PngImagePlugin - DEBUG - STREAM b'pHYs' 57 9
2023-05-22 16:19:06,791 - PIL.PngImagePlugin - DEBUG - STREAM b'IDAT' 78 374
2023-05-22 16:19:06,793 - PIL.PngImagePlugin - DEBUG - STREAM b'IHDR' 16 13
2023-05-22 16:19:06,794 - PIL.PngImagePlugin - DEBUG - STREAM b'sBIT' 41 4
2023-05-22 16:19:06,794 - PIL.PngImagePlugin - DEBUG - b'sBIT' 41 4 (unknown)
2023-05-22 16:19:06,795 - PIL.PngImagePlugin - DEBUG - STREAM b'pHYs' 57 9
2023-05-22 16:19:06,795 - PIL.PngImagePlugin - DEBUG - STREAM b'IDAT' 78 286
2023-05-22 16:19:06,797 - PIL.PngImagePlugin - DEBUG - STREAM b'IHDR' 16 13
2023-05-22 16:19:06,797 - PIL.PngImagePlugin - DEBUG - STREAM b'sBIT' 41 4
2023-05-22 16:19:06,798 - PIL.PngImagePlugin - DEBUG - b'sBIT' 41 4 (unknown)
2023-05-22 16:19:06,798 - PIL.PngImagePlugin - DEBUG - STREAM b'pHYs' 57 9
2023-05-22 16:19:06,798 - PIL.PngImagePlugin - DEBUG - STREAM b'IDAT' 78 263
2023-05-22 16:19:06,800 - PIL.PngImagePlugin - DEBUG - STREAM b'IHDR' 16 13
2023-05-22 16:19:06,801 - PIL.PngImagePlugin - DEBUG - STREAM b'sBIT' 41 4
2023-05-22 16:19:06,801 - PIL.PngImagePlugin - DEBUG - b'sBIT' 41 4 (unknown)
2023-05-22 16:19:06,801 - PIL.PngImagePlugin - DEBUG - STREAM b'pHYs' 57 9
2023-05-22 16:19:06,801 - PIL.PngImagePlugin - DEBUG - STREAM b'IDAT' 78 387
2023-05-22 16:19:06,802 - PIL.PngImagePlugin - DEBUG - STREAM b'IHDR' 16 13
2023-05-22 16:19:06,803 - PIL.PngImagePlugin - DEBUG - STREAM b'sBIT' 41 4
2023-05-22 16:19:06,803 - PIL.PngImagePlugin - DEBUG - b'sBIT' 41 4 (unknown)
2023-05-22 16:19:06,803 - PIL.PngImagePlugin - DEBUG - STREAM b'pHYs' 57 9
2023-05-22 16:19:06,803 - PIL.PngImagePlugin - DEBUG - STREAM b'IDAT' 78 436
2023-05-22 16:19:06,804 - PIL.PngImagePlugin - DEBUG - STREAM b'IHDR' 16 13
2023-05-22 16:19:06,804 - PIL.PngImagePlugin - DEBUG - STREAM b'sBIT' 41 4
2023-05-22 16:19:06,804 - PIL.PngImagePlugin - DEBUG - b'sBIT' 41 4 (unknown)
2023-05-22 16:19:06,805 - PIL.PngImagePlugin - DEBUG - STREAM b'pHYs' 57 9
2023-05-22 16:19:06,805 - PIL.PngImagePlugin - DEBUG - STREAM b'IDAT' 78 351
2023-05-22 16:19:06,806 - PIL.PngImagePlugin - DEBUG - STREAM b'IHDR' 16 13
2023-05-22 16:19:06,806 - PIL.PngImagePlugin - DEBUG - STREAM b'sBIT' 41 4
2023-05-22 16:19:06,806 - PIL.PngImagePlugin - DEBUG - b'sBIT' 41 4 (unknown)
2023-05-22 16:19:06,806 - PIL.PngImagePlugin - DEBUG - STREAM b'pHYs' 57 9
2023-05-22 16:19:06,806 - PIL.PngImagePlugin - DEBUG - STREAM b'IDAT' 78 364
2023-05-22 16:20:43,881 - root - INFO - Starting image generator
2023-05-22 16:20:43,882 - root - INFO - 1 images with random number of circles (between 1 and 3) will be generated
2023-05-22 16:20:43,882 - root - INFO - Generating image no. 1/1
2023-05-22 16:20:43,882 - root - INFO - The image will have 1 circles
2023-05-22 16:20:44,551 - root - INFO - Saving generated image plot to path /Users/ccaiafa/Library/CloudStorage/GoogleDrive-ccaiafa@gmail.com/My Drive/Research/Microondas_Ramiro/code/CS_tomography/logs/image_generator/images/test/image_1.png
2023-05-22 16:20:45,108 - root - INFO - Saving 1 images to file /Users/ccaiafa/Library/CloudStorage/GoogleDrive-ccaiafa@gmail.com/My Drive/Research/Microondas_Ramiro/code/CS_tomography/data/image_generator/test/images.pkl
2023-05-22 16:21:27,067 - root - INFO - Starting MWT solver
2023-05-22 16:21:28,368 - root - INFO - iter=1/50
2023-05-22 16:34:55,251 - root - INFO - loss after updating Relative Permittivities = 707.1780976496252, error_rel_perm=1.033048376356167
2023-05-22 16:35:11,104 - root - INFO - iter=2/50
2023-05-22 16:49:10,335 - root - INFO - loss after updating Relative Permittivities = 707.178343185036, error_rel_perm=1.0330537186232869
2023-05-22 18:02:01,166 - root - INFO - Starting image generator
2023-05-22 18:02:01,167 - root - INFO - 1 images with random number of circles (between 1 and 3) will be generated
2023-05-22 18:02:01,167 - root - INFO - Generating image no. 1/1
2023-05-22 18:02:01,167 - root - INFO - The image will have 2 circles
2023-05-22 18:02:01,855 - root - INFO - Saving generated image plot to path /Users/ccaiafa/Library/CloudStorage/GoogleDrive-ccaiafa@gmail.com/My Drive/Research/Microondas_Ramiro/code/CS_tomography/logs/image_generator/images/test/image_1.png
2023-05-22 18:02:02,407 - root - INFO - Saving 1 images to file /Users/ccaiafa/Library/CloudStorage/GoogleDrive-ccaiafa@gmail.com/My Drive/Research/Microondas_Ramiro/code/CS_tomography/data/image_generator/test/images.pkl
2023-05-22 18:02:44,804 - root - INFO - Starting MWT solver
2023-05-22 18:02:46,120 - root - INFO - iter=1/50
2023-05-22 18:02:47,346 - root - INFO - loss after updating Electric Field = 353.303980301814, error_E=1.3133771474041693
2023-05-22 18:03:01,238 - root - INFO - loss after updating Relative Permittivities = 3328.3121721286425, error_rel_perm=114.4010202086861
2023-05-22 18:03:01,238 - root - INFO - iter=2/50
2023-05-22 18:03:02,561 - root - INFO - loss after updating Electric Field = 7.826452426449806, error_E=0.9179467769670233
2023-05-22 18:03:16,949 - root - INFO - loss after updating Relative Permittivities = 1555.7664599071554, error_rel_perm=320.3128509055904
2023-05-22 18:03:16,949 - root - INFO - iter=3/50
2023-05-22 18:03:18,244 - root - INFO - loss after updating Electric Field = 6.262551411632854, error_E=0.7066397149957718
2023-05-22 18:03:39,331 - root - INFO - Starting image generator
2023-05-22 18:03:39,334 - root - INFO - 1 images with random number of circles (between 1 and 3) will be generated
2023-05-22 18:03:39,334 - root - INFO - Generating image no. 1/1
2023-05-22 18:03:39,334 - root - INFO - The image will have 3 circles
2023-05-22 18:03:40,025 - root - INFO - Saving generated image plot to path /Users/ccaiafa/Library/CloudStorage/GoogleDrive-ccaiafa@gmail.com/My Drive/Research/Microondas_Ramiro/code/CS_tomography/logs/image_generator/images/test/image_1.png
2023-05-22 18:03:40,591 - root - INFO - Saving 1 images to file /Users/ccaiafa/Library/CloudStorage/GoogleDrive-ccaiafa@gmail.com/My Drive/Research/Microondas_Ramiro/code/CS_tomography/data/image_generator/test/images.pkl
2023-05-22 18:04:24,013 - root - INFO - Starting MWT solver
2023-05-22 18:04:25,408 - root - INFO - iter=1/50
