2023-06-18 08:25:13,767 - root - INFO - Starting image generator
2023-06-18 08:25:13,767 - root - INFO - Starting image generator
2023-06-18 08:25:13,767 - root - INFO -  A fixed pattern with 3 circles will be generated
2023-06-18 08:25:13,767 - root - INFO -  A fixed pattern with 3 circles will be generated
2023-06-18 08:25:13,768 - root - INFO - Generating image no. 1/1
2023-06-18 08:25:13,768 - root - INFO - Generating image no. 1/1
2023-06-18 08:25:13,768 - root - INFO - The image will have 3 circles
2023-06-18 08:25:13,768 - root - INFO - The image will have 3 circles
2023-06-18 08:25:13,812 - root - INFO - Saving generated image plot to path /Users/ccaiafa/Library/CloudStorage/GoogleDrive-ccaiafa@gmail.com/My Drive/Research/Microondas_Ramiro/code/CS_tomography/logs/image_generator/images/test/image_1.png
2023-06-18 08:25:13,812 - root - INFO - Saving generated image plot to path /Users/ccaiafa/Library/CloudStorage/GoogleDrive-ccaiafa@gmail.com/My Drive/Research/Microondas_Ramiro/code/CS_tomography/logs/image_generator/images/test/image_1.png
2023-06-18 08:25:14,365 - root - INFO - Saving 1 images to file /Users/ccaiafa/Library/CloudStorage/GoogleDrive-ccaiafa@gmail.com/My Drive/Research/Microondas_Ramiro/code/CS_tomography/data/image_generator/test/images.pkl
2023-06-18 08:25:14,365 - root - INFO - Saving 1 images to file /Users/ccaiafa/Library/CloudStorage/GoogleDrive-ccaiafa@gmail.com/My Drive/Research/Microondas_Ramiro/code/CS_tomography/data/image_generator/test/images.pkl
2023-06-18 08:25:14,766 - root - INFO - Starting MWT solver
2023-06-18 08:25:14,766 - root - INFO - Starting MWT solver
2023-06-18 08:25:16,065 - root - INFO - iter=1/30
2023-06-18 08:25:16,065 - root - INFO - iter=1/30
2023-06-18 08:25:17,338 - root - INFO - loss after updating Electric Field = 219.61136845018132, error_E=0.2998592745340836
2023-06-18 08:25:17,338 - root - INFO - loss after updating Electric Field = 219.61136845018132, error_E=0.2998592745340836
2023-06-18 08:26:38,002 - root - INFO - loss after updating Relative Permittivities = 114.64741955087712, error_rel_perm=0.5982578189271096
2023-06-18 08:26:38,002 - root - INFO - loss after updating Relative Permittivities = 114.64741955087712, error_rel_perm=0.5982578189271096
2023-06-18 08:26:38,003 - root - INFO - iter=2/30
2023-06-18 08:26:38,003 - root - INFO - iter=2/30
2023-06-18 08:26:39,296 - root - INFO - loss after updating Electric Field = 46.71828854158112, error_E=0.14846343431834597
2023-06-18 08:26:39,296 - root - INFO - loss after updating Electric Field = 46.71828854158112, error_E=0.14846343431834597
2023-06-18 08:27:59,110 - root - INFO - loss after updating Relative Permittivities = 29.153445558960357, error_rel_perm=0.46210691327044845
2023-06-18 08:27:59,110 - root - INFO - loss after updating Relative Permittivities = 29.153445558960357, error_rel_perm=0.46210691327044845
2023-06-18 08:27:59,111 - root - INFO - iter=3/30
2023-06-18 08:27:59,111 - root - INFO - iter=3/30
2023-06-18 08:28:00,418 - root - INFO - loss after updating Electric Field = 19.00842483019865, error_E=0.09841043392646026
2023-06-18 08:28:00,418 - root - INFO - loss after updating Electric Field = 19.00842483019865, error_E=0.09841043392646026
2023-06-18 08:29:20,159 - root - INFO - loss after updating Relative Permittivities = 13.232069807737838, error_rel_perm=0.40299142121818804
2023-06-18 08:29:20,159 - root - INFO - loss after updating Relative Permittivities = 13.232069807737838, error_rel_perm=0.40299142121818804
2023-06-18 08:29:20,159 - root - INFO - iter=4/30
2023-06-18 08:29:20,159 - root - INFO - iter=4/30
2023-06-18 08:29:21,419 - root - INFO - loss after updating Electric Field = 9.71710136027678, error_E=0.07188688343744914
2023-06-18 08:29:21,419 - root - INFO - loss after updating Electric Field = 9.71710136027678, error_E=0.07188688343744914
2023-06-18 08:30:42,848 - root - INFO - loss after updating Relative Permittivities = 7.161026701057508, error_rel_perm=0.36594484337167893
2023-06-18 08:30:42,848 - root - INFO - loss after updating Relative Permittivities = 7.161026701057508, error_rel_perm=0.36594484337167893
2023-06-18 08:30:42,849 - root - INFO - iter=5/30
2023-06-18 08:30:42,849 - root - INFO - iter=5/30
2023-06-18 08:30:44,670 - root - INFO - loss after updating Electric Field = 5.483747684810835, error_E=0.05475451776768662
2023-06-18 08:30:44,670 - root - INFO - loss after updating Electric Field = 5.483747684810835, error_E=0.05475451776768662
2023-06-18 08:32:07,559 - root - INFO - loss after updating Relative Permittivities = 4.176481421162352, error_rel_perm=0.34201834263924713
2023-06-18 08:32:07,559 - root - INFO - loss after updating Relative Permittivities = 4.176481421162352, error_rel_perm=0.34201834263924713
2023-06-18 08:32:07,560 - root - INFO - iter=6/30
2023-06-18 08:32:07,560 - root - INFO - iter=6/30
2023-06-18 08:32:09,246 - root - INFO - loss after updating Electric Field = 3.28191748518829, error_E=0.042837704179153946
2023-06-18 08:32:09,246 - root - INFO - loss after updating Electric Field = 3.28191748518829, error_E=0.042837704179153946
2023-06-18 08:33:30,709 - root - INFO - loss after updating Relative Permittivities = 2.559131680284505, error_rel_perm=0.3265269241722027
2023-06-18 08:33:30,709 - root - INFO - loss after updating Relative Permittivities = 2.559131680284505, error_rel_perm=0.3265269241722027
2023-06-18 08:33:30,710 - root - INFO - iter=7/30
2023-06-18 08:33:30,710 - root - INFO - iter=7/30
2023-06-18 08:33:32,827 - root - INFO - loss after updating Electric Field = 2.060959101485518, error_E=0.034290918042988956
2023-06-18 08:33:32,827 - root - INFO - loss after updating Electric Field = 2.060959101485518, error_E=0.034290918042988956
2023-06-18 08:34:55,533 - root - INFO - loss after updating Relative Permittivities = 1.63820386759312, error_rel_perm=0.31510418343321106
2023-06-18 08:34:55,533 - root - INFO - loss after updating Relative Permittivities = 1.63820386759312, error_rel_perm=0.31510418343321106
2023-06-18 08:34:55,534 - root - INFO - iter=8/30
2023-06-18 08:34:55,534 - root - INFO - iter=8/30
2023-06-18 08:34:57,511 - root - INFO - loss after updating Electric Field = 1.3435372684298792, error_E=0.027954647340925676
2023-06-18 08:34:57,511 - root - INFO - loss after updating Electric Field = 1.3435372684298792, error_E=0.027954647340925676
2023-06-18 08:36:18,544 - root - INFO - loss after updating Relative Permittivities = 1.0884004028109548, error_rel_perm=0.30658681324000403
2023-06-18 08:36:18,544 - root - INFO - loss after updating Relative Permittivities = 1.0884004028109548, error_rel_perm=0.30658681324000403
2023-06-18 08:36:18,544 - root - INFO - iter=9/30
2023-06-18 08:36:18,544 - root - INFO - iter=9/30
2023-06-18 08:36:19,762 - root - INFO - loss after updating Electric Field = 0.9106418690357165, error_E=0.023243644118758018
2023-06-18 08:36:19,762 - root - INFO - loss after updating Electric Field = 0.9106418690357165, error_E=0.023243644118758018
2023-06-18 08:37:38,779 - root - INFO - loss after updating Relative Permittivities = 0.7503851349923817, error_rel_perm=0.30049894027219776
2023-06-18 08:37:38,779 - root - INFO - loss after updating Relative Permittivities = 0.7503851349923817, error_rel_perm=0.30049894027219776
2023-06-18 08:37:38,780 - root - INFO - iter=10/30
2023-06-18 08:37:38,780 - root - INFO - iter=10/30
2023-06-18 08:37:40,007 - root - INFO - loss after updating Electric Field = 0.640174765902019, error_E=0.01967674367426332
2023-06-18 08:37:40,007 - root - INFO - loss after updating Electric Field = 0.640174765902019, error_E=0.01967674367426332
2023-06-18 08:38:58,947 - root - INFO - loss after updating Relative Permittivities = 0.5380246832374035, error_rel_perm=0.29635492962002985
2023-06-18 08:38:58,947 - root - INFO - loss after updating Relative Permittivities = 0.5380246832374035, error_rel_perm=0.29635492962002985
2023-06-18 08:38:58,948 - root - INFO - iter=11/30
2023-06-18 08:38:58,948 - root - INFO - iter=11/30
2023-06-18 08:39:00,175 - root - INFO - loss after updating Electric Field = 0.46623676277142, error_E=0.0169682934768403
2023-06-18 08:39:00,175 - root - INFO - loss after updating Electric Field = 0.46623676277142, error_E=0.0169682934768403
2023-06-18 08:40:19,045 - root - INFO - loss after updating Relative Permittivities = 0.4008925550264388, error_rel_perm=0.29331418317229646
2023-06-18 08:40:19,045 - root - INFO - loss after updating Relative Permittivities = 0.4008925550264388, error_rel_perm=0.29331418317229646
2023-06-18 08:40:19,046 - root - INFO - iter=12/30
2023-06-18 08:40:19,046 - root - INFO - iter=12/30
2023-06-18 08:40:20,266 - root - INFO - loss after updating Electric Field = 0.35407586066136676, error_E=0.014946775509548958
2023-06-18 08:40:20,266 - root - INFO - loss after updating Electric Field = 0.35407586066136676, error_E=0.014946775509548958
2023-06-18 08:41:39,739 - root - INFO - loss after updating Relative Permittivities = 0.3112946676821043, error_rel_perm=0.29119123994796714
2023-06-18 08:41:39,739 - root - INFO - loss after updating Relative Permittivities = 0.3112946676821043, error_rel_perm=0.29119123994796714
2023-06-18 08:41:39,740 - root - INFO - iter=13/30
2023-06-18 08:41:39,740 - root - INFO - iter=13/30
2023-06-18 08:41:40,978 - root - INFO - loss after updating Electric Field = 0.2805579961674779, error_E=0.013433098999850634
2023-06-18 08:41:40,978 - root - INFO - loss after updating Electric Field = 0.2805579961674779, error_E=0.013433098999850634
2023-06-18 08:43:00,202 - root - INFO - loss after updating Relative Permittivities = 0.2516687480758962, error_rel_perm=0.2893116112872255
2023-06-18 08:43:00,202 - root - INFO - loss after updating Relative Permittivities = 0.2516687480758962, error_rel_perm=0.2893116112872255
2023-06-18 08:43:00,203 - root - INFO - iter=14/30
2023-06-18 08:43:00,203 - root - INFO - iter=14/30
2023-06-18 08:43:01,416 - root - INFO - loss after updating Electric Field = 0.2327449781677538, error_E=0.012341739519880799
2023-06-18 08:43:01,416 - root - INFO - loss after updating Electric Field = 0.2327449781677538, error_E=0.012341739519880799
2023-06-18 08:44:20,435 - root - INFO - loss after updating Relative Permittivities = 0.21399607734516063, error_rel_perm=0.2881815830219925
2023-06-18 08:44:20,435 - root - INFO - loss after updating Relative Permittivities = 0.21399607734516063, error_rel_perm=0.2881815830219925
2023-06-18 08:44:20,436 - root - INFO - iter=15/30
2023-06-18 08:44:20,436 - root - INFO - iter=15/30
2023-06-18 08:44:21,638 - root - INFO - loss after updating Electric Field = 0.20144741895712398, error_E=0.011531789817381103
2023-06-18 08:44:21,638 - root - INFO - loss after updating Electric Field = 0.20144741895712398, error_E=0.011531789817381103
2023-06-18 08:45:40,711 - root - INFO - loss after updating Relative Permittivities = 0.18851577399058264, error_rel_perm=0.2871782777291024
2023-06-18 08:45:40,711 - root - INFO - loss after updating Relative Permittivities = 0.18851577399058264, error_rel_perm=0.2871782777291024
2023-06-18 08:45:40,714 - root - INFO - iter=16/30
2023-06-18 08:45:40,714 - root - INFO - iter=16/30
2023-06-18 08:45:41,949 - root - INFO - loss after updating Electric Field = 0.18050846247857782, error_E=0.010954125812175999
2023-06-18 08:45:41,949 - root - INFO - loss after updating Electric Field = 0.18050846247857782, error_E=0.010954125812175999
2023-06-18 08:47:01,496 - root - INFO - loss after updating Relative Permittivities = 0.1716451878084383, error_rel_perm=0.2863117349526477
2023-06-18 08:47:01,496 - root - INFO - loss after updating Relative Permittivities = 0.1716451878084383, error_rel_perm=0.2863117349526477
2023-06-18 08:47:01,496 - root - INFO - iter=17/30
2023-06-18 08:47:01,496 - root - INFO - iter=17/30
2023-06-18 08:47:02,719 - root - INFO - loss after updating Electric Field = 0.16606280729534184, error_E=0.010524242747631581
2023-06-18 08:47:02,719 - root - INFO - loss after updating Electric Field = 0.16606280729534184, error_E=0.010524242747631581
2023-06-18 08:48:27,484 - root - INFO - loss after updating Relative Permittivities = 0.15979958744441786, error_rel_perm=0.28566502897782803
2023-06-18 08:48:27,484 - root - INFO - loss after updating Relative Permittivities = 0.15979958744441786, error_rel_perm=0.28566502897782803
2023-06-18 08:48:27,495 - root - INFO - iter=18/30
2023-06-18 08:48:27,495 - root - INFO - iter=18/30
2023-06-18 08:48:28,762 - root - INFO - loss after updating Electric Field = 0.15580750874889532, error_E=0.01021433835095268
2023-06-18 08:48:28,762 - root - INFO - loss after updating Electric Field = 0.15580750874889532, error_E=0.01021433835095268
2023-06-18 08:49:48,482 - root - INFO - loss after updating Relative Permittivities = 0.1525754911193099, error_rel_perm=0.28523517807456533
2023-06-18 08:49:48,482 - root - INFO - loss after updating Relative Permittivities = 0.1525754911193099, error_rel_perm=0.28523517807456533
2023-06-18 08:49:48,483 - root - INFO - iter=19/30
2023-06-18 08:49:48,483 - root - INFO - iter=19/30
2023-06-18 08:49:49,785 - root - INFO - loss after updating Electric Field = 0.14987076182984188, error_E=0.010043754731008412
2023-06-18 08:49:49,785 - root - INFO - loss after updating Electric Field = 0.14987076182984188, error_E=0.010043754731008412
2023-06-18 08:51:09,442 - root - INFO - loss after updating Relative Permittivities = 0.1470457733119612, error_rel_perm=0.28476186948925375
2023-06-18 08:51:09,442 - root - INFO - loss after updating Relative Permittivities = 0.1470457733119612, error_rel_perm=0.28476186948925375
2023-06-18 08:51:09,445 - root - INFO - iter=20/30
2023-06-18 08:51:09,445 - root - INFO - iter=20/30
2023-06-18 08:51:10,666 - root - INFO - loss after updating Electric Field = 0.1453163629484718, error_E=0.009899308932749028
2023-06-18 08:51:10,666 - root - INFO - loss after updating Electric Field = 0.1453163629484718, error_E=0.009899308932749028
2023-06-18 08:52:32,331 - root - INFO - loss after updating Relative Permittivities = 0.14319207270965656, error_rel_perm=0.28435369030346686
2023-06-18 08:52:32,331 - root - INFO - loss after updating Relative Permittivities = 0.14319207270965656, error_rel_perm=0.28435369030346686
2023-06-18 08:52:32,333 - root - INFO - iter=21/30
2023-06-18 08:52:32,333 - root - INFO - iter=21/30
2023-06-18 08:52:33,564 - root - INFO - loss after updating Electric Field = 0.14206666317839267, error_E=0.009786608640856053
2023-06-18 08:52:33,564 - root - INFO - loss after updating Electric Field = 0.14206666317839267, error_E=0.009786608640856053
2023-06-18 08:53:56,564 - root - INFO - loss after updating Relative Permittivities = 0.14052779798553588, error_rel_perm=0.28424599201505407
2023-06-18 08:53:56,564 - root - INFO - loss after updating Relative Permittivities = 0.14052779798553588, error_rel_perm=0.28424599201505407
2023-06-18 08:53:56,566 - root - INFO - iter=22/30
2023-06-18 08:53:56,566 - root - INFO - iter=22/30
2023-06-18 08:53:57,849 - root - INFO - loss after updating Electric Field = 0.1394405719849623, error_E=0.009694148823045246
2023-06-18 08:53:57,849 - root - INFO - loss after updating Electric Field = 0.1394405719849623, error_E=0.009694148823045246
2023-06-18 08:55:17,955 - root - INFO - loss after updating Relative Permittivities = 0.13858427641717092, error_rel_perm=0.2839288762160958
2023-06-18 08:55:17,955 - root - INFO - loss after updating Relative Permittivities = 0.13858427641717092, error_rel_perm=0.2839288762160958
2023-06-18 08:55:17,956 - root - INFO - iter=23/30
2023-06-18 08:55:17,956 - root - INFO - iter=23/30
2023-06-18 08:55:19,174 - root - INFO - loss after updating Electric Field = 0.13792640716449084, error_E=0.00964056576560696
2023-06-18 08:55:19,174 - root - INFO - loss after updating Electric Field = 0.13792640716449084, error_E=0.00964056576560696
2023-06-18 08:56:38,684 - root - INFO - loss after updating Relative Permittivities = 0.1366845510288705, error_rel_perm=0.2838894451623835
2023-06-18 08:56:38,684 - root - INFO - loss after updating Relative Permittivities = 0.1366845510288705, error_rel_perm=0.2838894451623835
2023-06-18 08:56:38,686 - root - INFO - iter=24/30
2023-06-18 08:56:38,686 - root - INFO - iter=24/30
2023-06-18 08:56:39,931 - root - INFO - loss after updating Electric Field = 0.13601341567032427, error_E=0.00956604105585895
2023-06-18 08:56:39,931 - root - INFO - loss after updating Electric Field = 0.13601341567032427, error_E=0.00956604105585895
2023-06-18 08:57:59,821 - root - INFO - loss after updating Relative Permittivities = 0.13578888006767234, error_rel_perm=0.28350475822072546
2023-06-18 08:57:59,821 - root - INFO - loss after updating Relative Permittivities = 0.13578888006767234, error_rel_perm=0.28350475822072546
2023-06-18 08:57:59,822 - root - INFO - iter=25/30
2023-06-18 08:57:59,822 - root - INFO - iter=25/30
2023-06-18 08:58:01,026 - root - INFO - loss after updating Electric Field = 0.13522554284161478, error_E=0.009521072962827842
2023-06-18 08:58:01,026 - root - INFO - loss after updating Electric Field = 0.13522554284161478, error_E=0.009521072962827842
2023-06-18 08:59:20,951 - root - INFO - loss after updating Relative Permittivities = 0.13484828308422148, error_rel_perm=0.28350856471254765
2023-06-18 08:59:20,951 - root - INFO - loss after updating Relative Permittivities = 0.13484828308422148, error_rel_perm=0.28350856471254765
2023-06-18 08:59:20,954 - root - INFO - iter=26/30
2023-06-18 08:59:20,954 - root - INFO - iter=26/30
2023-06-18 08:59:22,205 - root - INFO - loss after updating Electric Field = 0.13453197081253296, error_E=0.009481052686834843
2023-06-18 08:59:22,205 - root - INFO - loss after updating Electric Field = 0.13453197081253296, error_E=0.009481052686834843
2023-06-18 09:00:41,997 - root - INFO - loss after updating Relative Permittivities = 0.13425692235998515, error_rel_perm=0.28349938202004826
2023-06-18 09:00:41,997 - root - INFO - loss after updating Relative Permittivities = 0.13425692235998515, error_rel_perm=0.28349938202004826
2023-06-18 09:00:41,998 - root - INFO - iter=27/30
2023-06-18 09:00:41,998 - root - INFO - iter=27/30
2023-06-18 09:00:43,236 - root - INFO - loss after updating Electric Field = 0.13393505562635694, error_E=0.00945597338117252
2023-06-18 09:00:43,236 - root - INFO - loss after updating Electric Field = 0.13393505562635694, error_E=0.00945597338117252
2023-06-18 09:02:04,496 - root - INFO - loss after updating Relative Permittivities = 0.1327689880459606, error_rel_perm=0.2834908975721294
2023-06-18 09:02:04,496 - root - INFO - loss after updating Relative Permittivities = 0.1327689880459606, error_rel_perm=0.2834908975721294
2023-06-18 09:02:04,497 - root - INFO - iter=28/30
2023-06-18 09:02:04,497 - root - INFO - iter=28/30
2023-06-18 09:02:05,699 - root - INFO - loss after updating Electric Field = 0.13253781830712452, error_E=0.009422371140408916
2023-06-18 09:02:05,699 - root - INFO - loss after updating Electric Field = 0.13253781830712452, error_E=0.009422371140408916
2023-06-18 09:03:25,513 - root - INFO - loss after updating Relative Permittivities = 0.13288223745545505, error_rel_perm=0.2834799934595459
2023-06-18 09:03:25,513 - root - INFO - loss after updating Relative Permittivities = 0.13288223745545505, error_rel_perm=0.2834799934595459
2023-06-18 09:03:25,513 - root - INFO - iter=29/30
2023-06-18 09:03:25,513 - root - INFO - iter=29/30
2023-06-18 09:03:26,734 - root - INFO - loss after updating Electric Field = 0.13261237732435885, error_E=0.009395080667152039
2023-06-18 09:03:26,734 - root - INFO - loss after updating Electric Field = 0.13261237732435885, error_E=0.009395080667152039
2023-06-18 09:04:47,962 - root - INFO - loss after updating Relative Permittivities = 0.13218030094339472, error_rel_perm=0.2832951879336828
2023-06-18 09:04:47,962 - root - INFO - loss after updating Relative Permittivities = 0.13218030094339472, error_rel_perm=0.2832951879336828
2023-06-18 09:04:47,964 - root - INFO - iter=30/30
2023-06-18 09:04:47,964 - root - INFO - iter=30/30
2023-06-18 09:04:50,512 - root - INFO - loss after updating Electric Field = 0.1319244308496355, error_E=0.009379176161944955
2023-06-18 09:04:50,512 - root - INFO - loss after updating Electric Field = 0.1319244308496355, error_E=0.009379176161944955
2023-06-18 09:06:10,381 - root - INFO - loss after updating Relative Permittivities = 0.13276834922742853, error_rel_perm=0.2833736547931798
2023-06-18 09:06:10,381 - root - INFO - loss after updating Relative Permittivities = 0.13276834922742853, error_rel_perm=0.2833736547931798
2023-06-18 09:06:12,612 - root - INFO - Starting MWT solver
2023-06-18 09:06:12,612 - root - INFO - Starting MWT solver
2023-06-18 09:06:14,052 - root - INFO - iter=1/5
2023-06-18 09:06:14,052 - root - INFO - iter=1/5
2023-06-18 09:06:15,231 - root - INFO - loss after updating Electric Field = 0.13239444581127427, error_E=0.009371345862571032
2023-06-18 09:06:15,231 - root - INFO - loss after updating Electric Field = 0.13239444581127427, error_E=0.009371345862571032
2023-06-18 11:03:24,086 - root - INFO - loss after updating Relative Permittivities = 0.07831367369477732, error_rel_perm=0.20366579390133352
2023-06-18 11:03:24,086 - root - INFO - loss after updating Relative Permittivities = 0.07831367369477732, error_rel_perm=0.20366579390133352
2023-06-18 11:03:24,087 - root - INFO - iter=2/5
2023-06-18 11:03:24,087 - root - INFO - iter=2/5
2023-06-18 11:03:25,368 - root - INFO - loss after updating Electric Field = 0.04521738490874567, error_E=0.006648102565217453
2023-06-18 11:03:25,368 - root - INFO - loss after updating Electric Field = 0.04521738490874567, error_E=0.006648102565217453
2023-06-18 13:00:17,391 - root - INFO - loss after updating Relative Permittivities = 0.03103854547832301, error_rel_perm=0.19672062361990847
2023-06-18 13:00:17,391 - root - INFO - loss after updating Relative Permittivities = 0.03103854547832301, error_rel_perm=0.19672062361990847
2023-06-18 13:00:17,391 - root - INFO - iter=3/5
2023-06-18 13:00:17,391 - root - INFO - iter=3/5
2023-06-18 13:00:18,612 - root - INFO - loss after updating Electric Field = 0.022800447956159643, error_E=0.00545819669959208
2023-06-18 13:00:18,612 - root - INFO - loss after updating Electric Field = 0.022800447956159643, error_E=0.00545819669959208
2023-06-18 14:57:01,235 - root - INFO - loss after updating Relative Permittivities = 0.01719983873932739, error_rel_perm=0.19515067149517284
2023-06-18 14:57:01,235 - root - INFO - loss after updating Relative Permittivities = 0.01719983873932739, error_rel_perm=0.19515067149517284
2023-06-18 14:57:01,237 - root - INFO - iter=4/5
2023-06-18 14:57:01,237 - root - INFO - iter=4/5
2023-06-18 14:57:02,659 - root - INFO - loss after updating Electric Field = 0.013737228251775221, error_E=0.00477450709145382
2023-06-18 14:57:02,659 - root - INFO - loss after updating Electric Field = 0.013737228251775221, error_E=0.00477450709145382
2023-06-18 16:53:46,185 - root - INFO - loss after updating Relative Permittivities = 0.010959152438997843, error_rel_perm=0.19433773214485553
2023-06-18 16:53:46,185 - root - INFO - loss after updating Relative Permittivities = 0.010959152438997843, error_rel_perm=0.19433773214485553
2023-06-18 16:53:46,186 - root - INFO - iter=5/5
2023-06-18 16:53:46,186 - root - INFO - iter=5/5
2023-06-18 16:53:47,607 - root - INFO - loss after updating Electric Field = 0.009189589811023142, error_E=0.004346868575756349
2023-06-18 16:53:47,607 - root - INFO - loss after updating Electric Field = 0.009189589811023142, error_E=0.004346868575756349
2023-06-18 18:50:46,013 - root - INFO - loss after updating Relative Permittivities = 0.0076121421533596285, error_rel_perm=0.19387574765587431
2023-06-18 18:50:46,013 - root - INFO - loss after updating Relative Permittivities = 0.0076121421533596285, error_rel_perm=0.19387574765587431
2023-06-18 22:53:17,416 - root - INFO - Starting image generator
2023-06-18 22:53:17,416 - root - INFO - Starting image generator
2023-06-18 22:53:17,418 - root - INFO -  A fixed pattern with 3 circles will be generated
2023-06-18 22:53:17,418 - root - INFO -  A fixed pattern with 3 circles will be generated
2023-06-18 22:53:17,418 - root - INFO - Generating image no. 1/1
2023-06-18 22:53:17,418 - root - INFO - Generating image no. 1/1
2023-06-18 22:53:17,418 - root - INFO - The image will have 3 circles
2023-06-18 22:53:17,418 - root - INFO - The image will have 3 circles
2023-06-18 22:53:17,464 - root - INFO - Saving generated image plot to path /Users/ccaiafa/Library/CloudStorage/GoogleDrive-ccaiafa@gmail.com/My Drive/Research/Microondas_Ramiro/code/CS_tomography/logs/image_generator/images/test/image_1.png
2023-06-18 22:53:17,464 - root - INFO - Saving generated image plot to path /Users/ccaiafa/Library/CloudStorage/GoogleDrive-ccaiafa@gmail.com/My Drive/Research/Microondas_Ramiro/code/CS_tomography/logs/image_generator/images/test/image_1.png
2023-06-18 22:53:18,010 - root - INFO - Saving 1 images to file /Users/ccaiafa/Library/CloudStorage/GoogleDrive-ccaiafa@gmail.com/My Drive/Research/Microondas_Ramiro/code/CS_tomography/data/image_generator/test/images.pkl
2023-06-18 22:53:18,010 - root - INFO - Saving 1 images to file /Users/ccaiafa/Library/CloudStorage/GoogleDrive-ccaiafa@gmail.com/My Drive/Research/Microondas_Ramiro/code/CS_tomography/data/image_generator/test/images.pkl
2023-06-18 22:53:18,393 - root - INFO - Starting MWT solver
2023-06-18 22:53:18,393 - root - INFO - Starting MWT solver
2023-06-18 22:53:19,693 - root - INFO - iter=1/30
2023-06-18 22:53:19,693 - root - INFO - iter=1/30
2023-06-18 22:53:21,169 - root - INFO - loss after updating Electric Field = 216.1510936928983, error_E=0.29703236808479766
2023-06-18 22:53:21,169 - root - INFO - loss after updating Electric Field = 216.1510936928983, error_E=0.29703236808479766
2023-06-18 22:54:41,471 - root - INFO - loss after updating Relative Permittivities = 112.5171495988352, error_rel_perm=0.5988020654731826
2023-06-18 22:54:41,471 - root - INFO - loss after updating Relative Permittivities = 112.5171495988352, error_rel_perm=0.5988020654731826
2023-06-18 22:54:41,471 - root - INFO - iter=2/30
2023-06-18 22:54:41,471 - root - INFO - iter=2/30
2023-06-18 22:54:42,764 - root - INFO - loss after updating Electric Field = 46.66740722224975, error_E=0.14884409480420202
2023-06-18 22:54:42,764 - root - INFO - loss after updating Electric Field = 46.66740722224975, error_E=0.14884409480420202
2023-06-18 22:56:02,240 - root - INFO - loss after updating Relative Permittivities = 29.265551899678478, error_rel_perm=0.500795192835405
2023-06-18 22:56:02,240 - root - INFO - loss after updating Relative Permittivities = 29.265551899678478, error_rel_perm=0.500795192835405
2023-06-18 22:56:02,241 - root - INFO - iter=3/30
2023-06-18 22:56:02,241 - root - INFO - iter=3/30
2023-06-18 22:56:03,543 - root - INFO - loss after updating Electric Field = 19.394718060008394, error_E=0.10000441568432411
2023-06-18 22:56:03,543 - root - INFO - loss after updating Electric Field = 19.394718060008394, error_E=0.10000441568432411
2023-06-18 22:57:22,793 - root - INFO - loss after updating Relative Permittivities = 13.606922272987868, error_rel_perm=0.4369963871552994
2023-06-18 22:57:22,793 - root - INFO - loss after updating Relative Permittivities = 13.606922272987868, error_rel_perm=0.4369963871552994
2023-06-18 22:57:22,794 - root - INFO - iter=4/30
2023-06-18 22:57:22,794 - root - INFO - iter=4/30
2023-06-18 22:57:24,071 - root - INFO - loss after updating Electric Field = 9.941878997307533, error_E=0.07303961362695395
2023-06-18 22:57:24,071 - root - INFO - loss after updating Electric Field = 9.941878997307533, error_E=0.07303961362695395
2023-06-18 22:58:43,867 - root - INFO - loss after updating Relative Permittivities = 7.376727772476664, error_rel_perm=0.37890823749333236
2023-06-18 22:58:43,867 - root - INFO - loss after updating Relative Permittivities = 7.376727772476664, error_rel_perm=0.37890823749333236
2023-06-18 22:58:43,867 - root - INFO - iter=5/30
2023-06-18 22:58:43,867 - root - INFO - iter=5/30
2023-06-18 22:58:45,156 - root - INFO - loss after updating Electric Field = 5.6218323033873, error_E=0.055502879080549995
2023-06-18 22:58:45,156 - root - INFO - loss after updating Electric Field = 5.6218323033873, error_E=0.055502879080549995
2023-06-18 23:00:05,519 - root - INFO - loss after updating Relative Permittivities = 4.300026707569639, error_rel_perm=0.34256943010862834
2023-06-18 23:00:05,519 - root - INFO - loss after updating Relative Permittivities = 4.300026707569639, error_rel_perm=0.34256943010862834
2023-06-18 23:00:05,520 - root - INFO - iter=6/30
2023-06-18 23:00:05,520 - root - INFO - iter=6/30
2023-06-18 23:00:06,794 - root - INFO - loss after updating Electric Field = 3.3595334194313127, error_E=0.043303799970105056
2023-06-18 23:00:06,794 - root - INFO - loss after updating Electric Field = 3.3595334194313127, error_E=0.043303799970105056
2023-06-18 23:01:26,807 - root - INFO - loss after updating Relative Permittivities = 2.622697783660448, error_rel_perm=0.3255831733311859
2023-06-18 23:01:26,807 - root - INFO - loss after updating Relative Permittivities = 2.622697783660448, error_rel_perm=0.3255831733311859
2023-06-18 23:01:26,807 - root - INFO - iter=7/30
2023-06-18 23:01:26,807 - root - INFO - iter=7/30
2023-06-18 23:01:28,066 - root - INFO - loss after updating Electric Field = 2.0963039822351597, error_E=0.03454405490611786
2023-06-18 23:01:28,066 - root - INFO - loss after updating Electric Field = 2.0963039822351597, error_E=0.03454405490611786
2023-06-18 23:02:48,225 - root - INFO - loss after updating Relative Permittivities = 1.6662044884790137, error_rel_perm=0.314392736921845
2023-06-18 23:02:48,225 - root - INFO - loss after updating Relative Permittivities = 1.6662044884790137, error_rel_perm=0.314392736921845
2023-06-18 23:02:48,226 - root - INFO - iter=8/30
2023-06-18 23:02:48,226 - root - INFO - iter=8/30
2023-06-18 23:02:49,487 - root - INFO - loss after updating Electric Field = 1.3655720132789924, error_E=0.028144497877045548
2023-06-18 23:02:49,487 - root - INFO - loss after updating Electric Field = 1.3655720132789924, error_E=0.028144497877045548
2023-06-18 23:04:09,982 - root - INFO - loss after updating Relative Permittivities = 1.104935229015653, error_rel_perm=0.305944980853614
2023-06-18 23:04:09,982 - root - INFO - loss after updating Relative Permittivities = 1.104935229015653, error_rel_perm=0.305944980853614
2023-06-18 23:04:09,982 - root - INFO - iter=9/30
2023-06-18 23:04:09,982 - root - INFO - iter=9/30
2023-06-18 23:04:11,176 - root - INFO - loss after updating Electric Field = 0.9219491202328964, error_E=0.023357235309470713
2023-06-18 23:04:11,176 - root - INFO - loss after updating Electric Field = 0.9219491202328964, error_E=0.023357235309470713
2023-06-18 23:05:30,303 - root - INFO - loss after updating Relative Permittivities = 0.7579996981728041, error_rel_perm=0.3000242500867647
2023-06-18 23:05:30,303 - root - INFO - loss after updating Relative Permittivities = 0.7579996981728041, error_rel_perm=0.3000242500867647
2023-06-18 23:05:30,303 - root - INFO - iter=10/30
2023-06-18 23:05:30,303 - root - INFO - iter=10/30
2023-06-18 23:05:31,549 - root - INFO - loss after updating Electric Field = 0.6458602509560002, error_E=0.019739362276483773
2023-06-18 23:05:31,549 - root - INFO - loss after updating Electric Field = 0.6458602509560002, error_E=0.019739362276483773
2023-06-18 23:06:50,921 - root - INFO - loss after updating Relative Permittivities = 0.5425258781105109, error_rel_perm=0.29611605646320693
2023-06-18 23:06:50,921 - root - INFO - loss after updating Relative Permittivities = 0.5425258781105109, error_rel_perm=0.29611605646320693
2023-06-18 23:06:50,921 - root - INFO - iter=11/30
2023-06-18 23:06:50,921 - root - INFO - iter=11/30
2023-06-18 23:06:52,161 - root - INFO - loss after updating Electric Field = 0.47081688301562485, error_E=0.01702951749575708
2023-06-18 23:06:52,161 - root - INFO - loss after updating Electric Field = 0.47081688301562485, error_E=0.01702951749575708
2023-06-18 23:08:11,489 - root - INFO - loss after updating Relative Permittivities = 0.4046152651691242, error_rel_perm=0.29320264001464136
2023-06-18 23:08:11,489 - root - INFO - loss after updating Relative Permittivities = 0.4046152651691242, error_rel_perm=0.29320264001464136
2023-06-18 23:08:11,490 - root - INFO - iter=12/30
2023-06-18 23:08:11,490 - root - INFO - iter=12/30
2023-06-18 23:08:12,689 - root - INFO - loss after updating Electric Field = 0.35774506559000463, error_E=0.014996613279415844
2023-06-18 23:08:12,689 - root - INFO - loss after updating Electric Field = 0.35774506559000463, error_E=0.014996613279415844
2023-06-18 23:09:31,985 - root - INFO - loss after updating Relative Permittivities = 0.31501313973844813, error_rel_perm=0.29094506041141716
2023-06-18 23:09:31,985 - root - INFO - loss after updating Relative Permittivities = 0.31501313973844813, error_rel_perm=0.29094506041141716
2023-06-18 23:09:31,985 - root - INFO - iter=13/30
2023-06-18 23:09:31,985 - root - INFO - iter=13/30
2023-06-18 23:09:33,236 - root - INFO - loss after updating Electric Field = 0.28616987378132547, error_E=0.013541853849956592
2023-06-18 23:09:33,236 - root - INFO - loss after updating Electric Field = 0.28616987378132547, error_E=0.013541853849956592
2023-06-18 23:10:52,206 - root - INFO - loss after updating Relative Permittivities = 0.25744534208384995, error_rel_perm=0.28901518975100443
2023-06-18 23:10:52,206 - root - INFO - loss after updating Relative Permittivities = 0.25744534208384995, error_rel_perm=0.28901518975100443
2023-06-18 23:10:52,208 - root - INFO - iter=14/30
2023-06-18 23:10:52,208 - root - INFO - iter=14/30
2023-06-18 23:10:53,451 - root - INFO - loss after updating Electric Field = 0.23822672228829128, error_E=0.01243913675556406
2023-06-18 23:10:53,451 - root - INFO - loss after updating Electric Field = 0.23822672228829128, error_E=0.01243913675556406
2023-06-18 23:12:12,741 - root - INFO - loss after updating Relative Permittivities = 0.2168034607314956, error_rel_perm=0.28772304372717095
2023-06-18 23:12:12,741 - root - INFO - loss after updating Relative Permittivities = 0.2168034607314956, error_rel_perm=0.28772304372717095
2023-06-18 23:12:12,741 - root - INFO - iter=15/30
2023-06-18 23:12:12,741 - root - INFO - iter=15/30
2023-06-18 23:12:13,953 - root - INFO - loss after updating Electric Field = 0.20418935246046582, error_E=0.011591547780047168
2023-06-18 23:12:13,953 - root - INFO - loss after updating Electric Field = 0.20418935246046582, error_E=0.011591547780047168
2023-06-18 23:13:33,180 - root - INFO - loss after updating Relative Permittivities = 0.19023495740448854, error_rel_perm=0.2870332905663676
2023-06-18 23:13:33,180 - root - INFO - loss after updating Relative Permittivities = 0.19023495740448854, error_rel_perm=0.2870332905663676
2023-06-18 23:13:33,182 - root - INFO - iter=16/30
2023-06-18 23:13:33,182 - root - INFO - iter=16/30
2023-06-18 23:13:34,416 - root - INFO - loss after updating Electric Field = 0.18216591161787657, error_E=0.011017439371350449
2023-06-18 23:13:34,416 - root - INFO - loss after updating Electric Field = 0.18216591161787657, error_E=0.011017439371350449
2023-06-18 23:14:59,727 - root - INFO - loss after updating Relative Permittivities = 0.1723137434040444, error_rel_perm=0.2862799323402081
2023-06-18 23:14:59,727 - root - INFO - loss after updating Relative Permittivities = 0.1723137434040444, error_rel_perm=0.2862799323402081
2023-06-18 23:14:59,730 - root - INFO - iter=17/30
2023-06-18 23:14:59,730 - root - INFO - iter=17/30
2023-06-18 23:15:00,998 - root - INFO - loss after updating Electric Field = 0.16665482799392695, error_E=0.010545585151495037
2023-06-18 23:15:00,998 - root - INFO - loss after updating Electric Field = 0.16665482799392695, error_E=0.010545585151495037
2023-06-18 23:16:21,042 - root - INFO - loss after updating Relative Permittivities = 0.16083582153404125, error_rel_perm=0.28568901394765905
2023-06-18 23:16:21,042 - root - INFO - loss after updating Relative Permittivities = 0.16083582153404125, error_rel_perm=0.28568901394765905
2023-06-18 23:16:21,042 - root - INFO - iter=18/30
2023-06-18 23:16:21,042 - root - INFO - iter=18/30
2023-06-18 23:16:22,293 - root - INFO - loss after updating Electric Field = 0.15652657720425087, error_E=0.010248852639161345
2023-06-18 23:16:22,293 - root - INFO - loss after updating Electric Field = 0.15652657720425087, error_E=0.010248852639161345
2023-06-18 23:17:43,139 - root - INFO - loss after updating Relative Permittivities = 0.15248206619962573, error_rel_perm=0.2852893748489157
2023-06-18 23:17:43,139 - root - INFO - loss after updating Relative Permittivities = 0.15248206619962573, error_rel_perm=0.2852893748489157
2023-06-18 23:17:43,141 - root - INFO - iter=19/30
2023-06-18 23:17:43,141 - root - INFO - iter=19/30
2023-06-18 23:17:44,393 - root - INFO - loss after updating Electric Field = 0.14999786235784493, error_E=0.010058723546283477
2023-06-18 23:17:44,393 - root - INFO - loss after updating Electric Field = 0.14999786235784493, error_E=0.010058723546283477
2023-06-18 23:19:04,075 - root - INFO - loss after updating Relative Permittivities = 0.1462580186354252, error_rel_perm=0.2850121899969484
2023-06-18 23:19:04,075 - root - INFO - loss after updating Relative Permittivities = 0.1462580186354252, error_rel_perm=0.2850121899969484
2023-06-18 23:19:04,075 - root - INFO - iter=20/30
2023-06-18 23:19:04,075 - root - INFO - iter=20/30
2023-06-18 23:19:05,347 - root - INFO - loss after updating Electric Field = 0.1443662620349751, error_E=0.00989841627138993
2023-06-18 23:19:05,347 - root - INFO - loss after updating Electric Field = 0.1443662620349751, error_E=0.00989841627138993
2023-06-18 23:20:26,509 - root - INFO - loss after updating Relative Permittivities = 0.14384756793426376, error_rel_perm=0.2847215506054119
2023-06-18 23:20:26,509 - root - INFO - loss after updating Relative Permittivities = 0.14384756793426376, error_rel_perm=0.2847215506054119
2023-06-18 23:20:26,511 - root - INFO - iter=21/30
2023-06-18 23:20:26,511 - root - INFO - iter=21/30
2023-06-18 23:20:27,733 - root - INFO - loss after updating Electric Field = 0.14244990477410613, error_E=0.0098376453692418
2023-06-18 23:20:27,733 - root - INFO - loss after updating Electric Field = 0.14244990477410613, error_E=0.0098376453692418
2023-06-18 23:21:49,221 - root - INFO - loss after updating Relative Permittivities = 0.14143253056235175, error_rel_perm=0.284283516024549
2023-06-18 23:21:49,221 - root - INFO - loss after updating Relative Permittivities = 0.14143253056235175, error_rel_perm=0.284283516024549
2023-06-18 23:21:49,224 - root - INFO - iter=22/30
2023-06-18 23:21:49,224 - root - INFO - iter=22/30
2023-06-18 23:21:50,453 - root - INFO - loss after updating Electric Field = 0.14012902945103628, error_E=0.009732561465511316
2023-06-18 23:21:50,453 - root - INFO - loss after updating Electric Field = 0.14012902945103628, error_E=0.009732561465511316
2023-06-18 23:23:10,716 - root - INFO - loss after updating Relative Permittivities = 0.13820919329974818, error_rel_perm=0.28387200163995985
2023-06-18 23:23:10,716 - root - INFO - loss after updating Relative Permittivities = 0.13820919329974818, error_rel_perm=0.28387200163995985
2023-06-18 23:23:10,716 - root - INFO - iter=23/30
2023-06-18 23:23:10,716 - root - INFO - iter=23/30
2023-06-18 23:23:11,925 - root - INFO - loss after updating Electric Field = 0.13734694521590607, error_E=0.00962717294581653
2023-06-18 23:23:11,925 - root - INFO - loss after updating Electric Field = 0.13734694521590607, error_E=0.00962717294581653
2023-06-18 23:24:32,162 - root - INFO - loss after updating Relative Permittivities = 0.13604747193240202, error_rel_perm=0.2837440080362015
2023-06-18 23:24:32,162 - root - INFO - loss after updating Relative Permittivities = 0.13604747193240202, error_rel_perm=0.2837440080362015
2023-06-18 23:24:32,164 - root - INFO - iter=24/30
2023-06-18 23:24:32,164 - root - INFO - iter=24/30
2023-06-18 23:24:33,400 - root - INFO - loss after updating Electric Field = 0.13525220111066188, error_E=0.009553843804109972
2023-06-18 23:24:33,400 - root - INFO - loss after updating Electric Field = 0.13525220111066188, error_E=0.009553843804109972
2023-06-18 23:25:53,749 - root - INFO - loss after updating Relative Permittivities = 0.13492561095534472, error_rel_perm=0.2836985896633223
2023-06-18 23:25:53,749 - root - INFO - loss after updating Relative Permittivities = 0.13492561095534472, error_rel_perm=0.2836985896633223
2023-06-18 23:25:53,749 - root - INFO - iter=25/30
2023-06-18 23:25:53,749 - root - INFO - iter=25/30
2023-06-18 23:25:54,979 - root - INFO - loss after updating Electric Field = 0.13446197488972, error_E=0.009508869478044916
2023-06-18 23:25:54,979 - root - INFO - loss after updating Electric Field = 0.13446197488972, error_E=0.009508869478044916
2023-06-18 23:27:16,610 - root - INFO - loss after updating Relative Permittivities = 0.13376424429733752, error_rel_perm=0.28354566926500974
2023-06-18 23:27:16,610 - root - INFO - loss after updating Relative Permittivities = 0.13376424429733752, error_rel_perm=0.28354566926500974
2023-06-18 23:27:16,612 - root - INFO - iter=26/30
2023-06-18 23:27:16,612 - root - INFO - iter=26/30
2023-06-18 23:27:17,847 - root - INFO - loss after updating Electric Field = 0.13339477783385362, error_E=0.009465011613693987
2023-06-18 23:27:17,847 - root - INFO - loss after updating Electric Field = 0.13339477783385362, error_E=0.009465011613693987
2023-06-18 23:28:38,811 - root - INFO - loss after updating Relative Permittivities = 0.13414523022810815, error_rel_perm=0.2834199444745181
2023-06-18 23:28:38,811 - root - INFO - loss after updating Relative Permittivities = 0.13414523022810815, error_rel_perm=0.2834199444745181
2023-06-18 23:28:38,811 - root - INFO - iter=27/30
2023-06-18 23:28:38,811 - root - INFO - iter=27/30
2023-06-18 23:28:40,096 - root - INFO - loss after updating Electric Field = 0.13369905108252345, error_E=0.009455698753451402
2023-06-18 23:28:40,096 - root - INFO - loss after updating Electric Field = 0.13369905108252345, error_E=0.009455698753451402
2023-06-18 23:30:00,553 - root - INFO - loss after updating Relative Permittivities = 0.13293997565469112, error_rel_perm=0.28335749309670155
2023-06-18 23:30:00,553 - root - INFO - loss after updating Relative Permittivities = 0.13293997565469112, error_rel_perm=0.28335749309670155
2023-06-18 23:30:00,555 - root - INFO - iter=28/30
2023-06-18 23:30:00,555 - root - INFO - iter=28/30
2023-06-18 23:30:01,827 - root - INFO - loss after updating Electric Field = 0.13269036050682625, error_E=0.009427574175885507
2023-06-18 23:30:01,827 - root - INFO - loss after updating Electric Field = 0.13269036050682625, error_E=0.009427574175885507
2023-06-18 23:31:22,036 - root - INFO - loss after updating Relative Permittivities = 0.1326125756082766, error_rel_perm=0.28346100536158925
2023-06-18 23:31:22,036 - root - INFO - loss after updating Relative Permittivities = 0.1326125756082766, error_rel_perm=0.28346100536158925
2023-06-18 23:31:22,037 - root - INFO - iter=29/30
2023-06-18 23:31:22,037 - root - INFO - iter=29/30
2023-06-18 23:31:23,253 - root - INFO - loss after updating Electric Field = 0.132328626265636, error_E=0.009413001200016114
2023-06-18 23:31:23,253 - root - INFO - loss after updating Electric Field = 0.132328626265636, error_E=0.009413001200016114
2023-06-18 23:32:44,190 - root - INFO - loss after updating Relative Permittivities = 0.13184575067604284, error_rel_perm=0.28322850738659344
2023-06-18 23:32:44,190 - root - INFO - loss after updating Relative Permittivities = 0.13184575067604284, error_rel_perm=0.28322850738659344
2023-06-18 23:32:44,192 - root - INFO - iter=30/30
2023-06-18 23:32:44,192 - root - INFO - iter=30/30
2023-06-18 23:32:45,932 - root - INFO - loss after updating Electric Field = 0.13164106884695836, error_E=0.00938866632506931
2023-06-18 23:32:45,932 - root - INFO - loss after updating Electric Field = 0.13164106884695836, error_E=0.00938866632506931
2023-06-18 23:34:06,528 - root - INFO - loss after updating Relative Permittivities = 0.131258845444675, error_rel_perm=0.2834839391818599
2023-06-18 23:34:06,528 - root - INFO - loss after updating Relative Permittivities = 0.131258845444675, error_rel_perm=0.2834839391818599
2023-06-18 23:34:08,641 - root - INFO - Starting MWT solver
2023-06-18 23:34:08,641 - root - INFO - Starting MWT solver
2023-06-18 23:34:10,085 - root - INFO - iter=1/5
2023-06-18 23:34:10,085 - root - INFO - iter=1/5
2023-06-18 23:34:11,240 - root - INFO - loss after updating Electric Field = 0.1310394022403587, error_E=0.009351064359212924
2023-06-18 23:34:11,240 - root - INFO - loss after updating Electric Field = 0.1310394022403587, error_E=0.009351064359212924
2023-06-19 01:31:13,589 - root - INFO - loss after updating Relative Permittivities = 0.07875726631409988, error_rel_perm=0.20174908691333757
2023-06-19 01:31:13,589 - root - INFO - loss after updating Relative Permittivities = 0.07875726631409988, error_rel_perm=0.20174908691333757
2023-06-19 01:31:13,589 - root - INFO - iter=2/5
2023-06-19 01:31:13,589 - root - INFO - iter=2/5
2023-06-19 01:31:14,786 - root - INFO - loss after updating Electric Field = 0.04539517702987301, error_E=0.006602439461999271
2023-06-19 01:31:14,786 - root - INFO - loss after updating Electric Field = 0.04539517702987301, error_E=0.006602439461999271
2023-06-19 03:28:04,263 - root - INFO - loss after updating Relative Permittivities = 0.031282988269148014, error_rel_perm=0.19735684202024795
2023-06-19 03:28:04,263 - root - INFO - loss after updating Relative Permittivities = 0.031282988269148014, error_rel_perm=0.19735684202024795
2023-06-19 03:28:04,264 - root - INFO - iter=3/5
2023-06-19 03:28:04,264 - root - INFO - iter=3/5
2023-06-19 03:28:06,002 - root - INFO - loss after updating Electric Field = 0.02325102408017228, error_E=0.005441611303854256
2023-06-19 03:28:06,002 - root - INFO - loss after updating Electric Field = 0.02325102408017228, error_E=0.005441611303854256
2023-06-19 05:24:59,561 - root - INFO - loss after updating Relative Permittivities = 0.017621770111558042, error_rel_perm=0.19646476495700638
2023-06-19 05:24:59,561 - root - INFO - loss after updating Relative Permittivities = 0.017621770111558042, error_rel_perm=0.19646476495700638
2023-06-19 05:24:59,563 - root - INFO - iter=4/5
2023-06-19 05:24:59,563 - root - INFO - iter=4/5
2023-06-19 05:25:00,982 - root - INFO - loss after updating Electric Field = 0.014243082458568786, error_E=0.004787830686316
2023-06-19 05:25:00,982 - root - INFO - loss after updating Electric Field = 0.014243082458568786, error_E=0.004787830686316
2023-06-19 07:21:57,753 - root - INFO - loss after updating Relative Permittivities = 0.011421803495127987, error_rel_perm=0.1961561370041953
2023-06-19 07:21:57,753 - root - INFO - loss after updating Relative Permittivities = 0.011421803495127987, error_rel_perm=0.1961561370041953
2023-06-19 07:21:57,754 - root - INFO - iter=5/5
2023-06-19 07:21:57,754 - root - INFO - iter=5/5
2023-06-19 07:21:59,182 - root - INFO - loss after updating Electric Field = 0.009707558482614148, error_E=0.004386594644827854
2023-06-19 07:21:59,182 - root - INFO - loss after updating Electric Field = 0.009707558482614148, error_E=0.004386594644827854
2023-06-19 09:19:03,056 - root - INFO - loss after updating Relative Permittivities = 0.008104667936581444, error_rel_perm=0.19608349408533504
2023-06-19 09:19:03,056 - root - INFO - loss after updating Relative Permittivities = 0.008104667936581444, error_rel_perm=0.19608349408533504
