2023-07-03 10:36:57,601 - root - INFO - Starting image generator
2023-07-03 10:36:57,601 - root - INFO - Starting image generator
2023-07-03 10:36:57,603 - root - INFO - 1 images with random number of circles (between 1 and 3) will be generated
2023-07-03 10:36:57,603 - root - INFO - 1 images with random number of circles (between 1 and 3) will be generated
2023-07-03 10:36:57,603 - root - INFO - Generating image no. 1/1
2023-07-03 10:36:57,603 - root - INFO - Generating image no. 1/1
2023-07-03 10:36:57,605 - root - INFO - The image will have 3 circles
2023-07-03 10:36:57,605 - root - INFO - The image will have 3 circles
2023-07-03 10:36:57,642 - root - INFO - Saving generated image plot to path /Users/ccaiafa/Library/CloudStorage/GoogleDrive-ccaiafa@gmail.com/My Drive/Research/Microondas_Ramiro/code/CS_tomography/logs/image_generator/images/test/image_1.png
2023-07-03 10:36:57,642 - root - INFO - Saving generated image plot to path /Users/ccaiafa/Library/CloudStorage/GoogleDrive-ccaiafa@gmail.com/My Drive/Research/Microondas_Ramiro/code/CS_tomography/logs/image_generator/images/test/image_1.png
2023-07-03 10:36:58,245 - root - INFO - Saving 1 images to file /Users/ccaiafa/Library/CloudStorage/GoogleDrive-ccaiafa@gmail.com/My Drive/Research/Microondas_Ramiro/code/CS_tomography/data/image_generator/test/images.pkl
2023-07-03 10:36:58,245 - root - INFO - Saving 1 images to file /Users/ccaiafa/Library/CloudStorage/GoogleDrive-ccaiafa@gmail.com/My Drive/Research/Microondas_Ramiro/code/CS_tomography/data/image_generator/test/images.pkl
2023-07-03 10:36:59,214 - root - INFO - Starting MWT solver
2023-07-03 10:36:59,214 - root - INFO - Starting MWT solver
2023-07-03 10:37:00,536 - root - INFO - iter=1/30
2023-07-03 10:37:00,536 - root - INFO - iter=1/30
2023-07-03 10:37:01,986 - root - INFO - loss after updating Electric Field = 169.25708907759588, error_E=0.24339733062171603
2023-07-03 10:37:01,986 - root - INFO - loss after updating Electric Field = 169.25708907759588, error_E=0.24339733062171603
2023-07-03 10:38:34,571 - root - INFO - loss after updating Relative Permittivities = 78.26005861358804, error_rel_perm=0.5669859006783406
2023-07-03 10:38:34,571 - root - INFO - loss after updating Relative Permittivities = 78.26005861358804, error_rel_perm=0.5669859006783406
2023-07-03 10:38:34,571 - root - INFO - iter=2/30
2023-07-03 10:38:34,571 - root - INFO - iter=2/30
2023-07-03 10:38:36,195 - root - INFO - loss after updating Electric Field = 18.82272663187271, error_E=0.07769004514368034
2023-07-03 10:38:36,195 - root - INFO - loss after updating Electric Field = 18.82272663187271, error_E=0.07769004514368034
2023-07-03 12:11:24,915 - root - INFO - Starting image generator
2023-07-03 12:11:24,915 - root - INFO - Starting image generator
2023-07-03 12:11:24,916 - root - INFO - 1 images with random number of circles (between 1 and 3) will be generated
2023-07-03 12:11:24,916 - root - INFO - 1 images with random number of circles (between 1 and 3) will be generated
2023-07-03 12:11:24,916 - root - INFO - Generating image no. 1/1
2023-07-03 12:11:24,916 - root - INFO - Generating image no. 1/1
2023-07-03 12:11:24,917 - root - INFO - The image will have 3 circles
2023-07-03 12:11:24,917 - root - INFO - The image will have 3 circles
2023-07-03 12:11:24,957 - root - INFO - Saving generated image plot to path /Users/ccaiafa/Library/CloudStorage/GoogleDrive-ccaiafa@gmail.com/My Drive/Research/Microondas_Ramiro/code/CS_tomography/logs/image_generator/images/test/image_1.png
2023-07-03 12:11:24,957 - root - INFO - Saving generated image plot to path /Users/ccaiafa/Library/CloudStorage/GoogleDrive-ccaiafa@gmail.com/My Drive/Research/Microondas_Ramiro/code/CS_tomography/logs/image_generator/images/test/image_1.png
2023-07-03 12:11:25,549 - root - INFO - Saving 1 images to file /Users/ccaiafa/Library/CloudStorage/GoogleDrive-ccaiafa@gmail.com/My Drive/Research/Microondas_Ramiro/code/CS_tomography/data/image_generator/test/images.pkl
2023-07-03 12:11:25,549 - root - INFO - Saving 1 images to file /Users/ccaiafa/Library/CloudStorage/GoogleDrive-ccaiafa@gmail.com/My Drive/Research/Microondas_Ramiro/code/CS_tomography/data/image_generator/test/images.pkl
2023-07-03 12:28:27,389 - root - INFO - Starting image generator
2023-07-03 12:28:27,389 - root - INFO - Starting image generator
2023-07-03 12:28:27,390 - root - INFO - 1 images with random number of circles (between 1 and 3) will be generated
2023-07-03 12:28:27,390 - root - INFO - 1 images with random number of circles (between 1 and 3) will be generated
2023-07-03 12:28:27,390 - root - INFO - Generating image no. 1/1
2023-07-03 12:28:27,390 - root - INFO - Generating image no. 1/1
2023-07-03 12:28:27,391 - root - INFO - The image will have 3 circles
2023-07-03 12:28:27,391 - root - INFO - The image will have 3 circles
2023-07-03 12:28:27,403 - root - INFO - Saving generated image plot to path /Users/ccaiafa/Library/CloudStorage/GoogleDrive-ccaiafa@gmail.com/My Drive/Research/Microondas_Ramiro/code/CS_tomography/logs/image_generator/images/test/image_1.png
2023-07-03 12:28:27,403 - root - INFO - Saving generated image plot to path /Users/ccaiafa/Library/CloudStorage/GoogleDrive-ccaiafa@gmail.com/My Drive/Research/Microondas_Ramiro/code/CS_tomography/logs/image_generator/images/test/image_1.png
2023-07-03 12:28:27,969 - root - INFO - Saving 1 images to file /Users/ccaiafa/Library/CloudStorage/GoogleDrive-ccaiafa@gmail.com/My Drive/Research/Microondas_Ramiro/code/CS_tomography/data/image_generator/test/images.pkl
2023-07-03 12:28:27,969 - root - INFO - Saving 1 images to file /Users/ccaiafa/Library/CloudStorage/GoogleDrive-ccaiafa@gmail.com/My Drive/Research/Microondas_Ramiro/code/CS_tomography/data/image_generator/test/images.pkl
2023-07-03 12:28:32,051 - root - INFO - Starting MWT solver
2023-07-03 12:28:32,051 - root - INFO - Starting MWT solver
2023-07-03 12:28:33,344 - root - INFO - iter=1/30
2023-07-03 12:28:33,344 - root - INFO - iter=1/30
2023-07-03 12:28:34,783 - root - INFO - loss after updating Electric Field = 188.88079106614305, error_E=0.268613358653466
2023-07-03 12:28:34,783 - root - INFO - loss after updating Electric Field = 188.88079106614305, error_E=0.268613358653466
2023-07-03 12:37:49,009 - root - INFO - Starting image generator
2023-07-03 12:37:49,009 - root - INFO - Starting image generator
2023-07-03 12:37:49,010 - root - INFO - 1 images with random number of circles (between 1 and 3) will be generated
2023-07-03 12:37:49,010 - root - INFO - 1 images with random number of circles (between 1 and 3) will be generated
2023-07-03 12:37:49,010 - root - INFO - Generating image no. 1/1
2023-07-03 12:37:49,010 - root - INFO - Generating image no. 1/1
2023-07-03 12:37:49,011 - root - INFO - The image will have 1 circles
2023-07-03 12:37:49,011 - root - INFO - The image will have 1 circles
2023-07-03 12:37:49,074 - root - INFO - Saving generated image plot to path /Users/ccaiafa/Library/CloudStorage/GoogleDrive-ccaiafa@gmail.com/My Drive/Research/Microondas_Ramiro/code/CS_tomography/logs/image_generator/images/test/image_1.png
2023-07-03 12:37:49,074 - root - INFO - Saving generated image plot to path /Users/ccaiafa/Library/CloudStorage/GoogleDrive-ccaiafa@gmail.com/My Drive/Research/Microondas_Ramiro/code/CS_tomography/logs/image_generator/images/test/image_1.png
2023-07-03 12:37:49,632 - root - INFO - Saving 1 images to file /Users/ccaiafa/Library/CloudStorage/GoogleDrive-ccaiafa@gmail.com/My Drive/Research/Microondas_Ramiro/code/CS_tomography/data/image_generator/test/images.pkl
2023-07-03 12:37:49,632 - root - INFO - Saving 1 images to file /Users/ccaiafa/Library/CloudStorage/GoogleDrive-ccaiafa@gmail.com/My Drive/Research/Microondas_Ramiro/code/CS_tomography/data/image_generator/test/images.pkl
2023-07-03 12:37:50,015 - root - INFO - Starting MWT solver
2023-07-03 12:37:50,015 - root - INFO - Starting MWT solver
2023-07-03 12:37:51,416 - root - INFO - iter=1/30
2023-07-03 12:37:51,416 - root - INFO - iter=1/30
2023-07-03 12:37:52,930 - root - INFO - loss after updating Electric Field = 251.97044385562822, error_E=0.32540240589790814
2023-07-03 12:37:52,930 - root - INFO - loss after updating Electric Field = 251.97044385562822, error_E=0.32540240589790814
2023-07-03 12:44:16,121 - root - INFO - Starting image generator
2023-07-03 12:44:16,121 - root - INFO - Starting image generator
2023-07-03 12:44:16,122 - root - INFO - 1 images with random number of circles (between 1 and 3) will be generated
2023-07-03 12:44:16,122 - root - INFO - 1 images with random number of circles (between 1 and 3) will be generated
2023-07-03 12:44:16,122 - root - INFO - Generating image no. 1/1
2023-07-03 12:44:16,122 - root - INFO - Generating image no. 1/1
2023-07-03 12:44:16,123 - root - INFO - The image will have 3 circles
2023-07-03 12:44:16,123 - root - INFO - The image will have 3 circles
2023-07-03 12:44:16,155 - root - INFO - Saving generated image plot to path /Users/ccaiafa/Library/CloudStorage/GoogleDrive-ccaiafa@gmail.com/My Drive/Research/Microondas_Ramiro/code/CS_tomography/logs/image_generator/images/test/image_1.png
2023-07-03 12:44:16,155 - root - INFO - Saving generated image plot to path /Users/ccaiafa/Library/CloudStorage/GoogleDrive-ccaiafa@gmail.com/My Drive/Research/Microondas_Ramiro/code/CS_tomography/logs/image_generator/images/test/image_1.png
2023-07-03 12:44:16,711 - root - INFO - Saving 1 images to file /Users/ccaiafa/Library/CloudStorage/GoogleDrive-ccaiafa@gmail.com/My Drive/Research/Microondas_Ramiro/code/CS_tomography/data/image_generator/test/images.pkl
2023-07-03 12:44:16,711 - root - INFO - Saving 1 images to file /Users/ccaiafa/Library/CloudStorage/GoogleDrive-ccaiafa@gmail.com/My Drive/Research/Microondas_Ramiro/code/CS_tomography/data/image_generator/test/images.pkl
2023-07-03 12:44:17,082 - root - INFO - Starting MWT solver
2023-07-03 12:44:17,082 - root - INFO - Starting MWT solver
2023-07-03 12:44:18,570 - root - INFO - iter=1/30
2023-07-03 12:44:18,570 - root - INFO - iter=1/30
2023-07-03 12:44:19,912 - root - INFO - loss after updating Electric Field = 179.68529012662174, error_E=0.27850398215342825
2023-07-03 12:44:19,912 - root - INFO - loss after updating Electric Field = 179.68529012662174, error_E=0.27850398215342825
2023-07-03 12:50:55,905 - root - INFO - Starting image generator
2023-07-03 12:50:55,905 - root - INFO - Starting image generator
2023-07-03 12:50:55,905 - root - INFO - 1 images with random number of circles (between 1 and 3) will be generated
2023-07-03 12:50:55,905 - root - INFO - 1 images with random number of circles (between 1 and 3) will be generated
2023-07-03 12:50:55,906 - root - INFO - Generating image no. 1/1
2023-07-03 12:50:55,906 - root - INFO - Generating image no. 1/1
2023-07-03 12:50:55,906 - root - INFO - The image will have 1 circles
2023-07-03 12:50:55,906 - root - INFO - The image will have 1 circles
2023-07-03 12:50:55,916 - root - INFO - Saving generated image plot to path /Users/ccaiafa/Library/CloudStorage/GoogleDrive-ccaiafa@gmail.com/My Drive/Research/Microondas_Ramiro/code/CS_tomography/logs/image_generator/images/test/image_1.png
2023-07-03 12:50:55,916 - root - INFO - Saving generated image plot to path /Users/ccaiafa/Library/CloudStorage/GoogleDrive-ccaiafa@gmail.com/My Drive/Research/Microondas_Ramiro/code/CS_tomography/logs/image_generator/images/test/image_1.png
2023-07-03 12:50:56,476 - root - INFO - Saving 1 images to file /Users/ccaiafa/Library/CloudStorage/GoogleDrive-ccaiafa@gmail.com/My Drive/Research/Microondas_Ramiro/code/CS_tomography/data/image_generator/test/images.pkl
2023-07-03 12:50:56,476 - root - INFO - Saving 1 images to file /Users/ccaiafa/Library/CloudStorage/GoogleDrive-ccaiafa@gmail.com/My Drive/Research/Microondas_Ramiro/code/CS_tomography/data/image_generator/test/images.pkl
2023-07-03 12:50:56,834 - root - INFO - Starting MWT solver
2023-07-03 12:50:56,834 - root - INFO - Starting MWT solver
2023-07-03 12:50:58,223 - root - INFO - iter=1/30
2023-07-03 12:50:58,223 - root - INFO - iter=1/30
2023-07-03 12:50:59,683 - root - INFO - loss after updating Electric Field = 163.11164567359467, error_E=0.22925304483141473
2023-07-03 12:50:59,683 - root - INFO - loss after updating Electric Field = 163.11164567359467, error_E=0.22925304483141473
2023-07-03 12:52:52,420 - root - INFO - Starting image generator
2023-07-03 12:52:52,420 - root - INFO - Starting image generator
2023-07-03 12:52:52,421 - root - INFO - 1 images with random number of circles (between 1 and 3) will be generated
2023-07-03 12:52:52,421 - root - INFO - 1 images with random number of circles (between 1 and 3) will be generated
2023-07-03 12:52:52,421 - root - INFO - Generating image no. 1/1
2023-07-03 12:52:52,421 - root - INFO - Generating image no. 1/1
2023-07-03 12:52:52,422 - root - INFO - The image will have 3 circles
2023-07-03 12:52:52,422 - root - INFO - The image will have 3 circles
2023-07-03 12:52:52,489 - root - INFO - Saving generated image plot to path /Users/ccaiafa/Library/CloudStorage/GoogleDrive-ccaiafa@gmail.com/My Drive/Research/Microondas_Ramiro/code/CS_tomography/logs/image_generator/images/test/image_1.png
2023-07-03 12:52:52,489 - root - INFO - Saving generated image plot to path /Users/ccaiafa/Library/CloudStorage/GoogleDrive-ccaiafa@gmail.com/My Drive/Research/Microondas_Ramiro/code/CS_tomography/logs/image_generator/images/test/image_1.png
2023-07-03 12:52:53,045 - root - INFO - Saving 1 images to file /Users/ccaiafa/Library/CloudStorage/GoogleDrive-ccaiafa@gmail.com/My Drive/Research/Microondas_Ramiro/code/CS_tomography/data/image_generator/test/images.pkl
2023-07-03 12:52:53,045 - root - INFO - Saving 1 images to file /Users/ccaiafa/Library/CloudStorage/GoogleDrive-ccaiafa@gmail.com/My Drive/Research/Microondas_Ramiro/code/CS_tomography/data/image_generator/test/images.pkl
2023-07-03 12:52:53,408 - root - INFO - Starting MWT solver
2023-07-03 12:52:53,408 - root - INFO - Starting MWT solver
2023-07-03 12:52:54,708 - root - INFO - iter=1/30
2023-07-03 12:52:54,708 - root - INFO - iter=1/30
2023-07-03 12:52:56,097 - root - INFO - loss after updating Electric Field = 187.5588080245045, error_E=0.2839099991038351
2023-07-03 12:52:56,097 - root - INFO - loss after updating Electric Field = 187.5588080245045, error_E=0.2839099991038351
2023-07-03 12:58:18,018 - root - INFO - Starting image generator
2023-07-03 12:58:18,018 - root - INFO - Starting image generator
2023-07-03 12:58:18,019 - root - INFO - 1 images with random number of circles (between 1 and 3) will be generated
2023-07-03 12:58:18,019 - root - INFO - 1 images with random number of circles (between 1 and 3) will be generated
2023-07-03 12:58:18,019 - root - INFO - Generating image no. 1/1
2023-07-03 12:58:18,019 - root - INFO - Generating image no. 1/1
2023-07-03 12:58:18,020 - root - INFO - The image will have 1 circles
2023-07-03 12:58:18,020 - root - INFO - The image will have 1 circles
2023-07-03 12:58:18,035 - root - INFO - Saving generated image plot to path /Users/ccaiafa/Library/CloudStorage/GoogleDrive-ccaiafa@gmail.com/My Drive/Research/Microondas_Ramiro/code/CS_tomography/logs/image_generator/images/test/image_1.png
2023-07-03 12:58:18,035 - root - INFO - Saving generated image plot to path /Users/ccaiafa/Library/CloudStorage/GoogleDrive-ccaiafa@gmail.com/My Drive/Research/Microondas_Ramiro/code/CS_tomography/logs/image_generator/images/test/image_1.png
2023-07-03 12:58:18,589 - root - INFO - Saving 1 images to file /Users/ccaiafa/Library/CloudStorage/GoogleDrive-ccaiafa@gmail.com/My Drive/Research/Microondas_Ramiro/code/CS_tomography/data/image_generator/test/images.pkl
2023-07-03 12:58:18,589 - root - INFO - Saving 1 images to file /Users/ccaiafa/Library/CloudStorage/GoogleDrive-ccaiafa@gmail.com/My Drive/Research/Microondas_Ramiro/code/CS_tomography/data/image_generator/test/images.pkl
2023-07-03 12:58:18,906 - root - INFO - Starting MWT solver
2023-07-03 12:58:18,906 - root - INFO - Starting MWT solver
2023-07-03 12:58:20,261 - root - INFO - iter=1/30
2023-07-03 12:58:20,261 - root - INFO - iter=1/30
2023-07-03 12:58:21,664 - root - INFO - loss after updating Electric Field = 240.00826766553521, error_E=0.280534163209449
2023-07-03 12:58:21,664 - root - INFO - loss after updating Electric Field = 240.00826766553521, error_E=0.280534163209449
2023-07-03 13:00:42,101 - root - INFO - Starting image generator
2023-07-03 13:00:42,101 - root - INFO - Starting image generator
2023-07-03 13:00:42,102 - root - INFO - 1 images with random number of circles (between 1 and 3) will be generated
2023-07-03 13:00:42,102 - root - INFO - 1 images with random number of circles (between 1 and 3) will be generated
2023-07-03 13:00:42,102 - root - INFO - Generating image no. 1/1
2023-07-03 13:00:42,102 - root - INFO - Generating image no. 1/1
2023-07-03 13:00:42,103 - root - INFO - The image will have 1 circles
2023-07-03 13:00:42,103 - root - INFO - The image will have 1 circles
2023-07-03 13:00:42,105 - root - INFO - Saving generated image plot to path /Users/ccaiafa/Library/CloudStorage/GoogleDrive-ccaiafa@gmail.com/My Drive/Research/Microondas_Ramiro/code/CS_tomography/logs/image_generator/images/test/image_1.png
2023-07-03 13:00:42,105 - root - INFO - Saving generated image plot to path /Users/ccaiafa/Library/CloudStorage/GoogleDrive-ccaiafa@gmail.com/My Drive/Research/Microondas_Ramiro/code/CS_tomography/logs/image_generator/images/test/image_1.png
2023-07-03 13:00:42,673 - root - INFO - Saving 1 images to file /Users/ccaiafa/Library/CloudStorage/GoogleDrive-ccaiafa@gmail.com/My Drive/Research/Microondas_Ramiro/code/CS_tomography/data/image_generator/test/images.pkl
2023-07-03 13:00:42,673 - root - INFO - Saving 1 images to file /Users/ccaiafa/Library/CloudStorage/GoogleDrive-ccaiafa@gmail.com/My Drive/Research/Microondas_Ramiro/code/CS_tomography/data/image_generator/test/images.pkl
2023-07-03 13:00:42,991 - root - INFO - Starting MWT solver
2023-07-03 13:00:42,991 - root - INFO - Starting MWT solver
2023-07-03 13:00:44,295 - root - INFO - iter=1/30
2023-07-03 13:00:44,295 - root - INFO - iter=1/30
2023-07-03 13:00:45,604 - root - INFO - loss after updating Electric Field = 235.14517690238475, error_E=0.28447802584947685
2023-07-03 13:00:45,604 - root - INFO - loss after updating Electric Field = 235.14517690238475, error_E=0.28447802584947685
2023-07-03 13:03:46,531 - root - INFO - Starting image generator
2023-07-03 13:03:46,531 - root - INFO - Starting image generator
2023-07-03 13:03:46,532 - root - INFO - 1 images with random number of circles (between 1 and 3) will be generated
2023-07-03 13:03:46,532 - root - INFO - 1 images with random number of circles (between 1 and 3) will be generated
2023-07-03 13:03:46,532 - root - INFO - Generating image no. 1/1
2023-07-03 13:03:46,532 - root - INFO - Generating image no. 1/1
2023-07-03 13:03:46,533 - root - INFO - The image will have 2 circles
2023-07-03 13:03:46,533 - root - INFO - The image will have 2 circles
2023-07-03 13:03:46,570 - root - INFO - Saving generated image plot to path /Users/ccaiafa/Library/CloudStorage/GoogleDrive-ccaiafa@gmail.com/My Drive/Research/Microondas_Ramiro/code/CS_tomography/logs/image_generator/images/test/image_1.png
2023-07-03 13:03:46,570 - root - INFO - Saving generated image plot to path /Users/ccaiafa/Library/CloudStorage/GoogleDrive-ccaiafa@gmail.com/My Drive/Research/Microondas_Ramiro/code/CS_tomography/logs/image_generator/images/test/image_1.png
2023-07-03 13:03:47,105 - root - INFO - Saving 1 images to file /Users/ccaiafa/Library/CloudStorage/GoogleDrive-ccaiafa@gmail.com/My Drive/Research/Microondas_Ramiro/code/CS_tomography/data/image_generator/test/images.pkl
2023-07-03 13:03:47,105 - root - INFO - Saving 1 images to file /Users/ccaiafa/Library/CloudStorage/GoogleDrive-ccaiafa@gmail.com/My Drive/Research/Microondas_Ramiro/code/CS_tomography/data/image_generator/test/images.pkl
2023-07-03 13:03:47,422 - root - INFO - Starting MWT solver
2023-07-03 13:03:47,422 - root - INFO - Starting MWT solver
2023-07-03 13:03:48,738 - root - INFO - iter=1/30
2023-07-03 13:03:48,738 - root - INFO - iter=1/30
2023-07-03 13:03:50,214 - root - INFO - loss after updating Electric Field = 334.49818560892874, error_E=0.37850532216925137
2023-07-03 13:03:50,214 - root - INFO - loss after updating Electric Field = 334.49818560892874, error_E=0.37850532216925137
2023-07-03 13:12:52,870 - root - INFO - Starting image generator
2023-07-03 13:12:52,870 - root - INFO - Starting image generator
2023-07-03 13:12:52,871 - root - INFO - 1 images with random number of circles (between 1 and 3) will be generated
2023-07-03 13:12:52,871 - root - INFO - 1 images with random number of circles (between 1 and 3) will be generated
2023-07-03 13:12:52,871 - root - INFO - Generating image no. 1/1
2023-07-03 13:12:52,871 - root - INFO - Generating image no. 1/1
2023-07-03 13:12:52,871 - root - INFO - The image will have 3 circles
2023-07-03 13:12:52,871 - root - INFO - The image will have 3 circles
2023-07-03 13:12:52,885 - root - INFO - Saving generated image plot to path /Users/ccaiafa/Library/CloudStorage/GoogleDrive-ccaiafa@gmail.com/My Drive/Research/Microondas_Ramiro/code/CS_tomography/logs/image_generator/images/test/image_1.png
2023-07-03 13:12:52,885 - root - INFO - Saving generated image plot to path /Users/ccaiafa/Library/CloudStorage/GoogleDrive-ccaiafa@gmail.com/My Drive/Research/Microondas_Ramiro/code/CS_tomography/logs/image_generator/images/test/image_1.png
2023-07-03 13:12:53,433 - root - INFO - Saving 1 images to file /Users/ccaiafa/Library/CloudStorage/GoogleDrive-ccaiafa@gmail.com/My Drive/Research/Microondas_Ramiro/code/CS_tomography/data/image_generator/test/images.pkl
2023-07-03 13:12:53,433 - root - INFO - Saving 1 images to file /Users/ccaiafa/Library/CloudStorage/GoogleDrive-ccaiafa@gmail.com/My Drive/Research/Microondas_Ramiro/code/CS_tomography/data/image_generator/test/images.pkl
2023-07-03 13:12:53,804 - root - INFO - Starting MWT solver
2023-07-03 13:12:53,804 - root - INFO - Starting MWT solver
2023-07-03 13:12:55,133 - root - INFO - iter=1/30
2023-07-03 13:12:55,133 - root - INFO - iter=1/30
2023-07-03 13:12:56,693 - root - INFO - loss after updating Electric Field = 269.6820907627321, error_E=0.33464867215270855
2023-07-03 13:12:56,693 - root - INFO - loss after updating Electric Field = 269.6820907627321, error_E=0.33464867215270855
2023-07-03 13:19:19,517 - root - INFO - Starting image generator
2023-07-03 13:19:19,517 - root - INFO - Starting image generator
2023-07-03 13:19:19,518 - root - INFO - 1 images with random number of circles (between 1 and 3) will be generated
2023-07-03 13:19:19,518 - root - INFO - 1 images with random number of circles (between 1 and 3) will be generated
2023-07-03 13:19:19,518 - root - INFO - Generating image no. 1/1
2023-07-03 13:19:19,518 - root - INFO - Generating image no. 1/1
2023-07-03 13:19:19,519 - root - INFO - The image will have 2 circles
2023-07-03 13:19:19,519 - root - INFO - The image will have 2 circles
2023-07-03 13:19:19,538 - root - INFO - Saving generated image plot to path /Users/ccaiafa/Library/CloudStorage/GoogleDrive-ccaiafa@gmail.com/My Drive/Research/Microondas_Ramiro/code/CS_tomography/logs/image_generator/images/test/image_1.png
2023-07-03 13:19:19,538 - root - INFO - Saving generated image plot to path /Users/ccaiafa/Library/CloudStorage/GoogleDrive-ccaiafa@gmail.com/My Drive/Research/Microondas_Ramiro/code/CS_tomography/logs/image_generator/images/test/image_1.png
2023-07-03 13:19:20,123 - root - INFO - Saving 1 images to file /Users/ccaiafa/Library/CloudStorage/GoogleDrive-ccaiafa@gmail.com/My Drive/Research/Microondas_Ramiro/code/CS_tomography/data/image_generator/test/images.pkl
2023-07-03 13:19:20,123 - root - INFO - Saving 1 images to file /Users/ccaiafa/Library/CloudStorage/GoogleDrive-ccaiafa@gmail.com/My Drive/Research/Microondas_Ramiro/code/CS_tomography/data/image_generator/test/images.pkl
2023-07-03 13:19:20,507 - root - INFO - Starting MWT solver
2023-07-03 13:19:20,507 - root - INFO - Starting MWT solver
2023-07-03 13:19:22,206 - root - INFO - iter=1/30
2023-07-03 13:19:22,206 - root - INFO - iter=1/30
2023-07-03 13:19:23,761 - root - INFO - loss after updating Electric Field = 208.7513787812197, error_E=0.2588231807606144
2023-07-03 13:19:23,761 - root - INFO - loss after updating Electric Field = 208.7513787812197, error_E=0.2588231807606144
2023-07-03 14:11:37,581 - root - INFO - Starting image generator
2023-07-03 14:11:37,581 - root - INFO - Starting image generator
2023-07-03 14:11:37,582 - root - INFO - 1 images with random number of circles (between 1 and 3) will be generated
2023-07-03 14:11:37,582 - root - INFO - 1 images with random number of circles (between 1 and 3) will be generated
2023-07-03 14:11:37,583 - root - INFO - Generating image no. 1/1
2023-07-03 14:11:37,583 - root - INFO - Generating image no. 1/1
2023-07-03 14:11:37,583 - root - INFO - The image will have 1 circles
2023-07-03 14:11:37,583 - root - INFO - The image will have 1 circles
2023-07-03 14:11:37,593 - root - INFO - Saving generated image plot to path /Users/ccaiafa/Library/CloudStorage/GoogleDrive-ccaiafa@gmail.com/My Drive/Research/Microondas_Ramiro/code/CS_tomography/logs/image_generator/images/test/image_1.png
2023-07-03 14:11:37,593 - root - INFO - Saving generated image plot to path /Users/ccaiafa/Library/CloudStorage/GoogleDrive-ccaiafa@gmail.com/My Drive/Research/Microondas_Ramiro/code/CS_tomography/logs/image_generator/images/test/image_1.png
2023-07-03 14:11:38,159 - root - INFO - Saving 1 images to file /Users/ccaiafa/Library/CloudStorage/GoogleDrive-ccaiafa@gmail.com/My Drive/Research/Microondas_Ramiro/code/CS_tomography/data/image_generator/test/images.pkl
2023-07-03 14:11:38,159 - root - INFO - Saving 1 images to file /Users/ccaiafa/Library/CloudStorage/GoogleDrive-ccaiafa@gmail.com/My Drive/Research/Microondas_Ramiro/code/CS_tomography/data/image_generator/test/images.pkl
2023-07-03 14:11:38,913 - root - INFO - Starting MWT solver
2023-07-03 14:11:38,913 - root - INFO - Starting MWT solver
2023-07-03 14:11:40,340 - root - INFO - iter=1/30
2023-07-03 14:11:40,340 - root - INFO - iter=1/30
2023-07-03 14:11:41,788 - root - INFO - loss after updating Electric Field = 157.4244534145065, error_E=0.2375950034649638
2023-07-03 14:11:41,788 - root - INFO - loss after updating Electric Field = 157.4244534145065, error_E=0.2375950034649638
2023-07-03 14:12:50,973 - root - INFO - Starting image generator
2023-07-03 14:12:50,973 - root - INFO - Starting image generator
2023-07-03 14:12:50,974 - root - INFO - 1 images with random number of circles (between 1 and 3) will be generated
2023-07-03 14:12:50,974 - root - INFO - 1 images with random number of circles (between 1 and 3) will be generated
2023-07-03 14:12:50,974 - root - INFO - Generating image no. 1/1
2023-07-03 14:12:50,974 - root - INFO - Generating image no. 1/1
2023-07-03 14:12:50,975 - root - INFO - The image will have 1 circles
2023-07-03 14:12:50,975 - root - INFO - The image will have 1 circles
2023-07-03 14:12:50,980 - root - INFO - Saving generated image plot to path /Users/ccaiafa/Library/CloudStorage/GoogleDrive-ccaiafa@gmail.com/My Drive/Research/Microondas_Ramiro/code/CS_tomography/logs/image_generator/images/test/image_1.png
2023-07-03 14:12:50,980 - root - INFO - Saving generated image plot to path /Users/ccaiafa/Library/CloudStorage/GoogleDrive-ccaiafa@gmail.com/My Drive/Research/Microondas_Ramiro/code/CS_tomography/logs/image_generator/images/test/image_1.png
2023-07-03 14:12:51,544 - root - INFO - Saving 1 images to file /Users/ccaiafa/Library/CloudStorage/GoogleDrive-ccaiafa@gmail.com/My Drive/Research/Microondas_Ramiro/code/CS_tomography/data/image_generator/test/images.pkl
2023-07-03 14:12:51,544 - root - INFO - Saving 1 images to file /Users/ccaiafa/Library/CloudStorage/GoogleDrive-ccaiafa@gmail.com/My Drive/Research/Microondas_Ramiro/code/CS_tomography/data/image_generator/test/images.pkl
2023-07-03 14:12:51,905 - root - INFO - Starting MWT solver
2023-07-03 14:12:51,905 - root - INFO - Starting MWT solver
2023-07-03 14:12:53,254 - root - INFO - iter=1/30
2023-07-03 14:12:53,254 - root - INFO - iter=1/30
2023-07-03 14:12:54,687 - root - INFO - loss after updating Electric Field = 217.2961729346373, error_E=0.2882121633275717
2023-07-03 14:12:54,687 - root - INFO - loss after updating Electric Field = 217.2961729346373, error_E=0.2882121633275717
2023-07-03 14:14:56,144 - root - INFO - Starting image generator
2023-07-03 14:14:56,144 - root - INFO - Starting image generator
2023-07-03 14:14:56,145 - root - INFO - 1 images with random number of circles (between 1 and 3) will be generated
2023-07-03 14:14:56,145 - root - INFO - 1 images with random number of circles (between 1 and 3) will be generated
2023-07-03 14:14:56,145 - root - INFO - Generating image no. 1/1
2023-07-03 14:14:56,145 - root - INFO - Generating image no. 1/1
2023-07-03 14:14:56,145 - root - INFO - The image will have 3 circles
2023-07-03 14:14:56,145 - root - INFO - The image will have 3 circles
2023-07-03 14:14:56,193 - root - INFO - Saving generated image plot to path /Users/ccaiafa/Library/CloudStorage/GoogleDrive-ccaiafa@gmail.com/My Drive/Research/Microondas_Ramiro/code/CS_tomography/logs/image_generator/images/test/image_1.png
2023-07-03 14:14:56,193 - root - INFO - Saving generated image plot to path /Users/ccaiafa/Library/CloudStorage/GoogleDrive-ccaiafa@gmail.com/My Drive/Research/Microondas_Ramiro/code/CS_tomography/logs/image_generator/images/test/image_1.png
2023-07-03 14:14:56,770 - root - INFO - Saving 1 images to file /Users/ccaiafa/Library/CloudStorage/GoogleDrive-ccaiafa@gmail.com/My Drive/Research/Microondas_Ramiro/code/CS_tomography/data/image_generator/test/images.pkl
2023-07-03 14:14:56,770 - root - INFO - Saving 1 images to file /Users/ccaiafa/Library/CloudStorage/GoogleDrive-ccaiafa@gmail.com/My Drive/Research/Microondas_Ramiro/code/CS_tomography/data/image_generator/test/images.pkl
2023-07-03 14:14:57,136 - root - INFO - Starting MWT solver
2023-07-03 14:14:57,136 - root - INFO - Starting MWT solver
2023-07-03 14:14:58,493 - root - INFO - iter=1/30
2023-07-03 14:14:58,493 - root - INFO - iter=1/30
2023-07-03 14:14:59,981 - root - INFO - loss after updating Electric Field = 360.2194246859553, error_E=0.39610543496542766
2023-07-03 14:14:59,981 - root - INFO - loss after updating Electric Field = 360.2194246859553, error_E=0.39610543496542766
2023-07-03 14:19:35,488 - root - INFO - Starting image generator
2023-07-03 14:19:35,488 - root - INFO - Starting image generator
2023-07-03 14:19:35,489 - root - INFO - 1 images with random number of circles (between 1 and 3) will be generated
2023-07-03 14:19:35,489 - root - INFO - 1 images with random number of circles (between 1 and 3) will be generated
2023-07-03 14:19:35,489 - root - INFO - Generating image no. 1/1
2023-07-03 14:19:35,489 - root - INFO - Generating image no. 1/1
2023-07-03 14:19:35,490 - root - INFO - The image will have 3 circles
2023-07-03 14:19:35,490 - root - INFO - The image will have 3 circles
2023-07-03 14:19:35,503 - root - INFO - Saving generated image plot to path /Users/ccaiafa/Library/CloudStorage/GoogleDrive-ccaiafa@gmail.com/My Drive/Research/Microondas_Ramiro/code/CS_tomography/logs/image_generator/images/test/image_1.png
2023-07-03 14:19:35,503 - root - INFO - Saving generated image plot to path /Users/ccaiafa/Library/CloudStorage/GoogleDrive-ccaiafa@gmail.com/My Drive/Research/Microondas_Ramiro/code/CS_tomography/logs/image_generator/images/test/image_1.png
2023-07-03 14:19:36,064 - root - INFO - Saving 1 images to file /Users/ccaiafa/Library/CloudStorage/GoogleDrive-ccaiafa@gmail.com/My Drive/Research/Microondas_Ramiro/code/CS_tomography/data/image_generator/test/images.pkl
2023-07-03 14:19:36,064 - root - INFO - Saving 1 images to file /Users/ccaiafa/Library/CloudStorage/GoogleDrive-ccaiafa@gmail.com/My Drive/Research/Microondas_Ramiro/code/CS_tomography/data/image_generator/test/images.pkl
2023-07-03 14:19:36,436 - root - INFO - Starting MWT solver
2023-07-03 14:19:36,436 - root - INFO - Starting MWT solver
2023-07-03 14:19:37,753 - root - INFO - iter=1/30
2023-07-03 14:19:37,753 - root - INFO - iter=1/30
2023-07-03 14:19:39,145 - root - INFO - loss after updating Electric Field = 163.41297437753423, error_E=0.24649157229597676
2023-07-03 14:19:39,145 - root - INFO - loss after updating Electric Field = 163.41297437753423, error_E=0.24649157229597676
2023-07-03 14:21:41,036 - root - INFO - Starting image generator
2023-07-03 14:21:41,036 - root - INFO - Starting image generator
2023-07-03 14:21:41,037 - root - INFO - 1 images with random number of circles (between 1 and 3) will be generated
2023-07-03 14:21:41,037 - root - INFO - 1 images with random number of circles (between 1 and 3) will be generated
2023-07-03 14:21:41,037 - root - INFO - Generating image no. 1/1
2023-07-03 14:21:41,037 - root - INFO - Generating image no. 1/1
2023-07-03 14:21:41,037 - root - INFO - The image will have 1 circles
2023-07-03 14:21:41,037 - root - INFO - The image will have 1 circles
2023-07-03 14:21:41,055 - root - INFO - Saving generated image plot to path /Users/ccaiafa/Library/CloudStorage/GoogleDrive-ccaiafa@gmail.com/My Drive/Research/Microondas_Ramiro/code/CS_tomography/logs/image_generator/images/test/image_1.png
2023-07-03 14:21:41,055 - root - INFO - Saving generated image plot to path /Users/ccaiafa/Library/CloudStorage/GoogleDrive-ccaiafa@gmail.com/My Drive/Research/Microondas_Ramiro/code/CS_tomography/logs/image_generator/images/test/image_1.png
2023-07-03 14:21:41,603 - root - INFO - Saving 1 images to file /Users/ccaiafa/Library/CloudStorage/GoogleDrive-ccaiafa@gmail.com/My Drive/Research/Microondas_Ramiro/code/CS_tomography/data/image_generator/test/images.pkl
2023-07-03 14:21:41,603 - root - INFO - Saving 1 images to file /Users/ccaiafa/Library/CloudStorage/GoogleDrive-ccaiafa@gmail.com/My Drive/Research/Microondas_Ramiro/code/CS_tomography/data/image_generator/test/images.pkl
2023-07-03 14:21:41,960 - root - INFO - Starting MWT solver
2023-07-03 14:21:41,960 - root - INFO - Starting MWT solver
2023-07-03 14:21:43,247 - root - INFO - iter=1/30
2023-07-03 14:21:43,247 - root - INFO - iter=1/30
2023-07-03 14:21:44,678 - root - INFO - loss after updating Electric Field = 180.32268241026733, error_E=0.27088413467984235
2023-07-03 14:21:44,678 - root - INFO - loss after updating Electric Field = 180.32268241026733, error_E=0.27088413467984235
2023-07-03 14:37:33,726 - root - INFO - Starting image generator
2023-07-03 14:37:33,726 - root - INFO - Starting image generator
2023-07-03 14:37:33,729 - root - INFO - 1 images with random number of circles (between 1 and 3) will be generated
2023-07-03 14:37:33,729 - root - INFO - 1 images with random number of circles (between 1 and 3) will be generated
2023-07-03 14:37:33,729 - root - INFO - Generating image no. 1/1
2023-07-03 14:37:33,729 - root - INFO - Generating image no. 1/1
2023-07-03 14:37:33,730 - root - INFO - The image will have 2 circles
2023-07-03 14:37:33,730 - root - INFO - The image will have 2 circles
2023-07-03 14:37:33,751 - root - INFO - Saving generated image plot to path /Users/ccaiafa/Library/CloudStorage/GoogleDrive-ccaiafa@gmail.com/My Drive/Research/Microondas_Ramiro/code/CS_tomography/logs/image_generator/images/test/image_1.png
2023-07-03 14:37:33,751 - root - INFO - Saving generated image plot to path /Users/ccaiafa/Library/CloudStorage/GoogleDrive-ccaiafa@gmail.com/My Drive/Research/Microondas_Ramiro/code/CS_tomography/logs/image_generator/images/test/image_1.png
2023-07-03 14:37:34,317 - root - INFO - Saving 1 images to file /Users/ccaiafa/Library/CloudStorage/GoogleDrive-ccaiafa@gmail.com/My Drive/Research/Microondas_Ramiro/code/CS_tomography/data/image_generator/test/images.pkl
2023-07-03 14:37:34,317 - root - INFO - Saving 1 images to file /Users/ccaiafa/Library/CloudStorage/GoogleDrive-ccaiafa@gmail.com/My Drive/Research/Microondas_Ramiro/code/CS_tomography/data/image_generator/test/images.pkl
2023-07-03 14:37:34,753 - root - INFO - Starting MWT solver
2023-07-03 14:37:34,753 - root - INFO - Starting MWT solver
2023-07-03 14:37:36,459 - root - INFO - iter=1/30
2023-07-03 14:37:36,459 - root - INFO - iter=1/30
2023-07-03 14:37:37,932 - root - INFO - loss after updating Electric Field = 180.92068562429304, error_E=0.24283312740091206
2023-07-03 14:37:37,932 - root - INFO - loss after updating Electric Field = 180.92068562429304, error_E=0.24283312740091206
2023-07-03 14:44:15,685 - root - INFO - Starting image generator
2023-07-03 14:44:15,685 - root - INFO - Starting image generator
2023-07-03 14:44:15,686 - root - INFO - 1 images with random number of circles (between 1 and 3) will be generated
2023-07-03 14:44:15,686 - root - INFO - 1 images with random number of circles (between 1 and 3) will be generated
2023-07-03 14:44:15,686 - root - INFO - Generating image no. 1/1
2023-07-03 14:44:15,686 - root - INFO - Generating image no. 1/1
2023-07-03 14:44:15,687 - root - INFO - The image will have 3 circles
2023-07-03 14:44:15,687 - root - INFO - The image will have 3 circles
2023-07-03 14:44:15,715 - root - INFO - Saving generated image plot to path /Users/ccaiafa/Library/CloudStorage/GoogleDrive-ccaiafa@gmail.com/My Drive/Research/Microondas_Ramiro/code/CS_tomography/logs/image_generator/images/test/image_1.png
2023-07-03 14:44:15,715 - root - INFO - Saving generated image plot to path /Users/ccaiafa/Library/CloudStorage/GoogleDrive-ccaiafa@gmail.com/My Drive/Research/Microondas_Ramiro/code/CS_tomography/logs/image_generator/images/test/image_1.png
2023-07-03 14:44:16,256 - root - INFO - Saving 1 images to file /Users/ccaiafa/Library/CloudStorage/GoogleDrive-ccaiafa@gmail.com/My Drive/Research/Microondas_Ramiro/code/CS_tomography/data/image_generator/test/images.pkl
2023-07-03 14:44:16,256 - root - INFO - Saving 1 images to file /Users/ccaiafa/Library/CloudStorage/GoogleDrive-ccaiafa@gmail.com/My Drive/Research/Microondas_Ramiro/code/CS_tomography/data/image_generator/test/images.pkl
2023-07-03 14:44:16,623 - root - INFO - Starting MWT solver
2023-07-03 14:44:16,623 - root - INFO - Starting MWT solver
2023-07-03 14:44:17,918 - root - INFO - iter=1/30
2023-07-03 14:44:17,918 - root - INFO - iter=1/30
2023-07-03 14:44:19,395 - root - INFO - loss after updating Electric Field = 132.2542981759249, error_E=0.2097751743271476
2023-07-03 14:44:19,395 - root - INFO - loss after updating Electric Field = 132.2542981759249, error_E=0.2097751743271476
2023-07-03 14:45:32,824 - root - INFO - Starting image generator
2023-07-03 14:45:32,824 - root - INFO - Starting image generator
2023-07-03 14:45:32,825 - root - INFO - 1 images with random number of circles (between 1 and 3) will be generated
2023-07-03 14:45:32,825 - root - INFO - 1 images with random number of circles (between 1 and 3) will be generated
2023-07-03 14:45:32,825 - root - INFO - Generating image no. 1/1
2023-07-03 14:45:32,825 - root - INFO - Generating image no. 1/1
2023-07-03 14:45:32,826 - root - INFO - The image will have 3 circles
2023-07-03 14:45:32,826 - root - INFO - The image will have 3 circles
2023-07-03 14:45:32,875 - root - INFO - Saving generated image plot to path /Users/ccaiafa/Library/CloudStorage/GoogleDrive-ccaiafa@gmail.com/My Drive/Research/Microondas_Ramiro/code/CS_tomography/logs/image_generator/images/test/image_1.png
2023-07-03 14:45:32,875 - root - INFO - Saving generated image plot to path /Users/ccaiafa/Library/CloudStorage/GoogleDrive-ccaiafa@gmail.com/My Drive/Research/Microondas_Ramiro/code/CS_tomography/logs/image_generator/images/test/image_1.png
2023-07-03 14:45:33,442 - root - INFO - Saving 1 images to file /Users/ccaiafa/Library/CloudStorage/GoogleDrive-ccaiafa@gmail.com/My Drive/Research/Microondas_Ramiro/code/CS_tomography/data/image_generator/test/images.pkl
2023-07-03 14:45:33,442 - root - INFO - Saving 1 images to file /Users/ccaiafa/Library/CloudStorage/GoogleDrive-ccaiafa@gmail.com/My Drive/Research/Microondas_Ramiro/code/CS_tomography/data/image_generator/test/images.pkl
2023-07-03 14:45:33,809 - root - INFO - Starting MWT solver
2023-07-03 14:45:33,809 - root - INFO - Starting MWT solver
2023-07-03 14:45:35,186 - root - INFO - iter=1/30
2023-07-03 14:45:35,186 - root - INFO - iter=1/30
2023-07-03 14:45:36,805 - root - INFO - loss after updating Electric Field = 249.90469835963682, error_E=0.3271373107828066
2023-07-03 14:45:36,805 - root - INFO - loss after updating Electric Field = 249.90469835963682, error_E=0.3271373107828066
2023-07-03 14:48:25,797 - root - INFO - Starting image generator
2023-07-03 14:48:25,797 - root - INFO - Starting image generator
2023-07-03 14:48:25,798 - root - INFO - 1 images with random number of circles (between 1 and 3) will be generated
2023-07-03 14:48:25,798 - root - INFO - 1 images with random number of circles (between 1 and 3) will be generated
2023-07-03 14:48:25,798 - root - INFO - Generating image no. 1/1
2023-07-03 14:48:25,798 - root - INFO - Generating image no. 1/1
2023-07-03 14:48:25,798 - root - INFO - The image will have 2 circles
2023-07-03 14:48:25,798 - root - INFO - The image will have 2 circles
2023-07-03 14:48:25,831 - root - INFO - Saving generated image plot to path /Users/ccaiafa/Library/CloudStorage/GoogleDrive-ccaiafa@gmail.com/My Drive/Research/Microondas_Ramiro/code/CS_tomography/logs/image_generator/images/test/image_1.png
2023-07-03 14:48:25,831 - root - INFO - Saving generated image plot to path /Users/ccaiafa/Library/CloudStorage/GoogleDrive-ccaiafa@gmail.com/My Drive/Research/Microondas_Ramiro/code/CS_tomography/logs/image_generator/images/test/image_1.png
2023-07-03 14:48:26,395 - root - INFO - Saving 1 images to file /Users/ccaiafa/Library/CloudStorage/GoogleDrive-ccaiafa@gmail.com/My Drive/Research/Microondas_Ramiro/code/CS_tomography/data/image_generator/test/images.pkl
2023-07-03 14:48:26,395 - root - INFO - Saving 1 images to file /Users/ccaiafa/Library/CloudStorage/GoogleDrive-ccaiafa@gmail.com/My Drive/Research/Microondas_Ramiro/code/CS_tomography/data/image_generator/test/images.pkl
2023-07-03 14:48:26,766 - root - INFO - Starting MWT solver
2023-07-03 14:48:26,766 - root - INFO - Starting MWT solver
2023-07-03 14:48:28,137 - root - INFO - iter=1/30
2023-07-03 14:48:28,137 - root - INFO - iter=1/30
2023-07-03 14:48:29,585 - root - INFO - loss after updating Electric Field = 345.245585436934, error_E=0.385955345580116
2023-07-03 14:48:29,585 - root - INFO - loss after updating Electric Field = 345.245585436934, error_E=0.385955345580116
2023-07-03 14:54:26,121 - root - INFO - Starting image generator
2023-07-03 14:54:26,121 - root - INFO - Starting image generator
2023-07-03 14:54:26,122 - root - INFO - 1 images with random number of circles (between 1 and 3) will be generated
2023-07-03 14:54:26,122 - root - INFO - 1 images with random number of circles (between 1 and 3) will be generated
2023-07-03 14:54:26,122 - root - INFO - Generating image no. 1/1
2023-07-03 14:54:26,122 - root - INFO - Generating image no. 1/1
2023-07-03 14:54:26,123 - root - INFO - The image will have 3 circles
2023-07-03 14:54:26,123 - root - INFO - The image will have 3 circles
2023-07-03 14:54:26,156 - root - INFO - Saving generated image plot to path /Users/ccaiafa/Library/CloudStorage/GoogleDrive-ccaiafa@gmail.com/My Drive/Research/Microondas_Ramiro/code/CS_tomography/logs/image_generator/images/test/image_1.png
2023-07-03 14:54:26,156 - root - INFO - Saving generated image plot to path /Users/ccaiafa/Library/CloudStorage/GoogleDrive-ccaiafa@gmail.com/My Drive/Research/Microondas_Ramiro/code/CS_tomography/logs/image_generator/images/test/image_1.png
2023-07-03 14:54:26,705 - root - INFO - Saving 1 images to file /Users/ccaiafa/Library/CloudStorage/GoogleDrive-ccaiafa@gmail.com/My Drive/Research/Microondas_Ramiro/code/CS_tomography/data/image_generator/test/images.pkl
2023-07-03 14:54:26,705 - root - INFO - Saving 1 images to file /Users/ccaiafa/Library/CloudStorage/GoogleDrive-ccaiafa@gmail.com/My Drive/Research/Microondas_Ramiro/code/CS_tomography/data/image_generator/test/images.pkl
2023-07-03 14:54:27,024 - root - INFO - Starting MWT solver
2023-07-03 14:54:27,024 - root - INFO - Starting MWT solver
2023-07-03 14:54:28,314 - root - INFO - iter=1/30
2023-07-03 14:54:28,314 - root - INFO - iter=1/30
2023-07-03 14:54:29,724 - root - INFO - loss after updating Electric Field = 309.3744635802176, error_E=0.36366098727976603
2023-07-03 14:54:29,724 - root - INFO - loss after updating Electric Field = 309.3744635802176, error_E=0.36366098727976603
2023-07-03 14:54:55,632 - root - INFO - Starting image generator
2023-07-03 14:54:55,632 - root - INFO - Starting image generator
2023-07-03 14:54:55,633 - root - INFO - 1 images with random number of circles (between 1 and 3) will be generated
2023-07-03 14:54:55,633 - root - INFO - 1 images with random number of circles (between 1 and 3) will be generated
2023-07-03 14:54:55,633 - root - INFO - Generating image no. 1/1
2023-07-03 14:54:55,633 - root - INFO - Generating image no. 1/1
2023-07-03 14:54:55,634 - root - INFO - The image will have 1 circles
2023-07-03 14:54:55,634 - root - INFO - The image will have 1 circles
2023-07-03 14:54:55,638 - root - INFO - Saving generated image plot to path /Users/ccaiafa/Library/CloudStorage/GoogleDrive-ccaiafa@gmail.com/My Drive/Research/Microondas_Ramiro/code/CS_tomography/logs/image_generator/images/test/image_1.png
2023-07-03 14:54:55,638 - root - INFO - Saving generated image plot to path /Users/ccaiafa/Library/CloudStorage/GoogleDrive-ccaiafa@gmail.com/My Drive/Research/Microondas_Ramiro/code/CS_tomography/logs/image_generator/images/test/image_1.png
2023-07-03 14:54:56,179 - root - INFO - Saving 1 images to file /Users/ccaiafa/Library/CloudStorage/GoogleDrive-ccaiafa@gmail.com/My Drive/Research/Microondas_Ramiro/code/CS_tomography/data/image_generator/test/images.pkl
2023-07-03 14:54:56,179 - root - INFO - Saving 1 images to file /Users/ccaiafa/Library/CloudStorage/GoogleDrive-ccaiafa@gmail.com/My Drive/Research/Microondas_Ramiro/code/CS_tomography/data/image_generator/test/images.pkl
2023-07-03 14:54:56,506 - root - INFO - Starting MWT solver
2023-07-03 14:54:56,506 - root - INFO - Starting MWT solver
2023-07-03 14:54:57,892 - root - INFO - iter=1/30
2023-07-03 14:54:57,892 - root - INFO - iter=1/30
2023-07-03 14:54:59,242 - root - INFO - loss after updating Electric Field = 187.08288483812203, error_E=0.2514678283177605
2023-07-03 14:54:59,242 - root - INFO - loss after updating Electric Field = 187.08288483812203, error_E=0.2514678283177605
2023-07-03 15:01:21,464 - root - INFO - Starting image generator
2023-07-03 15:01:21,464 - root - INFO - Starting image generator
2023-07-03 15:01:21,465 - root - INFO - 1 images with random number of circles (between 1 and 3) will be generated
2023-07-03 15:01:21,465 - root - INFO - 1 images with random number of circles (between 1 and 3) will be generated
2023-07-03 15:01:21,465 - root - INFO - Generating image no. 1/1
2023-07-03 15:01:21,465 - root - INFO - Generating image no. 1/1
2023-07-03 15:01:21,466 - root - INFO - The image will have 1 circles
2023-07-03 15:01:21,466 - root - INFO - The image will have 1 circles
2023-07-03 15:01:21,468 - root - INFO - Saving generated image plot to path /Users/ccaiafa/Library/CloudStorage/GoogleDrive-ccaiafa@gmail.com/My Drive/Research/Microondas_Ramiro/code/CS_tomography/logs/image_generator/images/test/image_1.png
2023-07-03 15:01:21,468 - root - INFO - Saving generated image plot to path /Users/ccaiafa/Library/CloudStorage/GoogleDrive-ccaiafa@gmail.com/My Drive/Research/Microondas_Ramiro/code/CS_tomography/logs/image_generator/images/test/image_1.png
2023-07-03 15:01:22,027 - root - INFO - Saving 1 images to file /Users/ccaiafa/Library/CloudStorage/GoogleDrive-ccaiafa@gmail.com/My Drive/Research/Microondas_Ramiro/code/CS_tomography/data/image_generator/test/images.pkl
2023-07-03 15:01:22,027 - root - INFO - Saving 1 images to file /Users/ccaiafa/Library/CloudStorage/GoogleDrive-ccaiafa@gmail.com/My Drive/Research/Microondas_Ramiro/code/CS_tomography/data/image_generator/test/images.pkl
2023-07-03 15:01:22,357 - root - INFO - Starting MWT solver
2023-07-03 15:01:22,357 - root - INFO - Starting MWT solver
2023-07-03 15:01:23,647 - root - INFO - iter=1/30
2023-07-03 15:01:23,647 - root - INFO - iter=1/30
2023-07-03 15:01:25,036 - root - INFO - loss after updating Electric Field = 208.57150263875997, error_E=0.26290093660203107
2023-07-03 15:01:25,036 - root - INFO - loss after updating Electric Field = 208.57150263875997, error_E=0.26290093660203107
2023-07-03 15:03:22,507 - root - INFO - Starting image generator
2023-07-03 15:03:22,507 - root - INFO - Starting image generator
2023-07-03 15:03:22,509 - root - INFO - 1 images with random number of circles (between 1 and 3) will be generated
2023-07-03 15:03:22,509 - root - INFO - 1 images with random number of circles (between 1 and 3) will be generated
2023-07-03 15:03:22,509 - root - INFO - Generating image no. 1/1
2023-07-03 15:03:22,509 - root - INFO - Generating image no. 1/1
2023-07-03 15:03:22,510 - root - INFO - The image will have 1 circles
2023-07-03 15:03:22,510 - root - INFO - The image will have 1 circles
2023-07-03 15:03:22,512 - root - INFO - Saving generated image plot to path /Users/ccaiafa/Library/CloudStorage/GoogleDrive-ccaiafa@gmail.com/My Drive/Research/Microondas_Ramiro/code/CS_tomography/logs/image_generator/images/test/image_1.png
2023-07-03 15:03:22,512 - root - INFO - Saving generated image plot to path /Users/ccaiafa/Library/CloudStorage/GoogleDrive-ccaiafa@gmail.com/My Drive/Research/Microondas_Ramiro/code/CS_tomography/logs/image_generator/images/test/image_1.png
2023-07-03 15:03:23,062 - root - INFO - Saving 1 images to file /Users/ccaiafa/Library/CloudStorage/GoogleDrive-ccaiafa@gmail.com/My Drive/Research/Microondas_Ramiro/code/CS_tomography/data/image_generator/test/images.pkl
2023-07-03 15:03:23,062 - root - INFO - Saving 1 images to file /Users/ccaiafa/Library/CloudStorage/GoogleDrive-ccaiafa@gmail.com/My Drive/Research/Microondas_Ramiro/code/CS_tomography/data/image_generator/test/images.pkl
2023-07-03 15:03:23,382 - root - INFO - Starting MWT solver
2023-07-03 15:03:23,382 - root - INFO - Starting MWT solver
2023-07-03 15:03:24,673 - root - INFO - iter=1/30
2023-07-03 15:03:24,673 - root - INFO - iter=1/30
2023-07-03 15:03:26,060 - root - INFO - loss after updating Electric Field = 212.85414640101578, error_E=0.2688511631312405
2023-07-03 15:03:26,060 - root - INFO - loss after updating Electric Field = 212.85414640101578, error_E=0.2688511631312405
2023-07-03 15:05:01,536 - root - INFO - loss after updating Relative Permittivities = 156.09599994641437, error_rel_perm=0.9172847941736563
2023-07-03 15:05:01,536 - root - INFO - loss after updating Relative Permittivities = 156.09599994641437, error_rel_perm=0.9172847941736563
2023-07-03 15:05:01,537 - root - INFO - iter=2/30
2023-07-03 15:05:01,537 - root - INFO - iter=2/30
2023-07-03 15:05:03,251 - root - INFO - loss after updating Electric Field = 39.65631516838446, error_E=0.11766519865029669
2023-07-03 15:05:03,251 - root - INFO - loss after updating Electric Field = 39.65631516838446, error_E=0.11766519865029669
2023-07-03 15:06:34,143 - root - INFO - loss after updating Relative Permittivities = 46.96333785502514, error_rel_perm=0.9259615613917985
2023-07-03 15:06:34,143 - root - INFO - loss after updating Relative Permittivities = 46.96333785502514, error_rel_perm=0.9259615613917985
2023-07-03 15:06:34,143 - root - INFO - iter=3/30
2023-07-03 15:06:34,143 - root - INFO - iter=3/30
2023-07-03 15:06:35,912 - root - INFO - loss after updating Electric Field = 46.01532273728633, error_E=0.12426461249236945
2023-07-03 15:06:35,912 - root - INFO - loss after updating Electric Field = 46.01532273728633, error_E=0.12426461249236945
2023-07-03 15:08:01,972 - root - INFO - loss after updating Relative Permittivities = 45.83162608699891, error_rel_perm=0.9388802570307093
2023-07-03 15:08:01,972 - root - INFO - loss after updating Relative Permittivities = 45.83162608699891, error_rel_perm=0.9388802570307093
2023-07-03 15:08:01,975 - root - INFO - iter=4/30
2023-07-03 15:08:01,975 - root - INFO - iter=4/30
2023-07-03 15:08:03,494 - root - INFO - loss after updating Electric Field = 45.63365026038643, error_E=0.12448406347299847
2023-07-03 15:08:03,494 - root - INFO - loss after updating Electric Field = 45.63365026038643, error_E=0.12448406347299847
2023-07-03 15:08:38,874 - root - INFO - Starting image generator
2023-07-03 15:08:38,874 - root - INFO - Starting image generator
2023-07-03 15:08:38,875 - root - INFO -  A fixed pattern with 3 circles will be generated
2023-07-03 15:08:38,875 - root - INFO -  A fixed pattern with 3 circles will be generated
2023-07-03 15:08:38,875 - root - INFO - Generating image no. 1/1
2023-07-03 15:08:38,875 - root - INFO - Generating image no. 1/1
2023-07-03 15:08:38,876 - root - INFO - The image will have 3 circles
2023-07-03 15:08:38,876 - root - INFO - The image will have 3 circles
2023-07-03 15:08:38,921 - root - INFO - Saving generated image plot to path /Users/ccaiafa/Library/CloudStorage/GoogleDrive-ccaiafa@gmail.com/My Drive/Research/Microondas_Ramiro/code/CS_tomography/logs/image_generator/images/test/image_1.png
2023-07-03 15:08:38,921 - root - INFO - Saving generated image plot to path /Users/ccaiafa/Library/CloudStorage/GoogleDrive-ccaiafa@gmail.com/My Drive/Research/Microondas_Ramiro/code/CS_tomography/logs/image_generator/images/test/image_1.png
2023-07-03 15:08:39,517 - root - INFO - Saving 1 images to file /Users/ccaiafa/Library/CloudStorage/GoogleDrive-ccaiafa@gmail.com/My Drive/Research/Microondas_Ramiro/code/CS_tomography/data/image_generator/test/images.pkl
2023-07-03 15:08:39,517 - root - INFO - Saving 1 images to file /Users/ccaiafa/Library/CloudStorage/GoogleDrive-ccaiafa@gmail.com/My Drive/Research/Microondas_Ramiro/code/CS_tomography/data/image_generator/test/images.pkl
2023-07-03 15:08:39,874 - root - INFO - Starting MWT solver
2023-07-03 15:08:39,874 - root - INFO - Starting MWT solver
2023-07-03 15:08:41,215 - root - INFO - iter=1/30
2023-07-03 15:08:41,215 - root - INFO - iter=1/30
2023-07-03 15:08:42,602 - root - INFO - loss after updating Electric Field = 204.5878212010702, error_E=0.29056898684539145
2023-07-03 15:08:42,602 - root - INFO - loss after updating Electric Field = 204.5878212010702, error_E=0.29056898684539145
2023-07-03 15:10:02,822 - root - INFO - loss after updating Relative Permittivities = 667.5813399952124, error_rel_perm=0.9625904368292401
2023-07-03 15:10:02,822 - root - INFO - loss after updating Relative Permittivities = 667.5813399952124, error_rel_perm=0.9625904368292401
2023-07-03 15:10:02,822 - root - INFO - iter=2/30
2023-07-03 15:10:02,822 - root - INFO - iter=2/30
2023-07-03 15:10:04,105 - root - INFO - loss after updating Electric Field = 523.9252995177417, error_E=0.39956915221698
2023-07-03 15:10:04,105 - root - INFO - loss after updating Electric Field = 523.9252995177417, error_E=0.39956915221698
2023-07-03 15:11:25,422 - root - INFO - loss after updating Relative Permittivities = 615.1466445915022, error_rel_perm=1.156753894130722
2023-07-03 15:11:25,422 - root - INFO - loss after updating Relative Permittivities = 615.1466445915022, error_rel_perm=1.156753894130722
2023-07-03 15:11:25,422 - root - INFO - iter=3/30
2023-07-03 15:11:25,422 - root - INFO - iter=3/30
2023-07-03 15:11:26,703 - root - INFO - loss after updating Electric Field = 487.40332761766535, error_E=0.45101401155267884
2023-07-03 15:11:26,703 - root - INFO - loss after updating Electric Field = 487.40332761766535, error_E=0.45101401155267884
2023-07-03 15:12:50,312 - root - INFO - loss after updating Relative Permittivities = 679.0041359149875, error_rel_perm=1.1436197808787567
2023-07-03 15:12:50,312 - root - INFO - loss after updating Relative Permittivities = 679.0041359149875, error_rel_perm=1.1436197808787567
2023-07-03 15:12:50,313 - root - INFO - iter=4/30
2023-07-03 15:12:50,313 - root - INFO - iter=4/30
2023-07-03 15:12:52,592 - root - INFO - loss after updating Electric Field = 580.951587606985, error_E=0.47698337408410146
2023-07-03 15:12:52,592 - root - INFO - loss after updating Electric Field = 580.951587606985, error_E=0.47698337408410146
2023-07-03 15:14:15,090 - root - INFO - loss after updating Relative Permittivities = 679.6566220264261, error_rel_perm=1.1641145233457633
2023-07-03 15:14:15,090 - root - INFO - loss after updating Relative Permittivities = 679.6566220264261, error_rel_perm=1.1641145233457633
2023-07-03 15:14:15,090 - root - INFO - iter=5/30
2023-07-03 15:14:15,090 - root - INFO - iter=5/30
2023-07-03 15:14:16,358 - root - INFO - loss after updating Electric Field = 610.1798229971779, error_E=0.49284956708188
2023-07-03 15:14:16,358 - root - INFO - loss after updating Electric Field = 610.1798229971779, error_E=0.49284956708188
2023-07-03 15:15:40,639 - root - INFO - loss after updating Relative Permittivities = 686.8323554330786, error_rel_perm=1.1761600578533156
2023-07-03 15:15:40,639 - root - INFO - loss after updating Relative Permittivities = 686.8323554330786, error_rel_perm=1.1761600578533156
2023-07-03 15:15:40,639 - root - INFO - iter=6/30
2023-07-03 15:15:40,639 - root - INFO - iter=6/30
2023-07-03 15:15:42,141 - root - INFO - loss after updating Electric Field = 592.8803188735881, error_E=0.4917508726370892
2023-07-03 15:15:42,141 - root - INFO - loss after updating Electric Field = 592.8803188735881, error_E=0.4917508726370892
2023-07-03 15:17:11,510 - root - INFO - loss after updating Relative Permittivities = 702.827128864014, error_rel_perm=1.2219100486714272
2023-07-03 15:17:11,510 - root - INFO - loss after updating Relative Permittivities = 702.827128864014, error_rel_perm=1.2219100486714272
2023-07-03 15:17:11,511 - root - INFO - iter=7/30
2023-07-03 15:17:11,511 - root - INFO - iter=7/30
2023-07-03 15:17:13,930 - root - INFO - loss after updating Electric Field = 536.4370121168804, error_E=0.4849680164157492
2023-07-03 15:17:13,930 - root - INFO - loss after updating Electric Field = 536.4370121168804, error_E=0.4849680164157492
2023-07-03 15:18:43,955 - root - INFO - loss after updating Relative Permittivities = 707.6431613172521, error_rel_perm=1.2058771824757908
2023-07-03 15:18:43,955 - root - INFO - loss after updating Relative Permittivities = 707.6431613172521, error_rel_perm=1.2058771824757908
2023-07-03 15:18:43,955 - root - INFO - iter=8/30
2023-07-03 15:18:43,955 - root - INFO - iter=8/30
2023-07-03 15:18:45,318 - root - INFO - loss after updating Electric Field = 521.2462800088367, error_E=0.4761209193122449
2023-07-03 15:18:45,318 - root - INFO - loss after updating Electric Field = 521.2462800088367, error_E=0.4761209193122449
2023-07-03 15:20:18,389 - root - INFO - loss after updating Relative Permittivities = 723.4952441792238, error_rel_perm=1.2298740469566125
2023-07-03 15:20:18,389 - root - INFO - loss after updating Relative Permittivities = 723.4952441792238, error_rel_perm=1.2298740469566125
2023-07-03 15:20:18,389 - root - INFO - iter=9/30
2023-07-03 15:20:18,389 - root - INFO - iter=9/30
2023-07-03 15:20:22,476 - root - INFO - loss after updating Electric Field = 511.23914265014014, error_E=0.47643737253180524
2023-07-03 15:20:22,476 - root - INFO - loss after updating Electric Field = 511.23914265014014, error_E=0.47643737253180524
2023-07-03 15:21:56,415 - root - INFO - loss after updating Relative Permittivities = 717.0180272221027, error_rel_perm=1.2262629939876624
2023-07-03 15:21:56,415 - root - INFO - loss after updating Relative Permittivities = 717.0180272221027, error_rel_perm=1.2262629939876624
2023-07-03 15:21:56,416 - root - INFO - iter=10/30
2023-07-03 15:21:56,416 - root - INFO - iter=10/30
2023-07-03 15:21:58,132 - root - INFO - loss after updating Electric Field = 486.1995348478315, error_E=0.46723773223189063
2023-07-03 15:21:58,132 - root - INFO - loss after updating Electric Field = 486.1995348478315, error_E=0.46723773223189063
2023-07-03 15:23:29,689 - root - INFO - loss after updating Relative Permittivities = 734.3575016708043, error_rel_perm=1.223521522809597
2023-07-03 15:23:29,689 - root - INFO - loss after updating Relative Permittivities = 734.3575016708043, error_rel_perm=1.223521522809597
2023-07-03 15:23:29,689 - root - INFO - iter=11/30
2023-07-03 15:23:29,689 - root - INFO - iter=11/30
2023-07-03 15:23:31,188 - root - INFO - loss after updating Electric Field = 507.7359415516802, error_E=0.47450176275676137
2023-07-03 15:23:31,188 - root - INFO - loss after updating Electric Field = 507.7359415516802, error_E=0.47450176275676137
2023-07-03 15:25:02,224 - root - INFO - loss after updating Relative Permittivities = 711.9883191336032, error_rel_perm=1.239251644881983
2023-07-03 15:25:02,224 - root - INFO - loss after updating Relative Permittivities = 711.9883191336032, error_rel_perm=1.239251644881983
2023-07-03 15:25:02,225 - root - INFO - iter=12/30
2023-07-03 15:25:02,225 - root - INFO - iter=12/30
2023-07-03 15:25:04,066 - root - INFO - loss after updating Electric Field = 447.05408792620847, error_E=0.4545117043442804
2023-07-03 15:25:04,066 - root - INFO - loss after updating Electric Field = 447.05408792620847, error_E=0.4545117043442804
2023-07-03 15:25:38,364 - root - INFO - Starting image generator
2023-07-03 15:25:38,364 - root - INFO - Starting image generator
2023-07-03 15:25:38,364 - root - INFO -  A fixed pattern with 3 circles will be generated
2023-07-03 15:25:38,364 - root - INFO -  A fixed pattern with 3 circles will be generated
2023-07-03 15:25:38,365 - root - INFO - Generating image no. 1/1
2023-07-03 15:25:38,365 - root - INFO - Generating image no. 1/1
2023-07-03 15:25:38,365 - root - INFO - The image will have 3 circles
2023-07-03 15:25:38,365 - root - INFO - The image will have 3 circles
2023-07-03 15:25:38,465 - root - INFO - Saving generated image plot to path /Users/ccaiafa/Library/CloudStorage/GoogleDrive-ccaiafa@gmail.com/My Drive/Research/Microondas_Ramiro/code/CS_tomography/logs/image_generator/images/test/image_1.png
2023-07-03 15:25:38,465 - root - INFO - Saving generated image plot to path /Users/ccaiafa/Library/CloudStorage/GoogleDrive-ccaiafa@gmail.com/My Drive/Research/Microondas_Ramiro/code/CS_tomography/logs/image_generator/images/test/image_1.png
2023-07-03 15:25:39,035 - root - INFO - Saving 1 images to file /Users/ccaiafa/Library/CloudStorage/GoogleDrive-ccaiafa@gmail.com/My Drive/Research/Microondas_Ramiro/code/CS_tomography/data/image_generator/test/images.pkl
2023-07-03 15:25:39,035 - root - INFO - Saving 1 images to file /Users/ccaiafa/Library/CloudStorage/GoogleDrive-ccaiafa@gmail.com/My Drive/Research/Microondas_Ramiro/code/CS_tomography/data/image_generator/test/images.pkl
2023-07-03 15:25:39,418 - root - INFO - Starting MWT solver
2023-07-03 15:25:39,418 - root - INFO - Starting MWT solver
2023-07-03 15:25:41,667 - root - INFO - iter=1/30
2023-07-03 15:25:41,667 - root - INFO - iter=1/30
2023-07-03 15:25:42,911 - root - INFO - loss after updating Electric Field = 213.9005009240614, error_E=0.29772301201198964
2023-07-03 15:25:42,911 - root - INFO - loss after updating Electric Field = 213.9005009240614, error_E=0.29772301201198964
2023-07-03 15:27:07,854 - root - INFO - loss after updating Relative Permittivities = 112.80542087207334, error_rel_perm=0.5932431873837107
2023-07-03 15:27:07,854 - root - INFO - loss after updating Relative Permittivities = 112.80542087207334, error_rel_perm=0.5932431873837107
2023-07-03 15:27:07,854 - root - INFO - iter=2/30
2023-07-03 15:27:07,854 - root - INFO - iter=2/30
2023-07-03 15:27:10,405 - root - INFO - loss after updating Electric Field = 46.41570329630102, error_E=0.14793789162325308
2023-07-03 15:27:10,405 - root - INFO - loss after updating Electric Field = 46.41570329630102, error_E=0.14793789162325308
2023-07-03 15:28:34,069 - root - INFO - loss after updating Relative Permittivities = 28.813398815655663, error_rel_perm=0.4631379311714123
2023-07-03 15:28:34,069 - root - INFO - loss after updating Relative Permittivities = 28.813398815655663, error_rel_perm=0.4631379311714123
2023-07-03 15:28:34,070 - root - INFO - iter=3/30
2023-07-03 15:28:34,070 - root - INFO - iter=3/30
2023-07-03 15:28:35,417 - root - INFO - loss after updating Electric Field = 18.843261897716303, error_E=0.09817426304127419
2023-07-03 15:28:35,417 - root - INFO - loss after updating Electric Field = 18.843261897716303, error_E=0.09817426304127419
2023-07-03 15:29:58,078 - root - INFO - loss after updating Relative Permittivities = 13.11201342063272, error_rel_perm=0.4036220788064
2023-07-03 15:29:58,078 - root - INFO - loss after updating Relative Permittivities = 13.11201342063272, error_rel_perm=0.4036220788064
2023-07-03 15:29:58,079 - root - INFO - iter=4/30
2023-07-03 15:29:58,079 - root - INFO - iter=4/30
2023-07-03 15:29:59,421 - root - INFO - loss after updating Electric Field = 9.63096097789291, error_E=0.07174418024001215
2023-07-03 15:29:59,421 - root - INFO - loss after updating Electric Field = 9.63096097789291, error_E=0.07174418024001215
