2023-06-15 12:21:30,849 - root - INFO - Starting image generator
2023-06-15 12:21:30,850 - root - INFO - 10 images with random number of circles (between 1 and 3) will be generated
2023-06-15 12:21:30,850 - root - INFO - Generating image no. 1/10
2023-06-15 12:21:30,851 - root - INFO - The image will have 2 circles
2023-06-15 12:21:30,874 - root - INFO - Saving generated image plot to path /Users/ccaiafa/Library/CloudStorage/GoogleDrive-ccaiafa@gmail.com/My Drive/Research/Microondas_Ramiro/code/CS_tomography/logs/image_generator/images/test/image_1.png
2023-06-15 12:21:31,459 - root - INFO - Generating image no. 2/10
2023-06-15 12:21:31,460 - root - INFO - The image will have 2 circles
2023-06-15 12:21:31,468 - root - INFO - Saving generated image plot to path /Users/ccaiafa/Library/CloudStorage/GoogleDrive-ccaiafa@gmail.com/My Drive/Research/Microondas_Ramiro/code/CS_tomography/logs/image_generator/images/test/image_2.png
2023-06-15 12:21:32,005 - root - INFO - Generating image no. 3/10
2023-06-15 12:21:32,005 - root - INFO - The image will have 1 circles
2023-06-15 12:21:32,027 - root - INFO - Saving generated image plot to path /Users/ccaiafa/Library/CloudStorage/GoogleDrive-ccaiafa@gmail.com/My Drive/Research/Microondas_Ramiro/code/CS_tomography/logs/image_generator/images/test/image_3.png
2023-06-15 12:21:32,584 - root - INFO - Generating image no. 4/10
2023-06-15 12:21:32,584 - root - INFO - The image will have 1 circles
2023-06-15 12:21:32,587 - root - INFO - Saving generated image plot to path /Users/ccaiafa/Library/CloudStorage/GoogleDrive-ccaiafa@gmail.com/My Drive/Research/Microondas_Ramiro/code/CS_tomography/logs/image_generator/images/test/image_4.png
2023-06-15 12:21:33,127 - root - INFO - Generating image no. 5/10
2023-06-15 12:21:33,128 - root - INFO - The image will have 1 circles
2023-06-15 12:21:33,130 - root - INFO - Saving generated image plot to path /Users/ccaiafa/Library/CloudStorage/GoogleDrive-ccaiafa@gmail.com/My Drive/Research/Microondas_Ramiro/code/CS_tomography/logs/image_generator/images/test/image_5.png
2023-06-15 12:21:33,735 - root - INFO - Generating image no. 6/10
2023-06-15 12:21:33,735 - root - INFO - The image will have 3 circles
2023-06-15 12:21:33,849 - root - INFO - Saving generated image plot to path /Users/ccaiafa/Library/CloudStorage/GoogleDrive-ccaiafa@gmail.com/My Drive/Research/Microondas_Ramiro/code/CS_tomography/logs/image_generator/images/test/image_6.png
2023-06-15 12:21:34,373 - root - INFO - Generating image no. 7/10
2023-06-15 12:21:34,373 - root - INFO - The image will have 1 circles
2023-06-15 12:21:34,378 - root - INFO - Saving generated image plot to path /Users/ccaiafa/Library/CloudStorage/GoogleDrive-ccaiafa@gmail.com/My Drive/Research/Microondas_Ramiro/code/CS_tomography/logs/image_generator/images/test/image_7.png
2023-06-15 12:21:34,927 - root - INFO - Generating image no. 8/10
2023-06-15 12:21:34,928 - root - INFO - The image will have 3 circles
2023-06-15 12:21:34,948 - root - INFO - Saving generated image plot to path /Users/ccaiafa/Library/CloudStorage/GoogleDrive-ccaiafa@gmail.com/My Drive/Research/Microondas_Ramiro/code/CS_tomography/logs/image_generator/images/test/image_8.png
2023-06-15 12:21:35,491 - root - INFO - Generating image no. 9/10
2023-06-15 12:21:35,491 - root - INFO - The image will have 2 circles
2023-06-15 12:21:35,518 - root - INFO - Saving generated image plot to path /Users/ccaiafa/Library/CloudStorage/GoogleDrive-ccaiafa@gmail.com/My Drive/Research/Microondas_Ramiro/code/CS_tomography/logs/image_generator/images/test/image_9.png
2023-06-15 12:21:36,075 - root - INFO - Generating image no. 10/10
2023-06-15 12:21:36,075 - root - INFO - The image will have 1 circles
2023-06-15 12:21:36,082 - root - INFO - Saving generated image plot to path /Users/ccaiafa/Library/CloudStorage/GoogleDrive-ccaiafa@gmail.com/My Drive/Research/Microondas_Ramiro/code/CS_tomography/logs/image_generator/images/test/image_10.png
2023-06-15 12:21:36,605 - root - INFO - Saving 10 images to file /Users/ccaiafa/Library/CloudStorage/GoogleDrive-ccaiafa@gmail.com/My Drive/Research/Microondas_Ramiro/code/CS_tomography/data/image_generator/test/images.pkl
2023-06-15 12:21:43,180 - root - INFO - Starting MWT solver
2023-06-15 12:21:53,950 - root - INFO - iter=1/20
2023-06-15 12:22:03,202 - root - INFO - loss after updating Electric Field = 187.2101304867364, error_E=0.24351369583826682
2023-06-15 12:24:12,626 - root - INFO - Starting image generator
2023-06-15 12:24:12,627 - root - INFO - 10 images with random number of circles (between 1 and 3) will be generated
2023-06-15 12:24:12,627 - root - INFO - Generating image no. 1/10
2023-06-15 12:24:12,628 - root - INFO - The image will have 2 circles
2023-06-15 12:24:12,639 - root - INFO - Saving generated image plot to path /Users/ccaiafa/Library/CloudStorage/GoogleDrive-ccaiafa@gmail.com/My Drive/Research/Microondas_Ramiro/code/CS_tomography/logs/image_generator/images/test/image_1.png
2023-06-15 12:24:13,190 - root - INFO - Generating image no. 2/10
2023-06-15 12:24:13,191 - root - INFO - The image will have 2 circles
2023-06-15 12:24:13,247 - root - INFO - Saving generated image plot to path /Users/ccaiafa/Library/CloudStorage/GoogleDrive-ccaiafa@gmail.com/My Drive/Research/Microondas_Ramiro/code/CS_tomography/logs/image_generator/images/test/image_2.png
2023-06-15 12:24:13,759 - root - INFO - Generating image no. 3/10
2023-06-15 12:24:13,760 - root - INFO - The image will have 2 circles
2023-06-15 12:24:13,797 - root - INFO - Saving generated image plot to path /Users/ccaiafa/Library/CloudStorage/GoogleDrive-ccaiafa@gmail.com/My Drive/Research/Microondas_Ramiro/code/CS_tomography/logs/image_generator/images/test/image_3.png
2023-06-15 12:24:14,306 - root - INFO - Generating image no. 4/10
2023-06-15 12:24:14,307 - root - INFO - The image will have 2 circles
2023-06-15 12:24:14,322 - root - INFO - Saving generated image plot to path /Users/ccaiafa/Library/CloudStorage/GoogleDrive-ccaiafa@gmail.com/My Drive/Research/Microondas_Ramiro/code/CS_tomography/logs/image_generator/images/test/image_4.png
2023-06-15 12:24:14,837 - root - INFO - Generating image no. 5/10
2023-06-15 12:24:14,837 - root - INFO - The image will have 1 circles
2023-06-15 12:24:14,843 - root - INFO - Saving generated image plot to path /Users/ccaiafa/Library/CloudStorage/GoogleDrive-ccaiafa@gmail.com/My Drive/Research/Microondas_Ramiro/code/CS_tomography/logs/image_generator/images/test/image_5.png
2023-06-15 12:24:15,427 - root - INFO - Generating image no. 6/10
2023-06-15 12:24:15,427 - root - INFO - The image will have 1 circles
2023-06-15 12:24:15,430 - root - INFO - Saving generated image plot to path /Users/ccaiafa/Library/CloudStorage/GoogleDrive-ccaiafa@gmail.com/My Drive/Research/Microondas_Ramiro/code/CS_tomography/logs/image_generator/images/test/image_6.png
2023-06-15 12:24:15,956 - root - INFO - Generating image no. 7/10
2023-06-15 12:24:15,957 - root - INFO - The image will have 3 circles
2023-06-15 12:24:16,195 - root - INFO - Saving generated image plot to path /Users/ccaiafa/Library/CloudStorage/GoogleDrive-ccaiafa@gmail.com/My Drive/Research/Microondas_Ramiro/code/CS_tomography/logs/image_generator/images/test/image_7.png
2023-06-15 12:24:16,717 - root - INFO - Generating image no. 8/10
2023-06-15 12:24:16,718 - root - INFO - The image will have 1 circles
2023-06-15 12:24:16,721 - root - INFO - Saving generated image plot to path /Users/ccaiafa/Library/CloudStorage/GoogleDrive-ccaiafa@gmail.com/My Drive/Research/Microondas_Ramiro/code/CS_tomography/logs/image_generator/images/test/image_8.png
2023-06-15 12:24:17,238 - root - INFO - Generating image no. 9/10
2023-06-15 12:24:17,239 - root - INFO - The image will have 1 circles
2023-06-15 12:24:17,241 - root - INFO - Saving generated image plot to path /Users/ccaiafa/Library/CloudStorage/GoogleDrive-ccaiafa@gmail.com/My Drive/Research/Microondas_Ramiro/code/CS_tomography/logs/image_generator/images/test/image_9.png
2023-06-15 12:24:17,771 - root - INFO - Generating image no. 10/10
2023-06-15 12:24:17,772 - root - INFO - The image will have 1 circles
2023-06-15 12:24:17,776 - root - INFO - Saving generated image plot to path /Users/ccaiafa/Library/CloudStorage/GoogleDrive-ccaiafa@gmail.com/My Drive/Research/Microondas_Ramiro/code/CS_tomography/logs/image_generator/images/test/image_10.png
2023-06-15 12:24:18,295 - root - INFO - Saving 10 images to file /Users/ccaiafa/Library/CloudStorage/GoogleDrive-ccaiafa@gmail.com/My Drive/Research/Microondas_Ramiro/code/CS_tomography/data/image_generator/test/images.pkl
2023-06-15 12:24:21,427 - root - INFO - Starting MWT solver
2023-06-15 12:24:28,724 - root - INFO - iter=1/20
2023-06-15 12:24:30,399 - root - INFO - loss after updating Electric Field = 155.40647144867233, error_E=0.24553589706177328
2023-06-15 12:31:35,295 - root - INFO - Starting image generator
2023-06-15 12:31:35,295 - root - INFO - 10 images with random number of circles (between 1 and 3) will be generated
2023-06-15 12:31:35,296 - root - INFO - Generating image no. 1/10
2023-06-15 12:31:35,296 - root - INFO - The image will have 1 circles
2023-06-15 12:31:35,304 - root - INFO - Saving generated image plot to path /Users/ccaiafa/Library/CloudStorage/GoogleDrive-ccaiafa@gmail.com/My Drive/Research/Microondas_Ramiro/code/CS_tomography/logs/image_generator/images/test/image_1.png
2023-06-15 12:31:35,881 - root - INFO - Generating image no. 2/10
2023-06-15 12:31:35,881 - root - INFO - The image will have 2 circles
2023-06-15 12:31:35,927 - root - INFO - Saving generated image plot to path /Users/ccaiafa/Library/CloudStorage/GoogleDrive-ccaiafa@gmail.com/My Drive/Research/Microondas_Ramiro/code/CS_tomography/logs/image_generator/images/test/image_2.png
2023-06-15 12:31:36,467 - root - INFO - Generating image no. 3/10
2023-06-15 12:31:36,468 - root - INFO - The image will have 3 circles
2023-06-15 12:31:36,487 - root - INFO - Saving generated image plot to path /Users/ccaiafa/Library/CloudStorage/GoogleDrive-ccaiafa@gmail.com/My Drive/Research/Microondas_Ramiro/code/CS_tomography/logs/image_generator/images/test/image_3.png
2023-06-15 12:31:37,019 - root - INFO - Generating image no. 4/10
2023-06-15 12:31:37,019 - root - INFO - The image will have 2 circles
2023-06-15 12:31:37,033 - root - INFO - Saving generated image plot to path /Users/ccaiafa/Library/CloudStorage/GoogleDrive-ccaiafa@gmail.com/My Drive/Research/Microondas_Ramiro/code/CS_tomography/logs/image_generator/images/test/image_4.png
2023-06-15 12:31:37,626 - root - INFO - Generating image no. 5/10
2023-06-15 12:31:37,627 - root - INFO - The image will have 2 circles
2023-06-15 12:31:37,635 - root - INFO - Saving generated image plot to path /Users/ccaiafa/Library/CloudStorage/GoogleDrive-ccaiafa@gmail.com/My Drive/Research/Microondas_Ramiro/code/CS_tomography/logs/image_generator/images/test/image_5.png
2023-06-15 12:31:38,146 - root - INFO - Generating image no. 6/10
2023-06-15 12:31:38,147 - root - INFO - The image will have 2 circles
2023-06-15 12:31:38,168 - root - INFO - Saving generated image plot to path /Users/ccaiafa/Library/CloudStorage/GoogleDrive-ccaiafa@gmail.com/My Drive/Research/Microondas_Ramiro/code/CS_tomography/logs/image_generator/images/test/image_6.png
2023-06-15 12:31:38,703 - root - INFO - Generating image no. 7/10
2023-06-15 12:31:38,704 - root - INFO - The image will have 3 circles
2023-06-15 12:31:38,735 - root - INFO - Saving generated image plot to path /Users/ccaiafa/Library/CloudStorage/GoogleDrive-ccaiafa@gmail.com/My Drive/Research/Microondas_Ramiro/code/CS_tomography/logs/image_generator/images/test/image_7.png
2023-06-15 12:31:39,266 - root - INFO - Generating image no. 8/10
2023-06-15 12:31:39,267 - root - INFO - The image will have 1 circles
2023-06-15 12:31:39,269 - root - INFO - Saving generated image plot to path /Users/ccaiafa/Library/CloudStorage/GoogleDrive-ccaiafa@gmail.com/My Drive/Research/Microondas_Ramiro/code/CS_tomography/logs/image_generator/images/test/image_8.png
2023-06-15 12:31:39,809 - root - INFO - Generating image no. 9/10
2023-06-15 12:31:39,810 - root - INFO - The image will have 2 circles
2023-06-15 12:31:39,878 - root - INFO - Saving generated image plot to path /Users/ccaiafa/Library/CloudStorage/GoogleDrive-ccaiafa@gmail.com/My Drive/Research/Microondas_Ramiro/code/CS_tomography/logs/image_generator/images/test/image_9.png
2023-06-15 12:31:40,429 - root - INFO - Generating image no. 10/10
2023-06-15 12:31:40,430 - root - INFO - The image will have 1 circles
2023-06-15 12:31:40,440 - root - INFO - Saving generated image plot to path /Users/ccaiafa/Library/CloudStorage/GoogleDrive-ccaiafa@gmail.com/My Drive/Research/Microondas_Ramiro/code/CS_tomography/logs/image_generator/images/test/image_10.png
2023-06-15 12:31:40,994 - root - INFO - Saving 10 images to file /Users/ccaiafa/Library/CloudStorage/GoogleDrive-ccaiafa@gmail.com/My Drive/Research/Microondas_Ramiro/code/CS_tomography/data/image_generator/test/images.pkl
2023-06-15 12:32:13,847 - root - INFO - Starting MWT solver
2023-06-15 12:32:17,042 - root - INFO - iter=1/20
2023-06-15 12:32:18,564 - root - INFO - loss after updating Electric Field = 188.32283108390104, error_E=0.2502403348767568
2023-06-15 14:40:01,964 - root - INFO - loss after updating Relative Permittivities = 81.42040865386855, error_rel_perm=2.535524893359556
2023-06-15 14:40:26,845 - root - INFO - iter=2/20
2023-06-15 14:40:35,410 - root - INFO - loss after updating Electric Field = 21.610847133006644, error_E=0.09824074219148503
2023-06-15 16:44:26,843 - root - INFO - loss after updating Relative Permittivities = 13.90612470132946, error_rel_perm=0.47027383128000316
2023-06-15 16:49:00,648 - root - INFO - iter=3/20
2023-06-15 16:49:05,578 - root - INFO - loss after updating Electric Field = 1.7926465697651612, error_E=0.023958278218283127
2023-06-15 22:53:51,178 - root - INFO - loss after updating Relative Permittivities = 0.6634570141359911, error_rel_perm=0.2827385114428922
2023-06-15 22:55:02,839 - root - INFO - iter=4/20
2023-06-15 22:55:04,233 - root - INFO - loss after updating Electric Field = 0.2439968721914016, error_E=0.009543509883310038
2023-06-15 23:40:51,085 - root - INFO - Starting image generator
2023-06-15 23:40:51,086 - root - INFO -  A fixed pattern with 3 circles will be generated
2023-06-15 23:40:51,086 - root - INFO - Generating image no. 1/1
2023-06-15 23:40:51,086 - root - INFO - The image will have 3 circles
2023-06-15 23:40:51,131 - root - INFO - Saving generated image plot to path /Users/ccaiafa/Library/CloudStorage/GoogleDrive-ccaiafa@gmail.com/My Drive/Research/Microondas_Ramiro/code/CS_tomography/logs/image_generator/images/test/image_1.png
2023-06-15 23:40:51,678 - root - INFO - Saving 1 images to file /Users/ccaiafa/Library/CloudStorage/GoogleDrive-ccaiafa@gmail.com/My Drive/Research/Microondas_Ramiro/code/CS_tomography/data/image_generator/test/images.pkl
2023-06-15 23:41:05,576 - root - INFO - Starting MWT solver
2023-06-15 23:41:06,978 - root - INFO - iter=1/10
2023-06-15 23:41:08,486 - root - INFO - loss after updating Electric Field = 200.08193152232855, error_E=0.2887364665188285
2023-06-16 01:38:30,040 - root - INFO - loss after updating Relative Permittivities = 83.50791885562361, error_rel_perm=3.2892025019239175
2023-06-16 01:38:30,041 - root - INFO - iter=2/10
2023-06-16 01:38:31,317 - root - INFO - loss after updating Electric Field = 17.549670932645146, error_E=0.17683488554006407
2023-06-16 03:35:16,183 - root - INFO - loss after updating Relative Permittivities = 17.32027400264186, error_rel_perm=3.0370045511990695
2023-06-16 03:35:16,184 - root - INFO - iter=3/10
2023-06-16 03:35:17,604 - root - INFO - loss after updating Electric Field = 13.376741999021728, error_E=0.15653683146322764
2023-06-16 05:32:11,582 - root - INFO - loss after updating Relative Permittivities = 13.041068428681399, error_rel_perm=2.8144357673463647
2023-06-16 05:32:11,582 - root - INFO - iter=4/10
2023-06-16 05:32:13,006 - root - INFO - loss after updating Electric Field = 10.989274868113187, error_E=0.14150836786756202
2023-06-16 07:29:17,462 - root - INFO - loss after updating Relative Permittivities = 10.603163542601298, error_rel_perm=2.6251696408068583
2023-06-16 07:29:17,464 - root - INFO - iter=5/10
2023-06-16 07:29:18,733 - root - INFO - loss after updating Electric Field = 9.207546569583652, error_E=0.12805230382293353
