2023-07-06 12:43:06,170 - root - INFO - Starting image generator
2023-07-06 12:43:06,170 - root - INFO - Starting image generator
2023-07-06 12:43:06,171 - root - INFO -  A fixed pattern with 3 circles will be generated
2023-07-06 12:43:06,171 - root - INFO -  A fixed pattern with 3 circles will be generated
2023-07-06 12:43:06,171 - root - INFO - Generating image no. 1/1
2023-07-06 12:43:06,171 - root - INFO - Generating image no. 1/1
2023-07-06 12:43:06,171 - root - INFO - The image will have 3 circles
2023-07-06 12:43:06,171 - root - INFO - The image will have 3 circles
2023-07-06 12:43:06,217 - root - INFO - Saving generated image plot to path /Users/ccaiafa/Library/CloudStorage/GoogleDrive-ccaiafa@gmail.com/My Drive/Research/Microondas_Ramiro/code/CS_tomography/logs/image_generator/images/test/image_1.png
2023-07-06 12:43:06,217 - root - INFO - Saving generated image plot to path /Users/ccaiafa/Library/CloudStorage/GoogleDrive-ccaiafa@gmail.com/My Drive/Research/Microondas_Ramiro/code/CS_tomography/logs/image_generator/images/test/image_1.png
2023-07-06 12:43:06,782 - root - INFO - Saving 1 images to file /Users/ccaiafa/Library/CloudStorage/GoogleDrive-ccaiafa@gmail.com/My Drive/Research/Microondas_Ramiro/code/CS_tomography/data/image_generator/test/images.pkl
2023-07-06 12:43:06,782 - root - INFO - Saving 1 images to file /Users/ccaiafa/Library/CloudStorage/GoogleDrive-ccaiafa@gmail.com/My Drive/Research/Microondas_Ramiro/code/CS_tomography/data/image_generator/test/images.pkl
2023-07-06 12:43:07,189 - root - INFO - Starting MWT solver
2023-07-06 12:43:07,189 - root - INFO - Starting MWT solver
2023-07-06 12:43:08,751 - root - INFO - iter=1/30
2023-07-06 12:43:08,751 - root - INFO - iter=1/30
2023-07-06 12:43:10,255 - root - INFO - loss after updating Electric Field = 213.74261036405875, error_E=0.2969750229299934
2023-07-06 12:43:10,255 - root - INFO - loss after updating Electric Field = 213.74261036405875, error_E=0.2969750229299934
2023-07-06 12:49:48,538 - root - INFO - Starting image generator
2023-07-06 12:49:48,538 - root - INFO - Starting image generator
2023-07-06 12:49:48,539 - root - INFO -  A fixed pattern with 3 circles will be generated
2023-07-06 12:49:48,539 - root - INFO -  A fixed pattern with 3 circles will be generated
2023-07-06 12:49:48,539 - root - INFO - Generating image no. 1/1
2023-07-06 12:49:48,539 - root - INFO - Generating image no. 1/1
2023-07-06 12:49:48,540 - root - INFO - The image will have 3 circles
2023-07-06 12:49:48,540 - root - INFO - The image will have 3 circles
2023-07-06 12:49:48,600 - root - INFO - Saving generated image plot to path /Users/ccaiafa/Library/CloudStorage/GoogleDrive-ccaiafa@gmail.com/My Drive/Research/Microondas_Ramiro/code/CS_tomography/logs/image_generator/images/test/image_1.png
2023-07-06 12:49:48,600 - root - INFO - Saving generated image plot to path /Users/ccaiafa/Library/CloudStorage/GoogleDrive-ccaiafa@gmail.com/My Drive/Research/Microondas_Ramiro/code/CS_tomography/logs/image_generator/images/test/image_1.png
2023-07-06 12:49:49,148 - root - INFO - Saving 1 images to file /Users/ccaiafa/Library/CloudStorage/GoogleDrive-ccaiafa@gmail.com/My Drive/Research/Microondas_Ramiro/code/CS_tomography/data/image_generator/test/images.pkl
2023-07-06 12:49:49,148 - root - INFO - Saving 1 images to file /Users/ccaiafa/Library/CloudStorage/GoogleDrive-ccaiafa@gmail.com/My Drive/Research/Microondas_Ramiro/code/CS_tomography/data/image_generator/test/images.pkl
2023-07-06 12:49:49,504 - root - INFO - Starting MWT solver
2023-07-06 12:49:49,504 - root - INFO - Starting MWT solver
2023-07-06 12:49:50,805 - root - INFO - iter=1/30
2023-07-06 12:49:50,805 - root - INFO - iter=1/30
2023-07-06 12:49:52,234 - root - INFO - loss after updating Electric Field = 206.01892612625102, error_E=0.2915716500621898
2023-07-06 12:49:52,234 - root - INFO - loss after updating Electric Field = 206.01892612625102, error_E=0.2915716500621898
2023-07-06 13:01:13,927 - root - INFO - Starting image generator
2023-07-06 13:01:13,927 - root - INFO - Starting image generator
2023-07-06 13:01:13,927 - root - INFO -  A fixed pattern with 3 circles will be generated
2023-07-06 13:01:13,927 - root - INFO -  A fixed pattern with 3 circles will be generated
2023-07-06 13:01:13,928 - root - INFO - Generating image no. 1/1
2023-07-06 13:01:13,928 - root - INFO - Generating image no. 1/1
2023-07-06 13:01:13,928 - root - INFO - The image will have 3 circles
2023-07-06 13:01:13,928 - root - INFO - The image will have 3 circles
2023-07-06 13:01:13,975 - root - INFO - Saving generated image plot to path /Users/ccaiafa/Library/CloudStorage/GoogleDrive-ccaiafa@gmail.com/My Drive/Research/Microondas_Ramiro/code/CS_tomography/logs/image_generator/images/test/image_1.png
2023-07-06 13:01:13,975 - root - INFO - Saving generated image plot to path /Users/ccaiafa/Library/CloudStorage/GoogleDrive-ccaiafa@gmail.com/My Drive/Research/Microondas_Ramiro/code/CS_tomography/logs/image_generator/images/test/image_1.png
2023-07-06 13:01:14,526 - root - INFO - Saving 1 images to file /Users/ccaiafa/Library/CloudStorage/GoogleDrive-ccaiafa@gmail.com/My Drive/Research/Microondas_Ramiro/code/CS_tomography/data/image_generator/test/images.pkl
2023-07-06 13:01:14,526 - root - INFO - Saving 1 images to file /Users/ccaiafa/Library/CloudStorage/GoogleDrive-ccaiafa@gmail.com/My Drive/Research/Microondas_Ramiro/code/CS_tomography/data/image_generator/test/images.pkl
2023-07-06 13:01:14,873 - root - INFO - Starting MWT solver
2023-07-06 13:01:14,873 - root - INFO - Starting MWT solver
2023-07-06 13:01:16,209 - root - INFO - iter=1/30
2023-07-06 13:01:16,209 - root - INFO - iter=1/30
2023-07-06 13:01:17,667 - root - INFO - loss after updating Electric Field = 214.8542964133624, error_E=0.297510715966896
2023-07-06 13:01:17,667 - root - INFO - loss after updating Electric Field = 214.8542964133624, error_E=0.297510715966896
2023-07-06 13:02:22,647 - root - INFO - Starting image generator
2023-07-06 13:02:22,647 - root - INFO - Starting image generator
2023-07-06 13:02:22,648 - root - INFO -  A fixed pattern with 3 circles will be generated
2023-07-06 13:02:22,648 - root - INFO -  A fixed pattern with 3 circles will be generated
2023-07-06 13:02:22,648 - root - INFO - Generating image no. 1/1
2023-07-06 13:02:22,648 - root - INFO - Generating image no. 1/1
2023-07-06 13:02:22,649 - root - INFO - The image will have 3 circles
2023-07-06 13:02:22,649 - root - INFO - The image will have 3 circles
2023-07-06 13:02:22,700 - root - INFO - Saving generated image plot to path /Users/ccaiafa/Library/CloudStorage/GoogleDrive-ccaiafa@gmail.com/My Drive/Research/Microondas_Ramiro/code/CS_tomography/logs/image_generator/images/test/image_1.png
2023-07-06 13:02:22,700 - root - INFO - Saving generated image plot to path /Users/ccaiafa/Library/CloudStorage/GoogleDrive-ccaiafa@gmail.com/My Drive/Research/Microondas_Ramiro/code/CS_tomography/logs/image_generator/images/test/image_1.png
2023-07-06 13:02:23,245 - root - INFO - Saving 1 images to file /Users/ccaiafa/Library/CloudStorage/GoogleDrive-ccaiafa@gmail.com/My Drive/Research/Microondas_Ramiro/code/CS_tomography/data/image_generator/test/images.pkl
2023-07-06 13:02:23,245 - root - INFO - Saving 1 images to file /Users/ccaiafa/Library/CloudStorage/GoogleDrive-ccaiafa@gmail.com/My Drive/Research/Microondas_Ramiro/code/CS_tomography/data/image_generator/test/images.pkl
2023-07-06 13:02:23,568 - root - INFO - Starting MWT solver
2023-07-06 13:02:23,568 - root - INFO - Starting MWT solver
2023-07-06 13:02:25,185 - root - INFO - iter=1/30
2023-07-06 13:02:25,185 - root - INFO - iter=1/30
2023-07-06 13:02:26,795 - root - INFO - loss after updating Electric Field = 210.71358409277593, error_E=0.29541247785033387
2023-07-06 13:02:26,795 - root - INFO - loss after updating Electric Field = 210.71358409277593, error_E=0.29541247785033387
2023-07-06 13:04:37,403 - root - INFO - Starting image generator
2023-07-06 13:04:37,403 - root - INFO - Starting image generator
2023-07-06 13:04:37,404 - root - INFO -  A fixed pattern with 3 circles will be generated
2023-07-06 13:04:37,404 - root - INFO -  A fixed pattern with 3 circles will be generated
2023-07-06 13:04:37,404 - root - INFO - Generating image no. 1/1
2023-07-06 13:04:37,404 - root - INFO - Generating image no. 1/1
2023-07-06 13:04:37,405 - root - INFO - The image will have 3 circles
2023-07-06 13:04:37,405 - root - INFO - The image will have 3 circles
2023-07-06 13:04:37,491 - root - INFO - Saving generated image plot to path /Users/ccaiafa/Library/CloudStorage/GoogleDrive-ccaiafa@gmail.com/My Drive/Research/Microondas_Ramiro/code/CS_tomography/logs/image_generator/images/test/image_1.png
2023-07-06 13:04:37,491 - root - INFO - Saving generated image plot to path /Users/ccaiafa/Library/CloudStorage/GoogleDrive-ccaiafa@gmail.com/My Drive/Research/Microondas_Ramiro/code/CS_tomography/logs/image_generator/images/test/image_1.png
2023-07-06 13:04:38,041 - root - INFO - Saving 1 images to file /Users/ccaiafa/Library/CloudStorage/GoogleDrive-ccaiafa@gmail.com/My Drive/Research/Microondas_Ramiro/code/CS_tomography/data/image_generator/test/images.pkl
2023-07-06 13:04:38,041 - root - INFO - Saving 1 images to file /Users/ccaiafa/Library/CloudStorage/GoogleDrive-ccaiafa@gmail.com/My Drive/Research/Microondas_Ramiro/code/CS_tomography/data/image_generator/test/images.pkl
2023-07-06 13:04:38,376 - root - INFO - Starting MWT solver
2023-07-06 13:04:38,376 - root - INFO - Starting MWT solver
2023-07-06 13:04:39,696 - root - INFO - iter=1/30
2023-07-06 13:04:39,696 - root - INFO - iter=1/30
2023-07-06 13:04:41,001 - root - INFO - loss after updating Electric Field = 213.0259267967214, error_E=0.2939622835035139
2023-07-06 13:04:41,001 - root - INFO - loss after updating Electric Field = 213.0259267967214, error_E=0.2939622835035139
2023-07-06 13:16:14,747 - root - INFO - Starting image generator
2023-07-06 13:16:14,747 - root - INFO - Starting image generator
2023-07-06 13:16:14,748 - root - INFO -  A fixed pattern with 3 circles will be generated
2023-07-06 13:16:14,748 - root - INFO -  A fixed pattern with 3 circles will be generated
2023-07-06 13:16:14,748 - root - INFO - Generating image no. 1/1
2023-07-06 13:16:14,748 - root - INFO - Generating image no. 1/1
2023-07-06 13:16:14,749 - root - INFO - The image will have 3 circles
2023-07-06 13:16:14,749 - root - INFO - The image will have 3 circles
2023-07-06 13:16:14,798 - root - INFO - Saving generated image plot to path /Users/ccaiafa/Library/CloudStorage/GoogleDrive-ccaiafa@gmail.com/My Drive/Research/Microondas_Ramiro/code/CS_tomography/logs/image_generator/images/test/image_1.png
2023-07-06 13:16:14,798 - root - INFO - Saving generated image plot to path /Users/ccaiafa/Library/CloudStorage/GoogleDrive-ccaiafa@gmail.com/My Drive/Research/Microondas_Ramiro/code/CS_tomography/logs/image_generator/images/test/image_1.png
2023-07-06 13:16:15,347 - root - INFO - Saving 1 images to file /Users/ccaiafa/Library/CloudStorage/GoogleDrive-ccaiafa@gmail.com/My Drive/Research/Microondas_Ramiro/code/CS_tomography/data/image_generator/test/images.pkl
2023-07-06 13:16:15,347 - root - INFO - Saving 1 images to file /Users/ccaiafa/Library/CloudStorage/GoogleDrive-ccaiafa@gmail.com/My Drive/Research/Microondas_Ramiro/code/CS_tomography/data/image_generator/test/images.pkl
2023-07-06 13:16:15,670 - root - INFO - Starting MWT solver
2023-07-06 13:16:15,670 - root - INFO - Starting MWT solver
2023-07-06 13:16:17,329 - root - INFO - iter=1/30
2023-07-06 13:16:17,329 - root - INFO - iter=1/30
2023-07-06 13:16:18,587 - root - INFO - loss after updating Electric Field = 209.00372938108111, error_E=0.29404635865645185
2023-07-06 13:16:18,587 - root - INFO - loss after updating Electric Field = 209.00372938108111, error_E=0.29404635865645185
2023-07-06 13:27:16,304 - root - INFO - Starting image generator
2023-07-06 13:27:16,304 - root - INFO - Starting image generator
2023-07-06 13:27:16,305 - root - INFO -  A fixed pattern with 3 circles will be generated
2023-07-06 13:27:16,305 - root - INFO -  A fixed pattern with 3 circles will be generated
2023-07-06 13:27:16,306 - root - INFO - Generating image no. 1/1
2023-07-06 13:27:16,306 - root - INFO - Generating image no. 1/1
2023-07-06 13:27:16,306 - root - INFO - The image will have 3 circles
2023-07-06 13:27:16,306 - root - INFO - The image will have 3 circles
2023-07-06 13:27:16,358 - root - INFO - Saving generated image plot to path /Users/ccaiafa/Library/CloudStorage/GoogleDrive-ccaiafa@gmail.com/My Drive/Research/Microondas_Ramiro/code/CS_tomography/logs/image_generator/images/test/image_1.png
2023-07-06 13:27:16,358 - root - INFO - Saving generated image plot to path /Users/ccaiafa/Library/CloudStorage/GoogleDrive-ccaiafa@gmail.com/My Drive/Research/Microondas_Ramiro/code/CS_tomography/logs/image_generator/images/test/image_1.png
2023-07-06 13:27:16,913 - root - INFO - Saving 1 images to file /Users/ccaiafa/Library/CloudStorage/GoogleDrive-ccaiafa@gmail.com/My Drive/Research/Microondas_Ramiro/code/CS_tomography/data/image_generator/test/images.pkl
2023-07-06 13:27:16,913 - root - INFO - Saving 1 images to file /Users/ccaiafa/Library/CloudStorage/GoogleDrive-ccaiafa@gmail.com/My Drive/Research/Microondas_Ramiro/code/CS_tomography/data/image_generator/test/images.pkl
2023-07-06 13:27:17,247 - root - INFO - Starting MWT solver
2023-07-06 13:27:17,247 - root - INFO - Starting MWT solver
2023-07-06 13:27:18,598 - root - INFO - iter=1/30
2023-07-06 13:27:18,598 - root - INFO - iter=1/30
2023-07-06 13:27:20,081 - root - INFO - loss after updating Electric Field = 207.81615795870673, error_E=0.2925004797213198
2023-07-06 13:27:20,081 - root - INFO - loss after updating Electric Field = 207.81615795870673, error_E=0.2925004797213198
2023-07-06 13:28:11,937 - root - INFO - Starting image generator
2023-07-06 13:28:11,937 - root - INFO - Starting image generator
2023-07-06 13:28:11,937 - root - INFO -  A fixed pattern with 3 circles will be generated
2023-07-06 13:28:11,937 - root - INFO -  A fixed pattern with 3 circles will be generated
2023-07-06 13:28:11,938 - root - INFO - Generating image no. 1/1
2023-07-06 13:28:11,938 - root - INFO - Generating image no. 1/1
2023-07-06 13:28:11,938 - root - INFO - The image will have 3 circles
2023-07-06 13:28:11,938 - root - INFO - The image will have 3 circles
2023-07-06 13:28:11,987 - root - INFO - Saving generated image plot to path /Users/ccaiafa/Library/CloudStorage/GoogleDrive-ccaiafa@gmail.com/My Drive/Research/Microondas_Ramiro/code/CS_tomography/logs/image_generator/images/test/image_1.png
2023-07-06 13:28:11,987 - root - INFO - Saving generated image plot to path /Users/ccaiafa/Library/CloudStorage/GoogleDrive-ccaiafa@gmail.com/My Drive/Research/Microondas_Ramiro/code/CS_tomography/logs/image_generator/images/test/image_1.png
2023-07-06 13:28:12,542 - root - INFO - Saving 1 images to file /Users/ccaiafa/Library/CloudStorage/GoogleDrive-ccaiafa@gmail.com/My Drive/Research/Microondas_Ramiro/code/CS_tomography/data/image_generator/test/images.pkl
2023-07-06 13:28:12,542 - root - INFO - Saving 1 images to file /Users/ccaiafa/Library/CloudStorage/GoogleDrive-ccaiafa@gmail.com/My Drive/Research/Microondas_Ramiro/code/CS_tomography/data/image_generator/test/images.pkl
2023-07-06 13:28:12,870 - root - INFO - Starting MWT solver
2023-07-06 13:28:12,870 - root - INFO - Starting MWT solver
2023-07-06 13:28:14,163 - root - INFO - iter=1/30
2023-07-06 13:28:14,163 - root - INFO - iter=1/30
2023-07-06 13:28:15,596 - root - INFO - loss after updating Electric Field = 206.74398212795452, error_E=0.29095845947642623
2023-07-06 13:28:15,596 - root - INFO - loss after updating Electric Field = 206.74398212795452, error_E=0.29095845947642623
2023-07-06 13:30:33,002 - root - INFO - Starting image generator
2023-07-06 13:30:33,002 - root - INFO - Starting image generator
2023-07-06 13:30:33,003 - root - INFO -  A fixed pattern with 3 circles will be generated
2023-07-06 13:30:33,003 - root - INFO -  A fixed pattern with 3 circles will be generated
2023-07-06 13:30:33,003 - root - INFO - Generating image no. 1/1
2023-07-06 13:30:33,003 - root - INFO - Generating image no. 1/1
2023-07-06 13:30:33,004 - root - INFO - The image will have 3 circles
2023-07-06 13:30:33,004 - root - INFO - The image will have 3 circles
2023-07-06 13:30:33,084 - root - INFO - Saving generated image plot to path /Users/ccaiafa/Library/CloudStorage/GoogleDrive-ccaiafa@gmail.com/My Drive/Research/Microondas_Ramiro/code/CS_tomography/logs/image_generator/images/test/image_1.png
2023-07-06 13:30:33,084 - root - INFO - Saving generated image plot to path /Users/ccaiafa/Library/CloudStorage/GoogleDrive-ccaiafa@gmail.com/My Drive/Research/Microondas_Ramiro/code/CS_tomography/logs/image_generator/images/test/image_1.png
2023-07-06 13:30:33,641 - root - INFO - Saving 1 images to file /Users/ccaiafa/Library/CloudStorage/GoogleDrive-ccaiafa@gmail.com/My Drive/Research/Microondas_Ramiro/code/CS_tomography/data/image_generator/test/images.pkl
2023-07-06 13:30:33,641 - root - INFO - Saving 1 images to file /Users/ccaiafa/Library/CloudStorage/GoogleDrive-ccaiafa@gmail.com/My Drive/Research/Microondas_Ramiro/code/CS_tomography/data/image_generator/test/images.pkl
2023-07-06 13:30:33,989 - root - INFO - Starting MWT solver
2023-07-06 13:30:33,989 - root - INFO - Starting MWT solver
2023-07-06 13:30:35,304 - root - INFO - iter=1/30
2023-07-06 13:30:35,304 - root - INFO - iter=1/30
2023-07-06 13:30:36,801 - root - INFO - loss after updating Electric Field = 205.78294636788098, error_E=0.2912545938062204
2023-07-06 13:30:36,801 - root - INFO - loss after updating Electric Field = 205.78294636788098, error_E=0.2912545938062204
2023-07-06 13:31:10,089 - root - INFO - Starting image generator
2023-07-06 13:31:10,089 - root - INFO - Starting image generator
2023-07-06 13:31:10,090 - root - INFO -  A fixed pattern with 3 circles will be generated
2023-07-06 13:31:10,090 - root - INFO -  A fixed pattern with 3 circles will be generated
2023-07-06 13:31:10,090 - root - INFO - Generating image no. 1/1
2023-07-06 13:31:10,090 - root - INFO - Generating image no. 1/1
2023-07-06 13:31:10,091 - root - INFO - The image will have 3 circles
2023-07-06 13:31:10,091 - root - INFO - The image will have 3 circles
2023-07-06 13:31:10,144 - root - INFO - Saving generated image plot to path /Users/ccaiafa/Library/CloudStorage/GoogleDrive-ccaiafa@gmail.com/My Drive/Research/Microondas_Ramiro/code/CS_tomography/logs/image_generator/images/test/image_1.png
2023-07-06 13:31:10,144 - root - INFO - Saving generated image plot to path /Users/ccaiafa/Library/CloudStorage/GoogleDrive-ccaiafa@gmail.com/My Drive/Research/Microondas_Ramiro/code/CS_tomography/logs/image_generator/images/test/image_1.png
2023-07-06 13:31:10,711 - root - INFO - Saving 1 images to file /Users/ccaiafa/Library/CloudStorage/GoogleDrive-ccaiafa@gmail.com/My Drive/Research/Microondas_Ramiro/code/CS_tomography/data/image_generator/test/images.pkl
2023-07-06 13:31:10,711 - root - INFO - Saving 1 images to file /Users/ccaiafa/Library/CloudStorage/GoogleDrive-ccaiafa@gmail.com/My Drive/Research/Microondas_Ramiro/code/CS_tomography/data/image_generator/test/images.pkl
2023-07-06 13:31:11,049 - root - INFO - Starting MWT solver
2023-07-06 13:31:11,049 - root - INFO - Starting MWT solver
2023-07-06 13:31:12,376 - root - INFO - iter=1/30
2023-07-06 13:31:12,376 - root - INFO - iter=1/30
2023-07-06 13:31:13,987 - root - INFO - loss after updating Electric Field = 208.7044604252923, error_E=0.29515888107468136
2023-07-06 13:31:13,987 - root - INFO - loss after updating Electric Field = 208.7044604252923, error_E=0.29515888107468136
2023-07-06 13:36:00,541 - root - INFO - Starting image generator
2023-07-06 13:36:00,541 - root - INFO - Starting image generator
2023-07-06 13:36:00,541 - root - INFO -  A fixed pattern with 3 circles will be generated
2023-07-06 13:36:00,541 - root - INFO -  A fixed pattern with 3 circles will be generated
2023-07-06 13:36:00,542 - root - INFO - Generating image no. 1/1
2023-07-06 13:36:00,542 - root - INFO - Generating image no. 1/1
2023-07-06 13:36:00,542 - root - INFO - The image will have 3 circles
2023-07-06 13:36:00,542 - root - INFO - The image will have 3 circles
2023-07-06 13:36:00,593 - root - INFO - Saving generated image plot to path /Users/ccaiafa/Library/CloudStorage/GoogleDrive-ccaiafa@gmail.com/My Drive/Research/Microondas_Ramiro/code/CS_tomography/logs/image_generator/images/test/image_1.png
2023-07-06 13:36:00,593 - root - INFO - Saving generated image plot to path /Users/ccaiafa/Library/CloudStorage/GoogleDrive-ccaiafa@gmail.com/My Drive/Research/Microondas_Ramiro/code/CS_tomography/logs/image_generator/images/test/image_1.png
2023-07-06 13:36:01,135 - root - INFO - Saving 1 images to file /Users/ccaiafa/Library/CloudStorage/GoogleDrive-ccaiafa@gmail.com/My Drive/Research/Microondas_Ramiro/code/CS_tomography/data/image_generator/test/images.pkl
2023-07-06 13:36:01,135 - root - INFO - Saving 1 images to file /Users/ccaiafa/Library/CloudStorage/GoogleDrive-ccaiafa@gmail.com/My Drive/Research/Microondas_Ramiro/code/CS_tomography/data/image_generator/test/images.pkl
2023-07-06 13:36:01,460 - root - INFO - Starting MWT solver
2023-07-06 13:36:01,460 - root - INFO - Starting MWT solver
2023-07-06 13:36:03,077 - root - INFO - iter=1/30
2023-07-06 13:36:03,077 - root - INFO - iter=1/30
2023-07-06 13:36:04,647 - root - INFO - loss after updating Electric Field = 216.38816517100034, error_E=0.2964000902289236
2023-07-06 13:36:04,647 - root - INFO - loss after updating Electric Field = 216.38816517100034, error_E=0.2964000902289236
2023-07-06 13:45:27,041 - root - INFO - Starting image generator
2023-07-06 13:45:27,041 - root - INFO - Starting image generator
2023-07-06 13:45:27,042 - root - INFO -  A fixed pattern with 3 circles will be generated
2023-07-06 13:45:27,042 - root - INFO -  A fixed pattern with 3 circles will be generated
2023-07-06 13:45:27,042 - root - INFO - Generating image no. 1/1
2023-07-06 13:45:27,042 - root - INFO - Generating image no. 1/1
2023-07-06 13:45:27,042 - root - INFO - The image will have 3 circles
2023-07-06 13:45:27,042 - root - INFO - The image will have 3 circles
2023-07-06 13:45:27,130 - root - INFO - Saving generated image plot to path /Users/ccaiafa/Library/CloudStorage/GoogleDrive-ccaiafa@gmail.com/My Drive/Research/Microondas_Ramiro/code/CS_tomography/logs/image_generator/images/test/image_1.png
2023-07-06 13:45:27,130 - root - INFO - Saving generated image plot to path /Users/ccaiafa/Library/CloudStorage/GoogleDrive-ccaiafa@gmail.com/My Drive/Research/Microondas_Ramiro/code/CS_tomography/logs/image_generator/images/test/image_1.png
2023-07-06 13:45:27,681 - root - INFO - Saving 1 images to file /Users/ccaiafa/Library/CloudStorage/GoogleDrive-ccaiafa@gmail.com/My Drive/Research/Microondas_Ramiro/code/CS_tomography/data/image_generator/test/images.pkl
2023-07-06 13:45:27,681 - root - INFO - Saving 1 images to file /Users/ccaiafa/Library/CloudStorage/GoogleDrive-ccaiafa@gmail.com/My Drive/Research/Microondas_Ramiro/code/CS_tomography/data/image_generator/test/images.pkl
2023-07-06 13:45:28,028 - root - INFO - Starting MWT solver
2023-07-06 13:45:28,028 - root - INFO - Starting MWT solver
2023-07-06 13:45:29,443 - root - INFO - iter=1/30
2023-07-06 13:45:29,443 - root - INFO - iter=1/30
2023-07-06 13:45:30,984 - root - INFO - loss after updating Electric Field = 211.0213581001704, error_E=0.29379606140036196
2023-07-06 13:45:30,984 - root - INFO - loss after updating Electric Field = 211.0213581001704, error_E=0.29379606140036196
2023-07-06 13:48:00,187 - root - INFO - Starting image generator
2023-07-06 13:48:00,187 - root - INFO - Starting image generator
2023-07-06 13:48:00,187 - root - INFO -  A fixed pattern with 3 circles will be generated
2023-07-06 13:48:00,187 - root - INFO -  A fixed pattern with 3 circles will be generated
2023-07-06 13:48:00,188 - root - INFO - Generating image no. 1/1
2023-07-06 13:48:00,188 - root - INFO - Generating image no. 1/1
2023-07-06 13:48:00,188 - root - INFO - The image will have 3 circles
2023-07-06 13:48:00,188 - root - INFO - The image will have 3 circles
2023-07-06 13:48:00,235 - root - INFO - Saving generated image plot to path /Users/ccaiafa/Library/CloudStorage/GoogleDrive-ccaiafa@gmail.com/My Drive/Research/Microondas_Ramiro/code/CS_tomography/logs/image_generator/images/test/image_1.png
2023-07-06 13:48:00,235 - root - INFO - Saving generated image plot to path /Users/ccaiafa/Library/CloudStorage/GoogleDrive-ccaiafa@gmail.com/My Drive/Research/Microondas_Ramiro/code/CS_tomography/logs/image_generator/images/test/image_1.png
2023-07-06 13:48:00,790 - root - INFO - Saving 1 images to file /Users/ccaiafa/Library/CloudStorage/GoogleDrive-ccaiafa@gmail.com/My Drive/Research/Microondas_Ramiro/code/CS_tomography/data/image_generator/test/images.pkl
2023-07-06 13:48:00,790 - root - INFO - Saving 1 images to file /Users/ccaiafa/Library/CloudStorage/GoogleDrive-ccaiafa@gmail.com/My Drive/Research/Microondas_Ramiro/code/CS_tomography/data/image_generator/test/images.pkl
2023-07-06 13:48:01,121 - root - INFO - Starting MWT solver
2023-07-06 13:48:01,121 - root - INFO - Starting MWT solver
2023-07-06 13:48:02,456 - root - INFO - iter=1/30
2023-07-06 13:48:02,456 - root - INFO - iter=1/30
2023-07-06 13:48:03,650 - root - INFO - loss after updating Electric Field = 200.27267502838134, error_E=0.28804034332604084
2023-07-06 13:48:03,650 - root - INFO - loss after updating Electric Field = 200.27267502838134, error_E=0.28804034332604084
2023-07-06 13:49:57,303 - root - INFO - Starting image generator
2023-07-06 13:49:57,303 - root - INFO - Starting image generator
2023-07-06 13:49:57,304 - root - INFO -  A fixed pattern with 3 circles will be generated
2023-07-06 13:49:57,304 - root - INFO -  A fixed pattern with 3 circles will be generated
2023-07-06 13:49:57,304 - root - INFO - Generating image no. 1/1
2023-07-06 13:49:57,304 - root - INFO - Generating image no. 1/1
2023-07-06 13:49:57,304 - root - INFO - The image will have 3 circles
2023-07-06 13:49:57,304 - root - INFO - The image will have 3 circles
2023-07-06 13:49:57,370 - root - INFO - Saving generated image plot to path /Users/ccaiafa/Library/CloudStorage/GoogleDrive-ccaiafa@gmail.com/My Drive/Research/Microondas_Ramiro/code/CS_tomography/logs/image_generator/images/test/image_1.png
2023-07-06 13:49:57,370 - root - INFO - Saving generated image plot to path /Users/ccaiafa/Library/CloudStorage/GoogleDrive-ccaiafa@gmail.com/My Drive/Research/Microondas_Ramiro/code/CS_tomography/logs/image_generator/images/test/image_1.png
2023-07-06 13:49:57,922 - root - INFO - Saving 1 images to file /Users/ccaiafa/Library/CloudStorage/GoogleDrive-ccaiafa@gmail.com/My Drive/Research/Microondas_Ramiro/code/CS_tomography/data/image_generator/test/images.pkl
2023-07-06 13:49:57,922 - root - INFO - Saving 1 images to file /Users/ccaiafa/Library/CloudStorage/GoogleDrive-ccaiafa@gmail.com/My Drive/Research/Microondas_Ramiro/code/CS_tomography/data/image_generator/test/images.pkl
2023-07-06 13:49:58,251 - root - INFO - Starting MWT solver
2023-07-06 13:49:58,251 - root - INFO - Starting MWT solver
2023-07-06 13:49:59,664 - root - INFO - iter=1/30
2023-07-06 13:49:59,664 - root - INFO - iter=1/30
2023-07-06 13:50:00,995 - root - INFO - loss after updating Electric Field = 214.97465482375478, error_E=0.296220253492609
2023-07-06 13:50:00,995 - root - INFO - loss after updating Electric Field = 214.97465482375478, error_E=0.296220253492609
2023-07-06 13:51:40,982 - root - INFO - Starting image generator
2023-07-06 13:51:40,982 - root - INFO - Starting image generator
2023-07-06 13:51:40,983 - root - INFO -  A fixed pattern with 3 circles will be generated
2023-07-06 13:51:40,983 - root - INFO -  A fixed pattern with 3 circles will be generated
2023-07-06 13:51:40,983 - root - INFO - Generating image no. 1/1
2023-07-06 13:51:40,983 - root - INFO - Generating image no. 1/1
2023-07-06 13:51:40,984 - root - INFO - The image will have 3 circles
2023-07-06 13:51:40,984 - root - INFO - The image will have 3 circles
2023-07-06 13:51:41,048 - root - INFO - Saving generated image plot to path /Users/ccaiafa/Library/CloudStorage/GoogleDrive-ccaiafa@gmail.com/My Drive/Research/Microondas_Ramiro/code/CS_tomography/logs/image_generator/images/test/image_1.png
2023-07-06 13:51:41,048 - root - INFO - Saving generated image plot to path /Users/ccaiafa/Library/CloudStorage/GoogleDrive-ccaiafa@gmail.com/My Drive/Research/Microondas_Ramiro/code/CS_tomography/logs/image_generator/images/test/image_1.png
2023-07-06 13:51:41,599 - root - INFO - Saving 1 images to file /Users/ccaiafa/Library/CloudStorage/GoogleDrive-ccaiafa@gmail.com/My Drive/Research/Microondas_Ramiro/code/CS_tomography/data/image_generator/test/images.pkl
2023-07-06 13:51:41,599 - root - INFO - Saving 1 images to file /Users/ccaiafa/Library/CloudStorage/GoogleDrive-ccaiafa@gmail.com/My Drive/Research/Microondas_Ramiro/code/CS_tomography/data/image_generator/test/images.pkl
2023-07-06 13:51:41,936 - root - INFO - Starting MWT solver
2023-07-06 13:51:41,936 - root - INFO - Starting MWT solver
2023-07-06 13:51:43,264 - root - INFO - iter=1/30
2023-07-06 13:51:43,264 - root - INFO - iter=1/30
2023-07-06 13:51:44,818 - root - INFO - loss after updating Electric Field = 217.69972927501487, error_E=0.30004060835797025
2023-07-06 13:51:44,818 - root - INFO - loss after updating Electric Field = 217.69972927501487, error_E=0.30004060835797025
2023-07-06 13:53:28,637 - root - INFO - Starting image generator
2023-07-06 13:53:28,637 - root - INFO - Starting image generator
2023-07-06 13:53:28,638 - root - INFO -  A fixed pattern with 3 circles will be generated
2023-07-06 13:53:28,638 - root - INFO -  A fixed pattern with 3 circles will be generated
2023-07-06 13:53:28,638 - root - INFO - Generating image no. 1/1
2023-07-06 13:53:28,638 - root - INFO - Generating image no. 1/1
2023-07-06 13:53:28,639 - root - INFO - The image will have 3 circles
2023-07-06 13:53:28,639 - root - INFO - The image will have 3 circles
2023-07-06 13:53:28,685 - root - INFO - Saving generated image plot to path /Users/ccaiafa/Library/CloudStorage/GoogleDrive-ccaiafa@gmail.com/My Drive/Research/Microondas_Ramiro/code/CS_tomography/logs/image_generator/images/test/image_1.png
2023-07-06 13:53:28,685 - root - INFO - Saving generated image plot to path /Users/ccaiafa/Library/CloudStorage/GoogleDrive-ccaiafa@gmail.com/My Drive/Research/Microondas_Ramiro/code/CS_tomography/logs/image_generator/images/test/image_1.png
2023-07-06 13:53:29,237 - root - INFO - Saving 1 images to file /Users/ccaiafa/Library/CloudStorage/GoogleDrive-ccaiafa@gmail.com/My Drive/Research/Microondas_Ramiro/code/CS_tomography/data/image_generator/test/images.pkl
2023-07-06 13:53:29,237 - root - INFO - Saving 1 images to file /Users/ccaiafa/Library/CloudStorage/GoogleDrive-ccaiafa@gmail.com/My Drive/Research/Microondas_Ramiro/code/CS_tomography/data/image_generator/test/images.pkl
2023-07-06 13:53:29,573 - root - INFO - Starting MWT solver
2023-07-06 13:53:29,573 - root - INFO - Starting MWT solver
2023-07-06 13:53:30,940 - root - INFO - iter=1/30
2023-07-06 13:53:30,940 - root - INFO - iter=1/30
2023-07-06 13:53:32,672 - root - INFO - loss after updating Electric Field = 208.14582524102934, error_E=0.29390866348570954
2023-07-06 13:53:32,672 - root - INFO - loss after updating Electric Field = 208.14582524102934, error_E=0.29390866348570954
2023-07-06 13:54:26,797 - root - INFO - Starting image generator
2023-07-06 13:54:26,797 - root - INFO - Starting image generator
2023-07-06 13:54:26,797 - root - INFO -  A fixed pattern with 3 circles will be generated
2023-07-06 13:54:26,797 - root - INFO -  A fixed pattern with 3 circles will be generated
2023-07-06 13:54:26,798 - root - INFO - Generating image no. 1/1
2023-07-06 13:54:26,798 - root - INFO - Generating image no. 1/1
2023-07-06 13:54:26,798 - root - INFO - The image will have 3 circles
2023-07-06 13:54:26,798 - root - INFO - The image will have 3 circles
2023-07-06 13:54:26,861 - root - INFO - Saving generated image plot to path /Users/ccaiafa/Library/CloudStorage/GoogleDrive-ccaiafa@gmail.com/My Drive/Research/Microondas_Ramiro/code/CS_tomography/logs/image_generator/images/test/image_1.png
2023-07-06 13:54:26,861 - root - INFO - Saving generated image plot to path /Users/ccaiafa/Library/CloudStorage/GoogleDrive-ccaiafa@gmail.com/My Drive/Research/Microondas_Ramiro/code/CS_tomography/logs/image_generator/images/test/image_1.png
2023-07-06 13:54:27,405 - root - INFO - Saving 1 images to file /Users/ccaiafa/Library/CloudStorage/GoogleDrive-ccaiafa@gmail.com/My Drive/Research/Microondas_Ramiro/code/CS_tomography/data/image_generator/test/images.pkl
2023-07-06 13:54:27,405 - root - INFO - Saving 1 images to file /Users/ccaiafa/Library/CloudStorage/GoogleDrive-ccaiafa@gmail.com/My Drive/Research/Microondas_Ramiro/code/CS_tomography/data/image_generator/test/images.pkl
2023-07-06 13:54:27,733 - root - INFO - Starting MWT solver
2023-07-06 13:54:27,733 - root - INFO - Starting MWT solver
2023-07-06 13:54:29,133 - root - INFO - iter=1/30
2023-07-06 13:54:29,133 - root - INFO - iter=1/30
2023-07-06 13:54:30,756 - root - INFO - loss after updating Electric Field = 203.06837963150798, error_E=0.2878914793912003
2023-07-06 13:54:30,756 - root - INFO - loss after updating Electric Field = 203.06837963150798, error_E=0.2878914793912003
