2023-05-21 23:04:51,962 - root - INFO - Starting image generator
2023-05-21 23:04:51,963 - root - INFO - 1 images with random number of circles (between 1 and 3) will be generated
2023-05-21 23:04:51,964 - root - INFO - Generating image no. 1/1
2023-05-21 23:04:51,964 - root - INFO - The image will have 3 circles
2023-05-21 23:04:52,704 - root - INFO - Saving generated image plot to path /Users/ccaiafa/Library/CloudStorage/GoogleDrive-ccaiafa@gmail.com/My Drive/Research/Microondas_Ramiro/code/CS_tomography/logs/image_generator/images/test/image_1.png
2023-05-21 23:04:53,274 - root - INFO - Saving 1 images to file /Users/ccaiafa/Library/CloudStorage/GoogleDrive-ccaiafa@gmail.com/My Drive/Research/Microondas_Ramiro/code/CS_tomography/data/image_generator/test/images.pkl
2023-05-21 23:08:33,298 - root - INFO - Starting image generator
2023-05-21 23:08:33,299 - root - INFO - 1 images with random number of circles (between 1 and 3) will be generated
2023-05-21 23:08:33,299 - root - INFO - Generating image no. 1/1
2023-05-21 23:08:33,300 - root - INFO - The image will have 1 circles
2023-05-21 23:08:34,531 - root - INFO - Saving generated image plot to path /Users/ccaiafa/Library/CloudStorage/GoogleDrive-ccaiafa@gmail.com/My Drive/Research/Microondas_Ramiro/code/CS_tomography/logs/image_generator/images/test/image_1.png
2023-05-21 23:08:35,101 - root - INFO - Saving 1 images to file /Users/ccaiafa/Library/CloudStorage/GoogleDrive-ccaiafa@gmail.com/My Drive/Research/Microondas_Ramiro/code/CS_tomography/data/image_generator/test/images.pkl
2023-05-21 23:09:45,738 - root - INFO - Starting image generator
2023-05-21 23:09:45,739 - root - INFO - 1 images with random number of circles (between 1 and 3) will be generated
2023-05-21 23:09:45,739 - root - INFO - Generating image no. 1/1
2023-05-21 23:09:45,740 - root - INFO - The image will have 1 circles
2023-05-21 23:09:46,426 - root - INFO - Saving generated image plot to path /Users/ccaiafa/Library/CloudStorage/GoogleDrive-ccaiafa@gmail.com/My Drive/Research/Microondas_Ramiro/code/CS_tomography/logs/image_generator/images/test/image_1.png
2023-05-21 23:09:47,004 - root - INFO - Saving 1 images to file /Users/ccaiafa/Library/CloudStorage/GoogleDrive-ccaiafa@gmail.com/My Drive/Research/Microondas_Ramiro/code/CS_tomography/data/image_generator/test/images.pkl
2023-05-21 23:12:42,894 - root - INFO - Starting image generator
2023-05-21 23:12:42,895 - root - INFO - 1 images with random number of circles (between 1 and 3) will be generated
2023-05-21 23:12:42,895 - root - INFO - Generating image no. 1/1
2023-05-21 23:12:42,895 - root - INFO - The image will have 2 circles
2023-05-21 23:12:43,561 - root - INFO - Saving generated image plot to path /Users/ccaiafa/Library/CloudStorage/GoogleDrive-ccaiafa@gmail.com/My Drive/Research/Microondas_Ramiro/code/CS_tomography/logs/image_generator/images/test/image_1.png
2023-05-21 23:12:44,144 - root - INFO - Saving 1 images to file /Users/ccaiafa/Library/CloudStorage/GoogleDrive-ccaiafa@gmail.com/My Drive/Research/Microondas_Ramiro/code/CS_tomography/data/image_generator/test/images.pkl
2023-05-21 23:13:32,919 - root - INFO - Starting MWT solver
2023-05-21 23:16:21,447 - root - INFO - Starting image generator
2023-05-21 23:16:21,448 - root - INFO - 1 images with random number of circles (between 1 and 3) will be generated
2023-05-21 23:16:21,448 - root - INFO - Generating image no. 1/1
2023-05-21 23:16:21,449 - root - INFO - The image will have 3 circles
2023-05-21 23:16:22,121 - root - INFO - Saving generated image plot to path /Users/ccaiafa/Library/CloudStorage/GoogleDrive-ccaiafa@gmail.com/My Drive/Research/Microondas_Ramiro/code/CS_tomography/logs/image_generator/images/test/image_1.png
2023-05-21 23:16:22,680 - root - INFO - Saving 1 images to file /Users/ccaiafa/Library/CloudStorage/GoogleDrive-ccaiafa@gmail.com/My Drive/Research/Microondas_Ramiro/code/CS_tomography/data/image_generator/test/images.pkl
2023-05-21 23:17:09,648 - root - INFO - Starting MWT solver
2023-05-21 23:17:39,283 - root - INFO - iter=1/50
2023-05-21 23:17:40,688 - root - INFO - loss after updating Electric Field = 339.6453637438607, error_E=1.3077250059566037
2023-05-21 23:17:40,688 - root - INFO - iter=1/50
2023-05-21 23:17:42,134 - root - INFO - loss after updating Electric Field = 339.6453637438607, error_E=1.3077250059566037
2023-05-21 23:17:42,134 - root - INFO - iter=1/50
2023-05-21 23:17:43,566 - root - INFO - loss after updating Electric Field = 339.6453637438607, error_E=1.3077250059566037
2023-05-21 23:17:43,566 - root - INFO - iter=1/50
2023-05-21 23:17:45,110 - root - INFO - loss after updating Electric Field = 339.6453637438607, error_E=1.3077250059566037
2023-05-21 23:17:45,110 - root - INFO - iter=1/50
2023-05-21 23:17:46,514 - root - INFO - loss after updating Electric Field = 339.6453637438607, error_E=1.3077250059566037
2023-05-21 23:17:46,514 - root - INFO - iter=1/50
2023-05-21 23:17:47,924 - root - INFO - loss after updating Electric Field = 339.6453637438607, error_E=1.3077250059566037
2023-05-21 23:17:47,924 - root - INFO - iter=1/50
2023-05-21 23:17:49,328 - root - INFO - loss after updating Electric Field = 339.6453637438607, error_E=1.3077250059566037
2023-05-21 23:17:49,328 - root - INFO - iter=1/50
2023-05-21 23:17:50,891 - root - INFO - loss after updating Electric Field = 339.6453637438607, error_E=1.3077250059566037
2023-05-21 23:17:50,891 - root - INFO - iter=1/50
2023-05-21 23:17:52,303 - root - INFO - loss after updating Electric Field = 339.6453637438607, error_E=1.3077250059566037
2023-05-21 23:17:52,303 - root - INFO - iter=1/50
2023-05-21 23:17:53,653 - root - INFO - loss after updating Electric Field = 339.6453637438607, error_E=1.3077250059566037
2023-05-21 23:17:53,654 - root - INFO - iter=1/50
2023-05-21 23:17:55,062 - root - INFO - loss after updating Electric Field = 339.6453637438607, error_E=1.3077250059566037
2023-05-21 23:17:55,063 - root - INFO - iter=1/50
2023-05-21 23:17:56,411 - root - INFO - loss after updating Electric Field = 339.6453637438607, error_E=1.3077250059566037
2023-05-21 23:17:56,411 - root - INFO - iter=1/50
2023-05-21 23:17:57,824 - root - INFO - loss after updating Electric Field = 339.6453637438607, error_E=1.3077250059566037
2023-05-21 23:17:57,824 - root - INFO - iter=1/50
2023-05-21 23:17:59,204 - root - INFO - loss after updating Electric Field = 339.6453637438607, error_E=1.3077250059566037
2023-05-21 23:17:59,204 - root - INFO - iter=1/50
2023-05-21 23:18:00,552 - root - INFO - loss after updating Electric Field = 339.6453637438607, error_E=1.3077250059566037
2023-05-21 23:18:00,552 - root - INFO - iter=1/50
2023-05-21 23:18:01,952 - root - INFO - loss after updating Electric Field = 339.6453637438607, error_E=1.3077250059566037
2023-05-21 23:18:01,953 - root - INFO - iter=1/50
2023-05-21 23:18:03,234 - root - INFO - loss after updating Electric Field = 339.6453637438607, error_E=1.3077250059566037
2023-05-21 23:18:03,234 - root - INFO - iter=1/50
2023-05-21 23:18:04,684 - root - INFO - loss after updating Electric Field = 339.6453637438607, error_E=1.3077250059566037
2023-05-21 23:18:04,684 - root - INFO - iter=1/50
2023-05-21 23:18:06,152 - root - INFO - loss after updating Electric Field = 339.6453637438607, error_E=1.3077250059566037
2023-05-21 23:18:06,153 - root - INFO - iter=1/50
2023-05-21 23:18:07,535 - root - INFO - loss after updating Electric Field = 339.6453637438607, error_E=1.3077250059566037
2023-05-21 23:18:07,535 - root - INFO - iter=1/50
2023-05-21 23:18:08,867 - root - INFO - loss after updating Electric Field = 339.6453637438607, error_E=1.3077250059566037
2023-05-21 23:18:08,867 - root - INFO - iter=1/50
