2023-07-07 12:59:09,299 - root - INFO - Starting image generator
2023-07-07 12:59:09,299 - root - INFO - Starting image generator
2023-07-07 12:59:09,300 - root - INFO -  A fixed pattern with 3 circles will be generated
2023-07-07 12:59:09,300 - root - INFO -  A fixed pattern with 3 circles will be generated
2023-07-07 12:59:09,300 - root - INFO - Generating image no. 1/1
2023-07-07 12:59:09,300 - root - INFO - Generating image no. 1/1
2023-07-07 12:59:09,301 - root - INFO - The image will have 3 circles
2023-07-07 12:59:09,301 - root - INFO - The image will have 3 circles
2023-07-07 12:59:09,355 - root - INFO - Saving generated image plot to path /Users/ccaiafa/Library/CloudStorage/GoogleDrive-ccaiafa@gmail.com/My Drive/Research/Microondas_Ramiro/code/CS_tomography/logs/image_generator/images/test/image_1.png
2023-07-07 12:59:09,355 - root - INFO - Saving generated image plot to path /Users/ccaiafa/Library/CloudStorage/GoogleDrive-ccaiafa@gmail.com/My Drive/Research/Microondas_Ramiro/code/CS_tomography/logs/image_generator/images/test/image_1.png
2023-07-07 12:59:09,906 - root - INFO - Saving 1 images to file /Users/ccaiafa/Library/CloudStorage/GoogleDrive-ccaiafa@gmail.com/My Drive/Research/Microondas_Ramiro/code/CS_tomography/data/image_generator/test/images.pkl
2023-07-07 12:59:09,906 - root - INFO - Saving 1 images to file /Users/ccaiafa/Library/CloudStorage/GoogleDrive-ccaiafa@gmail.com/My Drive/Research/Microondas_Ramiro/code/CS_tomography/data/image_generator/test/images.pkl
2023-07-07 12:59:10,300 - root - INFO - Starting MWT solver
2023-07-07 12:59:10,300 - root - INFO - Starting MWT solver
2023-07-07 12:59:11,598 - root - INFO - iter=1/30
2023-07-07 12:59:11,598 - root - INFO - iter=1/30
2023-07-07 12:59:13,011 - root - INFO - loss after updating Electric Field = 212.76552607580294, error_E=0.29566733539303275
2023-07-07 12:59:13,011 - root - INFO - loss after updating Electric Field = 212.76552607580294, error_E=0.29566733539303275
2023-07-07 13:00:20,153 - root - INFO - Starting image generator
2023-07-07 13:00:20,153 - root - INFO - Starting image generator
2023-07-07 13:00:20,154 - root - INFO -  A fixed pattern with 3 circles will be generated
2023-07-07 13:00:20,154 - root - INFO -  A fixed pattern with 3 circles will be generated
2023-07-07 13:00:20,154 - root - INFO - Generating image no. 1/1
2023-07-07 13:00:20,154 - root - INFO - Generating image no. 1/1
2023-07-07 13:00:20,155 - root - INFO - The image will have 3 circles
2023-07-07 13:00:20,155 - root - INFO - The image will have 3 circles
2023-07-07 13:00:20,206 - root - INFO - Saving generated image plot to path /Users/ccaiafa/Library/CloudStorage/GoogleDrive-ccaiafa@gmail.com/My Drive/Research/Microondas_Ramiro/code/CS_tomography/logs/image_generator/images/test/image_1.png
2023-07-07 13:00:20,206 - root - INFO - Saving generated image plot to path /Users/ccaiafa/Library/CloudStorage/GoogleDrive-ccaiafa@gmail.com/My Drive/Research/Microondas_Ramiro/code/CS_tomography/logs/image_generator/images/test/image_1.png
2023-07-07 13:00:20,757 - root - INFO - Saving 1 images to file /Users/ccaiafa/Library/CloudStorage/GoogleDrive-ccaiafa@gmail.com/My Drive/Research/Microondas_Ramiro/code/CS_tomography/data/image_generator/test/images.pkl
2023-07-07 13:00:20,757 - root - INFO - Saving 1 images to file /Users/ccaiafa/Library/CloudStorage/GoogleDrive-ccaiafa@gmail.com/My Drive/Research/Microondas_Ramiro/code/CS_tomography/data/image_generator/test/images.pkl
2023-07-07 13:00:21,131 - root - INFO - Starting MWT solver
2023-07-07 13:00:21,131 - root - INFO - Starting MWT solver
2023-07-07 13:00:22,515 - root - INFO - iter=1/30
2023-07-07 13:00:22,515 - root - INFO - iter=1/30
2023-07-07 13:00:23,988 - root - INFO - loss after updating Electric Field = 219.4606138976902, error_E=0.2984071762282111
2023-07-07 13:00:23,988 - root - INFO - loss after updating Electric Field = 219.4606138976902, error_E=0.2984071762282111
2023-07-07 13:01:37,305 - root - INFO - Starting image generator
2023-07-07 13:01:37,305 - root - INFO - Starting image generator
2023-07-07 13:01:37,306 - root - INFO -  A fixed pattern with 3 circles will be generated
2023-07-07 13:01:37,306 - root - INFO -  A fixed pattern with 3 circles will be generated
2023-07-07 13:01:37,307 - root - INFO - Generating image no. 1/1
2023-07-07 13:01:37,307 - root - INFO - Generating image no. 1/1
2023-07-07 13:01:37,307 - root - INFO - The image will have 3 circles
2023-07-07 13:01:37,307 - root - INFO - The image will have 3 circles
2023-07-07 13:01:37,352 - root - INFO - Saving generated image plot to path /Users/ccaiafa/Library/CloudStorage/GoogleDrive-ccaiafa@gmail.com/My Drive/Research/Microondas_Ramiro/code/CS_tomography/logs/image_generator/images/test/image_1.png
2023-07-07 13:01:37,352 - root - INFO - Saving generated image plot to path /Users/ccaiafa/Library/CloudStorage/GoogleDrive-ccaiafa@gmail.com/My Drive/Research/Microondas_Ramiro/code/CS_tomography/logs/image_generator/images/test/image_1.png
2023-07-07 13:01:37,896 - root - INFO - Saving 1 images to file /Users/ccaiafa/Library/CloudStorage/GoogleDrive-ccaiafa@gmail.com/My Drive/Research/Microondas_Ramiro/code/CS_tomography/data/image_generator/test/images.pkl
2023-07-07 13:01:37,896 - root - INFO - Saving 1 images to file /Users/ccaiafa/Library/CloudStorage/GoogleDrive-ccaiafa@gmail.com/My Drive/Research/Microondas_Ramiro/code/CS_tomography/data/image_generator/test/images.pkl
2023-07-07 13:01:38,216 - root - INFO - Starting MWT solver
2023-07-07 13:01:38,216 - root - INFO - Starting MWT solver
2023-07-07 13:01:39,620 - root - INFO - iter=1/30
2023-07-07 13:01:39,620 - root - INFO - iter=1/30
2023-07-07 13:01:40,984 - root - INFO - loss after updating Electric Field = 211.84359842492034, error_E=0.2962633865683646
2023-07-07 13:01:40,984 - root - INFO - loss after updating Electric Field = 211.84359842492034, error_E=0.2962633865683646
2023-07-07 13:04:09,355 - root - INFO - Starting image generator
2023-07-07 13:04:09,355 - root - INFO - Starting image generator
2023-07-07 13:04:09,356 - root - INFO -  A fixed pattern with 3 circles will be generated
2023-07-07 13:04:09,356 - root - INFO -  A fixed pattern with 3 circles will be generated
2023-07-07 13:04:09,356 - root - INFO - Generating image no. 1/1
2023-07-07 13:04:09,356 - root - INFO - Generating image no. 1/1
2023-07-07 13:04:09,356 - root - INFO - The image will have 3 circles
2023-07-07 13:04:09,356 - root - INFO - The image will have 3 circles
2023-07-07 13:04:09,401 - root - INFO - Saving generated image plot to path /Users/ccaiafa/Library/CloudStorage/GoogleDrive-ccaiafa@gmail.com/My Drive/Research/Microondas_Ramiro/code/CS_tomography/logs/image_generator/images/test/image_1.png
2023-07-07 13:04:09,401 - root - INFO - Saving generated image plot to path /Users/ccaiafa/Library/CloudStorage/GoogleDrive-ccaiafa@gmail.com/My Drive/Research/Microondas_Ramiro/code/CS_tomography/logs/image_generator/images/test/image_1.png
2023-07-07 13:04:09,948 - root - INFO - Saving 1 images to file /Users/ccaiafa/Library/CloudStorage/GoogleDrive-ccaiafa@gmail.com/My Drive/Research/Microondas_Ramiro/code/CS_tomography/data/image_generator/test/images.pkl
2023-07-07 13:04:09,948 - root - INFO - Saving 1 images to file /Users/ccaiafa/Library/CloudStorage/GoogleDrive-ccaiafa@gmail.com/My Drive/Research/Microondas_Ramiro/code/CS_tomography/data/image_generator/test/images.pkl
2023-07-07 13:04:10,277 - root - INFO - Starting MWT solver
2023-07-07 13:04:10,277 - root - INFO - Starting MWT solver
2023-07-07 13:04:11,682 - root - INFO - iter=1/30
2023-07-07 13:04:11,682 - root - INFO - iter=1/30
2023-07-07 13:04:13,148 - root - INFO - loss after updating Electric Field = 213.72499757147835, error_E=0.29536574023195566
2023-07-07 13:04:13,148 - root - INFO - loss after updating Electric Field = 213.72499757147835, error_E=0.29536574023195566
2023-07-07 13:04:19,723 - root - INFO - Starting image generator
2023-07-07 13:04:19,723 - root - INFO - Starting image generator
2023-07-07 13:04:19,724 - root - INFO -  A fixed pattern with 3 circles will be generated
2023-07-07 13:04:19,724 - root - INFO -  A fixed pattern with 3 circles will be generated
2023-07-07 13:04:19,724 - root - INFO - Generating image no. 1/1
2023-07-07 13:04:19,724 - root - INFO - Generating image no. 1/1
2023-07-07 13:04:19,724 - root - INFO - The image will have 3 circles
2023-07-07 13:04:19,724 - root - INFO - The image will have 3 circles
2023-07-07 13:04:19,770 - root - INFO - Saving generated image plot to path /Users/ccaiafa/Library/CloudStorage/GoogleDrive-ccaiafa@gmail.com/My Drive/Research/Microondas_Ramiro/code/CS_tomography/logs/image_generator/images/test/image_1.png
2023-07-07 13:04:19,770 - root - INFO - Saving generated image plot to path /Users/ccaiafa/Library/CloudStorage/GoogleDrive-ccaiafa@gmail.com/My Drive/Research/Microondas_Ramiro/code/CS_tomography/logs/image_generator/images/test/image_1.png
2023-07-07 13:04:20,314 - root - INFO - Saving 1 images to file /Users/ccaiafa/Library/CloudStorage/GoogleDrive-ccaiafa@gmail.com/My Drive/Research/Microondas_Ramiro/code/CS_tomography/data/image_generator/test/images.pkl
2023-07-07 13:04:20,314 - root - INFO - Saving 1 images to file /Users/ccaiafa/Library/CloudStorage/GoogleDrive-ccaiafa@gmail.com/My Drive/Research/Microondas_Ramiro/code/CS_tomography/data/image_generator/test/images.pkl
2023-07-07 13:04:20,637 - root - INFO - Starting MWT solver
2023-07-07 13:04:20,637 - root - INFO - Starting MWT solver
2023-07-07 13:04:21,975 - root - INFO - iter=1/30
2023-07-07 13:04:21,975 - root - INFO - iter=1/30
2023-07-07 13:04:23,313 - root - INFO - loss after updating Electric Field = 214.7105674373006, error_E=0.2965517867857075
2023-07-07 13:04:23,313 - root - INFO - loss after updating Electric Field = 214.7105674373006, error_E=0.2965517867857075
2023-07-07 13:05:28,858 - root - INFO - Starting image generator
2023-07-07 13:05:28,858 - root - INFO - Starting image generator
2023-07-07 13:05:28,859 - root - INFO -  A fixed pattern with 3 circles will be generated
2023-07-07 13:05:28,859 - root - INFO -  A fixed pattern with 3 circles will be generated
2023-07-07 13:05:28,859 - root - INFO - Generating image no. 1/1
2023-07-07 13:05:28,859 - root - INFO - Generating image no. 1/1
2023-07-07 13:05:28,860 - root - INFO - The image will have 3 circles
2023-07-07 13:05:28,860 - root - INFO - The image will have 3 circles
2023-07-07 13:05:28,905 - root - INFO - Saving generated image plot to path /Users/ccaiafa/Library/CloudStorage/GoogleDrive-ccaiafa@gmail.com/My Drive/Research/Microondas_Ramiro/code/CS_tomography/logs/image_generator/images/test/image_1.png
2023-07-07 13:05:28,905 - root - INFO - Saving generated image plot to path /Users/ccaiafa/Library/CloudStorage/GoogleDrive-ccaiafa@gmail.com/My Drive/Research/Microondas_Ramiro/code/CS_tomography/logs/image_generator/images/test/image_1.png
2023-07-07 13:05:29,459 - root - INFO - Saving 1 images to file /Users/ccaiafa/Library/CloudStorage/GoogleDrive-ccaiafa@gmail.com/My Drive/Research/Microondas_Ramiro/code/CS_tomography/data/image_generator/test/images.pkl
2023-07-07 13:05:29,459 - root - INFO - Saving 1 images to file /Users/ccaiafa/Library/CloudStorage/GoogleDrive-ccaiafa@gmail.com/My Drive/Research/Microondas_Ramiro/code/CS_tomography/data/image_generator/test/images.pkl
2023-07-07 13:05:29,794 - root - INFO - Starting MWT solver
2023-07-07 13:05:29,794 - root - INFO - Starting MWT solver
2023-07-07 13:05:31,198 - root - INFO - iter=1/30
2023-07-07 13:05:31,198 - root - INFO - iter=1/30
2023-07-07 13:05:32,517 - root - INFO - loss after updating Electric Field = 224.1321519758383, error_E=0.30264051201666203
2023-07-07 13:05:32,517 - root - INFO - loss after updating Electric Field = 224.1321519758383, error_E=0.30264051201666203
2023-07-07 13:07:44,351 - root - INFO - Starting image generator
2023-07-07 13:07:44,351 - root - INFO - Starting image generator
2023-07-07 13:07:44,352 - root - INFO -  A fixed pattern with 3 circles will be generated
2023-07-07 13:07:44,352 - root - INFO -  A fixed pattern with 3 circles will be generated
2023-07-07 13:07:44,352 - root - INFO - Generating image no. 1/1
2023-07-07 13:07:44,352 - root - INFO - Generating image no. 1/1
2023-07-07 13:07:44,353 - root - INFO - The image will have 3 circles
2023-07-07 13:07:44,353 - root - INFO - The image will have 3 circles
2023-07-07 13:07:44,414 - root - INFO - Saving generated image plot to path /Users/ccaiafa/Library/CloudStorage/GoogleDrive-ccaiafa@gmail.com/My Drive/Research/Microondas_Ramiro/code/CS_tomography/logs/image_generator/images/test/image_1.png
2023-07-07 13:07:44,414 - root - INFO - Saving generated image plot to path /Users/ccaiafa/Library/CloudStorage/GoogleDrive-ccaiafa@gmail.com/My Drive/Research/Microondas_Ramiro/code/CS_tomography/logs/image_generator/images/test/image_1.png
2023-07-07 13:07:44,957 - root - INFO - Saving 1 images to file /Users/ccaiafa/Library/CloudStorage/GoogleDrive-ccaiafa@gmail.com/My Drive/Research/Microondas_Ramiro/code/CS_tomography/data/image_generator/test/images.pkl
2023-07-07 13:07:44,957 - root - INFO - Saving 1 images to file /Users/ccaiafa/Library/CloudStorage/GoogleDrive-ccaiafa@gmail.com/My Drive/Research/Microondas_Ramiro/code/CS_tomography/data/image_generator/test/images.pkl
2023-07-07 13:07:45,283 - root - INFO - Starting MWT solver
2023-07-07 13:07:45,283 - root - INFO - Starting MWT solver
2023-07-07 13:07:46,588 - root - INFO - iter=1/30
2023-07-07 13:07:46,588 - root - INFO - iter=1/30
2023-07-07 13:07:47,760 - root - INFO - loss after updating Electric Field = 208.51049086734744, error_E=0.2930722769267319
2023-07-07 13:07:47,760 - root - INFO - loss after updating Electric Field = 208.51049086734744, error_E=0.2930722769267319
