2023-07-05 10:36:47,753 - root - INFO - Starting image generator
2023-07-05 10:36:47,753 - root - INFO - Starting image generator
2023-07-05 10:36:47,754 - root - INFO -  A fixed pattern with 3 circles will be generated
2023-07-05 10:36:47,754 - root - INFO -  A fixed pattern with 3 circles will be generated
2023-07-05 10:36:47,754 - root - INFO - Generating image no. 1/1
2023-07-05 10:36:47,754 - root - INFO - Generating image no. 1/1
2023-07-05 10:36:47,755 - root - INFO - The image will have 3 circles
2023-07-05 10:36:47,755 - root - INFO - The image will have 3 circles
2023-07-05 10:36:47,860 - root - INFO - Saving generated image plot to path /Users/ccaiafa/Library/CloudStorage/GoogleDrive-ccaiafa@gmail.com/My Drive/Research/Microondas_Ramiro/code/CS_tomography/logs/image_generator/images/test/image_1.png
2023-07-05 10:36:47,860 - root - INFO - Saving generated image plot to path /Users/ccaiafa/Library/CloudStorage/GoogleDrive-ccaiafa@gmail.com/My Drive/Research/Microondas_Ramiro/code/CS_tomography/logs/image_generator/images/test/image_1.png
2023-07-05 10:36:48,438 - root - INFO - Saving 1 images to file /Users/ccaiafa/Library/CloudStorage/GoogleDrive-ccaiafa@gmail.com/My Drive/Research/Microondas_Ramiro/code/CS_tomography/data/image_generator/test/images.pkl
2023-07-05 10:36:48,438 - root - INFO - Saving 1 images to file /Users/ccaiafa/Library/CloudStorage/GoogleDrive-ccaiafa@gmail.com/My Drive/Research/Microondas_Ramiro/code/CS_tomography/data/image_generator/test/images.pkl
2023-07-05 10:36:48,888 - root - INFO - Starting MWT solver
2023-07-05 10:36:48,888 - root - INFO - Starting MWT solver
2023-07-05 10:36:50,206 - root - INFO - iter=1/30
2023-07-05 10:36:50,206 - root - INFO - iter=1/30
2023-07-05 10:36:51,486 - root - INFO - loss after updating Electric Field = 214.57266161316426, error_E=0.29508838016932293
2023-07-05 10:36:51,486 - root - INFO - loss after updating Electric Field = 214.57266161316426, error_E=0.29508838016932293
2023-07-05 10:47:30,644 - root - INFO - Starting image generator
2023-07-05 10:47:30,644 - root - INFO - Starting image generator
2023-07-05 10:47:30,645 - root - INFO -  A fixed pattern with 3 circles will be generated
2023-07-05 10:47:30,645 - root - INFO -  A fixed pattern with 3 circles will be generated
2023-07-05 10:47:30,645 - root - INFO - Generating image no. 1/1
2023-07-05 10:47:30,645 - root - INFO - Generating image no. 1/1
2023-07-05 10:47:30,646 - root - INFO - The image will have 3 circles
2023-07-05 10:47:30,646 - root - INFO - The image will have 3 circles
2023-07-05 10:47:30,690 - root - INFO - Saving generated image plot to path /Users/ccaiafa/Library/CloudStorage/GoogleDrive-ccaiafa@gmail.com/My Drive/Research/Microondas_Ramiro/code/CS_tomography/logs/image_generator/images/test/image_1.png
2023-07-05 10:47:30,690 - root - INFO - Saving generated image plot to path /Users/ccaiafa/Library/CloudStorage/GoogleDrive-ccaiafa@gmail.com/My Drive/Research/Microondas_Ramiro/code/CS_tomography/logs/image_generator/images/test/image_1.png
2023-07-05 10:47:31,245 - root - INFO - Saving 1 images to file /Users/ccaiafa/Library/CloudStorage/GoogleDrive-ccaiafa@gmail.com/My Drive/Research/Microondas_Ramiro/code/CS_tomography/data/image_generator/test/images.pkl
2023-07-05 10:47:31,245 - root - INFO - Saving 1 images to file /Users/ccaiafa/Library/CloudStorage/GoogleDrive-ccaiafa@gmail.com/My Drive/Research/Microondas_Ramiro/code/CS_tomography/data/image_generator/test/images.pkl
2023-07-05 10:47:31,617 - root - INFO - Starting MWT solver
2023-07-05 10:47:31,617 - root - INFO - Starting MWT solver
2023-07-05 10:47:32,950 - root - INFO - iter=1/30
2023-07-05 10:47:32,950 - root - INFO - iter=1/30
2023-07-05 10:47:34,278 - root - INFO - loss after updating Electric Field = 207.039854875997, error_E=0.29214289643587643
2023-07-05 10:47:34,278 - root - INFO - loss after updating Electric Field = 207.039854875997, error_E=0.29214289643587643
2023-07-05 10:48:49,201 - root - INFO - Starting image generator
2023-07-05 10:48:49,201 - root - INFO - Starting image generator
2023-07-05 10:48:49,202 - root - INFO -  A fixed pattern with 3 circles will be generated
2023-07-05 10:48:49,202 - root - INFO -  A fixed pattern with 3 circles will be generated
2023-07-05 10:48:49,202 - root - INFO - Generating image no. 1/1
2023-07-05 10:48:49,202 - root - INFO - Generating image no. 1/1
2023-07-05 10:48:49,202 - root - INFO - The image will have 3 circles
2023-07-05 10:48:49,202 - root - INFO - The image will have 3 circles
2023-07-05 10:48:49,269 - root - INFO - Saving generated image plot to path /Users/ccaiafa/Library/CloudStorage/GoogleDrive-ccaiafa@gmail.com/My Drive/Research/Microondas_Ramiro/code/CS_tomography/logs/image_generator/images/test/image_1.png
2023-07-05 10:48:49,269 - root - INFO - Saving generated image plot to path /Users/ccaiafa/Library/CloudStorage/GoogleDrive-ccaiafa@gmail.com/My Drive/Research/Microondas_Ramiro/code/CS_tomography/logs/image_generator/images/test/image_1.png
2023-07-05 10:48:49,815 - root - INFO - Saving 1 images to file /Users/ccaiafa/Library/CloudStorage/GoogleDrive-ccaiafa@gmail.com/My Drive/Research/Microondas_Ramiro/code/CS_tomography/data/image_generator/test/images.pkl
2023-07-05 10:48:49,815 - root - INFO - Saving 1 images to file /Users/ccaiafa/Library/CloudStorage/GoogleDrive-ccaiafa@gmail.com/My Drive/Research/Microondas_Ramiro/code/CS_tomography/data/image_generator/test/images.pkl
2023-07-05 10:48:50,184 - root - INFO - Starting MWT solver
2023-07-05 10:48:50,184 - root - INFO - Starting MWT solver
2023-07-05 10:48:51,623 - root - INFO - iter=1/30
2023-07-05 10:48:51,623 - root - INFO - iter=1/30
2023-07-05 10:48:52,977 - root - INFO - loss after updating Electric Field = 207.4715145755582, error_E=0.29239579791261205
2023-07-05 10:48:52,977 - root - INFO - loss after updating Electric Field = 207.4715145755582, error_E=0.29239579791261205
2023-07-05 10:50:44,259 - root - INFO - Starting image generator
2023-07-05 10:50:44,259 - root - INFO - Starting image generator
2023-07-05 10:50:44,260 - root - INFO -  A fixed pattern with 3 circles will be generated
2023-07-05 10:50:44,260 - root - INFO -  A fixed pattern with 3 circles will be generated
2023-07-05 10:50:44,260 - root - INFO - Generating image no. 1/1
2023-07-05 10:50:44,260 - root - INFO - Generating image no. 1/1
2023-07-05 10:50:44,260 - root - INFO - The image will have 3 circles
2023-07-05 10:50:44,260 - root - INFO - The image will have 3 circles
2023-07-05 10:50:44,310 - root - INFO - Saving generated image plot to path /Users/ccaiafa/Library/CloudStorage/GoogleDrive-ccaiafa@gmail.com/My Drive/Research/Microondas_Ramiro/code/CS_tomography/logs/image_generator/images/test/image_1.png
2023-07-05 10:50:44,310 - root - INFO - Saving generated image plot to path /Users/ccaiafa/Library/CloudStorage/GoogleDrive-ccaiafa@gmail.com/My Drive/Research/Microondas_Ramiro/code/CS_tomography/logs/image_generator/images/test/image_1.png
2023-07-05 10:50:44,866 - root - INFO - Saving 1 images to file /Users/ccaiafa/Library/CloudStorage/GoogleDrive-ccaiafa@gmail.com/My Drive/Research/Microondas_Ramiro/code/CS_tomography/data/image_generator/test/images.pkl
2023-07-05 10:50:44,866 - root - INFO - Saving 1 images to file /Users/ccaiafa/Library/CloudStorage/GoogleDrive-ccaiafa@gmail.com/My Drive/Research/Microondas_Ramiro/code/CS_tomography/data/image_generator/test/images.pkl
2023-07-05 10:50:45,235 - root - INFO - Starting MWT solver
2023-07-05 10:50:45,235 - root - INFO - Starting MWT solver
2023-07-05 10:50:46,564 - root - INFO - iter=1/30
2023-07-05 10:50:46,564 - root - INFO - iter=1/30
2023-07-05 10:50:48,028 - root - INFO - loss after updating Electric Field = 210.09075537053292, error_E=0.2945792379050183
2023-07-05 10:50:48,028 - root - INFO - loss after updating Electric Field = 210.09075537053292, error_E=0.2945792379050183
2023-07-05 11:08:40,988 - root - INFO - Starting image generator
2023-07-05 11:08:40,988 - root - INFO - Starting image generator
2023-07-05 11:08:40,989 - root - INFO -  A fixed pattern with 3 circles will be generated
2023-07-05 11:08:40,989 - root - INFO -  A fixed pattern with 3 circles will be generated
2023-07-05 11:08:40,989 - root - INFO - Generating image no. 1/1
2023-07-05 11:08:40,989 - root - INFO - Generating image no. 1/1
2023-07-05 11:08:40,990 - root - INFO - The image will have 3 circles
2023-07-05 11:08:40,990 - root - INFO - The image will have 3 circles
2023-07-05 11:08:41,037 - root - INFO - Saving generated image plot to path /Users/ccaiafa/Library/CloudStorage/GoogleDrive-ccaiafa@gmail.com/My Drive/Research/Microondas_Ramiro/code/CS_tomography/logs/image_generator/images/test/image_1.png
2023-07-05 11:08:41,037 - root - INFO - Saving generated image plot to path /Users/ccaiafa/Library/CloudStorage/GoogleDrive-ccaiafa@gmail.com/My Drive/Research/Microondas_Ramiro/code/CS_tomography/logs/image_generator/images/test/image_1.png
2023-07-05 11:08:41,585 - root - INFO - Saving 1 images to file /Users/ccaiafa/Library/CloudStorage/GoogleDrive-ccaiafa@gmail.com/My Drive/Research/Microondas_Ramiro/code/CS_tomography/data/image_generator/test/images.pkl
2023-07-05 11:08:41,585 - root - INFO - Saving 1 images to file /Users/ccaiafa/Library/CloudStorage/GoogleDrive-ccaiafa@gmail.com/My Drive/Research/Microondas_Ramiro/code/CS_tomography/data/image_generator/test/images.pkl
2023-07-05 11:08:41,963 - root - INFO - Starting MWT solver
2023-07-05 11:08:41,963 - root - INFO - Starting MWT solver
2023-07-05 11:08:43,294 - root - INFO - iter=1/30
2023-07-05 11:08:43,294 - root - INFO - iter=1/30
2023-07-05 11:08:44,611 - root - INFO - loss after updating Electric Field = 213.01214132159888, error_E=0.2954449778404491
2023-07-05 11:08:44,611 - root - INFO - loss after updating Electric Field = 213.01214132159888, error_E=0.2954449778404491
2023-07-05 11:09:05,475 - root - INFO - Starting image generator
2023-07-05 11:09:05,475 - root - INFO - Starting image generator
2023-07-05 11:09:05,476 - root - INFO -  A fixed pattern with 3 circles will be generated
2023-07-05 11:09:05,476 - root - INFO -  A fixed pattern with 3 circles will be generated
2023-07-05 11:09:05,476 - root - INFO - Generating image no. 1/1
2023-07-05 11:09:05,476 - root - INFO - Generating image no. 1/1
2023-07-05 11:09:05,476 - root - INFO - The image will have 3 circles
2023-07-05 11:09:05,476 - root - INFO - The image will have 3 circles
2023-07-05 11:09:05,523 - root - INFO - Saving generated image plot to path /Users/ccaiafa/Library/CloudStorage/GoogleDrive-ccaiafa@gmail.com/My Drive/Research/Microondas_Ramiro/code/CS_tomography/logs/image_generator/images/test/image_1.png
2023-07-05 11:09:05,523 - root - INFO - Saving generated image plot to path /Users/ccaiafa/Library/CloudStorage/GoogleDrive-ccaiafa@gmail.com/My Drive/Research/Microondas_Ramiro/code/CS_tomography/logs/image_generator/images/test/image_1.png
2023-07-05 11:09:06,069 - root - INFO - Saving 1 images to file /Users/ccaiafa/Library/CloudStorage/GoogleDrive-ccaiafa@gmail.com/My Drive/Research/Microondas_Ramiro/code/CS_tomography/data/image_generator/test/images.pkl
2023-07-05 11:09:06,069 - root - INFO - Saving 1 images to file /Users/ccaiafa/Library/CloudStorage/GoogleDrive-ccaiafa@gmail.com/My Drive/Research/Microondas_Ramiro/code/CS_tomography/data/image_generator/test/images.pkl
2023-07-05 11:09:06,397 - root - INFO - Starting MWT solver
2023-07-05 11:09:06,397 - root - INFO - Starting MWT solver
2023-07-05 11:09:08,016 - root - INFO - iter=1/30
2023-07-05 11:09:08,016 - root - INFO - iter=1/30
2023-07-05 11:09:09,475 - root - INFO - loss after updating Electric Field = 206.44368630394004, error_E=0.2913085640534856
2023-07-05 11:09:09,475 - root - INFO - loss after updating Electric Field = 206.44368630394004, error_E=0.2913085640534856
2023-07-05 11:29:30,385 - root - INFO - Starting image generator
2023-07-05 11:29:30,385 - root - INFO - Starting image generator
2023-07-05 11:29:30,386 - root - INFO -  A fixed pattern with 3 circles will be generated
2023-07-05 11:29:30,386 - root - INFO -  A fixed pattern with 3 circles will be generated
2023-07-05 11:29:30,386 - root - INFO - Generating image no. 1/1
2023-07-05 11:29:30,386 - root - INFO - Generating image no. 1/1
2023-07-05 11:29:30,387 - root - INFO - The image will have 3 circles
2023-07-05 11:29:30,387 - root - INFO - The image will have 3 circles
2023-07-05 11:29:30,433 - root - INFO - Saving generated image plot to path /Users/ccaiafa/Library/CloudStorage/GoogleDrive-ccaiafa@gmail.com/My Drive/Research/Microondas_Ramiro/code/CS_tomography/logs/image_generator/images/test/image_1.png
2023-07-05 11:29:30,433 - root - INFO - Saving generated image plot to path /Users/ccaiafa/Library/CloudStorage/GoogleDrive-ccaiafa@gmail.com/My Drive/Research/Microondas_Ramiro/code/CS_tomography/logs/image_generator/images/test/image_1.png
2023-07-05 11:29:30,995 - root - INFO - Saving 1 images to file /Users/ccaiafa/Library/CloudStorage/GoogleDrive-ccaiafa@gmail.com/My Drive/Research/Microondas_Ramiro/code/CS_tomography/data/image_generator/test/images.pkl
2023-07-05 11:29:30,995 - root - INFO - Saving 1 images to file /Users/ccaiafa/Library/CloudStorage/GoogleDrive-ccaiafa@gmail.com/My Drive/Research/Microondas_Ramiro/code/CS_tomography/data/image_generator/test/images.pkl
2023-07-05 11:29:31,328 - root - INFO - Starting MWT solver
2023-07-05 11:29:31,328 - root - INFO - Starting MWT solver
2023-07-05 11:29:32,628 - root - INFO - iter=1/30
2023-07-05 11:29:32,628 - root - INFO - iter=1/30
2023-07-05 11:29:33,981 - root - INFO - loss after updating Electric Field = 208.17587553312077, error_E=0.29355082172671815
2023-07-05 11:29:33,981 - root - INFO - loss after updating Electric Field = 208.17587553312077, error_E=0.29355082172671815
2023-07-05 15:24:52,516 - root - INFO - Starting image generator
2023-07-05 15:24:52,516 - root - INFO - Starting image generator
2023-07-05 15:24:52,517 - root - INFO -  A fixed pattern with 3 circles will be generated
2023-07-05 15:24:52,517 - root - INFO -  A fixed pattern with 3 circles will be generated
2023-07-05 15:24:52,517 - root - INFO - Generating image no. 1/1
2023-07-05 15:24:52,517 - root - INFO - Generating image no. 1/1
2023-07-05 15:24:52,518 - root - INFO - The image will have 3 circles
2023-07-05 15:24:52,518 - root - INFO - The image will have 3 circles
2023-07-05 15:24:52,563 - root - INFO - Saving generated image plot to path /Users/ccaiafa/Library/CloudStorage/GoogleDrive-ccaiafa@gmail.com/My Drive/Research/Microondas_Ramiro/code/CS_tomography/logs/image_generator/images/test/image_1.png
2023-07-05 15:24:52,563 - root - INFO - Saving generated image plot to path /Users/ccaiafa/Library/CloudStorage/GoogleDrive-ccaiafa@gmail.com/My Drive/Research/Microondas_Ramiro/code/CS_tomography/logs/image_generator/images/test/image_1.png
2023-07-05 15:24:53,117 - root - INFO - Saving 1 images to file /Users/ccaiafa/Library/CloudStorage/GoogleDrive-ccaiafa@gmail.com/My Drive/Research/Microondas_Ramiro/code/CS_tomography/data/image_generator/test/images.pkl
2023-07-05 15:24:53,117 - root - INFO - Saving 1 images to file /Users/ccaiafa/Library/CloudStorage/GoogleDrive-ccaiafa@gmail.com/My Drive/Research/Microondas_Ramiro/code/CS_tomography/data/image_generator/test/images.pkl
2023-07-05 15:24:53,440 - root - INFO - Starting MWT solver
2023-07-05 15:24:53,440 - root - INFO - Starting MWT solver
2023-07-05 15:24:54,723 - root - INFO - iter=1/30
2023-07-05 15:24:54,723 - root - INFO - iter=1/30
2023-07-05 15:24:56,066 - root - INFO - loss after updating Electric Field = 212.0991888892272, error_E=0.2952311706164395
2023-07-05 15:24:56,066 - root - INFO - loss after updating Electric Field = 212.0991888892272, error_E=0.2952311706164395
