2023-06-16 09:56:11,622 - root - INFO - Starting image generator
2023-06-16 09:56:11,623 - root - INFO -  A fixed pattern with 3 circles will be generated
2023-06-16 09:56:11,623 - root - INFO - Generating image no. 1/1
2023-06-16 09:56:11,624 - root - INFO - The image will have 3 circles
2023-06-16 09:56:11,671 - root - INFO - Saving generated image plot to path /Users/ccaiafa/Library/CloudStorage/GoogleDrive-ccaiafa@gmail.com/My Drive/Research/Microondas_Ramiro/code/CS_tomography/logs/image_generator/images/test/image_1.png
2023-06-16 09:56:12,222 - root - INFO - Saving 1 images to file /Users/ccaiafa/Library/CloudStorage/GoogleDrive-ccaiafa@gmail.com/My Drive/Research/Microondas_Ramiro/code/CS_tomography/data/image_generator/test/images.pkl
2023-06-16 09:56:34,059 - root - INFO - Starting image generator
2023-06-16 09:56:34,059 - root - INFO - Starting image generator
2023-06-16 09:56:34,060 - root - INFO -  A fixed pattern with 3 circles will be generated
2023-06-16 09:56:34,060 - root - INFO -  A fixed pattern with 3 circles will be generated
2023-06-16 09:56:34,060 - root - INFO - Generating image no. 1/1
2023-06-16 09:56:34,060 - root - INFO - Generating image no. 1/1
2023-06-16 09:56:34,060 - root - INFO - The image will have 3 circles
2023-06-16 09:56:34,060 - root - INFO - The image will have 3 circles
2023-06-16 09:56:34,107 - root - INFO - Saving generated image plot to path /Users/ccaiafa/Library/CloudStorage/GoogleDrive-ccaiafa@gmail.com/My Drive/Research/Microondas_Ramiro/code/CS_tomography/logs/image_generator/images/test/image_1.png
2023-06-16 09:56:34,107 - root - INFO - Saving generated image plot to path /Users/ccaiafa/Library/CloudStorage/GoogleDrive-ccaiafa@gmail.com/My Drive/Research/Microondas_Ramiro/code/CS_tomography/logs/image_generator/images/test/image_1.png
2023-06-16 09:56:34,649 - root - INFO - Saving 1 images to file /Users/ccaiafa/Library/CloudStorage/GoogleDrive-ccaiafa@gmail.com/My Drive/Research/Microondas_Ramiro/code/CS_tomography/data/image_generator/test/images.pkl
2023-06-16 09:56:34,649 - root - INFO - Saving 1 images to file /Users/ccaiafa/Library/CloudStorage/GoogleDrive-ccaiafa@gmail.com/My Drive/Research/Microondas_Ramiro/code/CS_tomography/data/image_generator/test/images.pkl
2023-06-16 09:56:34,974 - root - INFO - Starting MWT solver
2023-06-16 09:56:34,974 - root - INFO - Starting MWT solver
2023-06-16 09:56:36,284 - root - INFO - iter=1/10
2023-06-16 09:56:36,284 - root - INFO - iter=1/10
2023-06-16 09:56:38,150 - root - INFO - loss after updating Electric Field = 224.29445979478345, error_E=0.3019871658150269
2023-06-16 09:56:38,150 - root - INFO - loss after updating Electric Field = 224.29445979478345, error_E=0.3019871658150269
2023-06-16 09:58:28,612 - root - INFO - Starting image generator
2023-06-16 09:58:28,612 - root - INFO - Starting image generator
2023-06-16 09:58:28,614 - root - INFO -  A fixed pattern with 3 circles will be generated
2023-06-16 09:58:28,614 - root - INFO -  A fixed pattern with 3 circles will be generated
2023-06-16 09:58:28,614 - root - INFO - Generating image no. 1/1
2023-06-16 09:58:28,614 - root - INFO - Generating image no. 1/1
2023-06-16 09:58:28,615 - root - INFO - The image will have 3 circles
2023-06-16 09:58:28,615 - root - INFO - The image will have 3 circles
2023-06-16 09:58:28,677 - root - INFO - Saving generated image plot to path /Users/ccaiafa/Library/CloudStorage/GoogleDrive-ccaiafa@gmail.com/My Drive/Research/Microondas_Ramiro/code/CS_tomography/logs/image_generator/images/test/image_1.png
2023-06-16 09:58:28,677 - root - INFO - Saving generated image plot to path /Users/ccaiafa/Library/CloudStorage/GoogleDrive-ccaiafa@gmail.com/My Drive/Research/Microondas_Ramiro/code/CS_tomography/logs/image_generator/images/test/image_1.png
2023-06-16 09:58:29,236 - root - INFO - Saving 1 images to file /Users/ccaiafa/Library/CloudStorage/GoogleDrive-ccaiafa@gmail.com/My Drive/Research/Microondas_Ramiro/code/CS_tomography/data/image_generator/test/images.pkl
2023-06-16 09:58:29,236 - root - INFO - Saving 1 images to file /Users/ccaiafa/Library/CloudStorage/GoogleDrive-ccaiafa@gmail.com/My Drive/Research/Microondas_Ramiro/code/CS_tomography/data/image_generator/test/images.pkl
2023-06-16 09:58:29,572 - root - INFO - Starting MWT solver
2023-06-16 09:58:29,572 - root - INFO - Starting MWT solver
2023-06-16 09:58:31,225 - root - INFO - iter=1/10
2023-06-16 09:58:31,225 - root - INFO - iter=1/10
2023-06-16 09:58:32,798 - root - INFO - loss after updating Electric Field = 207.72561738388174, error_E=0.2922913801066748
2023-06-16 09:58:32,798 - root - INFO - loss after updating Electric Field = 207.72561738388174, error_E=0.2922913801066748
2023-06-16 10:00:42,971 - root - INFO - loss after updating Relative Permittivities = 108.87560863614158, error_rel_perm=0.5790888918110343
2023-06-16 10:00:42,971 - root - INFO - loss after updating Relative Permittivities = 108.87560863614158, error_rel_perm=0.5790888918110343
2023-06-16 10:12:59,238 - root - INFO - Starting image generator
2023-06-16 10:12:59,238 - root - INFO - Starting image generator
2023-06-16 10:12:59,239 - root - INFO -  A fixed pattern with 3 circles will be generated
2023-06-16 10:12:59,239 - root - INFO -  A fixed pattern with 3 circles will be generated
2023-06-16 10:12:59,239 - root - INFO - Generating image no. 1/1
2023-06-16 10:12:59,239 - root - INFO - Generating image no. 1/1
2023-06-16 10:12:59,240 - root - INFO - The image will have 3 circles
2023-06-16 10:12:59,240 - root - INFO - The image will have 3 circles
2023-06-16 10:12:59,286 - root - INFO - Saving generated image plot to path /Users/ccaiafa/Library/CloudStorage/GoogleDrive-ccaiafa@gmail.com/My Drive/Research/Microondas_Ramiro/code/CS_tomography/logs/image_generator/images/test/image_1.png
2023-06-16 10:12:59,286 - root - INFO - Saving generated image plot to path /Users/ccaiafa/Library/CloudStorage/GoogleDrive-ccaiafa@gmail.com/My Drive/Research/Microondas_Ramiro/code/CS_tomography/logs/image_generator/images/test/image_1.png
2023-06-16 10:12:59,835 - root - INFO - Saving 1 images to file /Users/ccaiafa/Library/CloudStorage/GoogleDrive-ccaiafa@gmail.com/My Drive/Research/Microondas_Ramiro/code/CS_tomography/data/image_generator/test/images.pkl
2023-06-16 10:12:59,835 - root - INFO - Saving 1 images to file /Users/ccaiafa/Library/CloudStorage/GoogleDrive-ccaiafa@gmail.com/My Drive/Research/Microondas_Ramiro/code/CS_tomography/data/image_generator/test/images.pkl
2023-06-16 10:13:00,164 - root - INFO - Starting MWT solver
2023-06-16 10:13:00,164 - root - INFO - Starting MWT solver
2023-06-16 10:13:01,753 - root - INFO - iter=1/10
2023-06-16 10:13:01,753 - root - INFO - iter=1/10
2023-06-16 10:13:03,335 - root - INFO - loss after updating Electric Field = 209.73909451777092, error_E=0.2936782835346751
2023-06-16 10:13:03,335 - root - INFO - loss after updating Electric Field = 209.73909451777092, error_E=0.2936782835346751
2023-06-16 10:15:42,896 - root - INFO - loss after updating Relative Permittivities = 110.04885873069556, error_rel_perm=0.5936073271285301
2023-06-16 10:15:42,896 - root - INFO - loss after updating Relative Permittivities = 110.04885873069556, error_rel_perm=0.5936073271285301
2023-06-16 10:15:42,897 - root - INFO - iter=2/10
2023-06-16 10:15:42,897 - root - INFO - iter=2/10
2023-06-16 10:15:44,533 - root - INFO - loss after updating Electric Field = 45.53971974650533, error_E=0.14660894076553802
2023-06-16 10:15:44,533 - root - INFO - loss after updating Electric Field = 45.53971974650533, error_E=0.14660894076553802
2023-06-16 10:17:17,654 - root - INFO - loss after updating Relative Permittivities = 28.555849414626472, error_rel_perm=0.4580661762590008
2023-06-16 10:17:17,654 - root - INFO - loss after updating Relative Permittivities = 28.555849414626472, error_rel_perm=0.4580661762590008
2023-06-16 10:17:17,655 - root - INFO - iter=3/10
2023-06-16 10:17:17,655 - root - INFO - iter=3/10
2023-06-16 10:17:19,716 - root - INFO - loss after updating Electric Field = 18.541289008518262, error_E=0.09711951775018285
2023-06-16 10:17:19,716 - root - INFO - loss after updating Electric Field = 18.541289008518262, error_E=0.09711951775018285
2023-06-16 10:18:53,650 - root - INFO - loss after updating Relative Permittivities = 12.91278160949289, error_rel_perm=0.397279132840024
2023-06-16 10:18:53,650 - root - INFO - loss after updating Relative Permittivities = 12.91278160949289, error_rel_perm=0.397279132840024
2023-06-16 10:18:53,651 - root - INFO - iter=4/10
2023-06-16 10:18:53,651 - root - INFO - iter=4/10
2023-06-16 10:18:55,410 - root - INFO - loss after updating Electric Field = 9.468334605162234, error_E=0.0709151261795001
2023-06-16 10:18:55,410 - root - INFO - loss after updating Electric Field = 9.468334605162234, error_E=0.0709151261795001
2023-06-16 10:20:29,040 - root - INFO - loss after updating Relative Permittivities = 6.990038344707803, error_rel_perm=0.3630370835229618
2023-06-16 10:20:29,040 - root - INFO - loss after updating Relative Permittivities = 6.990038344707803, error_rel_perm=0.3630370835229618
2023-06-16 10:20:29,040 - root - INFO - iter=5/10
2023-06-16 10:20:29,040 - root - INFO - iter=5/10
2023-06-16 10:20:30,874 - root - INFO - loss after updating Electric Field = 5.364578983819613, error_E=0.05414613514701775
2023-06-16 10:20:30,874 - root - INFO - loss after updating Electric Field = 5.364578983819613, error_E=0.05414613514701775
2023-06-16 10:22:03,179 - root - INFO - loss after updating Relative Permittivities = 4.090118961664697, error_rel_perm=0.34075289210508386
2023-06-16 10:22:03,179 - root - INFO - loss after updating Relative Permittivities = 4.090118961664697, error_rel_perm=0.34075289210508386
2023-06-16 10:22:03,179 - root - INFO - iter=6/10
2023-06-16 10:22:03,179 - root - INFO - iter=6/10
2023-06-16 10:22:04,776 - root - INFO - loss after updating Electric Field = 3.2204755114684858, error_E=0.042431572212137406
2023-06-16 10:22:04,776 - root - INFO - loss after updating Electric Field = 3.2204755114684858, error_E=0.042431572212137406
2023-06-16 10:23:36,566 - root - INFO - loss after updating Relative Permittivities = 2.513243201690125, error_rel_perm=0.32529219932228504
2023-06-16 10:23:36,566 - root - INFO - loss after updating Relative Permittivities = 2.513243201690125, error_rel_perm=0.32529219932228504
2023-06-16 10:23:36,567 - root - INFO - iter=7/10
2023-06-16 10:23:36,567 - root - INFO - iter=7/10
2023-06-16 10:23:38,335 - root - INFO - loss after updating Electric Field = 2.0216599085584788, error_E=0.03396862132697676
2023-06-16 10:23:38,335 - root - INFO - loss after updating Electric Field = 2.0216599085584788, error_E=0.03396862132697676
2023-06-16 10:25:10,751 - root - INFO - loss after updating Relative Permittivities = 1.6094462697161727, error_rel_perm=0.3136192017614771
2023-06-16 10:25:10,751 - root - INFO - loss after updating Relative Permittivities = 1.6094462697161727, error_rel_perm=0.3136192017614771
2023-06-16 10:25:10,752 - root - INFO - iter=8/10
2023-06-16 10:25:10,752 - root - INFO - iter=8/10
2023-06-16 10:25:12,332 - root - INFO - loss after updating Electric Field = 1.3197751469731027, error_E=0.027712119064255303
2023-06-16 10:25:12,332 - root - INFO - loss after updating Electric Field = 1.3197751469731027, error_E=0.027712119064255303
2023-06-16 10:26:43,815 - root - INFO - loss after updating Relative Permittivities = 1.0689000073731827, error_rel_perm=0.3054042385395365
2023-06-16 10:26:43,815 - root - INFO - loss after updating Relative Permittivities = 1.0689000073731827, error_rel_perm=0.3054042385395365
2023-06-16 10:26:43,815 - root - INFO - iter=9/10
2023-06-16 10:26:43,815 - root - INFO - iter=9/10
2023-06-16 10:26:45,758 - root - INFO - loss after updating Electric Field = 0.8912679469376894, error_E=0.022995815218346448
2023-06-16 10:26:45,758 - root - INFO - loss after updating Electric Field = 0.8912679469376894, error_E=0.022995815218346448
2023-06-16 10:28:18,198 - root - INFO - loss after updating Relative Permittivities = 0.7354633946306516, error_rel_perm=0.29973922003089754
2023-06-16 10:28:18,198 - root - INFO - loss after updating Relative Permittivities = 0.7354633946306516, error_rel_perm=0.29973922003089754
2023-06-16 10:28:18,198 - root - INFO - iter=10/10
2023-06-16 10:28:18,198 - root - INFO - iter=10/10
2023-06-16 10:28:20,742 - root - INFO - loss after updating Electric Field = 0.6252941680614343, error_E=0.019442800362349303
2023-06-16 10:28:20,742 - root - INFO - loss after updating Electric Field = 0.6252941680614343, error_E=0.019442800362349303
2023-06-16 10:29:53,899 - root - INFO - loss after updating Relative Permittivities = 0.5265488451011316, error_rel_perm=0.29572326765168694
2023-06-16 10:29:53,899 - root - INFO - loss after updating Relative Permittivities = 0.5265488451011316, error_rel_perm=0.29572326765168694
2023-06-16 10:31:34,081 - root - INFO - Starting MWT solver
2023-06-16 10:31:34,081 - root - INFO - Starting MWT solver
2023-06-16 10:31:35,547 - root - INFO - iter=1/5
2023-06-16 10:31:35,547 - root - INFO - iter=1/5
2023-06-16 10:31:37,041 - root - INFO - loss after updating Electric Field = 0.45811295110813127, error_E=0.01680984113376256
2023-06-16 10:31:37,041 - root - INFO - loss after updating Electric Field = 0.45811295110813127, error_E=0.01680984113376256
2023-06-16 12:44:41,603 - root - INFO - loss after updating Relative Permittivities = 0.3474072252192072, error_rel_perm=0.21131160463925602
2023-06-16 12:44:41,603 - root - INFO - loss after updating Relative Permittivities = 0.3474072252192072, error_rel_perm=0.21131160463925602
2023-06-16 13:02:02,119 - root - INFO - iter=2/5
2023-06-16 13:02:02,119 - root - INFO - iter=2/5
2023-06-16 13:02:04,751 - root - INFO - loss after updating Electric Field = 0.2584427258659978, error_E=0.012993087192245475
2023-06-16 13:02:04,751 - root - INFO - loss after updating Electric Field = 0.2584427258659978, error_E=0.012993087192245475
2023-06-16 15:06:08,293 - root - INFO - loss after updating Relative Permittivities = 0.20427273682164457, error_rel_perm=0.20445178361310365
2023-06-16 15:06:08,293 - root - INFO - loss after updating Relative Permittivities = 0.20427273682164457, error_rel_perm=0.20445178361310365
2023-06-16 15:32:10,486 - root - INFO - iter=3/5
2023-06-16 15:32:10,486 - root - INFO - iter=3/5
2023-06-16 15:32:11,855 - root - INFO - loss after updating Electric Field = 0.16560462283396862, error_E=0.01067507647475471
2023-06-16 15:32:11,855 - root - INFO - loss after updating Electric Field = 0.16560462283396862, error_E=0.01067507647475471
2023-06-16 17:33:24,769 - root - INFO - loss after updating Relative Permittivities = 0.13369414269091637, error_rel_perm=0.20247275663323308
2023-06-16 17:33:24,769 - root - INFO - loss after updating Relative Permittivities = 0.13369414269091637, error_rel_perm=0.20247275663323308
2023-06-16 17:33:56,503 - root - INFO - iter=4/5
2023-06-16 17:33:56,503 - root - INFO - iter=4/5
2023-06-16 17:33:57,926 - root - INFO - loss after updating Electric Field = 0.11039015701490423, error_E=0.008975154597360103
2023-06-16 17:33:57,926 - root - INFO - loss after updating Electric Field = 0.11039015701490423, error_E=0.008975154597360103
2023-06-16 19:31:20,772 - root - INFO - loss after updating Relative Permittivities = 0.09015991594704123, error_rel_perm=0.1994845065132469
2023-06-16 19:31:20,772 - root - INFO - loss after updating Relative Permittivities = 0.09015991594704123, error_rel_perm=0.1994845065132469
2023-06-16 19:31:37,387 - root - INFO - iter=5/5
2023-06-16 19:31:37,387 - root - INFO - iter=5/5
2023-06-16 19:31:38,750 - root - INFO - loss after updating Electric Field = 0.07533460665255794, error_E=0.007670677358159899
2023-06-16 19:31:38,750 - root - INFO - loss after updating Electric Field = 0.07533460665255794, error_E=0.007670677358159899
2023-06-16 21:28:36,839 - root - INFO - loss after updating Relative Permittivities = 0.062032284388173986, error_rel_perm=0.1980227786067487
2023-06-16 21:28:36,839 - root - INFO - loss after updating Relative Permittivities = 0.062032284388173986, error_rel_perm=0.1980227786067487
2023-06-16 23:07:43,375 - root - INFO - Starting MWT solver
2023-06-16 23:07:43,375 - root - INFO - Starting MWT solver
2023-06-16 23:08:22,255 - root - INFO - Starting image generator
2023-06-16 23:08:22,255 - root - INFO - Starting image generator
2023-06-16 23:08:22,256 - root - INFO -  A fixed pattern with 3 circles will be generated
2023-06-16 23:08:22,256 - root - INFO -  A fixed pattern with 3 circles will be generated
2023-06-16 23:08:22,256 - root - INFO - Generating image no. 1/1
2023-06-16 23:08:22,256 - root - INFO - Generating image no. 1/1
2023-06-16 23:08:22,257 - root - INFO - The image will have 3 circles
2023-06-16 23:08:22,257 - root - INFO - The image will have 3 circles
2023-06-16 23:08:22,414 - root - INFO - Saving generated image plot to path /Users/ccaiafa/Library/CloudStorage/GoogleDrive-ccaiafa@gmail.com/My Drive/Research/Microondas_Ramiro/code/CS_tomography/logs/image_generator/images/test/image_1.png
2023-06-16 23:08:22,414 - root - INFO - Saving generated image plot to path /Users/ccaiafa/Library/CloudStorage/GoogleDrive-ccaiafa@gmail.com/My Drive/Research/Microondas_Ramiro/code/CS_tomography/logs/image_generator/images/test/image_1.png
2023-06-16 23:08:23,002 - root - INFO - Saving 1 images to file /Users/ccaiafa/Library/CloudStorage/GoogleDrive-ccaiafa@gmail.com/My Drive/Research/Microondas_Ramiro/code/CS_tomography/data/image_generator/test/images.pkl
2023-06-16 23:08:23,002 - root - INFO - Saving 1 images to file /Users/ccaiafa/Library/CloudStorage/GoogleDrive-ccaiafa@gmail.com/My Drive/Research/Microondas_Ramiro/code/CS_tomography/data/image_generator/test/images.pkl
2023-06-16 23:08:23,437 - root - INFO - Starting MWT solver
2023-06-16 23:08:23,437 - root - INFO - Starting MWT solver
2023-06-16 23:08:24,742 - root - INFO - iter=1/10
2023-06-16 23:08:24,742 - root - INFO - iter=1/10
2023-06-16 23:08:26,116 - root - INFO - loss after updating Electric Field = 208.61968753283622, error_E=0.29355555590348903
2023-06-16 23:08:26,116 - root - INFO - loss after updating Electric Field = 208.61968753283622, error_E=0.29355555590348903
2023-06-16 23:09:25,729 - root - INFO - Starting image generator
2023-06-16 23:09:25,729 - root - INFO - Starting image generator
2023-06-16 23:09:25,730 - root - INFO -  A fixed pattern with 3 circles will be generated
2023-06-16 23:09:25,730 - root - INFO -  A fixed pattern with 3 circles will be generated
2023-06-16 23:09:25,730 - root - INFO - Generating image no. 1/1
2023-06-16 23:09:25,730 - root - INFO - Generating image no. 1/1
2023-06-16 23:09:25,731 - root - INFO - The image will have 3 circles
2023-06-16 23:09:25,731 - root - INFO - The image will have 3 circles
2023-06-16 23:09:25,776 - root - INFO - Saving generated image plot to path /Users/ccaiafa/Library/CloudStorage/GoogleDrive-ccaiafa@gmail.com/My Drive/Research/Microondas_Ramiro/code/CS_tomography/logs/image_generator/images/test/image_1.png
2023-06-16 23:09:25,776 - root - INFO - Saving generated image plot to path /Users/ccaiafa/Library/CloudStorage/GoogleDrive-ccaiafa@gmail.com/My Drive/Research/Microondas_Ramiro/code/CS_tomography/logs/image_generator/images/test/image_1.png
2023-06-16 23:09:26,320 - root - INFO - Saving 1 images to file /Users/ccaiafa/Library/CloudStorage/GoogleDrive-ccaiafa@gmail.com/My Drive/Research/Microondas_Ramiro/code/CS_tomography/data/image_generator/test/images.pkl
2023-06-16 23:09:26,320 - root - INFO - Saving 1 images to file /Users/ccaiafa/Library/CloudStorage/GoogleDrive-ccaiafa@gmail.com/My Drive/Research/Microondas_Ramiro/code/CS_tomography/data/image_generator/test/images.pkl
2023-06-16 23:09:26,644 - root - INFO - Starting MWT solver
2023-06-16 23:09:26,644 - root - INFO - Starting MWT solver
2023-06-16 23:09:27,951 - root - INFO - iter=1/25
2023-06-16 23:09:27,951 - root - INFO - iter=1/25
2023-06-16 23:09:29,368 - root - INFO - loss after updating Electric Field = 216.20846332189507, error_E=0.29865592968002136
2023-06-16 23:09:29,368 - root - INFO - loss after updating Electric Field = 216.20846332189507, error_E=0.29865592968002136
2023-06-16 23:10:52,719 - root - INFO - loss after updating Relative Permittivities = 113.47728387329244, error_rel_perm=0.6087971512994756
2023-06-16 23:10:52,719 - root - INFO - loss after updating Relative Permittivities = 113.47728387329244, error_rel_perm=0.6087971512994756
2023-06-16 23:10:52,719 - root - INFO - iter=2/25
2023-06-16 23:10:52,719 - root - INFO - iter=2/25
2023-06-16 23:10:53,994 - root - INFO - loss after updating Electric Field = 46.519523002309946, error_E=0.14881959108334467
2023-06-16 23:10:53,994 - root - INFO - loss after updating Electric Field = 46.519523002309946, error_E=0.14881959108334467
2023-06-16 23:12:13,097 - root - INFO - loss after updating Relative Permittivities = 29.16771139540858, error_rel_perm=0.4779586332301983
2023-06-16 23:12:13,097 - root - INFO - loss after updating Relative Permittivities = 29.16771139540858, error_rel_perm=0.4779586332301983
2023-06-16 23:12:13,097 - root - INFO - iter=3/25
2023-06-16 23:12:13,097 - root - INFO - iter=3/25
2023-06-16 23:12:14,517 - root - INFO - loss after updating Electric Field = 19.030818212539657, error_E=0.09874961044879958
2023-06-16 23:12:14,517 - root - INFO - loss after updating Electric Field = 19.030818212539657, error_E=0.09874961044879958
2023-06-16 23:13:33,435 - root - INFO - loss after updating Relative Permittivities = 13.306961576485511, error_rel_perm=0.4017258096894331
2023-06-16 23:13:33,435 - root - INFO - loss after updating Relative Permittivities = 13.306961576485511, error_rel_perm=0.4017258096894331
2023-06-16 23:13:33,435 - root - INFO - iter=4/25
2023-06-16 23:13:33,435 - root - INFO - iter=4/25
2023-06-16 23:13:34,695 - root - INFO - loss after updating Electric Field = 9.640122670277478, error_E=0.07162608669339343
2023-06-16 23:13:34,695 - root - INFO - loss after updating Electric Field = 9.640122670277478, error_E=0.07162608669339343
2023-06-16 23:14:53,955 - root - INFO - loss after updating Relative Permittivities = 7.116521018435279, error_rel_perm=0.36429295463116795
2023-06-16 23:14:53,955 - root - INFO - loss after updating Relative Permittivities = 7.116521018435279, error_rel_perm=0.36429295463116795
2023-06-16 23:14:53,956 - root - INFO - iter=5/25
2023-06-16 23:14:53,956 - root - INFO - iter=5/25
2023-06-16 23:14:55,222 - root - INFO - loss after updating Electric Field = 5.455020772246919, error_E=0.054648132829082374
2023-06-16 23:14:55,222 - root - INFO - loss after updating Electric Field = 5.455020772246919, error_E=0.054648132829082374
2023-06-16 23:16:14,583 - root - INFO - loss after updating Relative Permittivities = 4.160334822513367, error_rel_perm=0.34154661588600777
2023-06-16 23:16:14,583 - root - INFO - loss after updating Relative Permittivities = 4.160334822513367, error_rel_perm=0.34154661588600777
2023-06-16 23:16:14,583 - root - INFO - iter=6/25
2023-06-16 23:16:14,583 - root - INFO - iter=6/25
2023-06-16 23:16:15,882 - root - INFO - loss after updating Electric Field = 3.2722663610411686, error_E=0.04283278549237532
2023-06-16 23:16:15,882 - root - INFO - loss after updating Electric Field = 3.2722663610411686, error_E=0.04283278549237532
2023-06-16 23:17:35,519 - root - INFO - loss after updating Relative Permittivities = 2.5547757441405015, error_rel_perm=0.32589372125257426
2023-06-16 23:17:35,519 - root - INFO - loss after updating Relative Permittivities = 2.5547757441405015, error_rel_perm=0.32589372125257426
2023-06-16 23:17:35,520 - root - INFO - iter=7/25
2023-06-16 23:17:35,520 - root - INFO - iter=7/25
2023-06-16 23:17:36,779 - root - INFO - loss after updating Electric Field = 2.0570267114554714, error_E=0.034313432720173204
2023-06-16 23:17:36,779 - root - INFO - loss after updating Electric Field = 2.0570267114554714, error_E=0.034313432720173204
2023-06-16 23:18:55,950 - root - INFO - loss after updating Relative Permittivities = 1.636796584364835, error_rel_perm=0.31439055139488453
2023-06-16 23:18:55,950 - root - INFO - loss after updating Relative Permittivities = 1.636796584364835, error_rel_perm=0.31439055139488453
2023-06-16 23:18:55,951 - root - INFO - iter=8/25
2023-06-16 23:18:55,951 - root - INFO - iter=8/25
2023-06-16 23:18:57,194 - root - INFO - loss after updating Electric Field = 1.3429241213962304, error_E=0.027983945206726913
2023-06-16 23:18:57,194 - root - INFO - loss after updating Electric Field = 1.3429241213962304, error_E=0.027983945206726913
2023-06-16 23:20:19,981 - root - INFO - loss after updating Relative Permittivities = 1.0882624094542925, error_rel_perm=0.30625085852144673
2023-06-16 23:20:19,981 - root - INFO - loss after updating Relative Permittivities = 1.0882624094542925, error_rel_perm=0.30625085852144673
2023-06-16 23:20:19,981 - root - INFO - iter=9/25
2023-06-16 23:20:19,981 - root - INFO - iter=9/25
2023-06-16 23:20:21,572 - root - INFO - loss after updating Electric Field = 0.9094689848356519, error_E=0.02324665006239998
2023-06-16 23:20:21,572 - root - INFO - loss after updating Electric Field = 0.9094689848356519, error_E=0.02324665006239998
2023-06-16 23:21:44,221 - root - INFO - loss after updating Relative Permittivities = 0.749517036631253, error_rel_perm=0.30024197929520663
2023-06-16 23:21:44,221 - root - INFO - loss after updating Relative Permittivities = 0.749517036631253, error_rel_perm=0.30024197929520663
2023-06-16 23:21:44,222 - root - INFO - iter=10/25
2023-06-16 23:21:44,222 - root - INFO - iter=10/25
2023-06-16 23:21:45,456 - root - INFO - loss after updating Electric Field = 0.6383395482725142, error_E=0.01965510727563722
2023-06-16 23:21:45,456 - root - INFO - loss after updating Electric Field = 0.6383395482725142, error_E=0.01965510727563722
2023-06-16 23:23:06,282 - root - INFO - loss after updating Relative Permittivities = 0.5365609456431892, error_rel_perm=0.2960545535853346
2023-06-16 23:23:06,282 - root - INFO - loss after updating Relative Permittivities = 0.5365609456431892, error_rel_perm=0.2960545535853346
2023-06-16 23:23:06,283 - root - INFO - iter=11/25
2023-06-16 23:23:06,283 - root - INFO - iter=11/25
2023-06-16 23:23:07,576 - root - INFO - loss after updating Electric Field = 0.4654877519073555, error_E=0.01695896032366498
2023-06-16 23:23:07,576 - root - INFO - loss after updating Electric Field = 0.4654877519073555, error_E=0.01695896032366498
2023-06-16 23:24:30,833 - root - INFO - loss after updating Relative Permittivities = 0.40076893105421874, error_rel_perm=0.29304045186904215
2023-06-16 23:24:30,833 - root - INFO - loss after updating Relative Permittivities = 0.40076893105421874, error_rel_perm=0.29304045186904215
2023-06-16 23:24:30,833 - root - INFO - iter=12/25
2023-06-16 23:24:30,833 - root - INFO - iter=12/25
2023-06-16 23:24:32,089 - root - INFO - loss after updating Electric Field = 0.3553857728627908, error_E=0.014963271399761969
2023-06-16 23:24:32,089 - root - INFO - loss after updating Electric Field = 0.3553857728627908, error_E=0.014963271399761969
2023-06-16 23:25:52,476 - root - INFO - loss after updating Relative Permittivities = 0.311286758373589, error_rel_perm=0.2907317457498924
2023-06-16 23:25:52,476 - root - INFO - loss after updating Relative Permittivities = 0.311286758373589, error_rel_perm=0.2907317457498924
2023-06-16 23:25:52,476 - root - INFO - iter=13/25
2023-06-16 23:25:52,476 - root - INFO - iter=13/25
2023-06-16 23:25:53,755 - root - INFO - loss after updating Electric Field = 0.28174896790903375, error_E=0.01345750928342026
2023-06-16 23:25:53,755 - root - INFO - loss after updating Electric Field = 0.28174896790903375, error_E=0.01345750928342026
2023-06-16 23:27:13,111 - root - INFO - loss after updating Relative Permittivities = 0.2523288014527488, error_rel_perm=0.28875411621618996
2023-06-16 23:27:13,111 - root - INFO - loss after updating Relative Permittivities = 0.2523288014527488, error_rel_perm=0.28875411621618996
2023-06-16 23:27:13,112 - root - INFO - iter=14/25
2023-06-16 23:27:13,112 - root - INFO - iter=14/25
2023-06-16 23:27:14,340 - root - INFO - loss after updating Electric Field = 0.2323187353305572, error_E=0.012326053668681567
2023-06-16 23:27:14,340 - root - INFO - loss after updating Electric Field = 0.2323187353305572, error_E=0.012326053668681567
2023-06-16 23:28:33,225 - root - INFO - loss after updating Relative Permittivities = 0.2131922261932024, error_rel_perm=0.2877326154943701
2023-06-16 23:28:33,225 - root - INFO - loss after updating Relative Permittivities = 0.2131922261932024, error_rel_perm=0.2877326154943701
2023-06-16 23:28:33,226 - root - INFO - iter=15/25
2023-06-16 23:28:33,226 - root - INFO - iter=15/25
2023-06-16 23:28:34,455 - root - INFO - loss after updating Electric Field = 0.20103213460356817, error_E=0.011535451035502872
2023-06-16 23:28:34,455 - root - INFO - loss after updating Electric Field = 0.20103213460356817, error_E=0.011535451035502872
2023-06-16 23:29:54,283 - root - INFO - loss after updating Relative Permittivities = 0.18811326399283063, error_rel_perm=0.2871106892394225
2023-06-16 23:29:54,283 - root - INFO - loss after updating Relative Permittivities = 0.18811326399283063, error_rel_perm=0.2871106892394225
2023-06-16 23:29:54,284 - root - INFO - iter=16/25
2023-06-16 23:29:54,284 - root - INFO - iter=16/25
2023-06-16 23:29:55,563 - root - INFO - loss after updating Electric Field = 0.18029007362620397, error_E=0.010968170373062771
2023-06-16 23:29:55,563 - root - INFO - loss after updating Electric Field = 0.18029007362620397, error_E=0.010968170373062771
2023-06-16 23:31:16,198 - root - INFO - loss after updating Relative Permittivities = 0.1715134549758604, error_rel_perm=0.2861306279814517
2023-06-16 23:31:16,198 - root - INFO - loss after updating Relative Permittivities = 0.1715134549758604, error_rel_perm=0.2861306279814517
2023-06-16 23:31:16,198 - root - INFO - iter=17/25
2023-06-16 23:31:16,198 - root - INFO - iter=17/25
2023-06-16 23:31:17,431 - root - INFO - loss after updating Electric Field = 0.16604771985933567, error_E=0.010540221982571924
2023-06-16 23:31:17,431 - root - INFO - loss after updating Electric Field = 0.16604771985933567, error_E=0.010540221982571924
2023-06-16 23:32:38,808 - root - INFO - loss after updating Relative Permittivities = 0.1604136582478985, error_rel_perm=0.285451280169412
2023-06-16 23:32:38,808 - root - INFO - loss after updating Relative Permittivities = 0.1604136582478985, error_rel_perm=0.285451280169412
2023-06-16 23:32:38,809 - root - INFO - iter=18/25
2023-06-16 23:32:38,809 - root - INFO - iter=18/25
2023-06-16 23:32:40,389 - root - INFO - loss after updating Electric Field = 0.15611974721730365, error_E=0.010230730795292277
2023-06-16 23:32:40,389 - root - INFO - loss after updating Electric Field = 0.15611974721730365, error_E=0.010230730795292277
2023-06-16 23:34:01,038 - root - INFO - loss after updating Relative Permittivities = 0.15337479506070475, error_rel_perm=0.28514511268899245
2023-06-16 23:34:01,038 - root - INFO - loss after updating Relative Permittivities = 0.15337479506070475, error_rel_perm=0.28514511268899245
2023-06-16 23:34:01,038 - root - INFO - iter=19/25
2023-06-16 23:34:01,038 - root - INFO - iter=19/25
2023-06-16 23:34:02,260 - root - INFO - loss after updating Electric Field = 0.1504992921564236, error_E=0.01005233679909828
2023-06-16 23:34:02,260 - root - INFO - loss after updating Electric Field = 0.1504992921564236, error_E=0.01005233679909828
2023-06-16 23:35:22,230 - root - INFO - loss after updating Relative Permittivities = 0.14717944343382822, error_rel_perm=0.2848328871388157
2023-06-16 23:35:22,230 - root - INFO - loss after updating Relative Permittivities = 0.14717944343382822, error_rel_perm=0.2848328871388157
2023-06-16 23:35:22,231 - root - INFO - iter=20/25
2023-06-16 23:35:22,231 - root - INFO - iter=20/25
2023-06-16 23:35:23,430 - root - INFO - loss after updating Electric Field = 0.14522574964373347, error_E=0.009880642580580955
2023-06-16 23:35:23,430 - root - INFO - loss after updating Electric Field = 0.14522574964373347, error_E=0.009880642580580955
2023-06-16 23:36:43,216 - root - INFO - loss after updating Relative Permittivities = 0.14291901977691646, error_rel_perm=0.2844865541540486
2023-06-16 23:36:43,216 - root - INFO - loss after updating Relative Permittivities = 0.14291901977691646, error_rel_perm=0.2844865541540486
2023-06-16 23:36:43,217 - root - INFO - iter=21/25
2023-06-16 23:36:43,217 - root - INFO - iter=21/25
2023-06-16 23:36:44,457 - root - INFO - loss after updating Electric Field = 0.14151575482417578, error_E=0.009772646552329995
2023-06-16 23:36:44,457 - root - INFO - loss after updating Electric Field = 0.14151575482417578, error_E=0.009772646552329995
2023-06-16 23:38:06,084 - root - INFO - loss after updating Relative Permittivities = 0.1398850940408014, error_rel_perm=0.28432884979270745
2023-06-16 23:38:06,084 - root - INFO - loss after updating Relative Permittivities = 0.1398850940408014, error_rel_perm=0.28432884979270745
2023-06-16 23:38:06,085 - root - INFO - iter=22/25
2023-06-16 23:38:06,085 - root - INFO - iter=22/25
2023-06-16 23:38:07,608 - root - INFO - loss after updating Electric Field = 0.13891521559752412, error_E=0.009685086164658678
2023-06-16 23:38:07,608 - root - INFO - loss after updating Electric Field = 0.13891521559752412, error_E=0.009685086164658678
2023-06-16 23:39:27,460 - root - INFO - loss after updating Relative Permittivities = 0.13816190613283053, error_rel_perm=0.28403012998890975
2023-06-16 23:39:27,460 - root - INFO - loss after updating Relative Permittivities = 0.13816190613283053, error_rel_perm=0.28403012998890975
2023-06-16 23:39:27,462 - root - INFO - iter=23/25
2023-06-16 23:39:27,462 - root - INFO - iter=23/25
2023-06-16 23:39:28,740 - root - INFO - loss after updating Electric Field = 0.13737259647944178, error_E=0.0096192989124503
2023-06-16 23:39:28,740 - root - INFO - loss after updating Electric Field = 0.13737259647944178, error_E=0.0096192989124503
2023-06-16 23:40:50,923 - root - INFO - loss after updating Relative Permittivities = 0.13645690177732978, error_rel_perm=0.28387479716834596
2023-06-16 23:40:50,923 - root - INFO - loss after updating Relative Permittivities = 0.13645690177732978, error_rel_perm=0.28387479716834596
2023-06-16 23:40:50,925 - root - INFO - iter=24/25
2023-06-16 23:40:50,925 - root - INFO - iter=24/25
2023-06-16 23:40:52,571 - root - INFO - loss after updating Electric Field = 0.13594698810372924, error_E=0.009569378089176142
2023-06-16 23:40:52,571 - root - INFO - loss after updating Electric Field = 0.13594698810372924, error_E=0.009569378089176142
2023-06-16 23:42:12,233 - root - INFO - loss after updating Relative Permittivities = 0.1355212392050958, error_rel_perm=0.28369651370216453
2023-06-16 23:42:12,233 - root - INFO - loss after updating Relative Permittivities = 0.1355212392050958, error_rel_perm=0.28369651370216453
2023-06-16 23:42:12,237 - root - INFO - iter=25/25
2023-06-16 23:42:12,237 - root - INFO - iter=25/25
2023-06-16 23:42:13,436 - root - INFO - loss after updating Electric Field = 0.13492080366516118, error_E=0.009533039143179396
2023-06-16 23:42:13,436 - root - INFO - loss after updating Electric Field = 0.13492080366516118, error_E=0.009533039143179396
2023-06-16 23:43:34,146 - root - INFO - loss after updating Relative Permittivities = 0.13306067556909423, error_rel_perm=0.2835868231893872
2023-06-16 23:43:34,146 - root - INFO - loss after updating Relative Permittivities = 0.13306067556909423, error_rel_perm=0.2835868231893872
2023-06-16 23:44:29,816 - root - INFO - Starting MWT solver
2023-06-16 23:44:29,816 - root - INFO - Starting MWT solver
2023-06-16 23:47:08,692 - root - INFO - Starting image generator
2023-06-16 23:47:08,692 - root - INFO - Starting image generator
2023-06-16 23:47:08,693 - root - INFO -  A fixed pattern with 3 circles will be generated
2023-06-16 23:47:08,693 - root - INFO -  A fixed pattern with 3 circles will be generated
2023-06-16 23:47:08,694 - root - INFO - Generating image no. 1/1
2023-06-16 23:47:08,694 - root - INFO - Generating image no. 1/1
2023-06-16 23:47:08,694 - root - INFO - The image will have 3 circles
2023-06-16 23:47:08,694 - root - INFO - The image will have 3 circles
2023-06-16 23:47:08,740 - root - INFO - Saving generated image plot to path /Users/ccaiafa/Library/CloudStorage/GoogleDrive-ccaiafa@gmail.com/My Drive/Research/Microondas_Ramiro/code/CS_tomography/logs/image_generator/images/test/image_1.png
2023-06-16 23:47:08,740 - root - INFO - Saving generated image plot to path /Users/ccaiafa/Library/CloudStorage/GoogleDrive-ccaiafa@gmail.com/My Drive/Research/Microondas_Ramiro/code/CS_tomography/logs/image_generator/images/test/image_1.png
2023-06-16 23:47:09,299 - root - INFO - Saving 1 images to file /Users/ccaiafa/Library/CloudStorage/GoogleDrive-ccaiafa@gmail.com/My Drive/Research/Microondas_Ramiro/code/CS_tomography/data/image_generator/test/images.pkl
2023-06-16 23:47:09,299 - root - INFO - Saving 1 images to file /Users/ccaiafa/Library/CloudStorage/GoogleDrive-ccaiafa@gmail.com/My Drive/Research/Microondas_Ramiro/code/CS_tomography/data/image_generator/test/images.pkl
2023-06-16 23:47:09,678 - root - INFO - Starting MWT solver
2023-06-16 23:47:09,678 - root - INFO - Starting MWT solver
2023-06-16 23:47:11,009 - root - INFO - iter=1/30
2023-06-16 23:47:11,009 - root - INFO - iter=1/30
2023-06-16 23:47:12,462 - root - INFO - loss after updating Electric Field = 210.5086042563796, error_E=0.2945349157175158
2023-06-16 23:47:12,462 - root - INFO - loss after updating Electric Field = 210.5086042563796, error_E=0.2945349157175158
2023-06-16 23:48:33,417 - root - INFO - loss after updating Relative Permittivities = 110.55716763357078, error_rel_perm=0.6133466561609586
2023-06-16 23:48:33,417 - root - INFO - loss after updating Relative Permittivities = 110.55716763357078, error_rel_perm=0.6133466561609586
2023-06-16 23:48:33,418 - root - INFO - iter=2/30
2023-06-16 23:48:33,418 - root - INFO - iter=2/30
2023-06-16 23:48:35,691 - root - INFO - loss after updating Electric Field = 44.402090291140354, error_E=0.1463745024885271
2023-06-16 23:48:35,691 - root - INFO - loss after updating Electric Field = 44.402090291140354, error_E=0.1463745024885271
2023-06-16 23:50:01,820 - root - INFO - loss after updating Relative Permittivities = 28.184808545342232, error_rel_perm=0.4855484813846151
2023-06-16 23:50:01,820 - root - INFO - loss after updating Relative Permittivities = 28.184808545342232, error_rel_perm=0.4855484813846151
2023-06-16 23:50:01,820 - root - INFO - iter=3/30
2023-06-16 23:50:01,820 - root - INFO - iter=3/30
2023-06-16 23:50:03,159 - root - INFO - loss after updating Electric Field = 18.56275470705874, error_E=0.09816923646833561
2023-06-16 23:50:03,159 - root - INFO - loss after updating Electric Field = 18.56275470705874, error_E=0.09816923646833561
2023-06-16 23:51:30,285 - root - INFO - loss after updating Relative Permittivities = 13.120556242242492, error_rel_perm=0.4001075323272431
2023-06-16 23:51:30,285 - root - INFO - loss after updating Relative Permittivities = 13.120556242242492, error_rel_perm=0.4001075323272431
2023-06-16 23:51:30,285 - root - INFO - iter=4/30
2023-06-16 23:51:30,285 - root - INFO - iter=4/30
2023-06-16 23:51:31,712 - root - INFO - loss after updating Electric Field = 9.353882699063956, error_E=0.0707780898675011
2023-06-16 23:51:31,712 - root - INFO - loss after updating Electric Field = 9.353882699063956, error_E=0.0707780898675011
2023-06-16 23:52:59,863 - root - INFO - loss after updating Relative Permittivities = 6.922540512371674, error_rel_perm=0.3621213145761868
2023-06-16 23:52:59,863 - root - INFO - loss after updating Relative Permittivities = 6.922540512371674, error_rel_perm=0.3621213145761868
2023-06-16 23:52:59,863 - root - INFO - iter=5/30
2023-06-16 23:52:59,863 - root - INFO - iter=5/30
2023-06-16 23:53:01,190 - root - INFO - loss after updating Electric Field = 5.294096771314932, error_E=0.053937194920822884
2023-06-16 23:53:01,190 - root - INFO - loss after updating Electric Field = 5.294096771314932, error_E=0.053937194920822884
2023-06-16 23:54:28,580 - root - INFO - loss after updating Relative Permittivities = 4.041453847162857, error_rel_perm=0.3403579590078305
2023-06-16 23:54:28,580 - root - INFO - loss after updating Relative Permittivities = 4.041453847162857, error_rel_perm=0.3403579590078305
2023-06-16 23:54:28,580 - root - INFO - iter=6/30
2023-06-16 23:54:28,580 - root - INFO - iter=6/30
2023-06-16 23:54:29,975 - root - INFO - loss after updating Electric Field = 3.1815387420376826, error_E=0.04227900951856306
2023-06-16 23:54:29,975 - root - INFO - loss after updating Electric Field = 3.1815387420376826, error_E=0.04227900951856306
2023-06-16 23:55:57,703 - root - INFO - loss after updating Relative Permittivities = 2.4839665427912005, error_rel_perm=0.325072722016482
2023-06-16 23:55:57,703 - root - INFO - loss after updating Relative Permittivities = 2.4839665427912005, error_rel_perm=0.325072722016482
2023-06-16 23:55:57,704 - root - INFO - iter=7/30
2023-06-16 23:55:57,704 - root - INFO - iter=7/30
2023-06-16 23:55:59,244 - root - INFO - loss after updating Electric Field = 1.993294883861603, error_E=0.03380273098966566
2023-06-16 23:55:59,244 - root - INFO - loss after updating Electric Field = 1.993294883861603, error_E=0.03380273098966566
2023-06-16 23:57:25,710 - root - INFO - loss after updating Relative Permittivities = 1.5857565604853547, error_rel_perm=0.313456940156942
2023-06-16 23:57:25,710 - root - INFO - loss after updating Relative Permittivities = 1.5857565604853547, error_rel_perm=0.313456940156942
2023-06-16 23:57:25,711 - root - INFO - iter=8/30
2023-06-16 23:57:25,711 - root - INFO - iter=8/30
2023-06-16 23:57:27,027 - root - INFO - loss after updating Electric Field = 1.3010237213676523, error_E=0.027570585654159444
2023-06-16 23:57:27,027 - root - INFO - loss after updating Electric Field = 1.3010237213676523, error_E=0.027570585654159444
2023-06-16 23:58:53,143 - root - INFO - loss after updating Relative Permittivities = 1.0561722939065619, error_rel_perm=0.30534051833657166
2023-06-16 23:58:53,143 - root - INFO - loss after updating Relative Permittivities = 1.0561722939065619, error_rel_perm=0.30534051833657166
2023-06-16 23:58:53,144 - root - INFO - iter=9/30
2023-06-16 23:58:53,144 - root - INFO - iter=9/30
2023-06-16 23:58:54,540 - root - INFO - loss after updating Electric Field = 0.881123682739634, error_E=0.022897315531442423
2023-06-16 23:58:54,540 - root - INFO - loss after updating Electric Field = 0.881123682739634, error_E=0.022897315531442423
2023-06-17 00:00:23,072 - root - INFO - loss after updating Relative Permittivities = 0.7282202565103347, error_rel_perm=0.2996058436256544
2023-06-17 00:00:23,072 - root - INFO - loss after updating Relative Permittivities = 0.7282202565103347, error_rel_perm=0.2996058436256544
2023-06-17 00:00:23,072 - root - INFO - iter=10/30
2023-06-17 00:00:23,072 - root - INFO - iter=10/30
2023-06-17 00:00:24,401 - root - INFO - loss after updating Electric Field = 0.6192180191141473, error_E=0.01936642036256801
2023-06-17 00:00:24,401 - root - INFO - loss after updating Electric Field = 0.6192180191141473, error_E=0.01936642036256801
2023-06-17 00:01:51,872 - root - INFO - loss after updating Relative Permittivities = 0.521200932700731, error_rel_perm=0.295631021749817
2023-06-17 00:01:51,872 - root - INFO - loss after updating Relative Permittivities = 0.521200932700731, error_rel_perm=0.295631021749817
2023-06-17 00:01:51,873 - root - INFO - iter=11/30
2023-06-17 00:01:51,873 - root - INFO - iter=11/30
2023-06-17 00:01:53,366 - root - INFO - loss after updating Electric Field = 0.4530476460372857, error_E=0.016736816519173293
2023-06-17 00:01:53,366 - root - INFO - loss after updating Electric Field = 0.4530476460372857, error_E=0.016736816519173293
2023-06-17 00:03:21,735 - root - INFO - loss after updating Relative Permittivities = 0.38984758402696007, error_rel_perm=0.2930947967990466
2023-06-17 00:03:21,735 - root - INFO - loss after updating Relative Permittivities = 0.38984758402696007, error_rel_perm=0.2930947967990466
2023-06-17 00:03:21,736 - root - INFO - iter=12/30
2023-06-17 00:03:21,736 - root - INFO - iter=12/30
2023-06-17 00:03:23,200 - root - INFO - loss after updating Electric Field = 0.34587921294989954, error_E=0.014775798771698108
2023-06-17 00:03:23,200 - root - INFO - loss after updating Electric Field = 0.34587921294989954, error_E=0.014775798771698108
2023-06-17 00:04:50,886 - root - INFO - loss after updating Relative Permittivities = 0.30495360075270794, error_rel_perm=0.29107789461001005
2023-06-17 00:04:50,886 - root - INFO - loss after updating Relative Permittivities = 0.30495360075270794, error_rel_perm=0.29107789461001005
2023-06-17 00:04:50,886 - root - INFO - iter=13/30
2023-06-17 00:04:50,886 - root - INFO - iter=13/30
2023-06-17 00:04:52,395 - root - INFO - loss after updating Electric Field = 0.27763537380659997, error_E=0.013359302596189277
2023-06-17 00:04:52,395 - root - INFO - loss after updating Electric Field = 0.27763537380659997, error_E=0.013359302596189277
2023-06-17 00:06:20,953 - root - INFO - loss after updating Relative Permittivities = 0.24849144341124885, error_rel_perm=0.2891279840644075
2023-06-17 00:06:20,953 - root - INFO - loss after updating Relative Permittivities = 0.24849144341124885, error_rel_perm=0.2891279840644075
2023-06-17 00:06:20,954 - root - INFO - iter=14/30
2023-06-17 00:06:20,954 - root - INFO - iter=14/30
2023-06-17 00:06:22,475 - root - INFO - loss after updating Electric Field = 0.23036198528705407, error_E=0.012259217886725023
2023-06-17 00:06:22,475 - root - INFO - loss after updating Electric Field = 0.23036198528705407, error_E=0.012259217886725023
2023-06-17 00:07:52,076 - root - INFO - loss after updating Relative Permittivities = 0.2117231177160258, error_rel_perm=0.2881045151933215
2023-06-17 00:07:52,076 - root - INFO - loss after updating Relative Permittivities = 0.2117231177160258, error_rel_perm=0.2881045151933215
2023-06-17 00:07:52,077 - root - INFO - iter=15/30
2023-06-17 00:07:52,077 - root - INFO - iter=15/30
2023-06-17 00:07:53,462 - root - INFO - loss after updating Electric Field = 0.1994297069912201, error_E=0.011486058447854872
2023-06-17 00:07:53,462 - root - INFO - loss after updating Electric Field = 0.1994297069912201, error_E=0.011486058447854872
2023-06-17 00:09:22,063 - root - INFO - loss after updating Relative Permittivities = 0.1869677805032931, error_rel_perm=0.2872861229295048
2023-06-17 00:09:22,063 - root - INFO - loss after updating Relative Permittivities = 0.1869677805032931, error_rel_perm=0.2872861229295048
2023-06-17 00:09:22,063 - root - INFO - iter=16/30
2023-06-17 00:09:22,063 - root - INFO - iter=16/30
2023-06-17 00:09:23,485 - root - INFO - loss after updating Electric Field = 0.1791136580527767, error_E=0.010919237259940534
2023-06-17 00:09:23,485 - root - INFO - loss after updating Electric Field = 0.1791136580527767, error_E=0.010919237259940534
2023-06-17 00:10:49,731 - root - INFO - loss after updating Relative Permittivities = 0.17007797107406503, error_rel_perm=0.2863983830284462
2023-06-17 00:10:49,731 - root - INFO - loss after updating Relative Permittivities = 0.17007797107406503, error_rel_perm=0.2863983830284462
2023-06-17 00:10:49,732 - root - INFO - iter=17/30
2023-06-17 00:10:49,732 - root - INFO - iter=17/30
2023-06-17 00:10:50,977 - root - INFO - loss after updating Electric Field = 0.16474941231288254, error_E=0.010489654359245277
2023-06-17 00:10:50,977 - root - INFO - loss after updating Electric Field = 0.16474941231288254, error_E=0.010489654359245277
2023-06-17 00:12:17,911 - root - INFO - loss after updating Relative Permittivities = 0.1587796949724221, error_rel_perm=0.2856570441663074
2023-06-17 00:12:17,911 - root - INFO - loss after updating Relative Permittivities = 0.1587796949724221, error_rel_perm=0.2856570441663074
2023-06-17 00:12:17,912 - root - INFO - iter=18/30
2023-06-17 00:12:17,912 - root - INFO - iter=18/30
2023-06-17 00:12:19,145 - root - INFO - loss after updating Electric Field = 0.1546849035072315, error_E=0.010202359775558835
2023-06-17 00:12:19,145 - root - INFO - loss after updating Electric Field = 0.1546849035072315, error_E=0.010202359775558835
2023-06-17 00:13:41,035 - root - INFO - loss after updating Relative Permittivities = 0.15174038043613913, error_rel_perm=0.28529850373756477
2023-06-17 00:13:41,035 - root - INFO - loss after updating Relative Permittivities = 0.15174038043613913, error_rel_perm=0.28529850373756477
2023-06-17 00:13:41,035 - root - INFO - iter=19/30
2023-06-17 00:13:41,035 - root - INFO - iter=19/30
2023-06-17 00:13:42,696 - root - INFO - loss after updating Electric Field = 0.14907881405018886, error_E=0.01004038612140699
2023-06-17 00:13:42,696 - root - INFO - loss after updating Electric Field = 0.14907881405018886, error_E=0.01004038612140699
2023-06-17 00:15:03,381 - root - INFO - loss after updating Relative Permittivities = 0.14627675201479493, error_rel_perm=0.28496274020804163
2023-06-17 00:15:03,381 - root - INFO - loss after updating Relative Permittivities = 0.14627675201479493, error_rel_perm=0.28496274020804163
2023-06-17 00:15:03,382 - root - INFO - iter=20/30
2023-06-17 00:15:03,382 - root - INFO - iter=20/30
2023-06-17 00:15:04,620 - root - INFO - loss after updating Electric Field = 0.14450098871654787, error_E=0.009883746636608137
2023-06-17 00:15:04,620 - root - INFO - loss after updating Electric Field = 0.14450098871654787, error_E=0.009883746636608137
2023-06-17 00:16:25,138 - root - INFO - loss after updating Relative Permittivities = 0.14204771954816212, error_rel_perm=0.28454326501099514
2023-06-17 00:16:25,138 - root - INFO - loss after updating Relative Permittivities = 0.14204771954816212, error_rel_perm=0.28454326501099514
2023-06-17 00:16:25,139 - root - INFO - iter=21/30
2023-06-17 00:16:25,139 - root - INFO - iter=21/30
2023-06-17 00:16:26,361 - root - INFO - loss after updating Electric Field = 0.1405721695586355, error_E=0.009752678912774546
2023-06-17 00:16:26,361 - root - INFO - loss after updating Electric Field = 0.1405721695586355, error_E=0.009752678912774546
2023-06-17 00:17:47,052 - root - INFO - loss after updating Relative Permittivities = 0.13990631549030585, error_rel_perm=0.28418535891640306
2023-06-17 00:17:47,052 - root - INFO - loss after updating Relative Permittivities = 0.13990631549030585, error_rel_perm=0.28418535891640306
2023-06-17 00:17:47,053 - root - INFO - iter=22/30
2023-06-17 00:17:47,053 - root - INFO - iter=22/30
2023-06-17 00:17:48,388 - root - INFO - loss after updating Electric Field = 0.13877006400894043, error_E=0.009677486264393922
2023-06-17 00:17:48,388 - root - INFO - loss after updating Electric Field = 0.13877006400894043, error_E=0.009677486264393922
2023-06-17 00:19:08,640 - root - INFO - loss after updating Relative Permittivities = 0.13710895889502406, error_rel_perm=0.2840295684189771
2023-06-17 00:19:08,640 - root - INFO - loss after updating Relative Permittivities = 0.13710895889502406, error_rel_perm=0.2840295684189771
2023-06-17 00:19:08,642 - root - INFO - iter=23/30
2023-06-17 00:19:08,642 - root - INFO - iter=23/30
2023-06-17 00:19:09,874 - root - INFO - loss after updating Electric Field = 0.1363949008398031, error_E=0.009597768721846438
2023-06-17 00:19:09,874 - root - INFO - loss after updating Electric Field = 0.1363949008398031, error_E=0.009597768721846438
2023-06-17 00:20:30,240 - root - INFO - loss after updating Relative Permittivities = 0.13644063167108017, error_rel_perm=0.2838962015647716
2023-06-17 00:20:30,240 - root - INFO - loss after updating Relative Permittivities = 0.13644063167108017, error_rel_perm=0.2838962015647716
2023-06-17 00:20:30,240 - root - INFO - iter=24/30
2023-06-17 00:20:30,240 - root - INFO - iter=24/30
2023-06-17 00:20:31,468 - root - INFO - loss after updating Electric Field = 0.13587869214945664, error_E=0.009547178708001038
2023-06-17 00:20:31,468 - root - INFO - loss after updating Electric Field = 0.13587869214945664, error_E=0.009547178708001038
2023-06-17 00:21:53,240 - root - INFO - loss after updating Relative Permittivities = 0.13569871084572033, error_rel_perm=0.2836761552223256
2023-06-17 00:21:53,240 - root - INFO - loss after updating Relative Permittivities = 0.13569871084572033, error_rel_perm=0.2836761552223256
2023-06-17 00:21:53,241 - root - INFO - iter=25/30
2023-06-17 00:21:53,241 - root - INFO - iter=25/30
2023-06-17 00:21:54,473 - root - INFO - loss after updating Electric Field = 0.13514489181507652, error_E=0.009511273625288509
2023-06-17 00:21:54,473 - root - INFO - loss after updating Electric Field = 0.13514489181507652, error_E=0.009511273625288509
2023-06-17 00:23:15,153 - root - INFO - loss after updating Relative Permittivities = 0.13347977937337427, error_rel_perm=0.2836432522496942
2023-06-17 00:23:15,153 - root - INFO - loss after updating Relative Permittivities = 0.13347977937337427, error_rel_perm=0.2836432522496942
2023-06-17 00:23:15,154 - root - INFO - iter=26/30
2023-06-17 00:23:15,154 - root - INFO - iter=26/30
2023-06-17 00:23:16,416 - root - INFO - loss after updating Electric Field = 0.1330430973530383, error_E=0.009435381839558072
2023-06-17 00:23:16,416 - root - INFO - loss after updating Electric Field = 0.1330430973530383, error_E=0.009435381839558072
2023-06-17 00:24:35,756 - root - INFO - loss after updating Relative Permittivities = 0.1323864821470505, error_rel_perm=0.283654288324565
2023-06-17 00:24:35,756 - root - INFO - loss after updating Relative Permittivities = 0.1323864821470505, error_rel_perm=0.283654288324565
2023-06-17 00:24:35,758 - root - INFO - iter=27/30
2023-06-17 00:24:35,758 - root - INFO - iter=27/30
2023-06-17 00:24:36,994 - root - INFO - loss after updating Electric Field = 0.13205841615906208, error_E=0.00940485512666796
2023-06-17 00:24:36,994 - root - INFO - loss after updating Electric Field = 0.13205841615906208, error_E=0.00940485512666796
2023-06-17 00:25:58,984 - root - INFO - loss after updating Relative Permittivities = 0.13240105600716298, error_rel_perm=0.2834771208606296
2023-06-17 00:25:58,984 - root - INFO - loss after updating Relative Permittivities = 0.13240105600716298, error_rel_perm=0.2834771208606296
2023-06-17 00:25:58,984 - root - INFO - iter=28/30
2023-06-17 00:25:58,984 - root - INFO - iter=28/30
2023-06-17 00:26:00,277 - root - INFO - loss after updating Electric Field = 0.1321418331358633, error_E=0.009387887321046917
2023-06-17 00:26:00,277 - root - INFO - loss after updating Electric Field = 0.1321418331358633, error_E=0.009387887321046917
2023-06-17 00:27:21,062 - root - INFO - loss after updating Relative Permittivities = 0.1325399923783658, error_rel_perm=0.2834185303755972
2023-06-17 00:27:21,062 - root - INFO - loss after updating Relative Permittivities = 0.1325399923783658, error_rel_perm=0.2834185303755972
2023-06-17 00:27:21,063 - root - INFO - iter=29/30
2023-06-17 00:27:21,063 - root - INFO - iter=29/30
2023-06-17 00:27:22,371 - root - INFO - loss after updating Electric Field = 0.1322454052488477, error_E=0.009386708283860729
2023-06-17 00:27:22,371 - root - INFO - loss after updating Electric Field = 0.1322454052488477, error_E=0.009386708283860729
2023-06-17 00:28:49,099 - root - INFO - loss after updating Relative Permittivities = 0.13240100052482862, error_rel_perm=0.2832508797953755
2023-06-17 00:28:49,099 - root - INFO - loss after updating Relative Permittivities = 0.13240100052482862, error_rel_perm=0.2832508797953755
2023-06-17 00:28:49,099 - root - INFO - iter=30/30
2023-06-17 00:28:49,099 - root - INFO - iter=30/30
2023-06-17 00:28:50,463 - root - INFO - loss after updating Electric Field = 0.13217018356627522, error_E=0.00936031184022612
2023-06-17 00:28:50,463 - root - INFO - loss after updating Electric Field = 0.13217018356627522, error_E=0.00936031184022612
2023-06-17 00:30:15,848 - root - INFO - loss after updating Relative Permittivities = 0.13175803342020004, error_rel_perm=0.28335927121482496
2023-06-17 00:30:15,848 - root - INFO - loss after updating Relative Permittivities = 0.13175803342020004, error_rel_perm=0.28335927121482496
2023-06-17 00:31:52,531 - root - INFO - Starting MWT solver
2023-06-17 00:31:52,531 - root - INFO - Starting MWT solver
