2023-05-23 10:24:27,048 - root - INFO - Starting image generator
2023-05-23 10:53:32,618 - root - INFO - Starting image generator
2023-05-23 10:53:43,389 - root - INFO -  A fixed pattern with 3 circles will be generated
2023-05-23 10:53:51,286 - root - INFO - Generating image no. 1/1
2023-05-23 10:55:42,138 - root - INFO - The image will have 3 circles
2023-05-23 10:56:18,061 - root - INFO - Saving generated image plot to path /Users/ccaiafa/Library/CloudStorage/GoogleDrive-ccaiafa@gmail.com/My Drive/Research/Microondas_Ramiro/code/CS_tomography/logs/image_generator/images/test/image_1.png
2023-05-23 10:57:16,462 - root - INFO - Saving 1 images to file /Users/ccaiafa/Library/CloudStorage/GoogleDrive-ccaiafa@gmail.com/My Drive/Research/Microondas_Ramiro/code/CS_tomography/data/image_generator/test/images.pkl
2023-05-23 11:34:03,460 - root - INFO - Starting image generator
2023-05-23 11:34:03,461 - root - INFO -  A fixed pattern with 3 circles will be generated
2023-05-23 11:34:03,461 - root - INFO - Generating image no. 1/1
2023-05-23 11:34:03,461 - root - INFO - The image will have 3 circles
2023-05-23 11:34:04,230 - root - INFO - Saving generated image plot to path /Users/ccaiafa/Library/CloudStorage/GoogleDrive-ccaiafa@gmail.com/My Drive/Research/Microondas_Ramiro/code/CS_tomography/logs/image_generator/images/test/image_1.png
2023-05-23 11:34:04,792 - root - INFO - Saving 1 images to file /Users/ccaiafa/Library/CloudStorage/GoogleDrive-ccaiafa@gmail.com/My Drive/Research/Microondas_Ramiro/code/CS_tomography/data/image_generator/test/images.pkl
2023-05-23 11:35:00,329 - root - INFO - Starting MWT solver
2023-05-23 11:53:37,718 - root - INFO - Starting image generator
2023-05-23 11:53:37,718 - root - INFO -  A fixed pattern with 3 circles will be generated
2023-05-23 11:53:37,718 - root - INFO - Generating image no. 1/1
2023-05-23 11:53:37,719 - root - INFO - The image will have 3 circles
2023-05-23 11:53:38,383 - root - INFO - Saving generated image plot to path /Users/ccaiafa/Library/CloudStorage/GoogleDrive-ccaiafa@gmail.com/My Drive/Research/Microondas_Ramiro/code/CS_tomography/logs/image_generator/images/test/image_1.png
2023-05-23 11:53:38,927 - root - INFO - Saving 1 images to file /Users/ccaiafa/Library/CloudStorage/GoogleDrive-ccaiafa@gmail.com/My Drive/Research/Microondas_Ramiro/code/CS_tomography/data/image_generator/test/images.pkl
2023-05-23 11:54:25,712 - root - INFO - Starting MWT solver
2023-05-23 12:16:39,355 - root - INFO - Starting image generator
2023-05-23 12:16:39,356 - root - INFO -  A fixed pattern with 3 circles will be generated
2023-05-23 12:16:39,356 - root - INFO - Generating image no. 1/1
2023-05-23 12:16:39,357 - root - INFO - The image will have 3 circles
2023-05-23 12:16:39,411 - root - INFO - Saving generated image plot to path /Users/ccaiafa/Library/CloudStorage/GoogleDrive-ccaiafa@gmail.com/My Drive/Research/Microondas_Ramiro/code/CS_tomography/logs/image_generator/images/test/image_1.png
2023-05-23 12:16:39,961 - root - INFO - Saving 1 images to file /Users/ccaiafa/Library/CloudStorage/GoogleDrive-ccaiafa@gmail.com/My Drive/Research/Microondas_Ramiro/code/CS_tomography/data/image_generator/test/images.pkl
2023-05-23 12:17:23,344 - root - INFO - Starting MWT solver
2023-05-23 12:20:43,212 - root - INFO - Starting image generator
2023-05-23 12:20:43,213 - root - INFO -  A fixed pattern with 3 circles will be generated
2023-05-23 12:20:43,213 - root - INFO - Generating image no. 1/1
2023-05-23 12:20:43,214 - root - INFO - The image will have 3 circles
2023-05-23 12:20:43,261 - root - INFO - Saving generated image plot to path /Users/ccaiafa/Library/CloudStorage/GoogleDrive-ccaiafa@gmail.com/My Drive/Research/Microondas_Ramiro/code/CS_tomography/logs/image_generator/images/test/image_1.png
2023-05-23 12:20:43,808 - root - INFO - Saving 1 images to file /Users/ccaiafa/Library/CloudStorage/GoogleDrive-ccaiafa@gmail.com/My Drive/Research/Microondas_Ramiro/code/CS_tomography/data/image_generator/test/images.pkl
2023-05-23 12:21:27,089 - root - INFO - Starting MWT solver
2023-05-23 12:31:01,727 - root - INFO - Starting image generator
2023-05-23 12:31:01,727 - root - INFO -  A fixed pattern with 3 circles will be generated
2023-05-23 12:31:01,728 - root - INFO - Generating image no. 1/1
2023-05-23 12:31:01,728 - root - INFO - The image will have 3 circles
2023-05-23 12:31:01,777 - root - INFO - Saving generated image plot to path /Users/ccaiafa/Library/CloudStorage/GoogleDrive-ccaiafa@gmail.com/My Drive/Research/Microondas_Ramiro/code/CS_tomography/logs/image_generator/images/test/image_1.png
2023-05-23 12:31:02,343 - root - INFO - Saving 1 images to file /Users/ccaiafa/Library/CloudStorage/GoogleDrive-ccaiafa@gmail.com/My Drive/Research/Microondas_Ramiro/code/CS_tomography/data/image_generator/test/images.pkl
2023-05-23 12:31:45,286 - root - INFO - Starting MWT solver
2023-05-23 13:05:21,448 - root - INFO - Starting image generator
2023-05-23 13:05:21,448 - root - INFO -  A fixed pattern with 3 circles will be generated
2023-05-23 13:05:21,449 - root - INFO - Generating image no. 1/1
2023-05-23 13:05:21,449 - root - INFO - The image will have 3 circles
2023-05-23 13:05:25,684 - root - INFO - Saving generated image plot to path /Users/ccaiafa/Library/CloudStorage/GoogleDrive-ccaiafa@gmail.com/My Drive/Research/Microondas_Ramiro/code/CS_tomography/logs/image_generator/images/test/image_1.png
2023-05-23 13:05:26,256 - root - INFO - Saving 1 images to file /Users/ccaiafa/Library/CloudStorage/GoogleDrive-ccaiafa@gmail.com/My Drive/Research/Microondas_Ramiro/code/CS_tomography/data/image_generator/test/images.pkl
2023-05-23 13:06:09,422 - root - INFO - Starting MWT solver
2023-05-23 13:13:25,688 - root - INFO - Starting image generator
2023-05-23 13:13:25,689 - root - INFO -  A fixed pattern with 3 circles will be generated
2023-05-23 13:13:25,689 - root - INFO - Generating image no. 1/1
2023-05-23 13:13:25,689 - root - INFO - The image will have 3 circles
2023-05-23 13:13:25,745 - root - INFO - Saving generated image plot to path /Users/ccaiafa/Library/CloudStorage/GoogleDrive-ccaiafa@gmail.com/My Drive/Research/Microondas_Ramiro/code/CS_tomography/logs/image_generator/images/test/image_1.png
2023-05-23 13:13:26,299 - root - INFO - Saving 1 images to file /Users/ccaiafa/Library/CloudStorage/GoogleDrive-ccaiafa@gmail.com/My Drive/Research/Microondas_Ramiro/code/CS_tomography/data/image_generator/test/images.pkl
2023-05-23 13:14:09,255 - root - INFO - Starting MWT solver
2023-05-23 13:19:37,297 - root - INFO - Starting image generator
2023-05-23 13:19:37,298 - root - INFO -  A fixed pattern with 3 circles will be generated
2023-05-23 13:19:37,298 - root - INFO - Generating image no. 1/1
2023-05-23 13:19:37,299 - root - INFO - The image will have 3 circles
2023-05-23 13:19:37,349 - root - INFO - Saving generated image plot to path /Users/ccaiafa/Library/CloudStorage/GoogleDrive-ccaiafa@gmail.com/My Drive/Research/Microondas_Ramiro/code/CS_tomography/logs/image_generator/images/test/image_1.png
2023-05-23 13:19:37,904 - root - INFO - Saving 1 images to file /Users/ccaiafa/Library/CloudStorage/GoogleDrive-ccaiafa@gmail.com/My Drive/Research/Microondas_Ramiro/code/CS_tomography/data/image_generator/test/images.pkl
2023-05-23 13:20:21,132 - root - INFO - Starting MWT solver
2023-05-23 13:22:29,857 - root - INFO - Starting image generator
2023-05-23 13:22:29,858 - root - INFO -  A fixed pattern with 3 circles will be generated
2023-05-23 13:22:29,858 - root - INFO - Generating image no. 1/1
2023-05-23 13:22:29,858 - root - INFO - The image will have 3 circles
2023-05-23 13:22:30,003 - root - INFO - Saving generated image plot to path /Users/ccaiafa/Library/CloudStorage/GoogleDrive-ccaiafa@gmail.com/My Drive/Research/Microondas_Ramiro/code/CS_tomography/logs/image_generator/images/test/image_1.png
2023-05-23 13:22:30,557 - root - INFO - Saving 1 images to file /Users/ccaiafa/Library/CloudStorage/GoogleDrive-ccaiafa@gmail.com/My Drive/Research/Microondas_Ramiro/code/CS_tomography/data/image_generator/test/images.pkl
2023-05-23 13:23:13,333 - root - INFO - Starting MWT solver
2023-05-23 13:28:32,785 - root - INFO - Starting image generator
2023-05-23 13:28:32,786 - root - INFO -  A fixed pattern with 3 circles will be generated
2023-05-23 13:28:32,786 - root - INFO - Generating image no. 1/1
2023-05-23 13:28:32,786 - root - INFO - The image will have 3 circles
2023-05-23 13:28:32,972 - root - INFO - Saving generated image plot to path /Users/ccaiafa/Library/CloudStorage/GoogleDrive-ccaiafa@gmail.com/My Drive/Research/Microondas_Ramiro/code/CS_tomography/logs/image_generator/images/test/image_1.png
2023-05-23 13:28:33,525 - root - INFO - Saving 1 images to file /Users/ccaiafa/Library/CloudStorage/GoogleDrive-ccaiafa@gmail.com/My Drive/Research/Microondas_Ramiro/code/CS_tomography/data/image_generator/test/images.pkl
2023-05-23 13:29:16,449 - root - INFO - Starting MWT solver
2023-05-23 13:31:53,525 - root - INFO - Starting image generator
2023-05-23 13:31:53,526 - root - INFO -  A fixed pattern with 3 circles will be generated
2023-05-23 13:31:53,526 - root - INFO - Generating image no. 1/1
2023-05-23 13:31:53,527 - root - INFO - The image will have 3 circles
2023-05-23 13:31:53,630 - root - INFO - Saving generated image plot to path /Users/ccaiafa/Library/CloudStorage/GoogleDrive-ccaiafa@gmail.com/My Drive/Research/Microondas_Ramiro/code/CS_tomography/logs/image_generator/images/test/image_1.png
2023-05-23 13:31:54,182 - root - INFO - Saving 1 images to file /Users/ccaiafa/Library/CloudStorage/GoogleDrive-ccaiafa@gmail.com/My Drive/Research/Microondas_Ramiro/code/CS_tomography/data/image_generator/test/images.pkl
2023-05-23 13:32:38,165 - root - INFO - Starting MWT solver
2023-05-23 13:33:32,867 - root - INFO - Starting image generator
2023-05-23 13:33:32,868 - root - INFO -  A fixed pattern with 3 circles will be generated
2023-05-23 13:33:32,868 - root - INFO - Generating image no. 1/1
2023-05-23 13:33:32,869 - root - INFO - The image will have 3 circles
2023-05-23 13:33:32,952 - root - INFO - Saving generated image plot to path /Users/ccaiafa/Library/CloudStorage/GoogleDrive-ccaiafa@gmail.com/My Drive/Research/Microondas_Ramiro/code/CS_tomography/logs/image_generator/images/test/image_1.png
2023-05-23 13:33:33,537 - root - INFO - Saving 1 images to file /Users/ccaiafa/Library/CloudStorage/GoogleDrive-ccaiafa@gmail.com/My Drive/Research/Microondas_Ramiro/code/CS_tomography/data/image_generator/test/images.pkl
2023-05-23 13:34:17,619 - root - INFO - Starting MWT solver
2023-05-23 13:39:38,169 - root - INFO - Starting image generator
2023-05-23 13:39:38,170 - root - INFO -  A fixed pattern with 3 circles will be generated
2023-05-23 13:39:38,170 - root - INFO - Generating image no. 1/1
2023-05-23 13:39:38,171 - root - INFO - The image will have 3 circles
2023-05-23 13:39:38,346 - root - INFO - Saving generated image plot to path /Users/ccaiafa/Library/CloudStorage/GoogleDrive-ccaiafa@gmail.com/My Drive/Research/Microondas_Ramiro/code/CS_tomography/logs/image_generator/images/test/image_1.png
2023-05-23 13:39:38,902 - root - INFO - Saving 1 images to file /Users/ccaiafa/Library/CloudStorage/GoogleDrive-ccaiafa@gmail.com/My Drive/Research/Microondas_Ramiro/code/CS_tomography/data/image_generator/test/images.pkl
2023-05-23 13:40:22,085 - root - INFO - Starting MWT solver
2023-05-23 13:41:20,533 - root - INFO - Starting image generator
2023-05-23 13:41:20,534 - root - INFO -  A fixed pattern with 3 circles will be generated
2023-05-23 13:41:20,534 - root - INFO - Generating image no. 1/1
2023-05-23 13:41:20,535 - root - INFO - The image will have 3 circles
2023-05-23 13:41:20,593 - root - INFO - Saving generated image plot to path /Users/ccaiafa/Library/CloudStorage/GoogleDrive-ccaiafa@gmail.com/My Drive/Research/Microondas_Ramiro/code/CS_tomography/logs/image_generator/images/test/image_1.png
2023-05-23 13:41:21,164 - root - INFO - Saving 1 images to file /Users/ccaiafa/Library/CloudStorage/GoogleDrive-ccaiafa@gmail.com/My Drive/Research/Microondas_Ramiro/code/CS_tomography/data/image_generator/test/images.pkl
2023-05-23 13:42:04,061 - root - INFO - Starting MWT solver
2023-05-23 13:46:22,663 - root - INFO - Starting image generator
2023-05-23 13:46:22,664 - root - INFO -  A fixed pattern with 3 circles will be generated
2023-05-23 13:46:22,664 - root - INFO - Generating image no. 1/1
2023-05-23 13:46:22,665 - root - INFO - The image will have 3 circles
2023-05-23 13:46:22,714 - root - INFO - Saving generated image plot to path /Users/ccaiafa/Library/CloudStorage/GoogleDrive-ccaiafa@gmail.com/My Drive/Research/Microondas_Ramiro/code/CS_tomography/logs/image_generator/images/test/image_1.png
2023-05-23 13:46:23,266 - root - INFO - Saving 1 images to file /Users/ccaiafa/Library/CloudStorage/GoogleDrive-ccaiafa@gmail.com/My Drive/Research/Microondas_Ramiro/code/CS_tomography/data/image_generator/test/images.pkl
2023-05-23 13:47:06,167 - root - INFO - Starting MWT solver
2023-05-23 13:53:08,340 - root - INFO - Starting image generator
2023-05-23 13:53:08,341 - root - INFO -  A fixed pattern with 3 circles will be generated
2023-05-23 13:53:08,341 - root - INFO - Generating image no. 1/1
2023-05-23 13:53:08,341 - root - INFO - The image will have 3 circles
2023-05-23 13:53:08,398 - root - INFO - Saving generated image plot to path /Users/ccaiafa/Library/CloudStorage/GoogleDrive-ccaiafa@gmail.com/My Drive/Research/Microondas_Ramiro/code/CS_tomography/logs/image_generator/images/test/image_1.png
2023-05-23 13:53:08,960 - root - INFO - Saving 1 images to file /Users/ccaiafa/Library/CloudStorage/GoogleDrive-ccaiafa@gmail.com/My Drive/Research/Microondas_Ramiro/code/CS_tomography/data/image_generator/test/images.pkl
2023-05-23 13:53:53,363 - root - INFO - Starting MWT solver
2023-05-23 13:58:48,573 - root - INFO - Starting image generator
2023-05-23 13:58:48,574 - root - INFO -  A fixed pattern with 3 circles will be generated
2023-05-23 13:58:48,574 - root - INFO - Generating image no. 1/1
2023-05-23 13:58:48,575 - root - INFO - The image will have 3 circles
2023-05-23 13:58:48,693 - root - INFO - Saving generated image plot to path /Users/ccaiafa/Library/CloudStorage/GoogleDrive-ccaiafa@gmail.com/My Drive/Research/Microondas_Ramiro/code/CS_tomography/logs/image_generator/images/test/image_1.png
2023-05-23 13:58:49,262 - root - INFO - Saving 1 images to file /Users/ccaiafa/Library/CloudStorage/GoogleDrive-ccaiafa@gmail.com/My Drive/Research/Microondas_Ramiro/code/CS_tomography/data/image_generator/test/images.pkl
2023-05-23 13:59:33,534 - root - INFO - Starting MWT solver
2023-05-23 14:01:02,230 - root - INFO - Starting image generator
2023-05-23 14:01:02,231 - root - INFO -  A fixed pattern with 3 circles will be generated
2023-05-23 14:01:02,231 - root - INFO - Generating image no. 1/1
2023-05-23 14:01:02,232 - root - INFO - The image will have 3 circles
2023-05-23 14:01:02,282 - root - INFO - Saving generated image plot to path /Users/ccaiafa/Library/CloudStorage/GoogleDrive-ccaiafa@gmail.com/My Drive/Research/Microondas_Ramiro/code/CS_tomography/logs/image_generator/images/test/image_1.png
2023-05-23 14:01:02,841 - root - INFO - Saving 1 images to file /Users/ccaiafa/Library/CloudStorage/GoogleDrive-ccaiafa@gmail.com/My Drive/Research/Microondas_Ramiro/code/CS_tomography/data/image_generator/test/images.pkl
2023-05-23 14:01:46,409 - root - INFO - Starting MWT solver
2023-05-23 14:07:03,622 - root - INFO - Starting image generator
2023-05-23 14:07:03,623 - root - INFO -  A fixed pattern with 3 circles will be generated
2023-05-23 14:07:03,623 - root - INFO - Generating image no. 1/1
2023-05-23 14:07:03,624 - root - INFO - The image will have 3 circles
2023-05-23 14:11:21,049 - root - INFO - Saving generated image plot to path /Users/ccaiafa/Library/CloudStorage/GoogleDrive-ccaiafa@gmail.com/My Drive/Research/Microondas_Ramiro/code/CS_tomography/logs/image_generator/images/test/image_1.png
2023-05-23 14:11:21,615 - root - INFO - Saving 1 images to file /Users/ccaiafa/Library/CloudStorage/GoogleDrive-ccaiafa@gmail.com/My Drive/Research/Microondas_Ramiro/code/CS_tomography/data/image_generator/test/images.pkl
2023-05-23 14:12:04,770 - root - INFO - Starting MWT solver
2023-05-23 14:18:28,444 - root - INFO - Starting image generator
2023-05-23 14:18:28,445 - root - INFO -  A fixed pattern with 3 circles will be generated
2023-05-23 14:18:28,445 - root - INFO - Generating image no. 1/1
2023-05-23 14:18:28,445 - root - INFO - The image will have 3 circles
2023-05-23 14:21:20,439 - root - INFO - Saving generated image plot to path /Users/ccaiafa/Library/CloudStorage/GoogleDrive-ccaiafa@gmail.com/My Drive/Research/Microondas_Ramiro/code/CS_tomography/logs/image_generator/images/test/image_1.png
2023-05-23 14:21:25,415 - root - INFO - Saving 1 images to file /Users/ccaiafa/Library/CloudStorage/GoogleDrive-ccaiafa@gmail.com/My Drive/Research/Microondas_Ramiro/code/CS_tomography/data/image_generator/test/images.pkl
2023-05-23 14:27:22,790 - root - INFO - Starting image generator
2023-05-23 14:27:22,791 - root - INFO -  A fixed pattern with 3 circles will be generated
2023-05-23 14:27:22,791 - root - INFO - Generating image no. 1/1
2023-05-23 14:27:22,791 - root - INFO - The image will have 3 circles
2023-05-23 14:28:52,191 - root - INFO - Saving generated image plot to path /Users/ccaiafa/Library/CloudStorage/GoogleDrive-ccaiafa@gmail.com/My Drive/Research/Microondas_Ramiro/code/CS_tomography/logs/image_generator/images/test/image_1.png
2023-05-23 14:28:52,766 - root - INFO - Saving 1 images to file /Users/ccaiafa/Library/CloudStorage/GoogleDrive-ccaiafa@gmail.com/My Drive/Research/Microondas_Ramiro/code/CS_tomography/data/image_generator/test/images.pkl
2023-05-23 14:29:36,250 - root - INFO - Starting MWT solver
2023-05-23 14:32:24,500 - root - INFO - Starting image generator
2023-05-23 14:32:24,501 - root - INFO -  A fixed pattern with 3 circles will be generated
2023-05-23 14:32:24,501 - root - INFO - Generating image no. 1/1
2023-05-23 14:32:24,502 - root - INFO - The image will have 3 circles
2023-05-23 14:32:24,551 - root - INFO - Saving generated image plot to path /Users/ccaiafa/Library/CloudStorage/GoogleDrive-ccaiafa@gmail.com/My Drive/Research/Microondas_Ramiro/code/CS_tomography/logs/image_generator/images/test/image_1.png
2023-05-23 14:32:25,109 - root - INFO - Saving 1 images to file /Users/ccaiafa/Library/CloudStorage/GoogleDrive-ccaiafa@gmail.com/My Drive/Research/Microondas_Ramiro/code/CS_tomography/data/image_generator/test/images.pkl
2023-05-23 14:33:09,143 - root - INFO - Starting MWT solver
2023-05-23 14:36:56,322 - root - INFO - Starting image generator
2023-05-23 14:36:56,323 - root - INFO -  A fixed pattern with 3 circles will be generated
2023-05-23 14:36:56,323 - root - INFO - Generating image no. 1/1
2023-05-23 14:36:56,323 - root - INFO - The image will have 3 circles
2023-05-23 14:36:56,372 - root - INFO - Saving generated image plot to path /Users/ccaiafa/Library/CloudStorage/GoogleDrive-ccaiafa@gmail.com/My Drive/Research/Microondas_Ramiro/code/CS_tomography/logs/image_generator/images/test/image_1.png
2023-05-23 14:36:56,940 - root - INFO - Saving 1 images to file /Users/ccaiafa/Library/CloudStorage/GoogleDrive-ccaiafa@gmail.com/My Drive/Research/Microondas_Ramiro/code/CS_tomography/data/image_generator/test/images.pkl
2023-05-23 14:37:40,604 - root - INFO - Starting MWT solver
2023-05-23 14:47:54,340 - root - INFO - Starting image generator
2023-05-23 14:47:54,341 - root - INFO -  A fixed pattern with 3 circles will be generated
2023-05-23 14:47:54,341 - root - INFO - Generating image no. 1/1
2023-05-23 14:47:54,341 - root - INFO - The image will have 3 circles
2023-05-23 14:59:30,924 - root - INFO - Starting image generator
2023-05-23 14:59:30,925 - root - INFO -  A fixed pattern with 3 circles will be generated
2023-05-23 14:59:30,925 - root - INFO - Generating image no. 1/1
2023-05-23 14:59:30,925 - root - INFO - The image will have 3 circles
2023-05-23 14:59:36,705 - root - INFO - Saving generated image plot to path /Users/ccaiafa/Library/CloudStorage/GoogleDrive-ccaiafa@gmail.com/My Drive/Research/Microondas_Ramiro/code/CS_tomography/logs/image_generator/images/test/image_1.png
2023-05-23 14:59:37,284 - root - INFO - Saving 1 images to file /Users/ccaiafa/Library/CloudStorage/GoogleDrive-ccaiafa@gmail.com/My Drive/Research/Microondas_Ramiro/code/CS_tomography/data/image_generator/test/images.pkl
2023-05-23 15:00:21,026 - root - INFO - Starting MWT solver
2023-05-23 15:02:00,892 - root - INFO - iter=1/50
2023-05-23 15:03:26,098 - root - INFO - Starting image generator
2023-05-23 15:03:26,098 - root - INFO -  A fixed pattern with 3 circles will be generated
2023-05-23 15:03:26,099 - root - INFO - Generating image no. 1/1
2023-05-23 15:03:26,099 - root - INFO - The image will have 3 circles
2023-05-23 15:03:26,146 - root - INFO - Saving generated image plot to path /Users/ccaiafa/Library/CloudStorage/GoogleDrive-ccaiafa@gmail.com/My Drive/Research/Microondas_Ramiro/code/CS_tomography/logs/image_generator/images/test/image_1.png
2023-05-23 15:03:26,718 - root - INFO - Saving 1 images to file /Users/ccaiafa/Library/CloudStorage/GoogleDrive-ccaiafa@gmail.com/My Drive/Research/Microondas_Ramiro/code/CS_tomography/data/image_generator/test/images.pkl
2023-05-23 15:04:09,788 - root - INFO - Starting MWT solver
2023-05-23 15:04:10,537 - root - INFO - iter=1/50
2023-05-23 15:07:03,086 - root - INFO - Starting image generator
2023-05-23 15:07:03,087 - root - INFO -  A fixed pattern with 3 circles will be generated
2023-05-23 15:07:03,087 - root - INFO - Generating image no. 1/1
2023-05-23 15:07:03,088 - root - INFO - The image will have 3 circles
2023-05-23 15:07:03,155 - root - INFO - Saving generated image plot to path /Users/ccaiafa/Library/CloudStorage/GoogleDrive-ccaiafa@gmail.com/My Drive/Research/Microondas_Ramiro/code/CS_tomography/logs/image_generator/images/test/image_1.png
2023-05-23 15:07:03,716 - root - INFO - Saving 1 images to file /Users/ccaiafa/Library/CloudStorage/GoogleDrive-ccaiafa@gmail.com/My Drive/Research/Microondas_Ramiro/code/CS_tomography/data/image_generator/test/images.pkl
2023-05-23 15:07:48,350 - root - INFO - Starting MWT solver
2023-05-23 15:07:49,098 - root - INFO - iter=1/50
2023-05-23 15:10:42,792 - root - INFO - Starting image generator
2023-05-23 15:10:42,793 - root - INFO -  A fixed pattern with 3 circles will be generated
2023-05-23 15:10:42,793 - root - INFO - Generating image no. 1/1
2023-05-23 15:10:42,793 - root - INFO - The image will have 3 circles
2023-05-23 15:10:42,844 - root - INFO - Saving generated image plot to path /Users/ccaiafa/Library/CloudStorage/GoogleDrive-ccaiafa@gmail.com/My Drive/Research/Microondas_Ramiro/code/CS_tomography/logs/image_generator/images/test/image_1.png
2023-05-23 15:10:43,409 - root - INFO - Saving 1 images to file /Users/ccaiafa/Library/CloudStorage/GoogleDrive-ccaiafa@gmail.com/My Drive/Research/Microondas_Ramiro/code/CS_tomography/data/image_generator/test/images.pkl
2023-05-23 15:11:26,614 - root - INFO - Starting MWT solver
2023-05-23 15:11:27,336 - root - INFO - iter=1/50
2023-05-23 15:13:30,771 - root - INFO - Starting image generator
2023-05-23 15:13:30,772 - root - INFO -  A fixed pattern with 3 circles will be generated
2023-05-23 15:13:30,772 - root - INFO - Generating image no. 1/1
2023-05-23 15:13:30,772 - root - INFO - The image will have 3 circles
2023-05-23 15:13:30,821 - root - INFO - Saving generated image plot to path /Users/ccaiafa/Library/CloudStorage/GoogleDrive-ccaiafa@gmail.com/My Drive/Research/Microondas_Ramiro/code/CS_tomography/logs/image_generator/images/test/image_1.png
2023-05-23 15:13:31,398 - root - INFO - Saving 1 images to file /Users/ccaiafa/Library/CloudStorage/GoogleDrive-ccaiafa@gmail.com/My Drive/Research/Microondas_Ramiro/code/CS_tomography/data/image_generator/test/images.pkl
2023-05-23 15:14:14,576 - root - INFO - Starting MWT solver
2023-05-23 15:15:30,973 - root - INFO - Starting image generator
2023-05-23 15:15:30,974 - root - INFO -  A fixed pattern with 3 circles will be generated
2023-05-23 15:15:30,974 - root - INFO - Generating image no. 1/1
2023-05-23 15:15:30,975 - root - INFO - The image will have 3 circles
2023-05-23 15:15:31,028 - root - INFO - Saving generated image plot to path /Users/ccaiafa/Library/CloudStorage/GoogleDrive-ccaiafa@gmail.com/My Drive/Research/Microondas_Ramiro/code/CS_tomography/logs/image_generator/images/test/image_1.png
2023-05-23 15:15:31,599 - root - INFO - Saving 1 images to file /Users/ccaiafa/Library/CloudStorage/GoogleDrive-ccaiafa@gmail.com/My Drive/Research/Microondas_Ramiro/code/CS_tomography/data/image_generator/test/images.pkl
2023-05-23 15:16:14,530 - root - INFO - Starting MWT solver
2023-05-23 15:22:14,589 - root - INFO - Starting image generator
2023-05-23 15:22:14,590 - root - INFO -  A fixed pattern with 3 circles will be generated
2023-05-23 15:22:14,590 - root - INFO - Generating image no. 1/1
2023-05-23 15:22:14,590 - root - INFO - The image will have 3 circles
2023-05-23 15:22:45,973 - root - INFO - Saving generated image plot to path /Users/ccaiafa/Library/CloudStorage/GoogleDrive-ccaiafa@gmail.com/My Drive/Research/Microondas_Ramiro/code/CS_tomography/logs/image_generator/images/test/image_1.png
2023-05-23 15:22:46,549 - root - INFO - Saving 1 images to file /Users/ccaiafa/Library/CloudStorage/GoogleDrive-ccaiafa@gmail.com/My Drive/Research/Microondas_Ramiro/code/CS_tomography/data/image_generator/test/images.pkl
2023-05-23 15:23:29,169 - root - INFO - Starting MWT solver
2023-05-23 15:29:17,331 - root - INFO - Starting image generator
2023-05-23 15:29:17,332 - root - INFO -  A fixed pattern with 3 circles will be generated
2023-05-23 15:29:17,332 - root - INFO - Generating image no. 1/1
2023-05-23 15:29:17,332 - root - INFO - The image will have 3 circles
2023-05-23 15:30:47,689 - root - INFO - Saving generated image plot to path /Users/ccaiafa/Library/CloudStorage/GoogleDrive-ccaiafa@gmail.com/My Drive/Research/Microondas_Ramiro/code/CS_tomography/logs/image_generator/images/test/image_1.png
2023-05-23 15:30:48,254 - root - INFO - Saving 1 images to file /Users/ccaiafa/Library/CloudStorage/GoogleDrive-ccaiafa@gmail.com/My Drive/Research/Microondas_Ramiro/code/CS_tomography/data/image_generator/test/images.pkl
2023-05-23 15:31:31,622 - root - INFO - Starting MWT solver
2023-05-23 15:33:00,159 - root - INFO - Starting image generator
2023-05-23 15:33:00,159 - root - INFO -  A fixed pattern with 3 circles will be generated
2023-05-23 15:33:00,160 - root - INFO - Generating image no. 1/1
2023-05-23 15:33:00,160 - root - INFO - The image will have 3 circles
2023-05-23 15:33:46,889 - root - INFO - Saving generated image plot to path /Users/ccaiafa/Library/CloudStorage/GoogleDrive-ccaiafa@gmail.com/My Drive/Research/Microondas_Ramiro/code/CS_tomography/logs/image_generator/images/test/image_1.png
2023-05-23 15:33:47,447 - root - INFO - Saving 1 images to file /Users/ccaiafa/Library/CloudStorage/GoogleDrive-ccaiafa@gmail.com/My Drive/Research/Microondas_Ramiro/code/CS_tomography/data/image_generator/test/images.pkl
2023-05-23 15:34:30,256 - root - INFO - Starting MWT solver
2023-05-23 15:36:31,082 - root - INFO - Starting image generator
2023-05-23 15:36:31,083 - root - INFO -  A fixed pattern with 3 circles will be generated
2023-05-23 15:36:31,083 - root - INFO - Generating image no. 1/1
2023-05-23 15:36:31,083 - root - INFO - The image will have 3 circles
2023-05-23 15:37:25,673 - root - INFO - Saving generated image plot to path /Users/ccaiafa/Library/CloudStorage/GoogleDrive-ccaiafa@gmail.com/My Drive/Research/Microondas_Ramiro/code/CS_tomography/logs/image_generator/images/test/image_1.png
2023-05-23 15:37:26,243 - root - INFO - Saving 1 images to file /Users/ccaiafa/Library/CloudStorage/GoogleDrive-ccaiafa@gmail.com/My Drive/Research/Microondas_Ramiro/code/CS_tomography/data/image_generator/test/images.pkl
2023-05-23 15:38:08,927 - root - INFO - Starting MWT solver
2023-05-23 15:39:38,267 - root - INFO - iter=1/50
2023-05-23 15:40:42,577 - root - INFO - Starting image generator
2023-05-23 15:40:42,578 - root - INFO -  A fixed pattern with 3 circles will be generated
2023-05-23 15:40:42,578 - root - INFO - Generating image no. 1/1
2023-05-23 15:40:42,579 - root - INFO - The image will have 3 circles
2023-05-23 15:40:46,546 - root - INFO - Saving generated image plot to path /Users/ccaiafa/Library/CloudStorage/GoogleDrive-ccaiafa@gmail.com/My Drive/Research/Microondas_Ramiro/code/CS_tomography/logs/image_generator/images/test/image_1.png
2023-05-23 15:40:47,116 - root - INFO - Saving 1 images to file /Users/ccaiafa/Library/CloudStorage/GoogleDrive-ccaiafa@gmail.com/My Drive/Research/Microondas_Ramiro/code/CS_tomography/data/image_generator/test/images.pkl
2023-05-23 15:41:29,840 - root - INFO - Starting MWT solver
2023-05-23 15:43:17,577 - root - INFO - Starting image generator
2023-05-23 15:43:17,578 - root - INFO -  A fixed pattern with 3 circles will be generated
2023-05-23 15:43:17,578 - root - INFO - Generating image no. 1/1
2023-05-23 15:43:17,579 - root - INFO - The image will have 3 circles
2023-05-23 15:43:24,047 - root - INFO - Saving generated image plot to path /Users/ccaiafa/Library/CloudStorage/GoogleDrive-ccaiafa@gmail.com/My Drive/Research/Microondas_Ramiro/code/CS_tomography/logs/image_generator/images/test/image_1.png
2023-05-23 15:43:24,621 - root - INFO - Saving 1 images to file /Users/ccaiafa/Library/CloudStorage/GoogleDrive-ccaiafa@gmail.com/My Drive/Research/Microondas_Ramiro/code/CS_tomography/data/image_generator/test/images.pkl
2023-05-23 15:44:07,301 - root - INFO - Starting MWT solver
2023-05-23 15:46:32,672 - root - INFO - Starting image generator
2023-05-23 15:46:32,674 - root - INFO -  A fixed pattern with 3 circles will be generated
2023-05-23 15:46:32,674 - root - INFO - Generating image no. 1/1
2023-05-23 15:46:32,674 - root - INFO - The image will have 3 circles
2023-05-23 15:46:53,507 - root - INFO - Saving generated image plot to path /Users/ccaiafa/Library/CloudStorage/GoogleDrive-ccaiafa@gmail.com/My Drive/Research/Microondas_Ramiro/code/CS_tomography/logs/image_generator/images/test/image_1.png
2023-05-23 15:46:54,072 - root - INFO - Saving 1 images to file /Users/ccaiafa/Library/CloudStorage/GoogleDrive-ccaiafa@gmail.com/My Drive/Research/Microondas_Ramiro/code/CS_tomography/data/image_generator/test/images.pkl
2023-05-23 15:47:36,924 - root - INFO - Starting MWT solver
2023-05-23 15:48:22,612 - root - INFO - Starting image generator
2023-05-23 15:48:22,613 - root - INFO -  A fixed pattern with 3 circles will be generated
2023-05-23 15:48:22,613 - root - INFO - Generating image no. 1/1
2023-05-23 15:48:22,614 - root - INFO - The image will have 3 circles
2023-05-23 15:48:28,880 - root - INFO - Saving generated image plot to path /Users/ccaiafa/Library/CloudStorage/GoogleDrive-ccaiafa@gmail.com/My Drive/Research/Microondas_Ramiro/code/CS_tomography/logs/image_generator/images/test/image_1.png
2023-05-23 15:48:29,443 - root - INFO - Saving 1 images to file /Users/ccaiafa/Library/CloudStorage/GoogleDrive-ccaiafa@gmail.com/My Drive/Research/Microondas_Ramiro/code/CS_tomography/data/image_generator/test/images.pkl
2023-05-23 15:49:12,101 - root - INFO - Starting MWT solver
2023-05-23 21:48:37,879 - root - INFO - Starting image generator
2023-05-23 21:48:37,880 - root - INFO -  A fixed pattern with 3 circles will be generated
2023-05-23 21:48:37,880 - root - INFO - Generating image no. 1/1
2023-05-23 21:48:37,881 - root - INFO - The image will have 3 circles
2023-05-23 21:49:08,832 - root - INFO - Saving generated image plot to path /Users/ccaiafa/Library/CloudStorage/GoogleDrive-ccaiafa@gmail.com/My Drive/Research/Microondas_Ramiro/code/CS_tomography/logs/image_generator/images/test/image_1.png
2023-05-23 21:49:09,400 - root - INFO - Saving 1 images to file /Users/ccaiafa/Library/CloudStorage/GoogleDrive-ccaiafa@gmail.com/My Drive/Research/Microondas_Ramiro/code/CS_tomography/data/image_generator/test/images.pkl
2023-05-23 21:49:51,862 - root - INFO - Starting MWT solver
2023-05-23 21:50:44,043 - root - INFO - Starting image generator
2023-05-23 21:50:44,044 - root - INFO -  A fixed pattern with 3 circles will be generated
2023-05-23 21:50:44,044 - root - INFO - Generating image no. 1/1
2023-05-23 21:50:44,045 - root - INFO - The image will have 3 circles
2023-05-23 21:51:09,392 - root - INFO - Saving generated image plot to path /Users/ccaiafa/Library/CloudStorage/GoogleDrive-ccaiafa@gmail.com/My Drive/Research/Microondas_Ramiro/code/CS_tomography/logs/image_generator/images/test/image_1.png
2023-05-23 21:51:09,952 - root - INFO - Saving 1 images to file /Users/ccaiafa/Library/CloudStorage/GoogleDrive-ccaiafa@gmail.com/My Drive/Research/Microondas_Ramiro/code/CS_tomography/data/image_generator/test/images.pkl
2023-05-23 21:51:51,992 - root - INFO - Starting MWT solver
2023-05-23 21:54:11,400 - root - INFO - Starting image generator
2023-05-23 21:54:11,401 - root - INFO -  A fixed pattern with 3 circles will be generated
2023-05-23 21:54:11,401 - root - INFO - Generating image no. 1/1
2023-05-23 21:54:11,402 - root - INFO - The image will have 3 circles
2023-05-23 21:54:37,701 - root - INFO - Saving generated image plot to path /Users/ccaiafa/Library/CloudStorage/GoogleDrive-ccaiafa@gmail.com/My Drive/Research/Microondas_Ramiro/code/CS_tomography/logs/image_generator/images/test/image_1.png
2023-05-23 21:54:38,268 - root - INFO - Saving 1 images to file /Users/ccaiafa/Library/CloudStorage/GoogleDrive-ccaiafa@gmail.com/My Drive/Research/Microondas_Ramiro/code/CS_tomography/data/image_generator/test/images.pkl
2023-05-23 21:55:20,179 - root - INFO - Starting MWT solver
2023-05-23 21:58:11,237 - root - INFO - Starting image generator
2023-05-23 21:58:11,238 - root - INFO -  A fixed pattern with 3 circles will be generated
2023-05-23 21:58:11,238 - root - INFO - Generating image no. 1/1
2023-05-23 21:58:11,239 - root - INFO - The image will have 3 circles
2023-05-23 21:58:35,655 - root - INFO - Saving generated image plot to path /Users/ccaiafa/Library/CloudStorage/GoogleDrive-ccaiafa@gmail.com/My Drive/Research/Microondas_Ramiro/code/CS_tomography/logs/image_generator/images/test/image_1.png
2023-05-23 21:58:36,214 - root - INFO - Saving 1 images to file /Users/ccaiafa/Library/CloudStorage/GoogleDrive-ccaiafa@gmail.com/My Drive/Research/Microondas_Ramiro/code/CS_tomography/data/image_generator/test/images.pkl
2023-05-23 21:59:18,247 - root - INFO - Starting MWT solver
2023-05-23 22:00:25,328 - root - INFO - Starting image generator
2023-05-23 22:00:25,329 - root - INFO -  A fixed pattern with 3 circles will be generated
2023-05-23 22:00:25,329 - root - INFO - Generating image no. 1/1
2023-05-23 22:00:25,330 - root - INFO - The image will have 3 circles
2023-05-23 22:00:41,605 - root - INFO - Saving generated image plot to path /Users/ccaiafa/Library/CloudStorage/GoogleDrive-ccaiafa@gmail.com/My Drive/Research/Microondas_Ramiro/code/CS_tomography/logs/image_generator/images/test/image_1.png
2023-05-23 22:00:42,167 - root - INFO - Saving 1 images to file /Users/ccaiafa/Library/CloudStorage/GoogleDrive-ccaiafa@gmail.com/My Drive/Research/Microondas_Ramiro/code/CS_tomography/data/image_generator/test/images.pkl
2023-05-23 22:01:24,071 - root - INFO - Starting MWT solver
2023-05-23 22:01:39,684 - root - INFO - iter=1/50
2023-05-23 22:01:54,242 - root - INFO - loss after updating Relative Permittivities = 122.28350084960357, error_rel_perm=1.5753452853190406
2023-05-23 22:01:54,243 - root - INFO - iter=2/50
2023-05-23 22:02:05,615 - root - INFO - loss after updating Relative Permittivities = 122.28350084960357, error_rel_perm=1.5753452853190406
2023-05-23 22:03:38,496 - root - INFO - Starting image generator
2023-05-23 22:03:38,497 - root - INFO -  A fixed pattern with 3 circles will be generated
2023-05-23 22:03:38,497 - root - INFO - Generating image no. 1/1
2023-05-23 22:03:38,497 - root - INFO - The image will have 3 circles
2023-05-23 22:03:55,549 - root - INFO - Saving generated image plot to path /Users/ccaiafa/Library/CloudStorage/GoogleDrive-ccaiafa@gmail.com/My Drive/Research/Microondas_Ramiro/code/CS_tomography/logs/image_generator/images/test/image_1.png
2023-05-23 22:03:56,116 - root - INFO - Saving 1 images to file /Users/ccaiafa/Library/CloudStorage/GoogleDrive-ccaiafa@gmail.com/My Drive/Research/Microondas_Ramiro/code/CS_tomography/data/image_generator/test/images.pkl
2023-05-23 22:04:38,187 - root - INFO - Starting MWT solver
2023-05-23 22:05:12,345 - root - INFO - iter=1/50
2023-05-23 22:05:45,654 - root - INFO - loss after updating Relative Permittivities = 122.28350084960357, error_rel_perm=1.5753452853190406
2023-05-23 22:06:27,403 - root - INFO - iter=2/50
2023-05-23 22:07:15,673 - root - INFO - Starting image generator
2023-05-23 22:07:15,675 - root - INFO -  A fixed pattern with 3 circles will be generated
2023-05-23 22:07:15,675 - root - INFO - Generating image no. 1/1
2023-05-23 22:07:15,676 - root - INFO - The image will have 3 circles
2023-05-23 22:07:23,923 - root - INFO - Saving generated image plot to path /Users/ccaiafa/Library/CloudStorage/GoogleDrive-ccaiafa@gmail.com/My Drive/Research/Microondas_Ramiro/code/CS_tomography/logs/image_generator/images/test/image_1.png
2023-05-23 22:07:24,493 - root - INFO - Saving 1 images to file /Users/ccaiafa/Library/CloudStorage/GoogleDrive-ccaiafa@gmail.com/My Drive/Research/Microondas_Ramiro/code/CS_tomography/data/image_generator/test/images.pkl
2023-05-23 22:08:06,885 - root - INFO - Starting MWT solver
2023-05-23 22:08:19,889 - root - INFO - iter=1/50
2023-05-23 22:08:21,125 - root - INFO - loss after updating Electric Field = 331.3015591209389, error_E=1.2831538289835278
2023-05-23 22:08:35,940 - root - INFO - loss after updating Relative Permittivities = 251.9118709735764, error_rel_perm=21.904330523959374
2023-05-23 22:08:46,678 - root - INFO - iter=2/50
2023-05-23 22:08:48,011 - root - INFO - loss after updating Electric Field = 9.77501067651209, error_E=1.0386548462680856
2023-05-23 22:08:54,754 - root - INFO - loss after updating Relative Permittivities = 9.246274156100077, error_rel_perm=21.861702052420373
2023-05-23 22:09:49,814 - root - INFO - Starting image generator
2023-05-23 22:09:49,815 - root - INFO -  A fixed pattern with 3 circles will be generated
2023-05-23 22:09:49,815 - root - INFO - Generating image no. 1/1
2023-05-23 22:09:49,816 - root - INFO - The image will have 3 circles
2023-05-23 22:10:03,895 - root - INFO - Saving generated image plot to path /Users/ccaiafa/Library/CloudStorage/GoogleDrive-ccaiafa@gmail.com/My Drive/Research/Microondas_Ramiro/code/CS_tomography/logs/image_generator/images/test/image_1.png
2023-05-23 22:10:04,471 - root - INFO - Saving 1 images to file /Users/ccaiafa/Library/CloudStorage/GoogleDrive-ccaiafa@gmail.com/My Drive/Research/Microondas_Ramiro/code/CS_tomography/data/image_generator/test/images.pkl
2023-05-23 22:10:46,619 - root - INFO - Starting MWT solver
2023-05-23 22:10:59,955 - root - INFO - iter=1/50
2023-05-23 22:11:01,298 - root - INFO - loss after updating Electric Field = 337.4703564049068, error_E=1.2799797149029937
2023-05-23 22:24:33,359 - root - INFO - loss after updating Relative Permittivities = 487.38632024118, error_rel_perm=7.392653410108025
2023-05-23 22:25:15,426 - root - INFO - iter=2/50
2023-05-23 22:25:16,859 - root - INFO - loss after updating Electric Field = 131.51721652992038, error_E=1.157206370079116
2023-05-23 22:25:57,626 - root - INFO - Starting image generator
2023-05-23 22:25:57,627 - root - INFO -  A fixed pattern with 3 circles will be generated
2023-05-23 22:25:57,627 - root - INFO - Generating image no. 1/1
2023-05-23 22:25:57,628 - root - INFO - The image will have 3 circles
2023-05-23 22:26:01,854 - root - INFO - Saving generated image plot to path /Users/ccaiafa/Library/CloudStorage/GoogleDrive-ccaiafa@gmail.com/My Drive/Research/Microondas_Ramiro/code/CS_tomography/logs/image_generator/images/test/image_1.png
2023-05-23 22:26:02,423 - root - INFO - Saving 1 images to file /Users/ccaiafa/Library/CloudStorage/GoogleDrive-ccaiafa@gmail.com/My Drive/Research/Microondas_Ramiro/code/CS_tomography/data/image_generator/test/images.pkl
2023-05-23 22:26:45,113 - root - INFO - Starting MWT solver
2023-05-23 22:27:41,841 - root - INFO - iter=1/50
2023-05-23 22:27:43,295 - root - INFO - loss after updating Electric Field = 332.31329999594516, error_E=1.3021698761009306
2023-05-23 22:27:55,875 - root - INFO - loss after updating Relative Permittivities = 881.8109343878887, error_rel_perm=4.0081853628880735
2023-05-23 22:28:00,800 - root - INFO - iter=2/50
2023-05-23 22:28:02,242 - root - INFO - loss after updating Electric Field = 382.6291384672141, error_E=1.2149922680418759
2023-05-23 22:28:14,249 - root - INFO - loss after updating Relative Permittivities = 338.804702733879, error_rel_perm=4.475122965133212
2023-05-23 22:28:19,160 - root - INFO - iter=3/50
2023-05-23 22:28:20,662 - root - INFO - loss after updating Electric Field = 315.2689742125769, error_E=1.2254339487558523
2023-05-23 22:28:33,275 - root - INFO - loss after updating Relative Permittivities = 296.12299256653307, error_rel_perm=4.8202141570450845
2023-05-23 22:28:37,416 - root - INFO - iter=4/50
2023-05-23 22:28:38,783 - root - INFO - loss after updating Electric Field = 281.8797173514902, error_E=1.2273199883085062
2023-05-23 22:28:51,695 - root - INFO - loss after updating Relative Permittivities = 272.4097446089752, error_rel_perm=5.101014174620986
2023-05-23 22:28:51,695 - root - INFO - iter=5/50
2023-05-23 22:28:53,163 - root - INFO - loss after updating Electric Field = 259.9004654678893, error_E=1.2265545679467114
2023-05-23 22:29:06,367 - root - INFO - loss after updating Relative Permittivities = 255.49762117533143, error_rel_perm=5.353815145626288
2023-05-23 22:29:06,367 - root - INFO - iter=6/50
2023-05-23 22:29:07,747 - root - INFO - loss after updating Electric Field = 244.45110711163235, error_E=1.2261316578269006
2023-05-23 22:29:20,254 - root - INFO - loss after updating Relative Permittivities = 242.61603628185986, error_rel_perm=5.589419306798911
2023-05-23 22:29:20,254 - root - INFO - iter=7/50
2023-05-23 22:29:21,693 - root - INFO - loss after updating Electric Field = 233.27270119614602, error_E=1.2274307960905353
2023-05-23 22:29:34,336 - root - INFO - loss after updating Relative Permittivities = 232.52132746556754, error_rel_perm=5.812990001993307
2023-05-23 22:29:34,337 - root - INFO - iter=8/50
2023-05-23 22:29:35,718 - root - INFO - loss after updating Electric Field = 224.46685055901014, error_E=1.2307925860924624
2023-05-23 22:29:48,907 - root - INFO - loss after updating Relative Permittivities = 224.1710709814138, error_rel_perm=6.0261286462151205
2023-05-23 22:29:48,907 - root - INFO - iter=9/50
2023-05-23 22:29:50,344 - root - INFO - loss after updating Electric Field = 217.1320456503173, error_E=1.2359948080994563
2023-05-23 22:30:03,767 - root - INFO - loss after updating Relative Permittivities = 217.23844511540244, error_rel_perm=6.227597554242854
2023-05-23 22:30:03,767 - root - INFO - iter=10/50
2023-05-23 22:30:05,164 - root - INFO - loss after updating Electric Field = 210.89410998424313, error_E=1.2426490568413084
2023-05-23 22:30:18,493 - root - INFO - loss after updating Relative Permittivities = 211.4557246393239, error_rel_perm=6.419464560657028
2023-05-23 22:30:18,493 - root - INFO - iter=11/50
2023-05-23 22:30:19,867 - root - INFO - loss after updating Electric Field = 205.53482443867736, error_E=1.250211245515304
2023-05-23 22:30:32,801 - root - INFO - loss after updating Relative Permittivities = 206.56755103188715, error_rel_perm=6.604026162300853
2023-05-23 22:30:32,801 - root - INFO - iter=12/50
2023-05-23 22:30:34,174 - root - INFO - loss after updating Electric Field = 200.91663735423919, error_E=1.2580756776276023
2023-05-23 22:30:47,000 - root - INFO - loss after updating Relative Permittivities = 202.4796711387133, error_rel_perm=6.784739641786447
2023-05-23 22:30:47,000 - root - INFO - iter=13/50
2023-05-23 22:30:48,383 - root - INFO - loss after updating Electric Field = 196.8626215917278, error_E=1.2659811052493806
2023-05-23 22:31:01,589 - root - INFO - loss after updating Relative Permittivities = 198.9695511273572, error_rel_perm=6.9656395557375665
2023-05-23 22:31:01,589 - root - INFO - iter=14/50
2023-05-23 22:31:03,488 - root - INFO - loss after updating Electric Field = 193.20923407897195, error_E=1.2737256185634727
2023-05-23 22:31:16,359 - root - INFO - loss after updating Relative Permittivities = 195.74734306961534, error_rel_perm=7.150382702980235
2023-05-23 22:31:16,360 - root - INFO - iter=15/50
2023-05-23 22:31:18,240 - root - INFO - loss after updating Electric Field = 189.7997917671201, error_E=1.2811534890077214
2023-05-23 22:31:31,236 - root - INFO - loss after updating Relative Permittivities = 192.8297109273652, error_rel_perm=7.3416579030057445
2023-05-23 22:31:31,236 - root - INFO - iter=16/50
2023-05-23 22:31:32,586 - root - INFO - loss after updating Electric Field = 186.5983251306814, error_E=1.2884787635214594
2023-05-23 22:31:45,564 - root - INFO - loss after updating Relative Permittivities = 190.1230209900038, error_rel_perm=7.540783746221178
2023-05-23 22:31:45,564 - root - INFO - iter=17/50
2023-05-23 22:31:46,980 - root - INFO - loss after updating Electric Field = 183.54557242472237, error_E=1.295835536233082
2023-05-23 22:31:59,769 - root - INFO - loss after updating Relative Permittivities = 187.5820101738384, error_rel_perm=7.748913085616648
2023-05-23 22:31:59,770 - root - INFO - iter=18/50
2023-05-23 22:32:01,172 - root - INFO - loss after updating Electric Field = 180.63163081041614, error_E=1.303498059590912
2023-05-23 22:32:14,084 - root - INFO - loss after updating Relative Permittivities = 185.1689886396763, error_rel_perm=7.965683864742405
2023-05-23 22:32:14,084 - root - INFO - iter=19/50
2023-05-23 22:32:15,744 - root - INFO - loss after updating Electric Field = 177.92461312464732, error_E=1.31188011738561
2023-05-23 22:32:28,831 - root - INFO - loss after updating Relative Permittivities = 182.92160708954034, error_rel_perm=8.18789999869712
2023-05-23 22:32:28,832 - root - INFO - iter=20/50
2023-05-23 22:32:30,350 - root - INFO - loss after updating Electric Field = 175.45684287912982, error_E=1.3211741207365022
2023-05-23 22:32:42,905 - root - INFO - loss after updating Relative Permittivities = 180.91218639398969, error_rel_perm=8.411476536142551
2023-05-23 22:32:42,906 - root - INFO - iter=21/50
2023-05-23 22:32:44,300 - root - INFO - loss after updating Electric Field = 173.28524804691446, error_E=1.3315347834001046
2023-05-23 22:33:29,711 - root - INFO - Starting image generator
2023-05-23 22:33:29,712 - root - INFO -  A fixed pattern with 3 circles will be generated
2023-05-23 22:33:29,712 - root - INFO - Generating image no. 1/1
2023-05-23 22:33:29,713 - root - INFO - The image will have 3 circles
2023-05-23 22:33:35,006 - root - INFO - Saving generated image plot to path /Users/ccaiafa/Library/CloudStorage/GoogleDrive-ccaiafa@gmail.com/My Drive/Research/Microondas_Ramiro/code/CS_tomography/logs/image_generator/images/test/image_1.png
2023-05-23 22:33:35,581 - root - INFO - Saving 1 images to file /Users/ccaiafa/Library/CloudStorage/GoogleDrive-ccaiafa@gmail.com/My Drive/Research/Microondas_Ramiro/code/CS_tomography/data/image_generator/test/images.pkl
2023-05-23 22:34:16,014 - root - INFO - Starting MWT solver
2023-05-23 22:34:38,518 - root - INFO - iter=1/50
2023-05-23 22:34:39,843 - root - INFO - loss after updating Electric Field = 334.4900221403147, error_E=1.2433436224491419
2023-05-23 22:35:37,081 - root - INFO - loss after updating Relative Permittivities = 152.15003306240558, error_rel_perm=0.5878379841281078
2023-05-23 22:36:50,286 - root - INFO - Starting image generator
2023-05-23 22:36:50,289 - root - INFO -  A fixed pattern with 3 circles will be generated
2023-05-23 22:36:50,289 - root - INFO - Generating image no. 1/1
2023-05-23 22:36:50,289 - root - INFO - The image will have 3 circles
2023-05-23 22:37:07,760 - root - INFO - Starting image generator
2023-05-23 22:37:07,760 - root - INFO -  A fixed pattern with 3 circles will be generated
2023-05-23 22:37:07,761 - root - INFO - Generating image no. 1/1
2023-05-23 22:37:07,761 - root - INFO - The image will have 3 circles
2023-05-23 22:37:57,687 - root - INFO - Saving generated image plot to path /Users/ccaiafa/Library/CloudStorage/GoogleDrive-ccaiafa@gmail.com/My Drive/Research/Microondas_Ramiro/code/CS_tomography/logs/image_generator/images/test/image_1.png
2023-05-23 22:37:58,247 - root - INFO - Saving 1 images to file /Users/ccaiafa/Library/CloudStorage/GoogleDrive-ccaiafa@gmail.com/My Drive/Research/Microondas_Ramiro/code/CS_tomography/data/image_generator/test/images.pkl
2023-05-23 22:38:38,831 - root - INFO - Starting MWT solver
2023-05-23 22:38:49,603 - root - INFO - iter=1/50
2023-05-23 22:40:13,813 - root - INFO - loss after updating Relative Permittivities = 151.97675558600648, error_rel_perm=0.5970639698598509
2023-05-23 22:40:13,814 - root - INFO - iter=2/50
2023-05-23 22:41:44,356 - root - INFO - loss after updating Relative Permittivities = 151.9755485204683, error_rel_perm=0.5977974454358377
2023-05-23 22:41:44,357 - root - INFO - iter=3/50
2023-05-23 22:42:50,529 - root - INFO - Starting image generator
2023-05-23 22:42:50,530 - root - INFO -  A fixed pattern with 3 circles will be generated
2023-05-23 22:42:50,530 - root - INFO - Generating image no. 1/1
2023-05-23 22:42:50,531 - root - INFO - The image will have 3 circles
2023-05-23 22:42:52,905 - root - INFO - Saving generated image plot to path /Users/ccaiafa/Library/CloudStorage/GoogleDrive-ccaiafa@gmail.com/My Drive/Research/Microondas_Ramiro/code/CS_tomography/logs/image_generator/images/test/image_1.png
2023-05-23 22:42:53,472 - root - INFO - Saving 1 images to file /Users/ccaiafa/Library/CloudStorage/GoogleDrive-ccaiafa@gmail.com/My Drive/Research/Microondas_Ramiro/code/CS_tomography/data/image_generator/test/images.pkl
2023-05-23 22:43:33,903 - root - INFO - Starting MWT solver
2023-05-23 22:54:00,589 - root - INFO - Starting image generator
2023-05-23 22:54:00,592 - root - INFO -  A fixed pattern with 3 circles will be generated
2023-05-23 22:54:00,592 - root - INFO - Generating image no. 1/1
2023-05-23 22:54:00,592 - root - INFO - The image will have 3 circles
2023-05-23 22:54:04,080 - root - INFO - Saving generated image plot to path /Users/ccaiafa/Library/CloudStorage/GoogleDrive-ccaiafa@gmail.com/My Drive/Research/Microondas_Ramiro/code/CS_tomography/logs/image_generator/images/test/image_1.png
2023-05-23 22:54:04,655 - root - INFO - Saving 1 images to file /Users/ccaiafa/Library/CloudStorage/GoogleDrive-ccaiafa@gmail.com/My Drive/Research/Microondas_Ramiro/code/CS_tomography/data/image_generator/test/images.pkl
2023-05-23 22:54:45,314 - root - INFO - Starting MWT solver
2023-05-23 22:57:37,235 - root - INFO - Starting image generator
2023-05-23 22:57:37,236 - root - INFO -  A fixed pattern with 3 circles will be generated
2023-05-23 22:57:37,236 - root - INFO - Generating image no. 1/1
2023-05-23 22:57:37,236 - root - INFO - The image will have 3 circles
2023-05-23 22:57:48,636 - root - INFO - Saving generated image plot to path /Users/ccaiafa/Library/CloudStorage/GoogleDrive-ccaiafa@gmail.com/My Drive/Research/Microondas_Ramiro/code/CS_tomography/logs/image_generator/images/test/image_1.png
2023-05-23 22:57:49,193 - root - INFO - Saving 1 images to file /Users/ccaiafa/Library/CloudStorage/GoogleDrive-ccaiafa@gmail.com/My Drive/Research/Microondas_Ramiro/code/CS_tomography/data/image_generator/test/images.pkl
2023-05-23 22:58:29,458 - root - INFO - Starting MWT solver
2023-05-23 23:00:48,477 - root - INFO - Starting image generator
2023-05-23 23:00:48,478 - root - INFO -  A fixed pattern with 3 circles will be generated
2023-05-23 23:00:48,478 - root - INFO - Generating image no. 1/1
2023-05-23 23:00:48,479 - root - INFO - The image will have 3 circles
2023-05-23 23:00:52,217 - root - INFO - Saving generated image plot to path /Users/ccaiafa/Library/CloudStorage/GoogleDrive-ccaiafa@gmail.com/My Drive/Research/Microondas_Ramiro/code/CS_tomography/logs/image_generator/images/test/image_1.png
2023-05-23 23:00:52,777 - root - INFO - Saving 1 images to file /Users/ccaiafa/Library/CloudStorage/GoogleDrive-ccaiafa@gmail.com/My Drive/Research/Microondas_Ramiro/code/CS_tomography/data/image_generator/test/images.pkl
2023-05-23 23:01:33,026 - root - INFO - Starting MWT solver
2023-05-23 23:03:38,916 - root - INFO - Starting image generator
2023-05-23 23:03:38,917 - root - INFO -  A fixed pattern with 3 circles will be generated
2023-05-23 23:03:38,918 - root - INFO - Generating image no. 1/1
2023-05-23 23:03:38,918 - root - INFO - The image will have 3 circles
2023-05-23 23:03:41,713 - root - INFO - Saving generated image plot to path /Users/ccaiafa/Library/CloudStorage/GoogleDrive-ccaiafa@gmail.com/My Drive/Research/Microondas_Ramiro/code/CS_tomography/logs/image_generator/images/test/image_1.png
2023-05-23 23:03:42,264 - root - INFO - Saving 1 images to file /Users/ccaiafa/Library/CloudStorage/GoogleDrive-ccaiafa@gmail.com/My Drive/Research/Microondas_Ramiro/code/CS_tomography/data/image_generator/test/images.pkl
2023-05-23 23:04:22,308 - root - INFO - Starting MWT solver
